2025-10-17 16:06:53,656 [INFO] Fichier de log actif : logs\bricklink_20251017_1406.log
2025-10-17 16:06:54,018 [INFO] 100 sets à scrapper récupérés depuis la DB.
2025-10-17 16:06:54,034 [INFO] Skip 5578-1 (fetch récent < 7 jours).
2025-10-17 16:06:54,034 [INFO] Fetching 41195-1 — https://www.bricklink.com/v2/catalog/catalogitem.page?S=41195-1#T=P
2025-10-17 16:07:03,604 [INFO] Appended 4 rows — CSV now has 5308 rows.
2025-10-17 16:07:03,607 [INFO] 1 fetched
2025-10-17 16:07:03,607 [INFO] Sleeping 40s before next set.
2025-10-17 16:07:43,655 [INFO] Fetching 41346-1 — https://www.bricklink.com/v2/catalog/catalogitem.page?S=41346-1#T=P
2025-10-17 16:07:49,154 [INFO] Appended 4 rows — CSV now has 5312 rows.
2025-10-17 16:07:49,157 [INFO] 2 fetched
2025-10-17 16:07:49,158 [INFO] Sleeping 82s before next set.
2025-10-17 16:09:12,158 [INFO] Fetching 41352-1 — https://www.bricklink.com/v2/catalog/catalogitem.page?S=41352-1#T=P
2025-10-17 16:09:21,954 [INFO] Appended 4 rows — CSV now has 5316 rows.
2025-10-17 16:09:21,957 [INFO] 3 fetched
2025-10-17 16:09:21,957 [INFO] Sleeping 53s before next set.
2025-10-17 16:10:15,381 [INFO] Fetching 41353-1 — https://www.bricklink.com/v2/catalog/catalogitem.page?S=41353-1#T=P
2025-10-17 16:10:25,931 [INFO] Appended 4 rows — CSV now has 5320 rows.
2025-10-17 16:10:25,938 [INFO] 4 fetched
2025-10-17 16:10:25,939 [INFO] Sleeping 83s before next set.
2025-10-17 16:11:49,729 [INFO] Fetching 41456-1 — https://www.bricklink.com/v2/catalog/catalogitem.page?S=41456-1#T=P
2025-10-17 16:11:59,182 [INFO] Appended 4 rows — CSV now has 5324 rows.
2025-10-17 16:11:59,185 [INFO] 5 fetched
2025-10-17 16:11:59,186 [INFO] Sleeping 45s before next set.
2025-10-17 16:12:44,860 [INFO] Fetching 41597-1 — https://www.bricklink.com/v2/catalog/catalogitem.page?S=41597-1#T=P
2025-10-17 16:12:54,367 [INFO] Appended 4 rows — CSV now has 5328 rows.
2025-10-17 16:12:54,371 [INFO] 6 fetched
2025-10-17 16:12:54,371 [INFO] Sleeping 83s before next set.
2025-10-17 16:14:17,674 [INFO] Fetching 42079-1 — https://www.bricklink.com/v2/catalog/catalogitem.page?S=42079-1#T=P
2025-10-17 16:14:27,182 [INFO] Appended 4 rows — CSV now has 5332 rows.
2025-10-17 16:14:27,188 [INFO] 7 fetched
2025-10-17 16:14:27,188 [INFO] Sleeping 63s before next set.
2025-10-17 16:15:30,493 [INFO] Fetching 42075-1 — https://www.bricklink.com/v2/catalog/catalogitem.page?S=42075-1#T=P
2025-10-17 16:15:40,208 [INFO] Appended 4 rows — CSV now has 5336 rows.
2025-10-17 16:15:40,215 [INFO] 8 fetched
2025-10-17 16:15:40,215 [INFO] Sleeping 68s before next set.
2025-10-17 16:16:49,058 [INFO] Fetching 60174-1 — https://www.bricklink.com/v2/catalog/catalogitem.page?S=60174-1#T=P
2025-10-17 16:17:01,325 [INFO] Appended 4 rows — CSV now has 5340 rows.
2025-10-17 16:17:01,331 [INFO] 9 fetched
2025-10-17 16:17:01,332 [INFO] Sleeping 79s before next set.
2025-10-17 16:18:20,818 [INFO] Fetching 60196-1 — https://www.bricklink.com/v2/catalog/catalogitem.page?S=60196-1#T=P
2025-10-17 16:18:34,123 [INFO] Appended 4 rows — CSV now has 5344 rows.
2025-10-17 16:18:34,127 [INFO] 10 fetched
2025-10-17 16:18:34,127 [INFO] Sleeping 88s before next set.
2025-10-17 16:20:02,668 [INFO] Fetching 60197-1 — https://www.bricklink.com/v2/catalog/catalogitem.page?S=60197-1#T=P
2025-10-17 16:20:12,447 [INFO] Appended 4 rows — CSV now has 5348 rows.
2025-10-17 16:20:12,452 [INFO] 11 fetched
2025-10-17 16:20:12,452 [INFO] Sleeping 33s before next set.
2025-10-17 16:20:45,854 [INFO] Fetching 70640-1 — https://www.bricklink.com/v2/catalog/catalogitem.page?S=70640-1#T=P
2025-10-17 16:20:55,467 [INFO] Appended 4 rows — CSV now has 5352 rows.
2025-10-17 16:20:55,472 [INFO] 12 fetched
2025-10-17 16:20:55,473 [INFO] Sleeping 40s before next set.
2025-10-17 16:21:36,321 [INFO] Fetching 70641-1 — https://www.bricklink.com/v2/catalog/catalogitem.page?S=70641-1#T=P
2025-10-17 16:21:47,532 [INFO] Appended 4 rows — CSV now has 5356 rows.
2025-10-17 16:21:47,540 [INFO] 13 fetched
2025-10-17 16:21:47,540 [INFO] Sleeping 88s before next set.
2025-10-17 16:23:15,611 [INFO] Fetching 70642-1 — https://www.bricklink.com/v2/catalog/catalogitem.page?S=70642-1#T=P
2025-10-17 16:23:27,579 [INFO] Appended 4 rows — CSV now has 5360 rows.
2025-10-17 16:23:27,586 [INFO] 14 fetched
2025-10-17 16:23:27,587 [INFO] Sleeping 34s before next set.
2025-10-17 16:24:02,316 [INFO] Fetching 70658-1 — https://www.bricklink.com/v2/catalog/catalogitem.page?S=70658-1#T=P
2025-10-17 16:24:15,907 [INFO] Appended 4 rows — CSV now has 5364 rows.
2025-10-17 16:24:15,911 [INFO] 15 fetched
2025-10-17 16:24:15,911 [INFO] Sleeping 65s before next set.
2025-10-17 16:25:21,389 [INFO] Fetching 70923-1 — https://www.bricklink.com/v2/catalog/catalogitem.page?S=70923-1#T=P
2025-10-17 16:25:33,548 [INFO] Appended 4 rows — CSV now has 5368 rows.
2025-10-17 16:25:33,552 [INFO] 16 fetched
2025-10-17 16:25:33,552 [INFO] Sleeping 32s before next set.
2025-10-17 16:26:05,729 [INFO] Fetching 72004-1 — https://www.bricklink.com/v2/catalog/catalogitem.page?S=72004-1#T=P
2025-10-17 16:26:15,294 [INFO] Appended 4 rows — CSV now has 5372 rows.
2025-10-17 16:26:15,305 [INFO] 17 fetched
2025-10-17 16:26:15,305 [INFO] Sleeping 83s before next set.
2025-10-17 16:27:38,404 [INFO] Fetching 72005-1 — https://www.bricklink.com/v2/catalog/catalogitem.page?S=72005-1#T=P
2025-10-17 16:27:48,801 [INFO] Appended 4 rows — CSV now has 5376 rows.
2025-10-17 16:27:48,808 [INFO] 18 fetched
2025-10-17 16:27:48,808 [INFO] Sleeping 85s before next set.
2025-10-17 16:29:14,068 [INFO] Fetching 72006-1 — https://www.bricklink.com/v2/catalog/catalogitem.page?S=72006-1#T=P
2025-10-17 16:29:29,403 [INFO] Appended 4 rows — CSV now has 5380 rows.
2025-10-17 16:29:29,410 [INFO] 19 fetched
2025-10-17 16:29:29,410 [INFO] Sleeping 37s before next set.
2025-10-17 16:30:06,790 [INFO] Fetching 75202-1 — https://www.bricklink.com/v2/catalog/catalogitem.page?S=75202-1#T=P
2025-10-17 16:30:16,336 [INFO] Appended 4 rows — CSV now has 5384 rows.
2025-10-17 16:30:16,341 [INFO] 20 fetched
2025-10-17 16:30:16,342 [INFO] Sleeping 93s before next set.
2025-10-17 16:31:50,094 [INFO] Fetching 75211-1 — https://www.bricklink.com/v2/catalog/catalogitem.page?S=75211-1#T=P
2025-10-17 16:31:59,690 [INFO] Appended 4 rows — CSV now has 5388 rows.
2025-10-17 16:31:59,693 [INFO] 21 fetched
2025-10-17 16:31:59,694 [INFO] Sleeping 64s before next set.
2025-10-17 16:33:03,993 [INFO] Fetching 75217-1 — https://www.bricklink.com/v2/catalog/catalogitem.page?S=75217-1#T=P
2025-10-17 16:33:13,440 [INFO] Appended 4 rows — CSV now has 5392 rows.
2025-10-17 16:33:13,445 [INFO] 22 fetched
2025-10-17 16:33:13,445 [INFO] Sleeping 35s before next set.
2025-10-17 16:33:48,536 [INFO] Fetching 75218-1 — https://www.bricklink.com/v2/catalog/catalogitem.page?S=75218-1#T=P
2025-10-17 16:33:58,336 [INFO] Appended 4 rows — CSV now has 5396 rows.
2025-10-17 16:33:58,344 [INFO] 23 fetched
2025-10-17 16:33:58,344 [INFO] Sleeping 69s before next set.
2025-10-17 16:35:07,843 [INFO] Fetching 75929-1 — https://www.bricklink.com/v2/catalog/catalogitem.page?S=75929-1#T=P
2025-10-17 16:35:17,403 [INFO] Appended 4 rows — CSV now has 5400 rows.
2025-10-17 16:35:17,407 [INFO] 24 fetched
2025-10-17 16:35:17,407 [INFO] Sleeping 52s before next set.
2025-10-17 16:36:09,733 [INFO] Fetching 75933-1 — https://www.bricklink.com/v2/catalog/catalogitem.page?S=75933-1#T=P
2025-10-17 16:36:19,458 [INFO] Appended 4 rows — CSV now has 5404 rows.
2025-10-17 16:36:19,461 [INFO] 25 fetched
2025-10-17 16:36:19,461 [INFO] Sleeping 67s before next set.
2025-10-17 16:37:27,038 [INFO] Fetching 75952-1 — https://www.bricklink.com/v2/catalog/catalogitem.page?S=75952-1#T=P
2025-10-17 16:37:36,642 [INFO] Appended 4 rows — CSV now has 5408 rows.
2025-10-17 16:37:36,646 [INFO] 26 fetched
2025-10-17 16:37:36,646 [INFO] Sleeping 53s before next set.
2025-10-17 16:38:29,879 [INFO] Fetching 75956-1 — https://www.bricklink.com/v2/catalog/catalogitem.page?S=75956-1#T=P
2025-10-17 16:38:41,480 [INFO] Appended 4 rows — CSV now has 5412 rows.
2025-10-17 16:38:41,484 [INFO] 27 fetched
2025-10-17 16:38:41,484 [INFO] Sleeping 39s before next set.
2025-10-17 16:39:21,321 [INFO] Fetching 76107-1 — https://www.bricklink.com/v2/catalog/catalogitem.page?S=76107-1#T=P
2025-10-17 16:39:31,258 [INFO] Appended 4 rows — CSV now has 5416 rows.
2025-10-17 16:39:31,265 [INFO] 28 fetched
2025-10-17 16:39:31,265 [INFO] Sleeping 43s before next set.
2025-10-17 16:40:14,733 [INFO] Fetching 21043-1 — https://www.bricklink.com/v2/catalog/catalogitem.page?S=21043-1#T=P
2025-10-17 16:40:24,960 [INFO] Appended 4 rows — CSV now has 5420 rows.
2025-10-17 16:40:24,963 [INFO] 29 fetched
2025-10-17 16:40:24,963 [INFO] Sleeping 59s before next set.
2025-10-17 16:41:24,334 [INFO] Fetching 21044-1 — https://www.bricklink.com/v2/catalog/catalogitem.page?S=21044-1#T=P
2025-10-17 16:41:34,117 [INFO] Appended 4 rows — CSV now has 5424 rows.
2025-10-17 16:41:34,125 [INFO] 30 fetched
2025-10-17 16:41:34,126 [INFO] Sleeping 81s before next set.
2025-10-17 16:42:55,397 [INFO] Fetching 21316-1 — https://www.bricklink.com/v2/catalog/catalogitem.page?S=21316-1#T=P
2025-10-17 16:43:05,149 [INFO] Appended 4 rows — CSV now has 5428 rows.
2025-10-17 16:43:05,153 [INFO] 31 fetched
2025-10-17 16:43:05,153 [INFO] Sleeping 78s before next set.
2025-10-17 16:44:23,323 [INFO] Fetching 31095-1 — https://www.bricklink.com/v2/catalog/catalogitem.page?S=31095-1#T=P
2025-10-17 16:44:32,982 [INFO] Appended 4 rows — CSV now has 5432 rows.
2025-10-17 16:44:32,988 [INFO] 32 fetched
2025-10-17 16:44:32,988 [INFO] Sleeping 54s before next set.
2025-10-17 16:45:27,702 [INFO] Fetching 31096-1 — https://www.bricklink.com/v2/catalog/catalogitem.page?S=31096-1#T=P
2025-10-17 16:45:37,207 [INFO] Appended 4 rows — CSV now has 5436 rows.
2025-10-17 16:45:37,211 [INFO] 33 fetched
2025-10-17 16:45:37,211 [INFO] Sleeping 36s before next set.
2025-10-17 16:46:13,820 [INFO] Fetching 41167-1 — https://www.bricklink.com/v2/catalog/catalogitem.page?S=41167-1#T=P
2025-10-17 16:46:23,354 [INFO] Appended 4 rows — CSV now has 5440 rows.
2025-10-17 16:46:23,357 [INFO] 34 fetched
2025-10-17 16:46:23,357 [INFO] Sleeping 59s before next set.
2025-10-17 16:47:22,838 [INFO] Fetching 41369-1 — https://www.bricklink.com/v2/catalog/catalogitem.page?S=41369-1#T=P
2025-10-17 16:47:34,740 [INFO] Appended 4 rows — CSV now has 5444 rows.
2025-10-17 16:47:34,744 [INFO] 35 fetched
2025-10-17 16:47:34,744 [INFO] Sleeping 41s before next set.
2025-10-17 16:48:16,097 [INFO] Fetching 41379-1 — https://www.bricklink.com/v2/catalog/catalogitem.page?S=41379-1#T=P
2025-10-17 16:48:26,105 [INFO] Appended 4 rows — CSV now has 5448 rows.
2025-10-17 16:48:26,109 [INFO] 36 fetched
2025-10-17 16:48:26,109 [INFO] Sleeping 37s before next set.
2025-10-17 16:49:03,152 [INFO] Fetching 41380-1 — https://www.bricklink.com/v2/catalog/catalogitem.page?S=41380-1#T=P
2025-10-17 16:49:13,134 [INFO] Appended 4 rows — CSV now has 5452 rows.
2025-10-17 16:49:13,139 [INFO] 37 fetched
2025-10-17 16:49:13,140 [INFO] Sleeping 78s before next set.
2025-10-17 16:50:31,843 [INFO] Fetching 42093-1 — https://www.bricklink.com/v2/catalog/catalogitem.page?S=42093-1#T=P
2025-10-17 16:50:42,010 [INFO] Appended 4 rows — CSV now has 5456 rows.
2025-10-17 16:50:42,013 [INFO] 38 fetched
2025-10-17 16:50:42,013 [INFO] Sleeping 75s before next set.
2025-10-17 16:51:57,752 [INFO] Fetching 43172-1 — https://www.bricklink.com/v2/catalog/catalogitem.page?S=43172-1#T=P
2025-10-17 16:52:07,217 [INFO] Appended 4 rows — CSV now has 5460 rows.
2025-10-17 16:52:07,221 [INFO] 39 fetched
2025-10-17 16:52:07,222 [INFO] Sleeping 60s before next set.
2025-10-17 16:53:07,943 [INFO] Fetching 60210-1 — https://www.bricklink.com/v2/catalog/catalogitem.page?S=60210-1#T=P
2025-10-17 16:53:17,620 [INFO] Appended 4 rows — CSV now has 5464 rows.
2025-10-17 16:53:17,626 [INFO] 40 fetched
2025-10-17 16:53:17,627 [INFO] Sleeping 59s before next set.
2025-10-17 16:54:16,954 [INFO] Fetching 60215-1 — https://www.bricklink.com/v2/catalog/catalogitem.page?S=60215-1#T=P
2025-10-17 16:54:26,577 [INFO] Appended 4 rows — CSV now has 5468 rows.
2025-10-17 16:54:26,580 [INFO] 41 fetched
2025-10-17 16:54:26,581 [INFO] Sleeping 40s before next set.
2025-10-17 16:55:06,917 [INFO] Fetching 70422-1 — https://www.bricklink.com/v2/catalog/catalogitem.page?S=70422-1#T=P
2025-10-17 16:55:16,791 [INFO] Appended 4 rows — CSV now has 5472 rows.
2025-10-17 16:55:16,794 [INFO] 42 fetched
2025-10-17 16:55:16,794 [INFO] Sleeping 46s before next set.
2025-10-17 16:56:03,297 [INFO] Fetching 70423-1 — https://www.bricklink.com/v2/catalog/catalogitem.page?S=70423-1#T=P
2025-10-17 16:56:13,190 [INFO] Appended 4 rows — CSV now has 5476 rows.
2025-10-17 16:56:13,195 [INFO] 43 fetched
2025-10-17 16:56:13,195 [INFO] Sleeping 87s before next set.
2025-10-17 16:57:40,498 [INFO] Fetching 70424-1 — https://www.bricklink.com/v2/catalog/catalogitem.page?S=70424-1#T=P
2025-10-17 16:57:50,486 [INFO] Appended 4 rows — CSV now has 5480 rows.
2025-10-17 16:57:50,490 [INFO] 44 fetched
2025-10-17 16:57:50,490 [INFO] Sleeping 73s before next set.
2025-10-17 16:59:04,350 [INFO] Fetching 70669-1 — https://www.bricklink.com/v2/catalog/catalogitem.page?S=70669-1#T=P
2025-10-17 16:59:13,883 [INFO] Appended 4 rows — CSV now has 5484 rows.
2025-10-17 16:59:13,891 [INFO] 45 fetched
2025-10-17 16:59:13,891 [INFO] Sleeping 43s before next set.
2025-10-17 16:59:57,275 [INFO] Fetching 70829-1 — https://www.bricklink.com/v2/catalog/catalogitem.page?S=70829-1#T=P
2025-10-17 17:00:07,191 [INFO] Appended 4 rows — CSV now has 5488 rows.
2025-10-17 17:00:07,194 [INFO] 46 fetched
2025-10-17 17:00:07,195 [INFO] Sleeping 58s before next set.
2025-10-17 17:01:05,862 [INFO] Fetching 70830-1 — https://www.bricklink.com/v2/catalog/catalogitem.page?S=70830-1#T=P
2025-10-17 17:01:15,457 [INFO] Appended 4 rows — CSV now has 5492 rows.
2025-10-17 17:01:15,462 [INFO] 47 fetched
2025-10-17 17:01:15,463 [INFO] Sleeping 33s before next set.
2025-10-17 17:01:49,027 [INFO] Fetching 70831-1 — https://www.bricklink.com/v2/catalog/catalogitem.page?S=70831-1#T=P
2025-10-17 17:01:58,633 [INFO] Appended 4 rows — CSV now has 5496 rows.
2025-10-17 17:01:58,637 [INFO] 48 fetched
2025-10-17 17:01:58,637 [INFO] Sleeping 82s before next set.
2025-10-17 17:03:20,670 [INFO] Fetching 70837-1 — https://www.bricklink.com/v2/catalog/catalogitem.page?S=70837-1#T=P
2025-10-17 17:03:30,515 [INFO] Appended 4 rows — CSV now has 5500 rows.
2025-10-17 17:03:30,519 [INFO] 49 fetched
2025-10-17 17:03:30,520 [INFO] Sleeping 77s before next set.
2025-10-17 17:04:47,689 [INFO] Fetching 75234-1 — https://www.bricklink.com/v2/catalog/catalogitem.page?S=75234-1#T=P
2025-10-17 17:04:57,302 [INFO] Appended 4 rows — CSV now has 5504 rows.
2025-10-17 17:04:57,305 [INFO] 50 fetched
2025-10-17 17:04:57,306 [INFO] Sleeping 38s before next set.
2025-10-17 17:05:36,070 [INFO] Fetching 75241-1 — https://www.bricklink.com/v2/catalog/catalogitem.page?S=75241-1#T=P
2025-10-17 17:05:45,540 [INFO] Appended 4 rows — CSV now has 5508 rows.
2025-10-17 17:05:45,549 [INFO] 51 fetched
2025-10-17 17:05:45,550 [INFO] Sleeping 51s before next set.
2025-10-17 17:06:36,670 [INFO] Fetching 75249-1 — https://www.bricklink.com/v2/catalog/catalogitem.page?S=75249-1#T=P
2025-10-17 17:06:46,304 [INFO] Appended 4 rows — CSV now has 5512 rows.
2025-10-17 17:06:46,308 [INFO] 52 fetched
2025-10-17 17:06:46,308 [INFO] Sleeping 59s before next set.
2025-10-17 17:07:45,925 [INFO] Fetching 75254-1 — https://www.bricklink.com/v2/catalog/catalogitem.page?S=75254-1#T=P
2025-10-17 17:07:55,757 [INFO] Appended 4 rows — CSV now has 5516 rows.
2025-10-17 17:07:55,761 [INFO] 53 fetched
2025-10-17 17:07:55,761 [INFO] Sleeping 76s before next set.
2025-10-17 17:09:12,161 [INFO] Fetching 75938-1 — https://www.bricklink.com/v2/catalog/catalogitem.page?S=75938-1#T=P
2025-10-17 17:09:21,726 [INFO] Appended 4 rows — CSV now has 5520 rows.
2025-10-17 17:09:21,730 [INFO] 54 fetched
2025-10-17 17:09:21,731 [INFO] Sleeping 37s before next set.
2025-10-17 17:09:59,301 [INFO] Fetching 75974-1 — https://www.bricklink.com/v2/catalog/catalogitem.page?S=75974-1#T=P
2025-10-17 17:10:09,466 [INFO] Appended 4 rows — CSV now has 5524 rows.
2025-10-17 17:10:09,469 [INFO] 55 fetched
2025-10-17 17:10:09,470 [INFO] Sleeping 71s before next set.
2025-10-17 17:11:20,674 [INFO] Fetching 75975-1 — https://www.bricklink.com/v2/catalog/catalogitem.page?S=75975-1#T=P
2025-10-17 17:11:30,071 [INFO] Appended 4 rows — CSV now has 5528 rows.
2025-10-17 17:11:30,075 [INFO] 56 fetched
2025-10-17 17:11:30,076 [INFO] Sleeping 32s before next set.
2025-10-17 17:12:02,212 [INFO] Fetching 76115-1 — https://www.bricklink.com/v2/catalog/catalogitem.page?S=76115-1#T=P
2025-10-17 17:12:11,997 [INFO] Appended 4 rows — CSV now has 5532 rows.
2025-10-17 17:12:12,005 [INFO] 57 fetched
2025-10-17 17:12:12,006 [INFO] Sleeping 30s before next set.
2025-10-17 17:12:42,181 [INFO] Fetching 76125-1 — https://www.bricklink.com/v2/catalog/catalogitem.page?S=76125-1#T=P
2025-10-17 17:12:51,927 [INFO] Appended 4 rows — CSV now has 5536 rows.
2025-10-17 17:12:51,940 [INFO] 58 fetched
2025-10-17 17:12:51,940 [INFO] Sleeping 57s before next set.
2025-10-17 17:13:49,527 [INFO] Fetching 76130-1 — https://www.bricklink.com/v2/catalog/catalogitem.page?S=76130-1#T=P
2025-10-17 17:13:59,334 [INFO] Appended 4 rows — CSV now has 5540 rows.
2025-10-17 17:13:59,338 [INFO] 59 fetched
2025-10-17 17:13:59,338 [INFO] Sleeping 82s before next set.
2025-10-17 17:15:21,941 [INFO] Fetching 76131-1 — https://www.bricklink.com/v2/catalog/catalogitem.page?S=76131-1#T=P
2025-10-17 17:15:31,567 [INFO] Appended 4 rows — CSV now has 5544 rows.
2025-10-17 17:15:31,575 [INFO] 60 fetched
2025-10-17 17:15:31,576 [INFO] Sleeping 132s before next set.
2025-10-17 17:17:44,189 [INFO] Fetching 80103-1 — https://www.bricklink.com/v2/catalog/catalogitem.page?S=80103-1#T=P
2025-10-17 17:17:54,742 [INFO] Appended 4 rows — CSV now has 5548 rows.
2025-10-17 17:17:54,745 [INFO] 61 fetched
2025-10-17 17:17:54,746 [INFO] Sleeping 46s before next set.
2025-10-17 17:18:41,211 [INFO] Fetching 21051-1 — https://www.bricklink.com/v2/catalog/catalogitem.page?S=21051-1#T=P
2025-10-17 17:18:50,720 [INFO] Appended 4 rows — CSV now has 5552 rows.
2025-10-17 17:18:50,726 [INFO] 62 fetched
2025-10-17 17:18:50,726 [INFO] Sleeping 85s before next set.
2025-10-17 17:20:16,283 [INFO] Fetching 21052-1 — https://www.bricklink.com/v2/catalog/catalogitem.page?S=21052-1#T=P
2025-10-17 17:20:26,139 [INFO] Appended 4 rows — CSV now has 5556 rows.
2025-10-17 17:20:26,143 [INFO] 63 fetched
2025-10-17 17:20:26,144 [INFO] Sleeping 83s before next set.
2025-10-17 17:21:49,523 [INFO] Fetching 21160-1 — https://www.bricklink.com/v2/catalog/catalogitem.page?S=21160-1#T=P
2025-10-17 17:21:59,316 [INFO] Appended 4 rows — CSV now has 5560 rows.
2025-10-17 17:21:59,323 [INFO] 64 fetched
2025-10-17 17:21:59,324 [INFO] Sleeping 85s before next set.
2025-10-17 17:23:24,661 [INFO] Fetching 31107-1 — https://www.bricklink.com/v2/catalog/catalogitem.page?S=31107-1#T=P
2025-10-17 17:23:34,049 [INFO] Appended 4 rows — CSV now has 5564 rows.
2025-10-17 17:23:34,053 [INFO] 65 fetched
2025-10-17 17:23:34,053 [INFO] Sleeping 45s before next set.
2025-10-17 17:24:19,659 [INFO] Fetching 41424-1 — https://www.bricklink.com/v2/catalog/catalogitem.page?S=41424-1#T=P
2025-10-17 17:24:29,650 [INFO] Appended 4 rows — CSV now has 5568 rows.
2025-10-17 17:24:29,659 [INFO] 66 fetched
2025-10-17 17:24:29,660 [INFO] Sleeping 80s before next set.
2025-10-17 17:25:50,303 [INFO] Fetching 41429-1 — https://www.bricklink.com/v2/catalog/catalogitem.page?S=41429-1#T=P
2025-10-17 17:26:00,061 [INFO] Appended 4 rows — CSV now has 5572 rows.
2025-10-17 17:26:00,065 [INFO] 67 fetched
2025-10-17 17:26:00,065 [INFO] Sleeping 49s before next set.
2025-10-17 17:26:49,564 [INFO] Fetching 41432-1 — https://www.bricklink.com/v2/catalog/catalogitem.page?S=41432-1#T=P
2025-10-17 17:26:59,285 [INFO] Appended 4 rows — CSV now has 5576 rows.
2025-10-17 17:26:59,288 [INFO] 68 fetched
2025-10-17 17:26:59,289 [INFO] Sleeping 44s before next set.
2025-10-17 17:27:43,658 [INFO] Fetching 42106-1 — https://www.bricklink.com/v2/catalog/catalogitem.page?S=42106-1#T=P
2025-10-17 17:27:53,326 [INFO] Appended 4 rows — CSV now has 5580 rows.
2025-10-17 17:27:53,331 [INFO] 69 fetched
2025-10-17 17:27:53,332 [INFO] Sleeping 77s before next set.
2025-10-17 17:29:11,103 [INFO] Fetching 42107-1 — https://www.bricklink.com/v2/catalog/catalogitem.page?S=42107-1#T=P
2025-10-17 17:29:21,073 [INFO] Appended 4 rows — CSV now has 5584 rows.
2025-10-17 17:29:21,077 [INFO] 70 fetched
2025-10-17 17:29:21,077 [INFO] Sleeping 33s before next set.
2025-10-17 17:29:54,803 [INFO] Fetching 71699-1 — https://www.bricklink.com/v2/catalog/catalogitem.page?S=71699-1#T=P
2025-10-17 17:30:04,368 [INFO] Appended 4 rows — CSV now has 5588 rows.
2025-10-17 17:30:04,373 [INFO] 71 fetched
2025-10-17 17:30:04,373 [INFO] Sleeping 85s before next set.
2025-10-17 17:31:29,971 [INFO] Fetching 71704-1 — https://www.bricklink.com/v2/catalog/catalogitem.page?S=71704-1#T=P
2025-10-17 17:31:39,506 [INFO] Appended 4 rows — CSV now has 5592 rows.
2025-10-17 17:31:39,510 [INFO] 72 fetched
2025-10-17 17:31:39,510 [INFO] Sleeping 46s before next set.
2025-10-17 17:32:26,148 [INFO] Fetching 71719-1 — https://www.bricklink.com/v2/catalog/catalogitem.page?S=71719-1#T=P
2025-10-17 17:32:36,349 [INFO] Appended 4 rows — CSV now has 5596 rows.
2025-10-17 17:32:36,353 [INFO] 73 fetched
2025-10-17 17:32:36,353 [INFO] Sleeping 84s before next set.
2025-10-17 17:34:01,119 [INFO] Fetching 75278-1 — https://www.bricklink.com/v2/catalog/catalogitem.page?S=75278-1#T=P
2025-10-17 17:34:10,682 [INFO] Appended 4 rows — CSV now has 5600 rows.
2025-10-17 17:34:10,690 [INFO] 74 fetched
2025-10-17 17:34:10,690 [INFO] Sleeping 48s before next set.
2025-10-17 17:34:59,496 [INFO] Fetching 75284-1 — https://www.bricklink.com/v2/catalog/catalogitem.page?S=75284-1#T=P
2025-10-17 17:35:09,245 [INFO] Appended 4 rows — CSV now has 5604 rows.
2025-10-17 17:35:09,248 [INFO] 75 fetched
2025-10-17 17:35:09,249 [INFO] Sleeping 68s before next set.
2025-10-17 17:36:17,993 [INFO] Fetching 21161-1 — https://www.bricklink.com/v2/catalog/catalogitem.page?S=21161-1#T=P
2025-10-17 17:36:27,550 [INFO] Appended 4 rows — CSV now has 5608 rows.
2025-10-17 17:36:27,558 [INFO] 76 fetched
2025-10-17 17:36:27,558 [INFO] Sleeping 78s before next set.
2025-10-17 17:37:45,914 [INFO] Fetching 21163-1 — https://www.bricklink.com/v2/catalog/catalogitem.page?S=21163-1#T=P
2025-10-17 17:37:55,379 [INFO] Appended 4 rows — CSV now has 5612 rows.
2025-10-17 17:37:55,382 [INFO] 77 fetched
2025-10-17 17:37:55,382 [INFO] Sleeping 65s before next set.
2025-10-17 17:39:00,686 [INFO] Fetching 31105-1 — https://www.bricklink.com/v2/catalog/catalogitem.page?S=31105-1#T=P
2025-10-17 17:39:10,585 [INFO] Appended 4 rows — CSV now has 5616 rows.
2025-10-17 17:39:10,593 [INFO] 78 fetched
2025-10-17 17:39:10,594 [INFO] Sleeping 65s before next set.
2025-10-17 17:40:15,877 [INFO] Fetching 40426-1 — https://www.bricklink.com/v2/catalog/catalogitem.page?S=40426-1#T=P
2025-10-17 17:40:25,318 [INFO] Appended 4 rows — CSV now has 5620 rows.
2025-10-17 17:40:25,322 [INFO] 79 fetched
2025-10-17 17:40:25,322 [INFO] Sleeping 36s before next set.
2025-10-17 17:41:01,544 [INFO] Fetching 41433-1 — https://www.bricklink.com/v2/catalog/catalogitem.page?S=41433-1#T=P
2025-10-17 17:41:07,076 [INFO] Appended 4 rows — CSV now has 5624 rows.
2025-10-17 17:41:07,080 [INFO] 80 fetched
2025-10-17 17:41:07,080 [INFO] Sleeping 50s before next set.
2025-10-17 17:41:57,605 [INFO] Fetching 45680-1 — https://www.bricklink.com/v2/catalog/catalogitem.page?S=45680-1#T=P
2025-10-17 17:42:07,359 [INFO] Appended 4 rows — CSV now has 5628 rows.
2025-10-17 17:42:07,365 [INFO] 81 fetched
2025-10-17 17:42:07,365 [INFO] Sleeping 46s before next set.
2025-10-17 17:42:53,795 [INFO] Fetching 60246-1 — https://www.bricklink.com/v2/catalog/catalogitem.page?S=60246-1#T=P
2025-10-17 17:43:03,346 [INFO] Appended 4 rows — CSV now has 5632 rows.
2025-10-17 17:43:03,350 [INFO] 82 fetched
2025-10-17 17:43:03,350 [INFO] Sleeping 85s before next set.
2025-10-17 17:44:28,806 [INFO] Fetching 60262-1 — https://www.bricklink.com/v2/catalog/catalogitem.page?S=60262-1#T=P
2025-10-17 17:44:46,110 [INFO] Appended 4 rows — CSV now has 5636 rows.
2025-10-17 17:44:46,114 [INFO] 83 fetched
2025-10-17 17:44:46,114 [INFO] Sleeping 68s before next set.
2025-10-17 17:45:55,036 [INFO] Fetching 60266-1 — https://www.bricklink.com/v2/catalog/catalogitem.page?S=60266-1#T=P
2025-10-17 17:46:12,729 [INFO] Appended 4 rows — CSV now has 5640 rows.
2025-10-17 17:46:12,732 [INFO] 84 fetched
2025-10-17 17:46:12,732 [INFO] Sleeping 78s before next set.
2025-10-17 17:47:31,267 [INFO] Fetching 70431-1 — https://www.bricklink.com/v2/catalog/catalogitem.page?S=70431-1#T=P
2025-10-17 17:47:41,092 [INFO] Appended 4 rows — CSV now has 5644 rows.
2025-10-17 17:47:41,097 [INFO] 85 fetched
2025-10-17 17:47:41,097 [INFO] Sleeping 80s before next set.
2025-10-17 17:49:01,314 [INFO] Fetching 71711-1 — https://www.bricklink.com/v2/catalog/catalogitem.page?S=71711-1#T=P
2025-10-17 17:49:11,327 [INFO] Appended 4 rows — CSV now has 5648 rows.
2025-10-17 17:49:11,335 [INFO] 86 fetched
2025-10-17 17:49:11,335 [INFO] Sleeping 62s before next set.
2025-10-17 17:50:14,015 [INFO] Fetching 75274-1 — https://www.bricklink.com/v2/catalog/catalogitem.page?S=75274-1#T=P
2025-10-17 17:50:23,404 [INFO] Appended 4 rows — CSV now has 5652 rows.
2025-10-17 17:50:23,407 [INFO] 87 fetched
2025-10-17 17:50:23,408 [INFO] Sleeping 39s before next set.
2025-10-17 17:51:02,706 [INFO] Fetching 75276-1 — https://www.bricklink.com/v2/catalog/catalogitem.page?S=75276-1#T=P
2025-10-17 17:51:12,465 [INFO] Appended 4 rows — CSV now has 5656 rows.
2025-10-17 17:51:12,468 [INFO] 88 fetched
2025-10-17 17:51:12,468 [INFO] Sleeping 71s before next set.
2025-10-17 17:52:24,386 [INFO] Fetching 75277-1 — https://www.bricklink.com/v2/catalog/catalogitem.page?S=75277-1#T=P
2025-10-17 17:52:34,248 [INFO] Appended 4 rows — CSV now has 5660 rows.
2025-10-17 17:52:34,252 [INFO] 89 fetched
2025-10-17 17:52:34,253 [INFO] Sleeping 35s before next set.
2025-10-17 17:53:09,692 [INFO] Fetching 75941-1 — https://www.bricklink.com/v2/catalog/catalogitem.page?S=75941-1#T=P
2025-10-17 17:53:19,421 [INFO] Appended 4 rows — CSV now has 5664 rows.
2025-10-17 17:53:19,424 [INFO] 90 fetched
2025-10-17 17:53:19,425 [INFO] Sleeping 48s before next set.
2025-10-17 17:54:08,355 [INFO] Fetching 75979-1 — https://www.bricklink.com/v2/catalog/catalogitem.page?S=75979-1#T=P
2025-10-17 17:54:18,174 [INFO] Appended 4 rows — CSV now has 5668 rows.
2025-10-17 17:54:18,178 [INFO] 91 fetched
2025-10-17 17:54:18,178 [INFO] Sleeping 88s before next set.
2025-10-17 17:55:46,693 [INFO] Fetching 76151-1 — https://www.bricklink.com/v2/catalog/catalogitem.page?S=76151-1#T=P
2025-10-17 17:55:56,214 [INFO] Appended 4 rows — CSV now has 5672 rows.
2025-10-17 17:55:56,218 [INFO] 92 fetched
2025-10-17 17:55:56,218 [INFO] Sleeping 50s before next set.
2025-10-17 17:56:46,661 [INFO] Fetching 76160-1 — https://www.bricklink.com/v2/catalog/catalogitem.page?S=76160-1#T=P
2025-10-17 17:56:56,192 [INFO] Appended 4 rows — CSV now has 5676 rows.
2025-10-17 17:56:56,203 [INFO] 93 fetched
2025-10-17 17:56:56,203 [INFO] Sleeping 65s before next set.
2025-10-17 17:58:01,934 [INFO] Fetching 76166-1 — https://www.bricklink.com/v2/catalog/catalogitem.page?S=76166-1#T=P
2025-10-17 17:58:11,370 [INFO] Appended 4 rows — CSV now has 5680 rows.
2025-10-17 17:58:11,377 [INFO] 94 fetched
2025-10-17 17:58:11,378 [INFO] Sleeping 68s before next set.
2025-10-17 17:59:20,284 [INFO] Fetching 76898-1 — https://www.bricklink.com/v2/catalog/catalogitem.page?S=76898-1#T=P
2025-10-17 17:59:29,887 [INFO] Appended 4 rows — CSV now has 5684 rows.
2025-10-17 17:59:29,892 [INFO] 95 fetched
2025-10-17 17:59:29,892 [INFO] Sleeping 79s before next set.
2025-10-17 18:00:49,876 [INFO] Fetching 76899-1 — https://www.bricklink.com/v2/catalog/catalogitem.page?S=76899-1#T=P
2025-10-17 18:00:59,648 [INFO] Appended 4 rows — CSV now has 5688 rows.
2025-10-17 18:00:59,657 [INFO] 96 fetched
2025-10-17 18:00:59,657 [INFO] Sleeping 66s before next set.
2025-10-17 18:02:05,919 [INFO] Fetching 80008-1 — https://www.bricklink.com/v2/catalog/catalogitem.page?S=80008-1#T=P
2025-10-17 18:02:15,545 [INFO] Appended 4 rows — CSV now has 5692 rows.
2025-10-17 18:02:15,549 [INFO] 97 fetched
2025-10-17 18:02:15,549 [INFO] Sleeping 79s before next set.
2025-10-17 18:03:34,858 [INFO] Fetching 80015-1 — https://www.bricklink.com/v2/catalog/catalogitem.page?S=80015-1#T=P
2025-10-17 18:03:44,366 [INFO] Appended 4 rows — CSV now has 5696 rows.
2025-10-17 18:03:44,374 [INFO] 98 fetched
2025-10-17 18:03:44,375 [INFO] Sleeping 89s before next set.
2025-10-17 18:05:14,096 [INFO] Fetching 11014-1 — https://www.bricklink.com/v2/catalog/catalogitem.page?S=11014-1#T=P
2025-10-17 18:05:23,652 [INFO] Appended 4 rows — CSV now has 5700 rows.
2025-10-17 18:05:23,655 [INFO] 99 fetched
2025-10-17 18:05:23,655 [INFO] Sleeping 65s before next set.
2025-10-17 18:06:29,174 [INFO] Finished run.
