2025-10-17 09:45:36,570 [INFO] Fichier de log actif : logs\bricklink_20251017_0745.log
2025-10-17 09:45:36,921 [INFO] 100 sets à scrapper récupérés depuis la DB.
2025-10-17 09:45:36,935 [INFO] Skip 7249-1 (fetch récent < 7 jours).
2025-10-17 09:45:36,936 [INFO] Skip 8416-1 (fetch récent < 7 jours).
2025-10-17 09:45:36,936 [INFO] Skip 7237-1 (fetch récent < 7 jours).
2025-10-17 09:45:36,937 [INFO] Skip 3827-1 (fetch récent < 7 jours).
2025-10-17 09:45:36,937 [INFO] Fetching 4894-1 — https://www.bricklink.com/v2/catalog/catalogitem.page?S=4894-1#T=P
2025-10-17 09:45:49,209 [INFO] Appended 4 rows — CSV now has 4136 rows.
2025-10-17 09:45:49,214 [INFO] 1 fetched
2025-10-17 09:45:49,214 [INFO] Sleeping 60s before next set.
2025-10-17 09:46:49,749 [INFO] Fetching 4895-1 — https://www.bricklink.com/v2/catalog/catalogitem.page?S=4895-1#T=P
2025-10-17 09:46:59,534 [INFO] Appended 4 rows — CSV now has 4140 rows.
2025-10-17 09:46:59,540 [INFO] 2 fetched
2025-10-17 09:46:59,541 [INFO] Sleeping 51s before next set.
2025-10-17 09:47:51,459 [INFO] Fetching 6209-1 — https://www.bricklink.com/v2/catalog/catalogitem.page?S=6209-1#T=P
2025-10-17 09:48:01,016 [INFO] Appended 4 rows — CSV now has 4144 rows.
2025-10-17 09:48:01,020 [INFO] 3 fetched
2025-10-17 09:48:01,020 [INFO] Sleeping 32s before next set.
2025-10-17 09:48:33,728 [INFO] Fetching 7021-1 — https://www.bricklink.com/v2/catalog/catalogitem.page?S=7021-1#T=P
2025-10-17 09:48:43,227 [INFO] Appended 4 rows — CSV now has 4148 rows.
2025-10-17 09:48:43,230 [INFO] 4 fetched
2025-10-17 09:48:43,230 [INFO] Sleeping 48s before next set.
2025-10-17 09:49:31,620 [INFO] Fetching 7707-1 — https://www.bricklink.com/v2/catalog/catalogitem.page?S=7707-1#T=P
2025-10-17 09:49:41,079 [INFO] Appended 4 rows — CSV now has 4152 rows.
2025-10-17 09:49:41,082 [INFO] 5 fetched
2025-10-17 09:49:41,082 [INFO] Sleeping 63s before next set.
2025-10-17 09:50:45,006 [INFO] Fetching 7894-1 — https://www.bricklink.com/v2/catalog/catalogitem.page?S=7894-1#T=P
2025-10-17 09:50:54,458 [INFO] Appended 4 rows — CSV now has 4156 rows.
2025-10-17 09:50:54,465 [INFO] 6 fetched
2025-10-17 09:50:54,465 [INFO] Sleeping 80s before next set.
2025-10-17 09:52:14,950 [INFO] Fetching 7897-1 — https://www.bricklink.com/v2/catalog/catalogitem.page?S=7897-1#T=P
2025-10-17 09:52:25,010 [INFO] Appended 4 rows — CSV now has 4160 rows.
2025-10-17 09:52:25,014 [INFO] 7 fetched
2025-10-17 09:52:25,014 [INFO] Sleeping 89s before next set.
2025-10-17 09:53:54,030 [INFO] Fetching 7905-1 — https://www.bricklink.com/v2/catalog/catalogitem.page?S=7905-1#T=P
2025-10-17 09:54:17,604 [INFO] Appended 4 rows — CSV now has 4164 rows.
2025-10-17 09:54:17,606 [INFO] 8 fetched
2025-10-17 09:54:17,607 [INFO] Sleeping 80s before next set.
2025-10-17 09:55:37,834 [INFO] Fetching 8671-1 — https://www.bricklink.com/v2/catalog/catalogitem.page?S=8671-1#T=P
2025-10-17 09:55:54,070 [INFO] Appended 4 rows — CSV now has 4168 rows.
2025-10-17 09:55:54,073 [INFO] 9 fetched
2025-10-17 09:55:54,073 [INFO] Sleeping 79s before next set.
2025-10-17 09:57:13,663 [INFO] Fetching 8672-1 — https://www.bricklink.com/v2/catalog/catalogitem.page?S=8672-1#T=P
2025-10-17 09:57:25,250 [INFO] Appended 4 rows — CSV now has 4172 rows.
2025-10-17 09:57:25,255 [INFO] 10 fetched
2025-10-17 09:57:25,256 [INFO] Sleeping 67s before next set.
2025-10-17 09:58:32,678 [INFO] Fetching 7036-1 — https://www.bricklink.com/v2/catalog/catalogitem.page?S=7036-1#T=P
2025-10-17 09:58:43,076 [INFO] Appended 4 rows — CSV now has 4176 rows.
2025-10-17 09:58:43,083 [INFO] 11 fetched
2025-10-17 09:58:43,083 [INFO] Sleeping 76s before next set.
2025-10-17 09:59:59,592 [INFO] Fetching 8143-1 — https://www.bricklink.com/v2/catalog/catalogitem.page?S=8143-1#T=P
2025-10-17 10:00:21,758 [INFO] Appended 4 rows — CSV now has 4180 rows.
2025-10-17 10:00:21,766 [INFO] 12 fetched
2025-10-17 10:00:21,767 [INFO] Sleeping 40s before next set.
2025-10-17 10:01:02,102 [INFO] Fetching 8144-1 — https://www.bricklink.com/v2/catalog/catalogitem.page?S=8144-1#T=P
2025-10-17 10:01:11,710 [INFO] Appended 4 rows — CSV now has 4184 rows.
2025-10-17 10:01:11,713 [INFO] 13 fetched
2025-10-17 10:01:11,713 [INFO] Sleeping 83s before next set.
2025-10-17 10:02:35,131 [INFO] Fetching 8146-1 — https://www.bricklink.com/v2/catalog/catalogitem.page?S=8146-1#T=P
2025-10-17 10:02:44,755 [INFO] Appended 4 rows — CSV now has 4188 rows.
2025-10-17 10:02:44,762 [INFO] 14 fetched
2025-10-17 10:02:44,763 [INFO] Sleeping 75s before next set.
2025-10-17 10:04:00,633 [INFO] Fetching 4955-1 — https://www.bricklink.com/v2/catalog/catalogitem.page?S=4955-1#T=P
2025-10-17 10:04:10,388 [INFO] Appended 4 rows — CSV now has 4192 rows.
2025-10-17 10:04:10,395 [INFO] 15 fetched
2025-10-17 10:04:10,395 [INFO] Sleeping 42s before next set.
2025-10-17 10:04:52,923 [INFO] Fetching 4956-1 — https://www.bricklink.com/v2/catalog/catalogitem.page?S=4956-1#T=P
2025-10-17 10:05:04,450 [INFO] Appended 4 rows — CSV now has 4196 rows.
2025-10-17 10:05:04,452 [INFO] 16 fetched
2025-10-17 10:05:04,453 [INFO] Sleeping 31s before next set.
2025-10-17 10:05:36,139 [INFO] Fetching 7029-1 — https://www.bricklink.com/v2/catalog/catalogitem.page?S=7029-1#T=P
2025-10-17 10:05:45,611 [INFO] Appended 4 rows — CSV now has 4200 rows.
2025-10-17 10:05:45,614 [INFO] 17 fetched
2025-10-17 10:05:45,614 [INFO] Sleeping 71s before next set.
2025-10-17 10:06:57,372 [INFO] Fetching 6163-1 — https://www.bricklink.com/v2/catalog/catalogitem.page?S=6163-1#T=P
2025-10-17 10:07:07,084 [INFO] Appended 4 rows — CSV now has 4204 rows.
2025-10-17 10:07:07,091 [INFO] 18 fetched
2025-10-17 10:07:07,091 [INFO] Sleeping 34s before next set.
2025-10-17 10:07:41,434 [INFO] Fetching 7661-1 — https://www.bricklink.com/v2/catalog/catalogitem.page?S=7661-1#T=P
2025-10-17 10:07:51,484 [INFO] Appended 4 rows — CSV now has 4208 rows.
2025-10-17 10:07:51,487 [INFO] 19 fetched
2025-10-17 10:07:51,488 [INFO] Sleeping 36s before next set.
2025-10-17 10:08:27,645 [INFO] Fetching 7664-1 — https://www.bricklink.com/v2/catalog/catalogitem.page?S=7664-1#T=P
2025-10-17 10:08:37,202 [INFO] Appended 4 rows — CSV now has 4212 rows.
2025-10-17 10:08:37,208 [INFO] 20 fetched
2025-10-17 10:08:37,209 [INFO] Sleeping 123s before next set.
2025-10-17 10:10:40,629 [INFO] Fetching 7666-1 — https://www.bricklink.com/v2/catalog/catalogitem.page?S=7666-1#T=P
2025-10-17 10:10:58,243 [INFO] Appended 4 rows — CSV now has 4216 rows.
2025-10-17 10:10:58,248 [INFO] 21 fetched
2025-10-17 10:10:58,249 [INFO] Sleeping 86s before next set.
2025-10-17 10:12:24,883 [INFO] Fetching 7699-1 — https://www.bricklink.com/v2/catalog/catalogitem.page?S=7699-1#T=P
2025-10-17 10:12:56,443 [INFO] Appended 4 rows — CSV now has 4220 rows.
2025-10-17 10:12:56,446 [INFO] 22 fetched
2025-10-17 10:12:56,446 [INFO] Sleeping 64s before next set.
2025-10-17 10:14:01,351 [INFO] Fetching 7721-1 — https://www.bricklink.com/v2/catalog/catalogitem.page?S=7721-1#T=P
2025-10-17 10:14:10,799 [INFO] Appended 4 rows — CSV now has 4224 rows.
2025-10-17 10:14:10,806 [INFO] 23 fetched
2025-10-17 10:14:10,806 [INFO] Sleeping 40s before next set.
2025-10-17 10:14:51,467 [INFO] Fetching 7774-1 — https://www.bricklink.com/v2/catalog/catalogitem.page?S=7774-1#T=P
2025-10-17 10:15:00,807 [INFO] Appended 4 rows — CSV now has 4228 rows.
2025-10-17 10:15:00,813 [INFO] 24 fetched
2025-10-17 10:15:00,814 [INFO] Sleeping 39s before next set.
2025-10-17 10:15:40,174 [INFO] Fetching 7787-1 — https://www.bricklink.com/v2/catalog/catalogitem.page?S=7787-1#T=P
2025-10-17 10:15:49,499 [INFO] Appended 4 rows — CSV now has 4232 rows.
2025-10-17 10:15:49,503 [INFO] 25 fetched
2025-10-17 10:15:49,503 [INFO] Sleeping 67s before next set.
2025-10-17 10:16:57,418 [INFO] Fetching 7945-1 — https://www.bricklink.com/v2/catalog/catalogitem.page?S=7945-1#T=P
2025-10-17 10:17:10,153 [INFO] Appended 4 rows — CSV now has 4236 rows.
2025-10-17 10:17:10,155 [INFO] 26 fetched
2025-10-17 10:17:10,156 [INFO] Sleeping 50s before next set.
2025-10-17 10:18:00,255 [INFO] Fetching 7994-1 — https://www.bricklink.com/v2/catalog/catalogitem.page?S=7994-1#T=P
2025-10-17 10:18:09,911 [INFO] Appended 4 rows — CSV now has 4240 rows.
2025-10-17 10:18:09,914 [INFO] 27 fetched
2025-10-17 10:18:09,914 [INFO] Sleeping 48s before next set.
2025-10-17 10:18:58,900 [INFO] Fetching 8107-1 — https://www.bricklink.com/v2/catalog/catalogitem.page?S=8107-1#T=P
2025-10-17 10:19:08,375 [INFO] Appended 4 rows — CSV now has 4244 rows.
2025-10-17 10:19:08,382 [INFO] 28 fetched
2025-10-17 10:19:08,382 [INFO] Sleeping 88s before next set.
2025-10-17 10:20:36,814 [INFO] Fetching 8135-1 — https://www.bricklink.com/v2/catalog/catalogitem.page?S=8135-1#T=P
2025-10-17 10:20:42,354 [INFO] Appended 4 rows — CSV now has 4248 rows.
2025-10-17 10:20:42,356 [INFO] 29 fetched
2025-10-17 10:20:42,356 [INFO] Sleeping 83s before next set.
2025-10-17 10:22:05,382 [INFO] Fetching 4998-1 — https://www.bricklink.com/v2/catalog/catalogitem.page?S=4998-1#T=P
2025-10-17 10:22:25,268 [INFO] Appended 4 rows — CSV now has 4252 rows.
2025-10-17 10:22:25,275 [INFO] 30 fetched
2025-10-17 10:22:25,275 [INFO] Sleeping 55s before next set.
2025-10-17 10:23:21,258 [INFO] Fetching 5522-1 — https://www.bricklink.com/v2/catalog/catalogitem.page?S=5522-1#T=P
2025-10-17 10:23:37,936 [INFO] Appended 4 rows — CSV now has 4256 rows.
2025-10-17 10:23:37,939 [INFO] 31 fetched
2025-10-17 10:23:37,939 [INFO] Sleeping 57s before next set.
2025-10-17 10:24:35,557 [INFO] Fetching 8156-1 — https://www.bricklink.com/v2/catalog/catalogitem.page?S=8156-1#T=P
2025-10-17 10:25:07,809 [INFO] Appended 4 rows — CSV now has 4260 rows.
2025-10-17 10:25:07,812 [INFO] 32 fetched
2025-10-17 10:25:07,812 [INFO] Sleeping 73s before next set.
2025-10-17 10:26:20,941 [INFO] Fetching 4993-1 — https://www.bricklink.com/v2/catalog/catalogitem.page?S=4993-1#T=P
2025-10-17 10:26:49,687 [INFO] Appended 4 rows — CSV now has 4264 rows.
2025-10-17 10:26:49,690 [INFO] 33 fetched
2025-10-17 10:26:49,690 [INFO] Sleeping 52s before next set.
2025-10-17 10:27:42,127 [INFO] Fetching 4996-1 — https://www.bricklink.com/v2/catalog/catalogitem.page?S=4996-1#T=P
2025-10-17 10:27:51,765 [INFO] Appended 4 rows — CSV now has 4268 rows.
2025-10-17 10:27:51,767 [INFO] 34 fetched
2025-10-17 10:27:51,768 [INFO] Sleeping 68s before next set.
2025-10-17 10:29:00,729 [INFO] Fetching 5578-1 — https://www.bricklink.com/v2/catalog/catalogitem.page?S=5578-1#T=P
2025-10-17 10:29:06,093 [INFO] Aucune donnée parsée pour 5578-1.
2025-10-17 10:29:06,096 [INFO] 35 fetched
2025-10-17 10:29:06,097 [INFO] Sleeping 60s before next set.
2025-10-17 10:30:06,667 [INFO] Fetching 5584-1 — https://www.bricklink.com/v2/catalog/catalogitem.page?S=5584-1#T=P
2025-10-17 10:30:12,082 [INFO] Appended 4 rows — CSV now has 4272 rows.
2025-10-17 10:30:12,086 [INFO] 36 fetched
2025-10-17 10:30:12,087 [INFO] Sleeping 37s before next set.
2025-10-17 10:30:49,577 [INFO] Fetching 6177-1 — https://www.bricklink.com/v2/catalog/catalogitem.page?S=6177-1#T=P
2025-10-17 10:30:55,337 [INFO] Appended 4 rows — CSV now has 4276 rows.
2025-10-17 10:30:55,342 [INFO] 37 fetched
2025-10-17 10:30:55,342 [INFO] Sleeping 71s before next set.
2025-10-17 10:32:07,172 [INFO] Fetching 7041-1 — https://www.bricklink.com/v2/catalog/catalogitem.page?S=7041-1#T=P
2025-10-17 10:32:16,950 [INFO] Appended 4 rows — CSV now has 4280 rows.
2025-10-17 10:32:16,953 [INFO] 38 fetched
2025-10-17 10:32:16,953 [INFO] Sleeping 84s before next set.
2025-10-17 10:33:41,119 [INFO] Fetching 7623-1 — https://www.bricklink.com/v2/catalog/catalogitem.page?S=7623-1#T=P
2025-10-17 10:33:50,717 [INFO] Appended 4 rows — CSV now has 4284 rows.
2025-10-17 10:33:50,721 [INFO] 39 fetched
2025-10-17 10:33:50,721 [INFO] Sleeping 32s before next set.
2025-10-17 10:34:22,938 [INFO] Fetching 7626-1 — https://www.bricklink.com/v2/catalog/catalogitem.page?S=7626-1#T=P
2025-10-17 10:34:32,512 [INFO] Appended 4 rows — CSV now has 4288 rows.
2025-10-17 10:34:32,517 [INFO] 40 fetched
2025-10-17 10:34:32,517 [INFO] Sleeping 67s before next set.
2025-10-17 10:35:40,091 [INFO] Fetching 7628-1 — https://www.bricklink.com/v2/catalog/catalogitem.page?S=7628-1#T=P
2025-10-17 10:35:49,713 [INFO] Appended 4 rows — CSV now has 4292 rows.
2025-10-17 10:35:49,716 [INFO] 41 fetched
2025-10-17 10:35:49,716 [INFO] Sleeping 63s before next set.
2025-10-17 10:36:53,413 [INFO] Fetching 7645-1 — https://www.bricklink.com/v2/catalog/catalogitem.page?S=7645-1#T=P
2025-10-17 10:37:03,624 [INFO] Appended 4 rows — CSV now has 4296 rows.
2025-10-17 10:37:03,627 [INFO] 42 fetched
2025-10-17 10:37:03,627 [INFO] Sleeping 57s before next set.
2025-10-17 10:38:00,996 [INFO] Fetching 7679-1 — https://www.bricklink.com/v2/catalog/catalogitem.page?S=7679-1#T=P
2025-10-17 10:38:10,670 [INFO] Appended 4 rows — CSV now has 4300 rows.
2025-10-17 10:38:10,673 [INFO] 43 fetched
2025-10-17 10:38:10,673 [INFO] Sleeping 50s before next set.
2025-10-17 10:39:01,415 [INFO] Fetching 7743-1 — https://www.bricklink.com/v2/catalog/catalogitem.page?S=7743-1#T=P
2025-10-17 10:39:11,134 [INFO] Appended 4 rows — CSV now has 4304 rows.
2025-10-17 10:39:11,138 [INFO] 44 fetched
2025-10-17 10:39:11,138 [INFO] Sleeping 79s before next set.
2025-10-17 10:40:30,841 [INFO] Fetching 8161-1 — https://www.bricklink.com/v2/catalog/catalogitem.page?S=8161-1#T=P
2025-10-17 10:40:41,730 [INFO] Appended 4 rows — CSV now has 4308 rows.
2025-10-17 10:40:41,732 [INFO] 45 fetched
2025-10-17 10:40:41,733 [INFO] Sleeping 73s before next set.
2025-10-17 10:41:55,369 [INFO] Fetching 8292-1 — https://www.bricklink.com/v2/catalog/catalogitem.page?S=8292-1#T=P
2025-10-17 10:42:07,666 [INFO] Appended 4 rows — CSV now has 4312 rows.
2025-10-17 10:42:07,670 [INFO] 46 fetched
2025-10-17 10:42:07,671 [INFO] Sleeping 86s before next set.
2025-10-17 10:43:34,022 [INFO] Fetching 8294-1 — https://www.bricklink.com/v2/catalog/catalogitem.page?S=8294-1#T=P
2025-10-17 10:43:44,874 [INFO] Appended 4 rows — CSV now has 4316 rows.
2025-10-17 10:43:44,877 [INFO] 47 fetched
2025-10-17 10:43:44,877 [INFO] Sleeping 66s before next set.
2025-10-17 10:44:51,379 [INFO] Fetching 8495-1 — https://www.bricklink.com/v2/catalog/catalogitem.page?S=8495-1#T=P
2025-10-17 10:44:56,950 [INFO] Appended 4 rows — CSV now has 4320 rows.
2025-10-17 10:44:56,953 [INFO] 48 fetched
2025-10-17 10:44:56,953 [INFO] Sleeping 33s before next set.
2025-10-17 10:45:30,649 [INFO] Fetching 8496-1 — https://www.bricklink.com/v2/catalog/catalogitem.page?S=8496-1#T=P
2025-10-17 10:45:41,227 [INFO] Appended 4 rows — CSV now has 4324 rows.
2025-10-17 10:45:41,230 [INFO] 49 fetched
2025-10-17 10:45:41,230 [INFO] Sleeping 39s before next set.
2025-10-17 10:46:20,550 [INFO] Fetching 8636-1 — https://www.bricklink.com/v2/catalog/catalogitem.page?S=8636-1#T=P
2025-10-17 10:46:40,893 [INFO] Appended 4 rows — CSV now has 4328 rows.
2025-10-17 10:46:40,900 [INFO] 50 fetched
2025-10-17 10:46:40,900 [INFO] Sleeping 51s before next set.
2025-10-17 10:47:32,674 [INFO] Fetching 8637-1 — https://www.bricklink.com/v2/catalog/catalogitem.page?S=8637-1#T=P
2025-10-17 10:47:48,215 [INFO] Appended 4 rows — CSV now has 4332 rows.
2025-10-17 10:47:48,220 [INFO] 51 fetched
2025-10-17 10:47:48,221 [INFO] Sleeping 60s before next set.
2025-10-17 10:48:48,632 [INFO] Fetching 8263-1 — https://www.bricklink.com/v2/catalog/catalogitem.page?S=8263-1#T=P
2025-10-17 10:48:58,567 [INFO] Appended 4 rows — CSV now has 4336 rows.
2025-10-17 10:48:58,570 [INFO] 52 fetched
2025-10-17 10:48:58,571 [INFO] Sleeping 44s before next set.
2025-10-17 10:49:42,671 [INFO] Fetching 5487-1 — https://www.bricklink.com/v2/catalog/catalogitem.page?S=5487-1#T=P
2025-10-17 10:49:48,133 [INFO] Appended 4 rows — CSV now has 4340 rows.
2025-10-17 10:49:48,137 [INFO] 53 fetched
2025-10-17 10:49:48,138 [INFO] Sleeping 75s before next set.
2025-10-17 10:51:03,924 [INFO] Fetching 6194-1 — https://www.bricklink.com/v2/catalog/catalogitem.page?S=6194-1#T=P
2025-10-17 10:51:09,265 [INFO] Appended 4 rows — CSV now has 4344 rows.
2025-10-17 10:51:09,271 [INFO] 54 fetched
2025-10-17 10:51:09,272 [INFO] Sleeping 80s before next set.
2025-10-17 10:52:30,041 [INFO] Fetching 6243-1 — https://www.bricklink.com/v2/catalog/catalogitem.page?S=6243-1#T=P
2025-10-17 10:52:42,865 [INFO] Appended 4 rows — CSV now has 4348 rows.
2025-10-17 10:52:42,868 [INFO] 55 fetched
2025-10-17 10:52:42,868 [INFO] Sleeping 72s before next set.
2025-10-17 10:53:55,487 [INFO] Fetching 7199-1 — https://www.bricklink.com/v2/catalog/catalogitem.page?S=7199-1#T=P
2025-10-17 10:54:10,947 [INFO] Appended 4 rows — CSV now has 4352 rows.
2025-10-17 10:54:10,950 [INFO] 56 fetched
2025-10-17 10:54:10,951 [INFO] Sleeping 82s before next set.
2025-10-17 10:55:33,510 [INFO] Fetching 7637-1 — https://www.bricklink.com/v2/catalog/catalogitem.page?S=7637-1#T=P
2025-10-17 10:55:43,961 [INFO] Appended 4 rows — CSV now has 4356 rows.
2025-10-17 10:55:43,968 [INFO] 57 fetched
2025-10-17 10:55:43,969 [INFO] Sleeping 66s before next set.
2025-10-17 10:56:50,828 [INFO] Fetching 8019-1 — https://www.bricklink.com/v2/catalog/catalogitem.page?S=8019-1#T=P
2025-10-17 10:57:00,558 [INFO] Appended 4 rows — CSV now has 4360 rows.
2025-10-17 10:57:00,560 [INFO] 58 fetched
2025-10-17 10:57:00,561 [INFO] Sleeping 58s before next set.
2025-10-17 10:57:58,932 [INFO] Fetching 8037-1 — https://www.bricklink.com/v2/catalog/catalogitem.page?S=8037-1#T=P
2025-10-17 10:58:08,676 [INFO] Appended 4 rows — CSV now has 4364 rows.
2025-10-17 10:58:08,679 [INFO] 59 fetched
2025-10-17 10:58:08,679 [INFO] Sleeping 89s before next set.
2025-10-17 10:59:37,951 [INFO] Fetching 8169-1 — https://www.bricklink.com/v2/catalog/catalogitem.page?S=8169-1#T=P
2025-10-17 10:59:50,217 [INFO] Appended 4 rows — CSV now has 4368 rows.
2025-10-17 10:59:50,222 [INFO] 60 fetched
2025-10-17 10:59:50,223 [INFO] Sleeping 103s before next set.
2025-10-17 11:01:33,976 [INFO] Fetching 8185-1 — https://www.bricklink.com/v2/catalog/catalogitem.page?S=8185-1#T=P
2025-10-17 11:01:43,416 [INFO] Appended 4 rows — CSV now has 4372 rows.
2025-10-17 11:01:43,418 [INFO] 61 fetched
2025-10-17 11:01:43,419 [INFO] Sleeping 89s before next set.
2025-10-17 11:03:12,470 [INFO] Fetching 8264-1 — https://www.bricklink.com/v2/catalog/catalogitem.page?S=8264-1#T=P
2025-10-17 11:03:17,974 [INFO] Appended 4 rows — CSV now has 4376 rows.
2025-10-17 11:03:17,977 [INFO] 62 fetched
2025-10-17 11:03:17,978 [INFO] Sleeping 39s before next set.
2025-10-17 11:03:57,315 [INFO] Fetching 8547-1 — https://www.bricklink.com/v2/catalog/catalogitem.page?S=8547-1#T=P
2025-10-17 11:04:06,973 [INFO] Appended 4 rows — CSV now has 4380 rows.
2025-10-17 11:04:06,976 [INFO] 63 fetched
2025-10-17 11:04:06,976 [INFO] Sleeping 77s before next set.
2025-10-17 11:05:24,247 [INFO] Fetching 8709-1 — https://www.bricklink.com/v2/catalog/catalogitem.page?S=8709-1#T=P
2025-10-17 11:05:34,486 [INFO] Appended 4 rows — CSV now has 4384 rows.
2025-10-17 11:05:34,493 [INFO] 64 fetched
2025-10-17 11:05:34,493 [INFO] Sleeping 48s before next set.
2025-10-17 11:06:23,000 [INFO] Fetching 8964-1 — https://www.bricklink.com/v2/catalog/catalogitem.page?S=8964-1#T=P
2025-10-17 11:06:32,615 [INFO] Appended 4 rows — CSV now has 4388 rows.
2025-10-17 11:06:32,622 [INFO] 65 fetched
2025-10-17 11:06:32,623 [INFO] Sleeping 40s before next set.
2025-10-17 11:07:12,945 [INFO] Fetching 8971-1 — https://www.bricklink.com/v2/catalog/catalogitem.page?S=8971-1#T=P
2025-10-17 11:07:32,066 [INFO] Appended 4 rows — CSV now has 4392 rows.
2025-10-17 11:07:32,072 [INFO] 66 fetched
2025-10-17 11:07:32,072 [INFO] Sleeping 39s before next set.
2025-10-17 11:08:11,361 [INFO] Fetching 8052-1 — https://www.bricklink.com/v2/catalog/catalogitem.page?S=8052-1#T=P
2025-10-17 11:08:20,908 [INFO] Appended 4 rows — CSV now has 4396 rows.
2025-10-17 11:08:20,911 [INFO] 67 fetched
2025-10-17 11:08:20,911 [INFO] Sleeping 35s before next set.
2025-10-17 11:08:56,623 [INFO] Fetching 5549-1 — https://www.bricklink.com/v2/catalog/catalogitem.page?S=5549-1#T=P
2025-10-17 11:09:07,593 [INFO] Appended 4 rows — CSV now has 4400 rows.
2025-10-17 11:09:07,599 [INFO] 68 fetched
2025-10-17 11:09:07,599 [INFO] Sleeping 79s before next set.
2025-10-17 11:10:27,208 [INFO] Fetching 5891-1 — https://www.bricklink.com/v2/catalog/catalogitem.page?S=5891-1#T=P
2025-10-17 11:10:36,774 [INFO] Appended 4 rows — CSV now has 4404 rows.
2025-10-17 11:10:36,778 [INFO] 69 fetched
2025-10-17 11:10:36,779 [INFO] Sleeping 64s before next set.
2025-10-17 11:11:41,106 [INFO] Fetching 8863-1 — https://www.bricklink.com/v2/catalog/catalogitem.page?S=8863-1#T=P
2025-10-17 11:11:50,656 [INFO] Appended 4 rows — CSV now has 4408 rows.
2025-10-17 11:11:50,662 [INFO] 70 fetched
2025-10-17 11:11:50,663 [INFO] Sleeping 43s before next set.
2025-10-17 11:12:34,327 [INFO] Fetching 3182-1 — https://www.bricklink.com/v2/catalog/catalogitem.page?S=3182-1#T=P
2025-10-17 11:12:43,896 [INFO] Appended 4 rows — CSV now has 4412 rows.
2025-10-17 11:12:43,899 [INFO] 71 fetched
2025-10-17 11:12:43,900 [INFO] Sleeping 67s before next set.
2025-10-17 11:13:51,790 [INFO] Fetching 4840-1 — https://www.bricklink.com/v2/catalog/catalogitem.page?S=4840-1#T=P
2025-10-17 11:14:01,417 [INFO] Appended 4 rows — CSV now has 4416 rows.
2025-10-17 11:14:01,420 [INFO] 72 fetched
2025-10-17 11:14:01,420 [INFO] Sleeping 89s before next set.
2025-10-17 11:15:30,508 [INFO] Fetching 4841-1 — https://www.bricklink.com/v2/catalog/catalogitem.page?S=4841-1#T=P
2025-10-17 11:15:43,025 [INFO] Appended 4 rows — CSV now has 4420 rows.
2025-10-17 11:15:43,028 [INFO] 73 fetched
2025-10-17 11:15:43,028 [INFO] Sleeping 62s before next set.
2025-10-17 11:16:45,941 [INFO] Fetching 5892-1 — https://www.bricklink.com/v2/catalog/catalogitem.page?S=5892-1#T=P
2025-10-17 11:16:59,324 [INFO] Appended 4 rows — CSV now has 4424 rows.
2025-10-17 11:16:59,331 [INFO] 74 fetched
2025-10-17 11:16:59,332 [INFO] Sleeping 30s before next set.
2025-10-17 11:17:29,935 [INFO] Fetching 5985-1 — https://www.bricklink.com/v2/catalog/catalogitem.page?S=5985-1#T=P
2025-10-17 11:17:39,443 [INFO] Appended 4 rows — CSV now has 4428 rows.
2025-10-17 11:17:39,448 [INFO] 75 fetched
2025-10-17 11:17:39,449 [INFO] Sleeping 66s before next set.
2025-10-17 11:18:46,345 [INFO] Fetching 7208-1 — https://www.bricklink.com/v2/catalog/catalogitem.page?S=7208-1#T=P
2025-10-17 11:18:56,639 [INFO] Appended 4 rows — CSV now has 4432 rows.
2025-10-17 11:18:56,642 [INFO] 76 fetched
2025-10-17 11:18:56,658 [INFO] Sleeping 55s before next set.
2025-10-17 11:19:51,668 [INFO] Fetching 7572-1 — https://www.bricklink.com/v2/catalog/catalogitem.page?S=7572-1#T=P
2025-10-17 11:20:01,416 [INFO] Appended 4 rows — CSV now has 4436 rows.
2025-10-17 11:20:01,425 [INFO] 77 fetched
2025-10-17 11:20:01,425 [INFO] Sleeping 42s before next set.
2025-10-17 11:20:43,518 [INFO] Fetching 7594-1 — https://www.bricklink.com/v2/catalog/catalogitem.page?S=7594-1#T=P
2025-10-17 11:20:53,909 [INFO] Appended 4 rows — CSV now has 4440 rows.
2025-10-17 11:20:53,916 [INFO] 78 fetched
2025-10-17 11:20:53,917 [INFO] Sleeping 55s before next set.
2025-10-17 11:21:49,107 [INFO] Fetching 7597-1 — https://www.bricklink.com/v2/catalog/catalogitem.page?S=7597-1#T=P
2025-10-17 11:21:58,815 [INFO] Appended 4 rows — CSV now has 4444 rows.
2025-10-17 11:21:58,818 [INFO] 79 fetched
2025-10-17 11:21:58,819 [INFO] Sleeping 62s before next set.
2025-10-17 11:23:01,417 [INFO] Fetching 8041-1 — https://www.bricklink.com/v2/catalog/catalogitem.page?S=8041-1#T=P
2025-10-17 11:23:11,642 [INFO] Appended 4 rows — CSV now has 4448 rows.
2025-10-17 11:23:11,646 [INFO] 80 fetched
2025-10-17 11:23:11,647 [INFO] Sleeping 93s before next set.
2025-10-17 11:24:45,324 [INFO] Fetching 7938-1 — https://www.bricklink.com/v2/catalog/catalogitem.page?S=7938-1#T=P
2025-10-17 11:25:04,381 [INFO] Appended 4 rows — CSV now has 4452 rows.
2025-10-17 11:25:04,387 [INFO] 81 fetched
2025-10-17 11:25:04,387 [INFO] Sleeping 89s before next set.
2025-10-17 11:26:34,018 [INFO] Fetching 8049-1 — https://www.bricklink.com/v2/catalog/catalogitem.page?S=8049-1#T=P
2025-10-17 11:26:47,473 [INFO] Appended 4 rows — CSV now has 4456 rows.
2025-10-17 11:26:47,476 [INFO] 82 fetched
2025-10-17 11:26:47,476 [INFO] Sleeping 67s before next set.
2025-10-17 11:27:55,080 [INFO] Fetching 8096-1 — https://www.bricklink.com/v2/catalog/catalogitem.page?S=8096-1#T=P
2025-10-17 11:28:05,082 [INFO] Appended 4 rows — CSV now has 4460 rows.
2025-10-17 11:28:05,086 [INFO] 83 fetched
2025-10-17 11:28:05,087 [INFO] Sleeping 66s before next set.
2025-10-17 11:29:11,577 [INFO] Fetching 8097-1 — https://www.bricklink.com/v2/catalog/catalogitem.page?S=8097-1#T=P
2025-10-17 11:29:21,182 [INFO] Appended 4 rows — CSV now has 4464 rows.
2025-10-17 11:29:21,185 [INFO] 84 fetched
2025-10-17 11:29:21,185 [INFO] Sleeping 56s before next set.
2025-10-17 11:30:17,558 [INFO] Fetching 8211-1 — https://www.bricklink.com/v2/catalog/catalogitem.page?S=8211-1#T=P
2025-10-17 11:30:30,123 [INFO] Appended 4 rows — CSV now has 4468 rows.
2025-10-17 11:30:30,129 [INFO] 85 fetched
2025-10-17 11:30:30,130 [INFO] Sleeping 75s before next set.
2025-10-17 11:31:45,343 [INFO] Fetching 10215-1 — https://www.bricklink.com/v2/catalog/catalogitem.page?S=10215-1#T=P
2025-10-17 11:32:02,410 [INFO] Appended 4 rows — CSV now has 4472 rows.
2025-10-17 11:32:02,415 [INFO] 86 fetched
2025-10-17 11:32:02,416 [INFO] Sleeping 87s before next set.
2025-10-17 11:33:29,509 [INFO] Fetching 10216-1 — https://www.bricklink.com/v2/catalog/catalogitem.page?S=10216-1#T=P
2025-10-17 11:33:39,836 [INFO] Appended 4 rows — CSV now has 4476 rows.
2025-10-17 11:33:39,841 [INFO] 87 fetched
2025-10-17 11:33:39,845 [INFO] Sleeping 78s before next set.
2025-10-17 11:34:58,588 [INFO] Fetching 21006-1 — https://www.bricklink.com/v2/catalog/catalogitem.page?S=21006-1#T=P
2025-10-17 11:35:08,932 [INFO] Appended 4 rows — CSV now has 4480 rows.
2025-10-17 11:35:08,935 [INFO] 88 fetched
2025-10-17 11:35:08,936 [INFO] Sleeping 45s before next set.
2025-10-17 11:35:54,123 [INFO] Fetching 2505-1 — https://www.bricklink.com/v2/catalog/catalogitem.page?S=2505-1#T=P
2025-10-17 11:36:04,229 [INFO] Appended 4 rows — CSV now has 4484 rows.
2025-10-17 11:36:04,236 [INFO] 89 fetched
2025-10-17 11:36:04,236 [INFO] Sleeping 36s before next set.
2025-10-17 11:36:40,252 [INFO] Fetching 8487-1 — https://www.bricklink.com/v2/catalog/catalogitem.page?S=8487-1#T=P
2025-10-17 11:36:49,750 [INFO] Appended 4 rows — CSV now has 4488 rows.
2025-10-17 11:36:49,754 [INFO] 90 fetched
2025-10-17 11:36:49,754 [INFO] Sleeping 80s before next set.
2025-10-17 11:38:09,816 [INFO] Fetching 8639-1 — https://www.bricklink.com/v2/catalog/catalogitem.page?S=8639-1#T=P
2025-10-17 11:38:21,022 [INFO] Appended 4 rows — CSV now has 4492 rows.
2025-10-17 11:38:21,025 [INFO] 91 fetched
2025-10-17 11:38:21,025 [INFO] Sleeping 46s before next set.
2025-10-17 11:39:07,118 [INFO] Fetching 8069-1 — https://www.bricklink.com/v2/catalog/catalogitem.page?S=8069-1#T=P
2025-10-17 11:39:16,685 [INFO] Appended 4 rows — CSV now has 4496 rows.
2025-10-17 11:39:16,692 [INFO] 92 fetched
2025-10-17 11:39:16,693 [INFO] Sleeping 78s before next set.
2025-10-17 11:40:35,052 [INFO] Fetching 2506-1 — https://www.bricklink.com/v2/catalog/catalogitem.page?S=2506-1#T=P
2025-10-17 11:40:45,175 [INFO] Appended 4 rows — CSV now has 4500 rows.
2025-10-17 11:40:45,180 [INFO] 93 fetched
2025-10-17 11:40:45,181 [INFO] Sleeping 73s before next set.
2025-10-17 11:41:59,069 [INFO] Fetching 2521-1 — https://www.bricklink.com/v2/catalog/catalogitem.page?S=2521-1#T=P
2025-10-17 11:42:12,021 [INFO] Appended 4 rows — CSV now has 4504 rows.
2025-10-17 11:42:12,027 [INFO] 94 fetched
2025-10-17 11:42:12,028 [INFO] Sleeping 57s before next set.
