2025-10-21 16:26:00,777 [INFO] Fichier de log actif : logs\bricklink_20251021_1426.log
2025-10-21 16:26:01,844 [INFO] 39 sets à scrapper récupérés depuis la DB.
2025-10-21 16:26:01,872 [INFO] Skip 5578-1 (fetch récent < 7 jours).
2025-10-21 16:26:01,872 [INFO] Skip 5587-1 (fetch récent < 7 jours).
2025-10-21 16:26:01,872 [INFO] Skip 40173-1 (fetch récent < 7 jours).
2025-10-21 16:26:01,873 [INFO] Skip 21159-1 (fetch récent < 7 jours).
2025-10-21 16:26:01,873 [INFO] Skip 10282-2 (fetch récent < 7 jours).
2025-10-21 16:26:01,874 [INFO] Skip 40724-1 (fetch récent < 7 jours).
2025-10-21 16:26:01,876 [INFO] Fetching 77244-1 — https://www.bricklink.com/v2/catalog/catalogitem.page?S=77244-1#T=P
2025-10-21 16:26:25,323 [INFO] Appended 4 rows — CSV now has 11764 rows.
2025-10-21 16:26:25,329 [INFO] 1 fetched
2025-10-21 16:26:25,329 [INFO] Sleeping 82s before next set.
2025-10-21 16:27:47,404 [INFO] Fetching 77248-1 — https://www.bricklink.com/v2/catalog/catalogitem.page?S=77248-1#T=P
2025-10-21 16:28:00,095 [INFO] Appended 4 rows — CSV now has 11768 rows.
2025-10-21 16:28:00,101 [INFO] 2 fetched
2025-10-21 16:28:00,102 [INFO] Sleeping 67s before next set.
2025-10-21 16:29:08,007 [INFO] Skip 910052-1 (fetch récent < 7 jours).
2025-10-21 16:29:08,008 [INFO] Skip 910056-1 (fetch récent < 7 jours).
2025-10-21 16:29:08,009 [INFO] Fetching 76322-1 — https://www.bricklink.com/v2/catalog/catalogitem.page?S=76322-1#T=P
2025-10-21 16:29:17,976 [INFO] Appended 4 rows — CSV now has 11772 rows.
2025-10-21 16:29:17,985 [INFO] 3 fetched
2025-10-21 16:29:17,985 [INFO] Sleeping 43s before next set.
2025-10-21 16:30:01,565 [INFO] Fetching 76329-1 — https://www.bricklink.com/v2/catalog/catalogitem.page?S=76329-1#T=P
2025-10-21 16:30:11,140 [INFO] Appended 4 rows — CSV now has 11776 rows.
2025-10-21 16:30:11,146 [INFO] 4 fetched
2025-10-21 16:30:11,146 [INFO] Sleeping 87s before next set.
2025-10-21 16:31:38,816 [INFO] Fetching 76445-1 — https://www.bricklink.com/v2/catalog/catalogitem.page?S=76445-1#T=P
2025-10-21 16:31:48,752 [INFO] Appended 4 rows — CSV now has 11780 rows.
2025-10-21 16:31:48,763 [INFO] 5 fetched
2025-10-21 16:31:48,763 [INFO] Sleeping 47s before next set.
2025-10-21 16:32:35,844 [INFO] Fetching 11040-1 — https://www.bricklink.com/v2/catalog/catalogitem.page?S=11040-1#T=P
2025-10-21 16:32:47,691 [INFO] Appended 4 rows — CSV now has 11784 rows.
2025-10-21 16:32:47,704 [INFO] 6 fetched
2025-10-21 16:32:47,705 [INFO] Sleeping 85s before next set.
2025-10-21 16:34:13,096 [INFO] Fetching 76456-1 — https://www.bricklink.com/v2/catalog/catalogitem.page?S=76456-1#T=P
2025-10-21 16:34:25,404 [INFO] Appended 4 rows — CSV now has 11788 rows.
2025-10-21 16:34:25,411 [INFO] 7 fetched
2025-10-21 16:34:25,411 [INFO] Sleeping 72s before next set.
2025-10-21 16:35:38,109 [INFO] Fetching 11205-1 — https://www.bricklink.com/v2/catalog/catalogitem.page?S=11205-1#T=P
2025-10-21 16:35:43,808 [INFO] Appended 4 rows — CSV now has 11792 rows.
2025-10-21 16:35:43,814 [INFO] 8 fetched
2025-10-21 16:35:43,814 [INFO] Sleeping 62s before next set.
2025-10-21 16:36:45,926 [INFO] Fetching 76969-1 — https://www.bricklink.com/v2/catalog/catalogitem.page?S=76969-1#T=P
2025-10-21 16:36:55,651 [INFO] Appended 4 rows — CSV now has 11796 rows.
2025-10-21 16:36:55,658 [INFO] 9 fetched
2025-10-21 16:36:55,658 [INFO] Sleeping 62s before next set.
2025-10-21 16:37:57,979 [INFO] Fetching 21272-1 — https://www.bricklink.com/v2/catalog/catalogitem.page?S=21272-1#T=P
2025-10-21 16:38:07,681 [INFO] Appended 4 rows — CSV now has 11800 rows.
2025-10-21 16:38:07,688 [INFO] 10 fetched
2025-10-21 16:38:07,688 [INFO] Sleeping 50s before next set.
2025-10-21 16:38:58,053 [INFO] Fetching 77003-1 — https://www.bricklink.com/v2/catalog/catalogitem.page?S=77003-1#T=P
2025-10-21 16:39:07,551 [INFO] Appended 4 rows — CSV now has 11804 rows.
2025-10-21 16:39:07,557 [INFO] 11 fetched
2025-10-21 16:39:07,557 [INFO] Sleeping 46s before next set.
2025-10-21 16:39:54,060 [INFO] Fetching 77005-1 — https://www.bricklink.com/v2/catalog/catalogitem.page?S=77005-1#T=P
2025-10-21 16:40:00,566 [INFO] Appended 4 rows — CSV now has 11808 rows.
2025-10-21 16:40:00,576 [INFO] 12 fetched
2025-10-21 16:40:00,577 [INFO] Sleeping 38s before next set.
2025-10-21 16:40:38,958 [INFO] Fetching 77055-1 — https://www.bricklink.com/v2/catalog/catalogitem.page?S=77055-1#T=P
2025-10-21 16:40:48,780 [INFO] Appended 4 rows — CSV now has 11812 rows.
2025-10-21 16:40:48,786 [INFO] 13 fetched
2025-10-21 16:40:48,787 [INFO] Sleeping 47s before next set.
2025-10-21 16:41:36,412 [INFO] Fetching 31162-1 — https://www.bricklink.com/v2/catalog/catalogitem.page?S=31162-1#T=P
2025-10-21 16:41:46,397 [INFO] Appended 4 rows — CSV now has 11816 rows.
2025-10-21 16:41:46,407 [INFO] 14 fetched
2025-10-21 16:41:46,408 [INFO] Sleeping 65s before next set.
2025-10-21 16:42:52,399 [INFO] Fetching 31174-1 — https://www.bricklink.com/v2/catalog/catalogitem.page?S=31174-1#T=P
2025-10-21 16:43:02,220 [INFO] Appended 4 rows — CSV now has 11820 rows.
2025-10-21 16:43:02,228 [INFO] 15 fetched
2025-10-21 16:43:02,228 [INFO] Sleeping 51s before next set.
2025-10-21 16:43:53,609 [INFO] Fetching 77240-1 — https://www.bricklink.com/v2/catalog/catalogitem.page?S=77240-1#T=P
2025-10-21 16:44:03,253 [INFO] Appended 4 rows — CSV now has 11824 rows.
2025-10-21 16:44:03,265 [INFO] 16 fetched
2025-10-21 16:44:03,265 [INFO] Sleeping 62s before next set.
2025-10-21 16:45:05,703 [INFO] Fetching 77241-1 — https://www.bricklink.com/v2/catalog/catalogitem.page?S=77241-1#T=P
2025-10-21 16:45:15,422 [INFO] Appended 4 rows — CSV now has 11828 rows.
2025-10-21 16:45:15,430 [INFO] 17 fetched
2025-10-21 16:45:15,431 [INFO] Sleeping 45s before next set.
2025-10-21 16:46:01,433 [INFO] Fetching 77245-1 — https://www.bricklink.com/v2/catalog/catalogitem.page?S=77245-1#T=P
2025-10-21 16:46:11,074 [INFO] Appended 4 rows — CSV now has 11832 rows.
2025-10-21 16:46:11,080 [INFO] 18 fetched
2025-10-21 16:46:11,081 [INFO] Sleeping 72s before next set.
2025-10-21 16:47:23,387 [INFO] Fetching 77247-1 — https://www.bricklink.com/v2/catalog/catalogitem.page?S=77247-1#T=P
2025-10-21 16:47:33,150 [INFO] Appended 4 rows — CSV now has 11836 rows.
2025-10-21 16:47:33,156 [INFO] 19 fetched
2025-10-21 16:47:33,156 [INFO] Sleeping 47s before next set.
2025-10-21 16:48:20,818 [INFO] Fetching 77249-1 — https://www.bricklink.com/v2/catalog/catalogitem.page?S=77249-1#T=P
2025-10-21 16:48:30,462 [INFO] Appended 4 rows — CSV now has 11840 rows.
2025-10-21 16:48:30,474 [INFO] 20 fetched
2025-10-21 16:48:30,474 [INFO] Sleeping 62s before next set.
2025-10-21 16:49:32,662 [INFO] Fetching 77251-1 — https://www.bricklink.com/v2/catalog/catalogitem.page?S=77251-1#T=P
2025-10-21 16:49:42,357 [INFO] Appended 4 rows — CSV now has 11844 rows.
2025-10-21 16:49:42,362 [INFO] 21 fetched
2025-10-21 16:49:42,363 [INFO] Sleeping 51s before next set.
2025-10-21 16:50:34,319 [INFO] Fetching 10343-1 — https://www.bricklink.com/v2/catalog/catalogitem.page?S=10343-1#T=P
2025-10-21 16:50:44,023 [INFO] Appended 4 rows — CSV now has 11848 rows.
2025-10-21 16:50:44,030 [INFO] 22 fetched
2025-10-21 16:50:44,030 [INFO] Sleeping 65s before next set.
2025-10-21 16:51:49,036 [INFO] Fetching 10363-1 — https://www.bricklink.com/v2/catalog/catalogitem.page?S=10363-1#T=P
2025-10-21 16:51:58,624 [INFO] Appended 4 rows — CSV now has 11852 rows.
2025-10-21 16:51:58,630 [INFO] 23 fetched
2025-10-21 16:51:58,630 [INFO] Sleeping 68s before next set.
2025-10-21 16:53:07,033 [INFO] Fetching 31163-1 — https://www.bricklink.com/v2/catalog/catalogitem.page?S=31163-1#T=P
2025-10-21 16:53:18,109 [INFO] Appended 4 rows — CSV now has 11856 rows.
2025-10-21 16:53:18,115 [INFO] 24 fetched
2025-10-21 16:53:18,116 [INFO] Sleeping 42s before next set.
2025-10-21 16:54:01,064 [INFO] Fetching 31172-1 — https://www.bricklink.com/v2/catalog/catalogitem.page?S=31172-1#T=P
2025-10-21 16:58:01,861 [WARNING] Erreur page.goto: Page.goto: Timeout 120000ms exceeded.
Call log:
  - navigating to "https://www.bricklink.com/v2/catalog/catalogitem.page?S=31172-1#T=P", waiting until "load"

2025-10-21 16:58:01,935 [WARNING] Erreur fetch 31172-1 (essai 1/4): Page.goto: Timeout 120000ms exceeded.
Call log:
  - navigating to "https://www.bricklink.com/v2/catalog/catalogitem.page?S=31172-1#T=P", waiting until "load"
 — wait 5.2s
2025-10-21 17:02:08,017 [WARNING] Erreur page.goto: Page.goto: Timeout 120000ms exceeded.
Call log:
  - navigating to "https://www.bricklink.com/v2/catalog/catalogitem.page?S=31172-1#T=P", waiting until "load"

2025-10-21 17:02:08,088 [WARNING] Erreur fetch 31172-1 (essai 2/4): Page.goto: Timeout 120000ms exceeded.
Call log:
  - navigating to "https://www.bricklink.com/v2/catalog/catalogitem.page?S=31172-1#T=P", waiting until "load"
 — wait 10.5s
2025-10-21 17:06:19,388 [WARNING] Erreur page.goto: Page.goto: Timeout 120000ms exceeded.
Call log:
  - navigating to "https://www.bricklink.com/v2/catalog/catalogitem.page?S=31172-1#T=P", waiting until "load"

2025-10-21 17:06:19,456 [WARNING] Erreur fetch 31172-1 (essai 3/4): Page.goto: Timeout 120000ms exceeded.
Call log:
  - navigating to "https://www.bricklink.com/v2/catalog/catalogitem.page?S=31172-1#T=P", waiting until "load"
 — wait 21.6s
2025-10-21 17:10:41,826 [WARNING] Erreur page.goto: Page.goto: Timeout 120000ms exceeded.
Call log:
  - navigating to "https://www.bricklink.com/v2/catalog/catalogitem.page?S=31172-1#T=P", waiting until "load"

2025-10-21 17:10:41,896 [WARNING] Erreur fetch 31172-1 (essai 4/4): Page.goto: Timeout 120000ms exceeded.
Call log:
  - navigating to "https://www.bricklink.com/v2/catalog/catalogitem.page?S=31172-1#T=P", waiting until "load"
 — wait 40.7s
2025-10-21 17:11:22,644 [ERROR] Impossible de récupérer 31172-1 après 4 essais. On passe au suivant.
2025-10-21 17:11:22,645 [INFO] Fetching 31175-1 — https://www.bricklink.com/v2/catalog/catalogitem.page?S=31175-1#T=P
2025-10-21 17:15:23,465 [WARNING] Erreur page.goto: Page.goto: Timeout 120000ms exceeded.
Call log:
  - navigating to "https://www.bricklink.com/v2/catalog/catalogitem.page?S=31175-1#T=P", waiting until "load"

2025-10-21 17:15:23,528 [WARNING] Erreur fetch 31175-1 (essai 1/4): Page.goto: Timeout 120000ms exceeded.
Call log:
  - navigating to "https://www.bricklink.com/v2/catalog/catalogitem.page?S=31175-1#T=P", waiting until "load"
 — wait 5.3s
2025-10-21 17:19:29,668 [WARNING] Erreur page.goto: Page.goto: Timeout 120000ms exceeded.
Call log:
  - navigating to "https://www.bricklink.com/v2/catalog/catalogitem.page?S=31175-1#T=P", waiting until "load"

2025-10-21 17:19:29,740 [WARNING] Erreur fetch 31175-1 (essai 2/4): Page.goto: Timeout 120000ms exceeded.
Call log:
  - navigating to "https://www.bricklink.com/v2/catalog/catalogitem.page?S=31175-1#T=P", waiting until "load"
 — wait 10.5s
2025-10-21 17:23:41,119 [WARNING] Erreur page.goto: Page.goto: Timeout 120000ms exceeded.
Call log:
  - navigating to "https://www.bricklink.com/v2/catalog/catalogitem.page?S=31175-1#T=P", waiting until "load"

2025-10-21 17:23:41,183 [WARNING] Erreur fetch 31175-1 (essai 3/4): Page.goto: Timeout 120000ms exceeded.
Call log:
  - navigating to "https://www.bricklink.com/v2/catalog/catalogitem.page?S=31175-1#T=P", waiting until "load"
 — wait 21.6s
2025-10-21 17:28:44,301 [INFO] Aucune donnée parsée pour 31175-1.
2025-10-21 17:28:44,307 [INFO] 25 fetched
2025-10-21 17:28:44,307 [INFO] Sleeping 41s before next set.
2025-10-21 17:29:25,795 [INFO] Fetching 40794-1 — https://www.bricklink.com/v2/catalog/catalogitem.page?S=40794-1#T=P
2025-10-21 17:33:26,664 [WARNING] Erreur page.goto: Page.goto: Timeout 120000ms exceeded.
Call log:
  - navigating to "https://www.bricklink.com/v2/catalog/catalogitem.page?S=40794-1#T=P", waiting until "load"

2025-10-21 17:33:26,740 [WARNING] Erreur fetch 40794-1 (essai 1/4): Page.goto: Timeout 120000ms exceeded.
Call log:
  - navigating to "https://www.bricklink.com/v2/catalog/catalogitem.page?S=40794-1#T=P", waiting until "load"
 — wait 5.3s
2025-10-21 17:37:32,853 [WARNING] Erreur page.goto: Page.goto: Timeout 120000ms exceeded.
Call log:
  - navigating to "https://www.bricklink.com/v2/catalog/catalogitem.page?S=40794-1#T=P", waiting until "load"

2025-10-21 17:37:32,930 [WARNING] Erreur fetch 40794-1 (essai 2/4): Page.goto: Timeout 120000ms exceeded.
Call log:
  - navigating to "https://www.bricklink.com/v2/catalog/catalogitem.page?S=40794-1#T=P", waiting until "load"
 — wait 11.2s
2025-10-21 17:40:31,152 [INFO] Appended 4 rows — CSV now has 11860 rows.
2025-10-21 17:40:31,159 [INFO] 26 fetched
2025-10-21 17:40:31,159 [INFO] Sleeping 30s before next set.
2025-10-21 17:41:02,152 [INFO] Fetching 40813-1 — https://www.bricklink.com/v2/catalog/catalogitem.page?S=40813-1#T=P
2025-10-21 17:41:42,995 [INFO] Appended 4 rows — CSV now has 11864 rows.
2025-10-21 17:41:43,002 [INFO] 27 fetched
2025-10-21 17:41:43,003 [INFO] Sleeping 35s before next set.
2025-10-21 17:42:18,900 [INFO] Fetching 40821-1 — https://www.bricklink.com/v2/catalog/catalogitem.page?S=40821-1#T=P
2025-10-21 17:46:19,760 [WARNING] Erreur page.goto: Page.goto: Timeout 120000ms exceeded.
Call log:
  - navigating to "https://www.bricklink.com/v2/catalog/catalogitem.page?S=40821-1#T=P", waiting until "load"

2025-10-21 17:46:19,835 [WARNING] Erreur fetch 40821-1 (essai 1/4): Page.goto: Timeout 120000ms exceeded.
Call log:
  - navigating to "https://www.bricklink.com/v2/catalog/catalogitem.page?S=40821-1#T=P", waiting until "load"
 — wait 6.5s
2025-10-21 17:50:27,159 [WARNING] Erreur page.goto: Page.goto: Timeout 120000ms exceeded.
Call log:
  - navigating to "https://www.bricklink.com/v2/catalog/catalogitem.page?S=40821-1#T=P", waiting until "load"

2025-10-21 17:50:27,223 [WARNING] Erreur fetch 40821-1 (essai 2/4): Page.goto: Timeout 120000ms exceeded.
Call log:
  - navigating to "https://www.bricklink.com/v2/catalog/catalogitem.page?S=40821-1#T=P", waiting until "load"
 — wait 10.0s
2025-10-21 17:54:25,889 [INFO] Appended 4 rows — CSV now has 11868 rows.
2025-10-21 17:54:25,896 [INFO] 28 fetched
2025-10-21 17:54:25,896 [INFO] Sleeping 54s before next set.
2025-10-21 17:55:20,815 [INFO] Fetching 40824-1 — https://www.bricklink.com/v2/catalog/catalogitem.page?S=40824-1#T=P
2025-10-21 17:55:30,803 [INFO] Appended 4 rows — CSV now has 11872 rows.
2025-10-21 17:55:30,809 [INFO] 29 fetched
2025-10-21 17:55:30,809 [INFO] Sleeping 45s before next set.
2025-10-21 17:56:16,284 [INFO] Fetching 42201-1 — https://www.bricklink.com/v2/catalog/catalogitem.page?S=42201-1#T=P
2025-10-21 17:56:35,164 [INFO] Appended 4 rows — CSV now has 11876 rows.
2025-10-21 17:56:35,171 [INFO] 30 fetched
2025-10-21 17:56:35,171 [INFO] Sleeping 79s before next set.
2025-10-21 17:57:55,129 [INFO] Finished run.
