2025-10-14 10:22:36,955 [INFO] Fichier de log actif : logs\bricklink_20251014_0822.log
2025-10-14 10:22:37,298 [INFO] 50 sets à scrapper récupérés depuis la DB.
2025-10-14 10:22:37,311 [INFO] Fetching 21336-1 — https://www.bricklink.com/v2/catalog/catalogitem.page?S=21336-1#T=P
2025-10-14 10:22:46,756 [INFO] Appended 4 rows — CSV now has 1640 rows.
2025-10-14 10:22:46,758 [INFO] Sleeping 116s before next set.
2025-10-14 10:24:43,022 [INFO] Fetching 31205-1 — https://www.bricklink.com/v2/catalog/catalogitem.page?S=31205-1#T=P
2025-10-14 10:24:52,602 [INFO] Appended 4 rows — CSV now has 1644 rows.
2025-10-14 10:24:52,605 [INFO] Sleeping 117s before next set.
2025-10-14 10:26:50,429 [INFO] Fetching 31207-1 — https://www.bricklink.com/v2/catalog/catalogitem.page?S=31207-1#T=P
2025-10-14 10:26:59,905 [INFO] Appended 4 rows — CSV now has 1648 rows.
2025-10-14 10:26:59,907 [INFO] Sleeping 96s before next set.
2025-10-14 10:28:36,891 [INFO] Fetching 41703-1 — https://www.bricklink.com/v2/catalog/catalogitem.page?S=41703-1#T=P
2025-10-14 10:28:46,400 [INFO] Appended 4 rows — CSV now has 1652 rows.
2025-10-14 10:28:46,401 [INFO] Sleeping 67s before next set.
2025-10-14 10:29:53,975 [INFO] Fetching 41704-1 — https://www.bricklink.com/v2/catalog/catalogitem.page?S=41704-1#T=P
2025-10-14 10:30:03,819 [INFO] Appended 4 rows — CSV now has 1656 rows.
2025-10-14 10:30:03,822 [INFO] Sleeping 110s before next set.
2025-10-14 10:31:54,497 [INFO] Fetching 41714-1 — https://www.bricklink.com/v2/catalog/catalogitem.page?S=41714-1#T=P
2025-10-14 10:32:05,031 [INFO] Appended 4 rows — CSV now has 1660 rows.
2025-10-14 10:32:05,034 [INFO] Sleeping 81s before next set.
2025-10-14 10:33:26,374 [INFO] Fetching 75574-1 — https://www.bricklink.com/v2/catalog/catalogitem.page?S=75574-1#T=P
2025-10-14 10:33:46,508 [INFO] Appended 4 rows — CSV now has 1664 rows.
2025-10-14 10:33:46,510 [INFO] Sleeping 81s before next set.
2025-10-14 10:35:07,885 [INFO] Fetching 42127-1 — https://www.bricklink.com/v2/catalog/catalogitem.page?S=42127-1#T=P
2025-10-14 10:35:17,467 [INFO] Appended 4 rows — CSV now has 1668 rows.
2025-10-14 10:35:17,469 [INFO] Sleeping 92s before next set.
2025-10-14 10:36:50,006 [INFO] Fetching 42143-1 — https://www.bricklink.com/v2/catalog/catalogitem.page?S=42143-1#T=P
2025-10-14 10:36:59,498 [INFO] Appended 4 rows — CSV now has 1672 rows.
2025-10-14 10:36:59,499 [INFO] Sleeping 101s before next set.
2025-10-14 10:38:40,790 [INFO] Fetching 42145-1 — https://www.bricklink.com/v2/catalog/catalogitem.page?S=42145-1#T=P
2025-10-14 10:38:50,216 [INFO] Appended 4 rows — CSV now has 1676 rows.
2025-10-14 10:38:50,217 [INFO] Sleeping 100s before next set.
2025-10-14 10:40:31,101 [INFO] Fetching 71411-1 — https://www.bricklink.com/v2/catalog/catalogitem.page?S=71411-1#T=P
2025-10-14 10:40:40,510 [INFO] Appended 4 rows — CSV now has 1680 rows.
2025-10-14 10:40:40,512 [INFO] Sleeping 81s before next set.
2025-10-14 10:42:01,931 [INFO] Fetching 71765-1 — https://www.bricklink.com/v2/catalog/catalogitem.page?S=71765-1#T=P
2025-10-14 10:42:11,592 [INFO] Appended 4 rows — CSV now has 1684 rows.
2025-10-14 10:42:11,594 [INFO] Sleeping 113s before next set.
2025-10-14 10:44:04,872 [INFO] Fetching 71767-1 — https://www.bricklink.com/v2/catalog/catalogitem.page?S=71767-1#T=P
2025-10-14 10:44:14,376 [INFO] Appended 4 rows — CSV now has 1688 rows.
2025-10-14 10:44:14,379 [INFO] Sleeping 67s before next set.
2025-10-14 10:45:22,046 [INFO] Fetching 71775-1 — https://www.bricklink.com/v2/catalog/catalogitem.page?S=71775-1#T=P
2025-10-14 10:45:31,669 [INFO] Appended 4 rows — CSV now has 1692 rows.
2025-10-14 10:45:31,671 [INFO] Sleeping 106s before next set.
2025-10-14 10:47:18,318 [INFO] Fetching 75330-1 — https://www.bricklink.com/v2/catalog/catalogitem.page?S=75330-1#T=P
2025-10-14 10:47:37,418 [INFO] Appended 4 rows — CSV now has 1696 rows.
2025-10-14 10:47:37,420 [INFO] Sleeping 114s before next set.
2025-10-14 10:49:31,439 [INFO] Fetching 75331-1 — https://www.bricklink.com/v2/catalog/catalogitem.page?S=75331-1#T=P
2025-10-14 10:49:41,001 [INFO] Appended 4 rows — CSV now has 1700 rows.
2025-10-14 10:49:41,005 [INFO] Sleeping 63s before next set.
2025-10-14 10:50:44,048 [INFO] Fetching 75337-1 — https://www.bricklink.com/v2/catalog/catalogitem.page?S=75337-1#T=P
2025-10-14 10:50:53,855 [INFO] Appended 4 rows — CSV now has 1704 rows.
2025-10-14 10:50:53,857 [INFO] Sleeping 107s before next set.
2025-10-14 10:52:41,370 [INFO] Fetching 76405-1 — https://www.bricklink.com/v2/catalog/catalogitem.page?S=76405-1#T=P
2025-10-14 10:52:50,896 [INFO] Appended 4 rows — CSV now has 1708 rows.
2025-10-14 10:52:50,899 [INFO] Sleeping 74s before next set.
2025-10-14 10:54:05,333 [INFO] Fetching 75341-1 — https://www.bricklink.com/v2/catalog/catalogitem.page?S=75341-1#T=P
2025-10-14 10:54:14,837 [INFO] Appended 4 rows — CSV now has 1712 rows.
2025-10-14 10:54:14,839 [INFO] Sleeping 64s before next set.
2025-10-14 10:55:19,667 [INFO] Fetching 80036-1 — https://www.bricklink.com/v2/catalog/catalogitem.page?S=80036-1#T=P
2025-10-14 10:55:29,165 [INFO] Appended 4 rows — CSV now has 1716 rows.
2025-10-14 10:55:29,169 [INFO] Sleeping 178s before next set.
2025-10-14 10:58:28,108 [INFO] Fetching 76215-1 — https://www.bricklink.com/v2/catalog/catalogitem.page?S=76215-1#T=P
2025-10-14 10:59:37,384 [INFO] Aucune donnée parsée pour 76215-1.
2025-10-14 10:59:37,386 [INFO] Sleeping 102s before next set.
2025-10-14 11:01:20,077 [INFO] Fetching 76218-1 — https://www.bricklink.com/v2/catalog/catalogitem.page?S=76218-1#T=P
2025-10-14 11:01:35,935 [INFO] Appended 4 rows — CSV now has 1720 rows.
2025-10-14 11:01:35,940 [INFO] Sleeping 116s before next set.
2025-10-14 11:03:32,002 [INFO] Fetching 80038-1 — https://www.bricklink.com/v2/catalog/catalogitem.page?S=80038-1#T=P
2025-10-14 11:03:41,998 [INFO] Appended 4 rows — CSV now has 1724 rows.
2025-10-14 11:03:42,007 [INFO] Sleeping 64s before next set.
2025-10-14 11:04:46,774 [INFO] Fetching 80108-1 — https://www.bricklink.com/v2/catalog/catalogitem.page?S=80108-1#T=P
2025-10-14 11:05:01,383 [INFO] Appended 4 rows — CSV now has 1728 rows.
2025-10-14 11:05:01,388 [INFO] Sleeping 67s before next set.
2025-10-14 11:06:08,517 [INFO] Fetching 80109-1 — https://www.bricklink.com/v2/catalog/catalogitem.page?S=80109-1#T=P
2025-10-14 11:06:20,673 [INFO] Appended 4 rows — CSV now has 1732 rows.
2025-10-14 11:06:20,675 [INFO] Sleeping 69s before next set.
2025-10-14 11:07:30,622 [INFO] Fetching 21338-1 — https://www.bricklink.com/v2/catalog/catalogitem.page?S=21338-1#T=P
2025-10-14 11:07:40,193 [INFO] Appended 4 rows — CSV now has 1736 rows.
2025-10-14 11:07:40,197 [INFO] Sleeping 84s before next set.
2025-10-14 11:09:04,917 [INFO] Fetching 21341-1 — https://www.bricklink.com/v2/catalog/catalogitem.page?S=21341-1#T=P
2025-10-14 11:09:14,560 [INFO] Appended 4 rows — CSV now has 1740 rows.
2025-10-14 11:09:14,564 [INFO] Sleeping 118s before next set.
2025-10-14 11:11:13,285 [INFO] Fetching 21342-1 — https://www.bricklink.com/v2/catalog/catalogitem.page?S=21342-1#T=P
2025-10-14 11:12:21,853 [INFO] Aucune donnée parsée pour 21342-1.
2025-10-14 11:12:21,856 [INFO] Sleeping 64s before next set.
2025-10-14 11:13:26,654 [INFO] Fetching 10312-1 — https://www.bricklink.com/v2/catalog/catalogitem.page?S=10312-1#T=P
2025-10-14 11:13:36,503 [INFO] Appended 4 rows — CSV now has 1744 rows.
2025-10-14 11:13:36,504 [INFO] Sleeping 100s before next set.
2025-10-14 11:15:17,264 [INFO] Fetching 10320-1 — https://www.bricklink.com/v2/catalog/catalogitem.page?S=10320-1#T=P
2025-10-14 11:15:26,880 [INFO] Appended 4 rows — CSV now has 1748 rows.
2025-10-14 11:15:26,888 [INFO] Sleeping 102s before next set.
2025-10-14 11:17:09,448 [INFO] Fetching 10323-1 — https://www.bricklink.com/v2/catalog/catalogitem.page?S=10323-1#T=P
2025-10-14 11:17:19,033 [INFO] Appended 4 rows — CSV now has 1752 rows.
2025-10-14 11:17:19,035 [INFO] Sleeping 74s before next set.
2025-10-14 11:18:33,608 [INFO] Fetching 10325-1 — https://www.bricklink.com/v2/catalog/catalogitem.page?S=10325-1#T=P
2025-10-14 11:18:43,051 [INFO] Appended 4 rows — CSV now has 1756 rows.
2025-10-14 11:18:43,055 [INFO] Sleeping 97s before next set.
2025-10-14 11:20:20,116 [INFO] Fetching 21060-1 — https://www.bricklink.com/v2/catalog/catalogitem.page?S=21060-1#T=P
2025-10-14 11:20:31,215 [INFO] Appended 4 rows — CSV now has 1760 rows.
2025-10-14 11:20:31,217 [INFO] Sleeping 113s before next set.
2025-10-14 11:22:24,828 [INFO] Fetching 21343-1 — https://www.bricklink.com/v2/catalog/catalogitem.page?S=21343-1#T=P
2025-10-14 11:22:34,576 [INFO] Appended 4 rows — CSV now has 1764 rows.
2025-10-14 11:22:34,578 [INFO] Sleeping 93s before next set.
2025-10-14 11:24:08,218 [INFO] Fetching 21344-1 — https://www.bricklink.com/v2/catalog/catalogitem.page?S=21344-1#T=P
2025-10-14 11:24:17,786 [INFO] Appended 4 rows — CSV now has 1768 rows.
2025-10-14 11:24:17,788 [INFO] Sleeping 112s before next set.
2025-10-14 11:26:10,606 [INFO] Fetching 31141-1 — https://www.bricklink.com/v2/catalog/catalogitem.page?S=31141-1#T=P
2025-10-14 11:26:20,484 [INFO] Appended 4 rows — CSV now has 1772 rows.
2025-10-14 11:26:20,486 [INFO] Sleeping 99s before next set.
2025-10-14 11:27:59,688 [INFO] Fetching 41748-1 — https://www.bricklink.com/v2/catalog/catalogitem.page?S=41748-1#T=P
2025-10-14 11:28:09,247 [INFO] Appended 4 rows — CSV now has 1776 rows.
2025-10-14 11:28:09,249 [INFO] Sleeping 81s before next set.
2025-10-14 11:29:30,675 [INFO] Fetching 42158-1 — https://www.bricklink.com/v2/catalog/catalogitem.page?S=42158-1#T=P
2025-10-14 11:29:40,576 [INFO] Appended 4 rows — CSV now has 1780 rows.
2025-10-14 11:29:40,580 [INFO] Sleeping 113s before next set.
2025-10-14 11:31:34,100 [INFO] Fetching 60366-1 — https://www.bricklink.com/v2/catalog/catalogitem.page?S=60366-1#T=P
2025-10-14 11:31:43,612 [INFO] Appended 4 rows — CSV now has 1784 rows.
2025-10-14 11:31:43,614 [INFO] Sleeping 114s before next set.
2025-10-14 11:33:38,179 [INFO] Fetching 71427-1 — https://www.bricklink.com/v2/catalog/catalogitem.page?S=71427-1#T=P
2025-10-14 11:33:47,655 [INFO] Appended 4 rows — CSV now has 1788 rows.
2025-10-14 11:33:47,660 [INFO] Sleeping 157s before next set.
2025-10-14 11:36:24,797 [INFO] Fetching 71796-1 — https://www.bricklink.com/v2/catalog/catalogitem.page?S=71796-1#T=P
2025-10-14 11:36:34,617 [INFO] Appended 4 rows — CSV now has 1792 rows.
2025-10-14 11:36:34,619 [INFO] Sleeping 62s before next set.
2025-10-14 11:37:37,188 [INFO] Fetching 75354-1 — https://www.bricklink.com/v2/catalog/catalogitem.page?S=75354-1#T=P
2025-10-14 11:37:46,676 [INFO] Appended 4 rows — CSV now has 1796 rows.
2025-10-14 11:37:46,680 [INFO] Sleeping 62s before next set.
2025-10-14 11:38:49,318 [INFO] Fetching 75357-1 — https://www.bricklink.com/v2/catalog/catalogitem.page?S=75357-1#T=P
2025-10-14 11:38:59,173 [INFO] Appended 4 rows — CSV now has 1800 rows.
2025-10-14 11:38:59,175 [INFO] Sleeping 108s before next set.
2025-10-14 11:40:47,806 [INFO] Fetching 75364-1 — https://www.bricklink.com/v2/catalog/catalogitem.page?S=75364-1#T=P
2025-10-14 11:40:57,532 [INFO] Appended 4 rows — CSV now has 1804 rows.
2025-10-14 11:40:57,536 [INFO] Sleeping 113s before next set.
2025-10-14 11:42:51,011 [INFO] Fetching 76252-1 — https://www.bricklink.com/v2/catalog/catalogitem.page?S=76252-1#T=P
2025-10-14 11:43:00,871 [INFO] Appended 4 rows — CSV now has 1808 rows.
2025-10-14 11:43:00,873 [INFO] Sleeping 111s before next set.
2025-10-14 11:44:52,431 [INFO] Fetching 76419-1 — https://www.bricklink.com/v2/catalog/catalogitem.page?S=76419-1#T=P
2025-10-14 11:45:02,017 [INFO] Appended 4 rows — CSV now has 1812 rows.
2025-10-14 11:45:02,019 [INFO] Sleeping 99s before next set.
2025-10-14 11:46:41,142 [INFO] Fetching 80045-1 — https://www.bricklink.com/v2/catalog/catalogitem.page?S=80045-1#T=P
2025-10-14 11:46:46,472 [INFO] Appended 4 rows — CSV now has 1816 rows.
2025-10-14 11:46:46,473 [INFO] Sleeping 102s before next set.
2025-10-14 11:48:29,175 [INFO] Fetching 31208-1 — https://www.bricklink.com/v2/catalog/catalogitem.page?S=31208-1#T=P
2025-10-14 11:48:42,077 [INFO] Appended 4 rows — CSV now has 1820 rows.
2025-10-14 11:48:42,080 [INFO] Sleeping 118s before next set.
2025-10-14 11:50:40,448 [INFO] Fetching 31209-1 — https://www.bricklink.com/v2/catalog/catalogitem.page?S=31209-1#T=P
2025-10-14 11:50:49,989 [INFO] Appended 4 rows — CSV now has 1824 rows.
2025-10-14 11:50:49,989 [INFO] Sleeping 109s before next set.
2025-10-14 11:52:39,319 [INFO] Fetching 41732-1 — https://www.bricklink.com/v2/catalog/catalogitem.page?S=41732-1#T=P
2025-10-14 11:52:49,040 [INFO] Appended 4 rows — CSV now has 1828 rows.
2025-10-14 11:52:49,042 [INFO] Sleeping 108s before next set.
2025-10-14 11:54:37,049 [INFO] Finished run.
