2025-10-19 20:18:20,173 [INFO] Fichier de log actif : logs\bricklink_20251019_1818.log
2025-10-19 20:18:21,637 [INFO] 100 sets à scrapper récupérés depuis la DB.
2025-10-19 20:18:21,655 [INFO] Skip 5578-1 (fetch récent < 7 jours).
2025-10-19 20:18:21,656 [INFO] Skip 5587-1 (fetch récent < 7 jours).
2025-10-19 20:18:21,656 [INFO] Fetching 60074-1 — https://www.bricklink.com/v2/catalog/catalogitem.page?S=60074-1#T=P
2025-10-19 20:18:31,844 [INFO] Appended 4 rows — CSV now has 8416 rows.
2025-10-19 20:18:31,848 [INFO] 1 fetched
2025-10-19 20:18:31,849 [INFO] Sleeping 53s before next set.
2025-10-19 20:19:24,989 [INFO] Fetching 60075-1 — https://www.bricklink.com/v2/catalog/catalogitem.page?S=60075-1#T=P
2025-10-19 20:19:34,838 [INFO] Appended 4 rows — CSV now has 8420 rows.
2025-10-19 20:19:34,843 [INFO] 2 fetched
2025-10-19 20:19:34,843 [INFO] Sleeping 71s before next set.
2025-10-19 20:20:46,626 [INFO] Fetching 60079-1 — https://www.bricklink.com/v2/catalog/catalogitem.page?S=60079-1#T=P
2025-10-19 20:20:56,173 [INFO] Appended 4 rows — CSV now has 8424 rows.
2025-10-19 20:20:56,179 [INFO] 3 fetched
2025-10-19 20:20:56,179 [INFO] Sleeping 36s before next set.
2025-10-19 20:21:32,420 [INFO] Fetching 60085-1 — https://www.bricklink.com/v2/catalog/catalogitem.page?S=60085-1#T=P
2025-10-19 20:21:41,955 [INFO] Appended 4 rows — CSV now has 8428 rows.
2025-10-19 20:21:41,959 [INFO] 4 fetched
2025-10-19 20:21:41,959 [INFO] Sleeping 42s before next set.
2025-10-19 20:22:23,985 [INFO] Fetching 60092-1 — https://www.bricklink.com/v2/catalog/catalogitem.page?S=60092-1#T=P
2025-10-19 20:22:34,052 [INFO] Appended 4 rows — CSV now has 8432 rows.
2025-10-19 20:22:34,061 [INFO] 5 fetched
2025-10-19 20:22:34,062 [INFO] Sleeping 87s before next set.
2025-10-19 20:24:01,966 [INFO] Fetching 60093-1 — https://www.bricklink.com/v2/catalog/catalogitem.page?S=60093-1#T=P
2025-10-19 20:24:11,662 [INFO] Appended 4 rows — CSV now has 8436 rows.
2025-10-19 20:24:11,666 [INFO] 6 fetched
2025-10-19 20:24:11,667 [INFO] Sleeping 78s before next set.
2025-10-19 20:25:30,037 [INFO] Fetching 60099-1 — https://www.bricklink.com/v2/catalog/catalogitem.page?S=60099-1#T=P
2025-10-19 20:25:39,687 [INFO] Appended 4 rows — CSV now has 8440 rows.
2025-10-19 20:25:39,692 [INFO] 7 fetched
2025-10-19 20:25:39,693 [INFO] Sleeping 63s before next set.
2025-10-19 20:26:43,509 [INFO] Fetching 70168-1 — https://www.bricklink.com/v2/catalog/catalogitem.page?S=70168-1#T=P
2025-10-19 20:26:53,024 [INFO] Appended 4 rows — CSV now has 8444 rows.
2025-10-19 20:26:53,032 [INFO] 8 fetched
2025-10-19 20:26:53,032 [INFO] Sleeping 74s before next set.
2025-10-19 20:28:07,696 [INFO] Fetching 70169-1 — https://www.bricklink.com/v2/catalog/catalogitem.page?S=70169-1#T=P
2025-10-19 20:28:17,427 [INFO] Appended 4 rows — CSV now has 8448 rows.
2025-10-19 20:28:17,439 [INFO] 9 fetched
2025-10-19 20:28:17,440 [INFO] Sleeping 85s before next set.
2025-10-19 20:29:43,145 [INFO] Fetching 70172-1 — https://www.bricklink.com/v2/catalog/catalogitem.page?S=70172-1#T=P
2025-10-19 20:29:52,783 [INFO] Appended 4 rows — CSV now has 8452 rows.
2025-10-19 20:29:52,788 [INFO] 10 fetched
2025-10-19 20:29:52,788 [INFO] Sleeping 63s before next set.
2025-10-19 20:30:56,665 [INFO] Fetching 70228-1 — https://www.bricklink.com/v2/catalog/catalogitem.page?S=70228-1#T=P
2025-10-19 20:31:06,303 [INFO] Appended 4 rows — CSV now has 8456 rows.
2025-10-19 20:31:06,308 [INFO] 11 fetched
2025-10-19 20:31:06,308 [INFO] Sleeping 57s before next set.
2025-10-19 20:32:03,386 [INFO] Fetching 70222-1 — https://www.bricklink.com/v2/catalog/catalogitem.page?S=70222-1#T=P
2025-10-19 20:32:13,550 [INFO] Appended 4 rows — CSV now has 8460 rows.
2025-10-19 20:32:13,557 [INFO] 12 fetched
2025-10-19 20:32:13,558 [INFO] Sleeping 51s before next set.
2025-10-19 20:33:04,633 [INFO] Fetching 70225-1 — https://www.bricklink.com/v2/catalog/catalogitem.page?S=70225-1#T=P
2025-10-19 20:33:14,495 [INFO] Appended 4 rows — CSV now has 8464 rows.
2025-10-19 20:33:14,500 [INFO] 13 fetched
2025-10-19 20:33:14,500 [INFO] Sleeping 70s before next set.
2025-10-19 20:34:24,887 [INFO] Fetching 70730-1 — https://www.bricklink.com/v2/catalog/catalogitem.page?S=70730-1#T=P
2025-10-19 20:34:34,583 [INFO] Appended 4 rows — CSV now has 8468 rows.
2025-10-19 20:34:34,593 [INFO] 14 fetched
2025-10-19 20:34:34,593 [INFO] Sleeping 69s before next set.
2025-10-19 20:35:43,834 [INFO] Fetching 70731-1 — https://www.bricklink.com/v2/catalog/catalogitem.page?S=70731-1#T=P
2025-10-19 20:35:53,621 [INFO] Appended 4 rows — CSV now has 8472 rows.
2025-10-19 20:35:53,632 [INFO] 15 fetched
2025-10-19 20:35:53,632 [INFO] Sleeping 40s before next set.
2025-10-19 20:36:33,806 [INFO] Fetching 70746-1 — https://www.bricklink.com/v2/catalog/catalogitem.page?S=70746-1#T=P
2025-10-19 20:36:43,356 [INFO] Appended 4 rows — CSV now has 8476 rows.
2025-10-19 20:36:43,361 [INFO] 16 fetched
2025-10-19 20:36:43,361 [INFO] Sleeping 70s before next set.
2025-10-19 20:37:53,484 [INFO] Fetching 70748-1 — https://www.bricklink.com/v2/catalog/catalogitem.page?S=70748-1#T=P
2025-10-19 20:38:03,202 [INFO] Appended 4 rows — CSV now has 8480 rows.
2025-10-19 20:38:03,206 [INFO] 17 fetched
2025-10-19 20:38:03,207 [INFO] Sleeping 88s before next set.
2025-10-19 20:39:32,001 [INFO] Fetching 70819-1 — https://www.bricklink.com/v2/catalog/catalogitem.page?S=70819-1#T=P
2025-10-19 20:39:41,589 [INFO] Appended 4 rows — CSV now has 8484 rows.
2025-10-19 20:39:41,594 [INFO] 18 fetched
2025-10-19 20:39:41,594 [INFO] Sleeping 87s before next set.
2025-10-19 20:41:09,462 [INFO] Fetching 71170-1 — https://www.bricklink.com/v2/catalog/catalogitem.page?S=71170-1#T=P
2025-10-19 20:41:18,949 [INFO] Appended 4 rows — CSV now has 8488 rows.
2025-10-19 20:41:18,954 [INFO] 19 fetched
2025-10-19 20:41:18,955 [INFO] Sleeping 86s before next set.
2025-10-19 20:42:45,081 [INFO] Fetching 71171-1 — https://www.bricklink.com/v2/catalog/catalogitem.page?S=71171-1#T=P
2025-10-19 20:42:55,119 [INFO] Appended 4 rows — CSV now has 8492 rows.
2025-10-19 20:42:55,124 [INFO] 20 fetched
2025-10-19 20:42:55,124 [INFO] Sleeping 90s before next set.
2025-10-19 20:44:25,987 [INFO] Fetching 71172-1 — https://www.bricklink.com/v2/catalog/catalogitem.page?S=71172-1#T=P
2025-10-19 20:44:36,855 [INFO] Appended 4 rows — CSV now has 8496 rows.
2025-10-19 20:44:36,864 [INFO] 21 fetched
2025-10-19 20:44:36,864 [INFO] Sleeping 31s before next set.
2025-10-19 20:45:08,044 [INFO] Fetching 71173-1 — https://www.bricklink.com/v2/catalog/catalogitem.page?S=71173-1#T=P
2025-10-19 20:45:18,952 [INFO] Appended 4 rows — CSV now has 8500 rows.
2025-10-19 20:45:18,963 [INFO] 22 fetched
2025-10-19 20:45:18,963 [INFO] Sleeping 89s before next set.
2025-10-19 20:46:48,374 [INFO] Fetching 71174-1 — https://www.bricklink.com/v2/catalog/catalogitem.page?S=71174-1#T=P
2025-10-19 20:47:00,113 [INFO] Appended 4 rows — CSV now has 8504 rows.
2025-10-19 20:47:00,117 [INFO] 23 fetched
2025-10-19 20:47:00,118 [INFO] Sleeping 53s before next set.
2025-10-19 20:47:54,094 [INFO] Fetching 75080-1 — https://www.bricklink.com/v2/catalog/catalogitem.page?S=75080-1#T=P
2025-10-19 20:48:03,667 [INFO] Appended 4 rows — CSV now has 8508 rows.
2025-10-19 20:48:03,671 [INFO] 24 fetched
2025-10-19 20:48:03,672 [INFO] Sleeping 34s before next set.
2025-10-19 20:48:38,300 [INFO] Fetching 75082-1 — https://www.bricklink.com/v2/catalog/catalogitem.page?S=75082-1#T=P
2025-10-19 20:48:48,501 [INFO] Appended 4 rows — CSV now has 8512 rows.
2025-10-19 20:48:48,506 [INFO] 25 fetched
2025-10-19 20:48:48,506 [INFO] Sleeping 48s before next set.
2025-10-19 20:49:37,199 [INFO] Fetching 75087-1 — https://www.bricklink.com/v2/catalog/catalogitem.page?S=75087-1#T=P
2025-10-19 20:49:47,859 [INFO] Appended 4 rows — CSV now has 8516 rows.
2025-10-19 20:49:47,863 [INFO] 26 fetched
2025-10-19 20:49:47,863 [INFO] Sleeping 71s before next set.
2025-10-19 20:50:59,400 [INFO] Fetching 75090-1 — https://www.bricklink.com/v2/catalog/catalogitem.page?S=75090-1#T=P
2025-10-19 20:51:08,806 [INFO] Appended 4 rows — CSV now has 8520 rows.
2025-10-19 20:51:08,815 [INFO] 27 fetched
2025-10-19 20:51:08,816 [INFO] Sleeping 81s before next set.
2025-10-19 20:52:29,931 [INFO] Fetching 75091-1 — https://www.bricklink.com/v2/catalog/catalogitem.page?S=75091-1#T=P
2025-10-19 20:52:39,862 [INFO] Appended 4 rows — CSV now has 8524 rows.
2025-10-19 20:52:39,866 [INFO] 28 fetched
2025-10-19 20:52:39,867 [INFO] Sleeping 75s before next set.
2025-10-19 20:53:55,098 [INFO] Fetching 75092-1 — https://www.bricklink.com/v2/catalog/catalogitem.page?S=75092-1#T=P
2025-10-19 20:54:04,918 [INFO] Appended 4 rows — CSV now has 8528 rows.
2025-10-19 20:54:04,923 [INFO] 29 fetched
2025-10-19 20:54:04,923 [INFO] Sleeping 46s before next set.
2025-10-19 20:54:51,770 [INFO] Fetching 75097-1 — https://www.bricklink.com/v2/catalog/catalogitem.page?S=75097-1#T=P
2025-10-19 20:55:01,374 [INFO] Appended 4 rows — CSV now has 8532 rows.
2025-10-19 20:55:01,378 [INFO] 30 fetched
2025-10-19 20:55:01,379 [INFO] Sleeping 69s before next set.
2025-10-19 20:56:11,366 [INFO] Fetching 75100-1 — https://www.bricklink.com/v2/catalog/catalogitem.page?S=75100-1#T=P
2025-10-19 20:56:20,958 [INFO] Appended 4 rows — CSV now has 8536 rows.
2025-10-19 20:56:20,963 [INFO] 31 fetched
2025-10-19 20:56:20,963 [INFO] Sleeping 86s before next set.
2025-10-19 20:57:47,594 [INFO] Fetching 75902-1 — https://www.bricklink.com/v2/catalog/catalogitem.page?S=75902-1#T=P
2025-10-19 20:57:57,033 [INFO] Appended 4 rows — CSV now has 8540 rows.
2025-10-19 20:57:57,037 [INFO] 32 fetched
2025-10-19 20:57:57,038 [INFO] Sleeping 36s before next set.
2025-10-19 20:58:33,768 [INFO] Fetching 75903-1 — https://www.bricklink.com/v2/catalog/catalogitem.page?S=75903-1#T=P
2025-10-19 20:58:43,349 [INFO] Appended 4 rows — CSV now has 8544 rows.
2025-10-19 20:58:43,361 [INFO] 33 fetched
2025-10-19 20:58:43,361 [INFO] Sleeping 83s before next set.
2025-10-19 21:00:06,931 [INFO] Fetching 75911-1 — https://www.bricklink.com/v2/catalog/catalogitem.page?S=75911-1#T=P
2025-10-19 21:00:17,694 [INFO] Appended 4 rows — CSV now has 8548 rows.
2025-10-19 21:00:17,700 [INFO] 34 fetched
2025-10-19 21:00:17,701 [INFO] Sleeping 63s before next set.
2025-10-19 21:01:21,384 [INFO] Fetching 75917-1 — https://www.bricklink.com/v2/catalog/catalogitem.page?S=75917-1#T=P
2025-10-19 21:01:30,890 [INFO] Appended 4 rows — CSV now has 8552 rows.
2025-10-19 21:01:30,897 [INFO] 35 fetched
2025-10-19 21:01:30,898 [INFO] Sleeping 40s before next set.
2025-10-19 21:02:11,038 [INFO] Fetching 75920-1 — https://www.bricklink.com/v2/catalog/catalogitem.page?S=75920-1#T=P
2025-10-19 21:02:20,453 [INFO] Appended 4 rows — CSV now has 8556 rows.
2025-10-19 21:02:20,458 [INFO] 36 fetched
2025-10-19 21:02:20,458 [INFO] Sleeping 63s before next set.
2025-10-19 21:03:23,848 [INFO] Fetching 76026-1 — https://www.bricklink.com/v2/catalog/catalogitem.page?S=76026-1#T=P
2025-10-19 21:03:33,537 [INFO] Appended 4 rows — CSV now has 8560 rows.
2025-10-19 21:03:33,543 [INFO] 37 fetched
2025-10-19 21:03:33,544 [INFO] Sleeping 86s before next set.
2025-10-19 21:05:00,107 [INFO] Fetching 76027-1 — https://www.bricklink.com/v2/catalog/catalogitem.page?S=76027-1#T=P
2025-10-19 21:05:10,653 [INFO] Appended 4 rows — CSV now has 8564 rows.
2025-10-19 21:05:10,658 [INFO] 38 fetched
2025-10-19 21:05:10,658 [INFO] Sleeping 40s before next set.
2025-10-19 21:05:51,200 [INFO] Fetching 76034-1 — https://www.bricklink.com/v2/catalog/catalogitem.page?S=76034-1#T=P
2025-10-19 21:06:00,738 [INFO] Appended 4 rows — CSV now has 8568 rows.
2025-10-19 21:06:00,747 [INFO] 39 fetched
2025-10-19 21:06:00,747 [INFO] Sleeping 85s before next set.
2025-10-19 21:07:25,882 [INFO] Fetching 76037-1 — https://www.bricklink.com/v2/catalog/catalogitem.page?S=76037-1#T=P
2025-10-19 21:07:35,521 [INFO] Appended 4 rows — CSV now has 8572 rows.
2025-10-19 21:07:35,531 [INFO] 40 fetched
2025-10-19 21:07:35,531 [INFO] Sleeping 125s before next set.
2025-10-19 21:09:40,644 [INFO] Fetching 76041-1 — https://www.bricklink.com/v2/catalog/catalogitem.page?S=76041-1#T=P
2025-10-19 21:09:50,692 [INFO] Appended 4 rows — CSV now has 8576 rows.
2025-10-19 21:09:50,697 [INFO] 41 fetched
2025-10-19 21:09:50,697 [INFO] Sleeping 34s before next set.
2025-10-19 21:10:24,709 [INFO] Fetching 60117-1 — https://www.bricklink.com/v2/catalog/catalogitem.page?S=60117-1#T=P
2025-10-19 21:10:36,029 [INFO] Appended 4 rows — CSV now has 8580 rows.
2025-10-19 21:10:36,039 [INFO] 42 fetched
2025-10-19 21:10:36,040 [INFO] Sleeping 56s before next set.
2025-10-19 21:11:32,399 [INFO] Fetching 60119-1 — https://www.bricklink.com/v2/catalog/catalogitem.page?S=60119-1#T=P
2025-10-19 21:11:41,964 [INFO] Appended 4 rows — CSV now has 8584 rows.
2025-10-19 21:11:41,971 [INFO] 43 fetched
2025-10-19 21:11:41,971 [INFO] Sleeping 31s before next set.
2025-10-19 21:12:13,651 [INFO] Fetching 21027-1 — https://www.bricklink.com/v2/catalog/catalogitem.page?S=21027-1#T=P
2025-10-19 21:12:23,421 [INFO] Appended 4 rows — CSV now has 8588 rows.
2025-10-19 21:12:23,427 [INFO] 44 fetched
2025-10-19 21:12:23,428 [INFO] Sleeping 83s before next set.
2025-10-19 21:13:46,578 [INFO] Fetching 21031-1 — https://www.bricklink.com/v2/catalog/catalogitem.page?S=21031-1#T=P
2025-10-19 21:13:56,257 [INFO] Appended 4 rows — CSV now has 8592 rows.
2025-10-19 21:13:56,266 [INFO] 45 fetched
2025-10-19 21:13:56,267 [INFO] Sleeping 54s before next set.
2025-10-19 21:14:50,564 [INFO] Fetching 21126-1 — https://www.bricklink.com/v2/catalog/catalogitem.page?S=21126-1#T=P
2025-10-19 21:15:00,444 [INFO] Appended 4 rows — CSV now has 8596 rows.
2025-10-19 21:15:00,450 [INFO] 46 fetched
2025-10-19 21:15:00,451 [INFO] Sleeping 61s before next set.
2025-10-19 21:16:02,110 [INFO] Fetching 31048-1 — https://www.bricklink.com/v2/catalog/catalogitem.page?S=31048-1#T=P
2025-10-19 21:16:11,928 [INFO] Appended 4 rows — CSV now has 8600 rows.
2025-10-19 21:16:11,933 [INFO] 47 fetched
2025-10-19 21:16:11,933 [INFO] Sleeping 80s before next set.
2025-10-19 21:17:32,456 [INFO] Fetching 31049-1 — https://www.bricklink.com/v2/catalog/catalogitem.page?S=31049-1#T=P
2025-10-19 21:17:42,048 [INFO] Appended 4 rows — CSV now has 8604 rows.
2025-10-19 21:17:42,055 [INFO] 48 fetched
2025-10-19 21:17:42,056 [INFO] Sleeping 38s before next set.
2025-10-19 21:18:20,082 [INFO] Fetching 31050-1 — https://www.bricklink.com/v2/catalog/catalogitem.page?S=31050-1#T=P
2025-10-19 21:18:29,876 [INFO] Appended 4 rows — CSV now has 8608 rows.
2025-10-19 21:18:29,882 [INFO] 49 fetched
2025-10-19 21:18:29,882 [INFO] Sleeping 52s before next set.
2025-10-19 21:19:22,284 [INFO] Fetching 31053-1 — https://www.bricklink.com/v2/catalog/catalogitem.page?S=31053-1#T=P
2025-10-19 21:19:31,724 [INFO] Appended 4 rows — CSV now has 8612 rows.
2025-10-19 21:19:31,734 [INFO] 50 fetched
2025-10-19 21:19:31,735 [INFO] Sleeping 53s before next set.
2025-10-19 21:20:25,530 [INFO] Fetching 41067-1 — https://www.bricklink.com/v2/catalog/catalogitem.page?S=41067-1#T=P
2025-10-19 21:20:35,454 [INFO] Appended 4 rows — CSV now has 8616 rows.
2025-10-19 21:20:35,459 [INFO] 51 fetched
2025-10-19 21:20:35,459 [INFO] Sleeping 84s before next set.
2025-10-19 21:22:00,218 [INFO] Fetching 41068-1 — https://www.bricklink.com/v2/catalog/catalogitem.page?S=41068-1#T=P
2025-10-19 21:22:10,764 [INFO] Appended 4 rows — CSV now has 8620 rows.
2025-10-19 21:22:10,769 [INFO] 52 fetched
2025-10-19 21:22:10,770 [INFO] Sleeping 53s before next set.
2025-10-19 21:23:04,399 [INFO] Fetching 41118-1 — https://www.bricklink.com/v2/catalog/catalogitem.page?S=41118-1#T=P
2025-10-19 21:23:15,068 [INFO] Appended 4 rows — CSV now has 8624 rows.
2025-10-19 21:23:15,074 [INFO] 53 fetched
2025-10-19 21:23:15,074 [INFO] Sleeping 69s before next set.
2025-10-19 21:24:24,753 [INFO] Fetching 41119-1 — https://www.bricklink.com/v2/catalog/catalogitem.page?S=41119-1#T=P
2025-10-19 21:24:34,627 [INFO] Appended 4 rows — CSV now has 8628 rows.
2025-10-19 21:24:34,632 [INFO] 54 fetched
2025-10-19 21:24:34,632 [INFO] Sleeping 54s before next set.
2025-10-19 21:25:29,118 [INFO] Fetching 41121-1 — https://www.bricklink.com/v2/catalog/catalogitem.page?S=41121-1#T=P
2025-10-19 21:25:38,897 [INFO] Appended 4 rows — CSV now has 8632 rows.
2025-10-19 21:25:38,905 [INFO] 55 fetched
2025-10-19 21:25:38,906 [INFO] Sleeping 30s before next set.
2025-10-19 21:26:09,230 [INFO] Fetching 41124-1 — https://www.bricklink.com/v2/catalog/catalogitem.page?S=41124-1#T=P
2025-10-19 21:26:18,816 [INFO] Appended 4 rows — CSV now has 8636 rows.
2025-10-19 21:26:18,821 [INFO] 56 fetched
2025-10-19 21:26:18,822 [INFO] Sleeping 85s before next set.
2025-10-19 21:27:44,101 [INFO] Fetching 41125-1 — https://www.bricklink.com/v2/catalog/catalogitem.page?S=41125-1#T=P
2025-10-19 21:27:53,648 [INFO] Appended 4 rows — CSV now has 8640 rows.
2025-10-19 21:27:53,655 [INFO] 57 fetched
2025-10-19 21:27:53,656 [INFO] Sleeping 30s before next set.
2025-10-19 21:28:24,546 [INFO] Fetching 41133-1 — https://www.bricklink.com/v2/catalog/catalogitem.page?S=41133-1#T=P
2025-10-19 21:28:34,046 [INFO] Appended 4 rows — CSV now has 8644 rows.
2025-10-19 21:28:34,053 [INFO] 58 fetched
2025-10-19 21:28:34,053 [INFO] Sleeping 52s before next set.
2025-10-19 21:29:26,237 [INFO] Fetching 41174-1 — https://www.bricklink.com/v2/catalog/catalogitem.page?S=41174-1#T=P
2025-10-19 21:29:35,889 [INFO] Appended 4 rows — CSV now has 8648 rows.
2025-10-19 21:29:35,894 [INFO] 59 fetched
2025-10-19 21:29:35,895 [INFO] Sleeping 71s before next set.
2025-10-19 21:30:47,413 [INFO] Fetching 41175-1 — https://www.bricklink.com/v2/catalog/catalogitem.page?S=41175-1#T=P
2025-10-19 21:30:56,968 [INFO] Appended 4 rows — CSV now has 8652 rows.
2025-10-19 21:30:56,978 [INFO] 60 fetched
2025-10-19 21:30:56,979 [INFO] Sleeping 47s before next set.
2025-10-19 21:31:44,461 [INFO] Fetching 41177-1 — https://www.bricklink.com/v2/catalog/catalogitem.page?S=41177-1#T=P
2025-10-19 21:31:54,023 [INFO] Appended 4 rows — CSV now has 8656 rows.
2025-10-19 21:31:54,028 [INFO] 61 fetched
2025-10-19 21:31:54,029 [INFO] Sleeping 59s before next set.
2025-10-19 21:32:54,010 [INFO] Fetching 42048-1 — https://www.bricklink.com/v2/catalog/catalogitem.page?S=42048-1#T=P
2025-10-19 21:33:03,640 [INFO] Appended 4 rows — CSV now has 8660 rows.
2025-10-19 21:33:03,646 [INFO] 62 fetched
2025-10-19 21:33:03,646 [INFO] Sleeping 45s before next set.
2025-10-19 21:33:49,644 [INFO] Fetching 42049-1 — https://www.bricklink.com/v2/catalog/catalogitem.page?S=42049-1#T=P
2025-10-19 21:33:59,310 [INFO] Appended 4 rows — CSV now has 8664 rows.
2025-10-19 21:33:59,315 [INFO] 63 fetched
2025-10-19 21:33:59,315 [INFO] Sleeping 45s before next set.
2025-10-19 21:34:44,564 [INFO] Fetching 60102-1 — https://www.bricklink.com/v2/catalog/catalogitem.page?S=60102-1#T=P
2025-10-19 21:34:54,138 [INFO] Appended 4 rows — CSV now has 8668 rows.
2025-10-19 21:34:54,143 [INFO] 64 fetched
2025-10-19 21:34:54,143 [INFO] Sleeping 64s before next set.
2025-10-19 21:35:58,452 [INFO] Fetching 60108-1 — https://www.bricklink.com/v2/catalog/catalogitem.page?S=60108-1#T=P
2025-10-19 21:36:08,044 [INFO] Appended 4 rows — CSV now has 8672 rows.
2025-10-19 21:36:08,050 [INFO] 65 fetched
2025-10-19 21:36:08,050 [INFO] Sleeping 46s before next set.
2025-10-19 21:36:54,162 [INFO] Fetching 60109-1 — https://www.bricklink.com/v2/catalog/catalogitem.page?S=60109-1#T=P
2025-10-19 21:37:03,841 [INFO] Appended 4 rows — CSV now has 8676 rows.
2025-10-19 21:37:03,847 [INFO] 66 fetched
2025-10-19 21:37:03,848 [INFO] Sleeping 76s before next set.
2025-10-19 21:38:20,672 [INFO] Fetching 60111-1 — https://www.bricklink.com/v2/catalog/catalogitem.page?S=60111-1#T=P
2025-10-19 21:38:30,568 [INFO] Appended 4 rows — CSV now has 8680 rows.
2025-10-19 21:38:30,574 [INFO] 67 fetched
2025-10-19 21:38:30,575 [INFO] Sleeping 57s before next set.
2025-10-19 21:39:27,614 [INFO] Fetching 60112-1 — https://www.bricklink.com/v2/catalog/catalogitem.page?S=60112-1#T=P
2025-10-19 21:39:37,291 [INFO] Appended 4 rows — CSV now has 8684 rows.
2025-10-19 21:39:37,298 [INFO] 68 fetched
2025-10-19 21:39:37,298 [INFO] Sleeping 52s before next set.
2025-10-19 21:40:29,810 [INFO] Fetching 60122-1 — https://www.bricklink.com/v2/catalog/catalogitem.page?S=60122-1#T=P
2025-10-19 21:40:38,935 [INFO] Appended 4 rows — CSV now has 8688 rows.
2025-10-19 21:40:38,946 [INFO] 69 fetched
2025-10-19 21:40:38,946 [INFO] Sleeping 43s before next set.
2025-10-19 21:41:22,444 [INFO] Fetching 60123-1 — https://www.bricklink.com/v2/catalog/catalogitem.page?S=60123-1#T=P
2025-10-19 21:41:32,374 [INFO] Appended 4 rows — CSV now has 8692 rows.
2025-10-19 21:41:32,384 [INFO] 70 fetched
2025-10-19 21:41:32,385 [INFO] Sleeping 67s before next set.
2025-10-19 21:42:40,130 [INFO] Fetching 60133-1 — https://www.bricklink.com/v2/catalog/catalogitem.page?S=60133-1#T=P
2025-10-19 21:42:49,680 [INFO] Appended 4 rows — CSV now has 8696 rows.
2025-10-19 21:42:49,685 [INFO] 71 fetched
2025-10-19 21:42:49,685 [INFO] Sleeping 38s before next set.
2025-10-19 21:43:28,596 [INFO] Fetching 70314-1 — https://www.bricklink.com/v2/catalog/catalogitem.page?S=70314-1#T=P
2025-10-19 21:43:38,578 [INFO] Appended 4 rows — CSV now has 8700 rows.
2025-10-19 21:43:38,584 [INFO] 72 fetched
2025-10-19 21:43:38,584 [INFO] Sleeping 57s before next set.
2025-10-19 21:44:36,501 [INFO] Fetching 70315-1 — https://www.bricklink.com/v2/catalog/catalogitem.page?S=70315-1#T=P
2025-10-19 21:44:46,203 [INFO] Appended 4 rows — CSV now has 8704 rows.
2025-10-19 21:44:46,209 [INFO] 73 fetched
2025-10-19 21:44:46,209 [INFO] Sleeping 75s before next set.
2025-10-19 21:46:01,213 [INFO] Fetching 70320-1 — https://www.bricklink.com/v2/catalog/catalogitem.page?S=70320-1#T=P
2025-10-19 21:46:10,774 [INFO] Appended 4 rows — CSV now has 8708 rows.
2025-10-19 21:46:10,779 [INFO] 74 fetched
2025-10-19 21:46:10,779 [INFO] Sleeping 81s before next set.
2025-10-19 21:47:32,657 [INFO] Fetching 70324-1 — https://www.bricklink.com/v2/catalog/catalogitem.page?S=70324-1#T=P
2025-10-19 21:47:42,380 [INFO] Appended 4 rows — CSV now has 8712 rows.
2025-10-19 21:47:42,392 [INFO] 75 fetched
2025-10-19 21:47:42,393 [INFO] Sleeping 68s before next set.
2025-10-19 21:48:50,419 [INFO] Fetching 70325-1 — https://www.bricklink.com/v2/catalog/catalogitem.page?S=70325-1#T=P
2025-10-19 21:49:00,140 [INFO] Appended 4 rows — CSV now has 8716 rows.
2025-10-19 21:49:00,145 [INFO] 76 fetched
2025-10-19 21:49:00,145 [INFO] Sleeping 68s before next set.
2025-10-19 21:50:09,007 [INFO] Fetching 70327-1 — https://www.bricklink.com/v2/catalog/catalogitem.page?S=70327-1#T=P
2025-10-19 21:50:18,439 [INFO] Appended 4 rows — CSV now has 8720 rows.
2025-10-19 21:50:18,444 [INFO] 77 fetched
2025-10-19 21:50:18,445 [INFO] Sleeping 41s before next set.
2025-10-19 21:50:59,717 [INFO] Fetching 70588-1 — https://www.bricklink.com/v2/catalog/catalogitem.page?S=70588-1#T=P
2025-10-19 21:51:09,209 [INFO] Appended 4 rows — CSV now has 8724 rows.
2025-10-19 21:51:09,214 [INFO] 78 fetched
2025-10-19 21:51:09,215 [INFO] Sleeping 85s before next set.
2025-10-19 21:52:34,882 [INFO] Fetching 70589-1 — https://www.bricklink.com/v2/catalog/catalogitem.page?S=70589-1#T=P
2025-10-19 21:52:44,330 [INFO] Appended 4 rows — CSV now has 8728 rows.
2025-10-19 21:52:44,336 [INFO] 79 fetched
2025-10-19 21:52:44,337 [INFO] Sleeping 71s before next set.
2025-10-19 21:53:55,963 [INFO] Fetching 70592-1 — https://www.bricklink.com/v2/catalog/catalogitem.page?S=70592-1#T=P
2025-10-19 21:54:05,598 [INFO] Appended 4 rows — CSV now has 8732 rows.
2025-10-19 21:54:05,603 [INFO] 80 fetched
2025-10-19 21:54:05,603 [INFO] Sleeping 95s before next set.
2025-10-19 21:55:41,327 [INFO] Fetching 70602-1 — https://www.bricklink.com/v2/catalog/catalogitem.page?S=70602-1#T=P
2025-10-19 21:55:51,293 [INFO] Appended 4 rows — CSV now has 8736 rows.
2025-10-19 21:55:51,299 [INFO] 81 fetched
2025-10-19 21:55:51,299 [INFO] Sleeping 55s before next set.
2025-10-19 21:56:47,202 [INFO] Fetching 70603-1 — https://www.bricklink.com/v2/catalog/catalogitem.page?S=70603-1#T=P
2025-10-19 21:56:56,865 [INFO] Appended 4 rows — CSV now has 8740 rows.
2025-10-19 21:56:56,870 [INFO] 82 fetched
2025-10-19 21:56:56,870 [INFO] Sleeping 70s before next set.
2025-10-19 21:58:07,051 [INFO] Fetching 70604-1 — https://www.bricklink.com/v2/catalog/catalogitem.page?S=70604-1#T=P
2025-10-19 21:58:16,942 [INFO] Appended 4 rows — CSV now has 8744 rows.
2025-10-19 21:58:16,947 [INFO] 83 fetched
2025-10-19 21:58:16,947 [INFO] Sleeping 77s before next set.
2025-10-19 21:59:34,572 [INFO] Fetching 71242-1 — https://www.bricklink.com/v2/catalog/catalogitem.page?S=71242-1#T=P
2025-10-19 21:59:44,280 [INFO] Appended 4 rows — CSV now has 8748 rows.
2025-10-19 21:59:44,284 [INFO] 84 fetched
2025-10-19 21:59:44,284 [INFO] Sleeping 38s before next set.
2025-10-19 22:00:23,107 [INFO] Fetching 71253-1 — https://www.bricklink.com/v2/catalog/catalogitem.page?S=71253-1#T=P
2025-10-19 22:00:32,942 [INFO] Appended 4 rows — CSV now has 8752 rows.
2025-10-19 22:00:32,948 [INFO] 85 fetched
2025-10-19 22:00:32,948 [INFO] Sleeping 30s before next set.
2025-10-19 22:01:03,646 [INFO] Fetching 75139-1 — https://www.bricklink.com/v2/catalog/catalogitem.page?S=75139-1#T=P
2025-10-19 22:01:13,396 [INFO] Appended 4 rows — CSV now has 8756 rows.
2025-10-19 22:01:13,400 [INFO] 86 fetched
2025-10-19 22:01:13,401 [INFO] Sleeping 55s before next set.
2025-10-19 22:02:08,648 [INFO] Fetching 75142-1 — https://www.bricklink.com/v2/catalog/catalogitem.page?S=75142-1#T=P
2025-10-19 22:02:18,242 [INFO] Appended 4 rows — CSV now has 8760 rows.
2025-10-19 22:02:18,252 [INFO] 87 fetched
2025-10-19 22:02:18,252 [INFO] Sleeping 58s before next set.
2025-10-19 22:03:16,751 [INFO] Fetching 75145-1 — https://www.bricklink.com/v2/catalog/catalogitem.page?S=75145-1#T=P
2025-10-19 22:03:26,319 [INFO] Appended 4 rows — CSV now has 8764 rows.
2025-10-19 22:03:26,324 [INFO] 88 fetched
2025-10-19 22:03:26,324 [INFO] Sleeping 38s before next set.
2025-10-19 22:04:05,017 [INFO] Fetching 75146-1 — https://www.bricklink.com/v2/catalog/catalogitem.page?S=75146-1#T=P
2025-10-19 22:04:15,305 [INFO] Appended 4 rows — CSV now has 8768 rows.
2025-10-19 22:04:15,314 [INFO] 89 fetched
2025-10-19 22:04:15,314 [INFO] Sleeping 89s before next set.
2025-10-19 22:05:44,947 [INFO] Fetching 75152-1 — https://www.bricklink.com/v2/catalog/catalogitem.page?S=75152-1#T=P
2025-10-19 22:05:54,703 [INFO] Appended 4 rows — CSV now has 8772 rows.
2025-10-19 22:05:54,709 [INFO] 90 fetched
2025-10-19 22:05:54,710 [INFO] Sleeping 57s before next set.
2025-10-19 22:06:52,479 [INFO] Fetching 75153-1 — https://www.bricklink.com/v2/catalog/catalogitem.page?S=75153-1#T=P
2025-10-19 22:07:02,086 [INFO] Appended 4 rows — CSV now has 8776 rows.
2025-10-19 22:07:02,091 [INFO] 91 fetched
2025-10-19 22:07:02,091 [INFO] Sleeping 82s before next set.
2025-10-19 22:08:24,155 [INFO] Fetching 75823-1 — https://www.bricklink.com/v2/catalog/catalogitem.page?S=75823-1#T=P
2025-10-19 22:08:34,021 [INFO] Appended 4 rows — CSV now has 8780 rows.
2025-10-19 22:08:34,027 [INFO] 92 fetched
2025-10-19 22:08:34,027 [INFO] Sleeping 34s before next set.
2025-10-19 22:09:08,834 [INFO] Fetching 75824-1 — https://www.bricklink.com/v2/catalog/catalogitem.page?S=75824-1#T=P
2025-10-19 22:09:18,331 [INFO] Appended 4 rows — CSV now has 8784 rows.
2025-10-19 22:09:18,336 [INFO] 93 fetched
2025-10-19 22:09:18,336 [INFO] Sleeping 84s before next set.
2025-10-19 22:10:43,294 [INFO] Fetching 75874-1 — https://www.bricklink.com/v2/catalog/catalogitem.page?S=75874-1#T=P
2025-10-19 22:10:52,929 [INFO] Appended 4 rows — CSV now has 8788 rows.
2025-10-19 22:10:52,935 [INFO] 94 fetched
2025-10-19 22:10:52,936 [INFO] Sleeping 47s before next set.
2025-10-19 22:11:40,708 [INFO] Fetching 76045-1 — https://www.bricklink.com/v2/catalog/catalogitem.page?S=76045-1#T=P
2025-10-19 22:11:50,258 [INFO] Appended 4 rows — CSV now has 8792 rows.
2025-10-19 22:11:50,265 [INFO] 95 fetched
2025-10-19 22:11:50,265 [INFO] Sleeping 56s before next set.
2025-10-19 22:12:46,798 [INFO] Fetching 76047-1 — https://www.bricklink.com/v2/catalog/catalogitem.page?S=76047-1#T=P
2025-10-19 22:12:56,542 [INFO] Appended 4 rows — CSV now has 8796 rows.
2025-10-19 22:12:56,546 [INFO] 96 fetched
2025-10-19 22:12:56,547 [INFO] Sleeping 32s before next set.
2025-10-19 22:13:29,128 [INFO] Fetching 76048-1 — https://www.bricklink.com/v2/catalog/catalogitem.page?S=76048-1#T=P
2025-10-19 22:13:38,782 [INFO] Appended 4 rows — CSV now has 8800 rows.
2025-10-19 22:13:38,794 [INFO] 97 fetched
2025-10-19 22:13:38,795 [INFO] Sleeping 76s before next set.
2025-10-19 22:14:55,555 [INFO] Fetching 76056-1 — https://www.bricklink.com/v2/catalog/catalogitem.page?S=76056-1#T=P
2025-10-19 22:15:05,311 [INFO] Appended 4 rows — CSV now has 8804 rows.
2025-10-19 22:15:05,321 [INFO] 98 fetched
2025-10-19 22:15:05,321 [INFO] Sleeping 50s before next set.
2025-10-19 22:15:55,777 [INFO] Finished run.
