2025-10-15 10:40:53,738 [INFO] Fichier de log actif : logs\bricklink_20251015_0840.log
2025-10-15 10:40:54,125 [INFO] 50 sets à scrapper récupérés depuis la DB.
2025-10-15 10:40:54,152 [INFO] Fetching 7879-1 — https://www.bricklink.com/v2/catalog/catalogitem.page?S=7879-1#T=P
2025-10-15 10:41:13,056 [INFO] Appended 4 rows — CSV now has 2856 rows.
2025-10-15 10:41:13,061 [INFO] Sleeping 64s before next set.
2025-10-15 10:42:17,165 [INFO] Fetching 7962-1 — https://www.bricklink.com/v2/catalog/catalogitem.page?S=7962-1#T=P
2025-10-15 10:42:26,731 [INFO] Appended 4 rows — CSV now has 2860 rows.
2025-10-15 10:42:26,736 [INFO] Sleeping 108s before next set.
2025-10-15 10:44:15,121 [INFO] Fetching 8679-1 — https://www.bricklink.com/v2/catalog/catalogitem.page?S=8679-1#T=P
2025-10-15 10:44:33,205 [INFO] Appended 4 rows — CSV now has 2864 rows.
2025-10-15 10:44:33,209 [INFO] Sleeping 103s before next set.
2025-10-15 10:46:16,686 [INFO] Fetching 10222-1 — https://www.bricklink.com/v2/catalog/catalogitem.page?S=10222-1#T=P
2025-10-15 10:46:26,492 [INFO] Appended 4 rows — CSV now has 2868 rows.
2025-10-15 10:46:26,495 [INFO] Sleeping 116s before next set.
2025-10-15 10:48:22,816 [INFO] Fetching 4207-1 — https://www.bricklink.com/v2/catalog/catalogitem.page?S=4207-1#T=P
2025-10-15 10:48:32,242 [INFO] Appended 4 rows — CSV now has 2872 rows.
2025-10-15 10:48:32,247 [INFO] Sleeping 92s before next set.
2025-10-15 10:50:04,463 [INFO] Fetching 5887-1 — https://www.bricklink.com/v2/catalog/catalogitem.page?S=5887-1#T=P
2025-10-15 10:50:13,805 [INFO] Appended 4 rows — CSV now has 2876 rows.
2025-10-15 10:50:13,807 [INFO] Sleeping 60s before next set.
2025-10-15 10:51:14,189 [INFO] Fetching 7347-1 — https://www.bricklink.com/v2/catalog/catalogitem.page?S=7347-1#T=P
2025-10-15 10:51:24,119 [INFO] Appended 4 rows — CSV now has 2880 rows.
2025-10-15 10:51:24,122 [INFO] Sleeping 63s before next set.
2025-10-15 10:52:27,543 [INFO] Fetching 9395-1 — https://www.bricklink.com/v2/catalog/catalogitem.page?S=9395-1#T=P
2025-10-15 10:52:37,117 [INFO] Appended 4 rows — CSV now has 2884 rows.
2025-10-15 10:52:37,119 [INFO] Sleeping 74s before next set.
2025-10-15 10:53:51,182 [INFO] Fetching 9450-1 — https://www.bricklink.com/v2/catalog/catalogitem.page?S=9450-1#T=P
2025-10-15 10:54:11,733 [INFO] Appended 4 rows — CSV now has 2888 rows.
2025-10-15 10:54:11,735 [INFO] Sleeping 107s before next set.
2025-10-15 10:55:59,136 [INFO] Fetching 9468-1 — https://www.bricklink.com/v2/catalog/catalogitem.page?S=9468-1#T=P
2025-10-15 10:56:13,970 [INFO] Appended 4 rows — CSV now has 2892 rows.
2025-10-15 10:56:13,975 [INFO] Sleeping 70s before next set.
