2025-10-23 14:28:07,993 [INFO] Fichier de log actif : logs\bricklink_20251023_1228.log
2025-10-23 14:28:08,868 [INFO] 100 sets à scrapper récupérés depuis la DB.
2025-10-23 14:28:08,871 [INFO] Skip 5578-1 (fetch récent < 7 jours).
2025-10-23 14:28:08,871 [INFO] Skip 5587-1 (fetch récent < 7 jours).
2025-10-23 14:28:08,872 [INFO] Skip 7959-1 (fetch récent < 7 jours).
2025-10-23 14:28:08,872 [INFO] Skip 40173-1 (fetch récent < 7 jours).
2025-10-23 14:28:08,872 [INFO] Skip 40359-1 (fetch récent < 7 jours).
2025-10-23 14:28:08,873 [INFO] Fetching 70826-1 — https://www.bricklink.com/v2/catalog/catalogitem.page?S=70826-1#T=P
2025-10-23 14:28:25,477 [INFO] Appended 4 rows — CSV now has 15368 rows.
2025-10-23 14:28:25,485 [INFO] 1 fetched
2025-10-23 14:28:25,485 [INFO] Sleeping 39s before next set.
2025-10-23 14:29:04,518 [INFO] Fetching 70836-1 — https://www.bricklink.com/v2/catalog/catalogitem.page?S=70836-1#T=P
2025-10-23 14:29:14,147 [INFO] Appended 4 rows — CSV now has 15372 rows.
2025-10-23 14:29:14,154 [INFO] 2 fetched
2025-10-23 14:29:14,155 [INFO] Sleeping 72s before next set.
2025-10-23 14:30:27,024 [INFO] Fetching 70848-1 — https://www.bricklink.com/v2/catalog/catalogitem.page?S=70848-1#T=P
2025-10-23 14:30:37,798 [INFO] Appended 4 rows — CSV now has 15376 rows.
2025-10-23 14:30:37,806 [INFO] 3 fetched
2025-10-23 14:30:37,806 [INFO] Sleeping 51s before next set.
2025-10-23 14:31:28,846 [INFO] Fetching 75225-1 — https://www.bricklink.com/v2/catalog/catalogitem.page?S=75225-1#T=P
2025-10-23 14:31:38,532 [INFO] Appended 4 rows — CSV now has 15380 rows.
2025-10-23 14:31:38,540 [INFO] 4 fetched
2025-10-23 14:31:38,540 [INFO] Sleeping 36s before next set.
2025-10-23 14:32:14,662 [INFO] Fetching 75226-1 — https://www.bricklink.com/v2/catalog/catalogitem.page?S=75226-1#T=P
2025-10-23 14:32:24,426 [INFO] Appended 4 rows — CSV now has 15384 rows.
2025-10-23 14:32:24,433 [INFO] 5 fetched
2025-10-23 14:32:24,433 [INFO] Sleeping 56s before next set.
2025-10-23 14:33:20,881 [INFO] Fetching 75228-1 — https://www.bricklink.com/v2/catalog/catalogitem.page?S=75228-1#T=P
2025-10-23 14:33:30,461 [INFO] Appended 4 rows — CSV now has 15388 rows.
2025-10-23 14:33:30,469 [INFO] 6 fetched
2025-10-23 14:33:30,469 [INFO] Sleeping 58s before next set.
2025-10-23 14:34:28,856 [INFO] Fetching 75232-1 — https://www.bricklink.com/v2/catalog/catalogitem.page?S=75232-1#T=P
2025-10-23 14:34:38,499 [INFO] Appended 4 rows — CSV now has 15392 rows.
2025-10-23 14:34:38,506 [INFO] 7 fetched
2025-10-23 14:34:38,507 [INFO] Sleeping 53s before next set.
2025-10-23 14:35:32,034 [INFO] Fetching 75238-1 — https://www.bricklink.com/v2/catalog/catalogitem.page?S=75238-1#T=P
2025-10-23 14:35:41,721 [INFO] Appended 4 rows — CSV now has 15396 rows.
2025-10-23 14:35:41,729 [INFO] 8 fetched
2025-10-23 14:35:41,729 [INFO] Sleeping 72s before next set.
2025-10-23 14:36:53,887 [INFO] Fetching 75239-1 — https://www.bricklink.com/v2/catalog/catalogitem.page?S=75239-1#T=P
2025-10-23 14:37:03,563 [INFO] Appended 4 rows — CSV now has 15400 rows.
2025-10-23 14:37:03,570 [INFO] 9 fetched
2025-10-23 14:37:03,571 [INFO] Sleeping 87s before next set.
2025-10-23 14:38:30,972 [INFO] Fetching 75246-1 — https://www.bricklink.com/v2/catalog/catalogitem.page?S=75246-1#T=P
2025-10-23 14:38:46,722 [INFO] Appended 4 rows — CSV now has 15404 rows.
2025-10-23 14:38:46,729 [INFO] 10 fetched
2025-10-23 14:38:46,730 [INFO] Sleeping 67s before next set.
2025-10-23 14:39:53,882 [INFO] Fetching 75934-1 — https://www.bricklink.com/v2/catalog/catalogitem.page?S=75934-1#T=P
2025-10-23 14:40:03,750 [INFO] Appended 4 rows — CSV now has 15408 rows.
2025-10-23 14:40:03,757 [INFO] 11 fetched
2025-10-23 14:40:03,757 [INFO] Sleeping 58s before next set.
2025-10-23 14:41:02,373 [INFO] Fetching 75262-1 — https://www.bricklink.com/v2/catalog/catalogitem.page?S=75262-1#T=P
2025-10-23 14:41:13,113 [INFO] Appended 4 rows — CSV now has 15412 rows.
2025-10-23 14:41:13,121 [INFO] 12 fetched
2025-10-23 14:41:13,121 [INFO] Sleeping 75s before next set.
2025-10-23 14:42:28,897 [INFO] Fetching 75890-1 — https://www.bricklink.com/v2/catalog/catalogitem.page?S=75890-1#T=P
2025-10-23 14:42:42,062 [INFO] Appended 4 rows — CSV now has 15416 rows.
2025-10-23 14:42:42,069 [INFO] 13 fetched
2025-10-23 14:42:42,070 [INFO] Sleeping 78s before next set.
2025-10-23 14:44:00,658 [INFO] Fetching 75891-1 — https://www.bricklink.com/v2/catalog/catalogitem.page?S=75891-1#T=P
2025-10-23 14:44:10,762 [INFO] Appended 4 rows — CSV now has 15420 rows.
2025-10-23 14:44:10,774 [INFO] 14 fetched
2025-10-23 14:44:10,775 [INFO] Sleeping 74s before next set.
2025-10-23 14:45:25,600 [INFO] Fetching 75895-1 — https://www.bricklink.com/v2/catalog/catalogitem.page?S=75895-1#T=P
2025-10-23 14:45:39,508 [INFO] Appended 4 rows — CSV now has 15424 rows.
2025-10-23 14:45:39,515 [INFO] 15 fetched
2025-10-23 14:45:39,516 [INFO] Sleeping 79s before next set.
2025-10-23 14:46:58,574 [INFO] Fetching 75945-1 — https://www.bricklink.com/v2/catalog/catalogitem.page?S=75945-1#T=P
2025-10-23 14:47:14,642 [INFO] Appended 4 rows — CSV now has 15428 rows.
2025-10-23 14:47:14,651 [INFO] 16 fetched
2025-10-23 14:47:14,652 [INFO] Sleeping 67s before next set.
2025-10-23 14:48:22,299 [INFO] Fetching 75970-1 — https://www.bricklink.com/v2/catalog/catalogitem.page?S=75970-1#T=P
2025-10-23 14:48:32,916 [INFO] Appended 4 rows — CSV now has 15432 rows.
2025-10-23 14:48:32,924 [INFO] 17 fetched
2025-10-23 14:48:32,924 [INFO] Sleeping 42s before next set.
2025-10-23 14:49:14,943 [INFO] Fetching 75971-1 — https://www.bricklink.com/v2/catalog/catalogitem.page?S=75971-1#T=P
2025-10-23 14:49:24,904 [INFO] Appended 4 rows — CSV now has 15436 rows.
2025-10-23 14:49:24,911 [INFO] 18 fetched
2025-10-23 14:49:24,912 [INFO] Sleeping 76s before next set.
2025-10-23 14:50:41,237 [INFO] Fetching 75976-1 — https://www.bricklink.com/v2/catalog/catalogitem.page?S=75976-1#T=P
2025-10-23 14:50:55,200 [INFO] Appended 4 rows — CSV now has 15440 rows.
2025-10-23 14:50:55,208 [INFO] 19 fetched
2025-10-23 14:50:55,209 [INFO] Sleeping 49s before next set.
2025-10-23 14:51:44,624 [INFO] Fetching 76116-1 — https://www.bricklink.com/v2/catalog/catalogitem.page?S=76116-1#T=P
2025-10-23 14:51:54,302 [INFO] Appended 4 rows — CSV now has 15444 rows.
2025-10-23 14:51:54,314 [INFO] 20 fetched
2025-10-23 14:51:54,314 [INFO] Sleeping 68s before next set.
2025-10-23 14:53:02,947 [INFO] Fetching 76118-1 — https://www.bricklink.com/v2/catalog/catalogitem.page?S=76118-1#T=P
2025-10-23 14:53:13,691 [INFO] Appended 4 rows — CSV now has 15448 rows.
2025-10-23 14:53:13,704 [INFO] 21 fetched
2025-10-23 14:53:13,704 [INFO] Sleeping 89s before next set.
2025-10-23 14:54:43,548 [INFO] Fetching 76123-1 — https://www.bricklink.com/v2/catalog/catalogitem.page?S=76123-1#T=P
2025-10-23 14:54:53,418 [INFO] Appended 4 rows — CSV now has 15452 rows.
2025-10-23 14:54:53,426 [INFO] 22 fetched
2025-10-23 14:54:53,426 [INFO] Sleeping 46s before next set.
2025-10-23 14:55:40,146 [INFO] Fetching 76138-1 — https://www.bricklink.com/v2/catalog/catalogitem.page?S=76138-1#T=P
2025-10-23 14:55:50,914 [INFO] Appended 4 rows — CSV now has 15456 rows.
2025-10-23 14:55:50,927 [INFO] 23 fetched
2025-10-23 14:55:50,930 [INFO] Sleeping 66s before next set.
2025-10-23 14:56:57,904 [INFO] Fetching 40391-1 — https://www.bricklink.com/v2/catalog/catalogitem.page?S=40391-1#T=P
2025-10-23 14:57:12,020 [INFO] Appended 4 rows — CSV now has 15460 rows.
2025-10-23 14:57:12,028 [INFO] 24 fetched
2025-10-23 14:57:12,028 [INFO] Sleeping 83s before next set.
2025-10-23 14:58:35,440 [INFO] Fetching 40423-1 — https://www.bricklink.com/v2/catalog/catalogitem.page?S=40423-1#T=P
2025-10-23 14:58:45,199 [INFO] Appended 4 rows — CSV now has 15464 rows.
2025-10-23 14:58:45,212 [INFO] 25 fetched
2025-10-23 14:58:45,213 [INFO] Sleeping 49s before next set.
2025-10-23 14:59:35,193 [INFO] Fetching 40431-1 — https://www.bricklink.com/v2/catalog/catalogitem.page?S=40431-1#T=P
2025-10-23 14:59:47,992 [INFO] Appended 4 rows — CSV now has 15468 rows.
2025-10-23 14:59:48,000 [INFO] 26 fetched
2025-10-23 14:59:48,001 [INFO] Sleeping 72s before next set.
2025-10-23 15:01:00,052 [INFO] Fetching 41253-1 — https://www.bricklink.com/v2/catalog/catalogitem.page?S=41253-1#T=P
2025-10-23 15:01:14,247 [INFO] Appended 4 rows — CSV now has 15472 rows.
2025-10-23 15:01:14,254 [INFO] 27 fetched
2025-10-23 15:01:14,255 [INFO] Sleeping 61s before next set.
2025-10-23 15:02:16,069 [INFO] Fetching 60256-1 — https://www.bricklink.com/v2/catalog/catalogitem.page?S=60256-1#T=P
2025-10-23 15:02:25,988 [INFO] Appended 4 rows — CSV now has 15476 rows.
2025-10-23 15:02:25,996 [INFO] 28 fetched
2025-10-23 15:02:25,997 [INFO] Sleeping 87s before next set.
2025-10-23 15:03:53,060 [INFO] Fetching 854049-1 — https://www.bricklink.com/v2/catalog/catalogitem.page?S=854049-1#T=P
2025-10-23 15:04:02,899 [INFO] Appended 4 rows — CSV now has 15480 rows.
2025-10-23 15:04:02,908 [INFO] 29 fetched
2025-10-23 15:04:02,908 [INFO] Sleeping 77s before next set.
2025-10-23 15:05:20,901 [INFO] Fetching 10929-1 — https://www.bricklink.com/v2/catalog/catalogitem.page?S=10929-1#T=P
2025-10-23 15:05:36,975 [INFO] Appended 4 rows — CSV now has 15484 rows.
2025-10-23 15:05:36,982 [INFO] 30 fetched
2025-10-23 15:05:36,982 [INFO] Sleeping 70s before next set.
2025-10-23 15:06:47,649 [INFO] Fetching 10933-1 — https://www.bricklink.com/v2/catalog/catalogitem.page?S=10933-1#T=P
2025-10-23 15:06:57,394 [INFO] Appended 4 rows — CSV now has 15488 rows.
2025-10-23 15:06:57,401 [INFO] 31 fetched
2025-10-23 15:06:57,401 [INFO] Sleeping 70s before next set.
2025-10-23 15:08:07,895 [INFO] Fetching 21156-1 — https://www.bricklink.com/v2/catalog/catalogitem.page?S=21156-1#T=P
2025-10-23 15:08:17,493 [INFO] Appended 4 rows — CSV now has 15492 rows.
2025-10-23 15:08:17,500 [INFO] 32 fetched
2025-10-23 15:08:17,501 [INFO] Sleeping 76s before next set.
2025-10-23 15:09:34,214 [INFO] Fetching 21157-1 — https://www.bricklink.com/v2/catalog/catalogitem.page?S=21157-1#T=P
2025-10-23 15:09:43,915 [INFO] Appended 4 rows — CSV now has 15496 rows.
2025-10-23 15:09:43,924 [INFO] 33 fetched
2025-10-23 15:09:43,924 [INFO] Sleeping 43s before next set.
2025-10-23 15:10:27,684 [INFO] Fetching 31099-1 — https://www.bricklink.com/v2/catalog/catalogitem.page?S=31099-1#T=P
2025-10-23 15:10:37,394 [INFO] Appended 4 rows — CSV now has 15500 rows.
2025-10-23 15:10:37,404 [INFO] 34 fetched
2025-10-23 15:10:37,404 [INFO] Sleeping 52s before next set.
2025-10-23 15:11:29,733 [INFO] Fetching 31100-1 — https://www.bricklink.com/v2/catalog/catalogitem.page?S=31100-1#T=P
2025-10-23 15:11:40,687 [INFO] Appended 4 rows — CSV now has 15504 rows.
2025-10-23 15:11:40,694 [INFO] 35 fetched
2025-10-23 15:11:40,694 [INFO] Sleeping 68s before next set.
2025-10-23 15:12:49,327 [INFO] Fetching 31101-1 — https://www.bricklink.com/v2/catalog/catalogitem.page?S=31101-1#T=P
2025-10-23 15:12:59,076 [INFO] Appended 4 rows — CSV now has 15508 rows.
2025-10-23 15:12:59,086 [INFO] 36 fetched
2025-10-23 15:12:59,086 [INFO] Sleeping 74s before next set.
2025-10-23 15:14:13,445 [INFO] Fetching 31103-1 — https://www.bricklink.com/v2/catalog/catalogitem.page?S=31103-1#T=P
2025-10-23 15:14:29,301 [INFO] Appended 4 rows — CSV now has 15512 rows.
2025-10-23 15:14:29,336 [INFO] 37 fetched
2025-10-23 15:14:29,336 [INFO] Sleeping 65s before next set.
2025-10-23 15:15:34,967 [INFO] Fetching 40370-1 — https://www.bricklink.com/v2/catalog/catalogitem.page?S=40370-1#T=P
2025-10-23 15:15:44,645 [INFO] Appended 4 rows — CSV now has 15516 rows.
2025-10-23 15:15:44,652 [INFO] 38 fetched
2025-10-23 15:15:44,652 [INFO] Sleeping 66s before next set.
2025-10-23 15:16:50,823 [INFO] Fetching 40408-1 — https://www.bricklink.com/v2/catalog/catalogitem.page?S=40408-1#T=P
2025-10-23 15:17:00,680 [INFO] Appended 4 rows — CSV now has 15520 rows.
2025-10-23 15:17:00,694 [INFO] 39 fetched
2025-10-23 15:17:00,694 [INFO] Sleeping 53s before next set.
2025-10-23 15:17:53,913 [INFO] Fetching 40409-1 — https://www.bricklink.com/v2/catalog/catalogitem.page?S=40409-1#T=P
2025-10-23 15:18:03,719 [INFO] Appended 4 rows — CSV now has 15524 rows.
2025-10-23 15:18:03,726 [INFO] 40 fetched
2025-10-23 15:18:03,726 [INFO] Sleeping 61s before next set.
2025-10-23 15:19:04,995 [INFO] Fetching 40436-1 — https://www.bricklink.com/v2/catalog/catalogitem.page?S=40436-1#T=P
2025-10-23 15:19:14,996 [INFO] Appended 4 rows — CSV now has 15528 rows.
2025-10-23 15:19:15,006 [INFO] 41 fetched
2025-10-23 15:19:15,006 [INFO] Sleeping 71s before next set.
2025-10-23 15:20:26,839 [INFO] Fetching 41391-1 — https://www.bricklink.com/v2/catalog/catalogitem.page?S=41391-1#T=P
2025-10-23 15:20:37,032 [INFO] Appended 4 rows — CSV now has 15532 rows.
2025-10-23 15:20:37,046 [INFO] 42 fetched
2025-10-23 15:20:37,047 [INFO] Sleeping 87s before next set.
2025-10-23 15:22:04,550 [INFO] Fetching 41397-1 — https://www.bricklink.com/v2/catalog/catalogitem.page?S=41397-1#T=P
2025-10-23 15:22:17,923 [INFO] Appended 4 rows — CSV now has 15536 rows.
2025-10-23 15:22:17,930 [INFO] 43 fetched
2025-10-23 15:22:17,931 [INFO] Sleeping 58s before next set.
2025-10-23 15:23:16,349 [INFO] Fetching 41398-1 — https://www.bricklink.com/v2/catalog/catalogitem.page?S=41398-1#T=P
2025-10-23 15:23:29,438 [INFO] Appended 4 rows — CSV now has 15540 rows.
2025-10-23 15:23:29,447 [INFO] 44 fetched
2025-10-23 15:23:29,448 [INFO] Sleeping 88s before next set.
2025-10-23 15:24:58,298 [INFO] Fetching 41420-1 — https://www.bricklink.com/v2/catalog/catalogitem.page?S=41420-1#T=P
2025-10-23 15:25:09,328 [INFO] Appended 4 rows — CSV now has 15544 rows.
2025-10-23 15:25:09,339 [INFO] 45 fetched
2025-10-23 15:25:09,340 [INFO] Sleeping 76s before next set.
2025-10-23 15:26:25,664 [INFO] Fetching 41426-1 — https://www.bricklink.com/v2/catalog/catalogitem.page?S=41426-1#T=P
2025-10-23 15:26:38,478 [INFO] Appended 4 rows — CSV now has 15548 rows.
2025-10-23 15:26:38,486 [INFO] 46 fetched
2025-10-23 15:26:38,486 [INFO] Sleeping 45s before next set.
2025-10-23 15:27:24,100 [INFO] Fetching 42102-1 — https://www.bricklink.com/v2/catalog/catalogitem.page?S=42102-1#T=P
2025-10-23 15:27:34,403 [INFO] Appended 4 rows — CSV now has 15552 rows.
2025-10-23 15:27:34,410 [INFO] 47 fetched
2025-10-23 15:27:34,411 [INFO] Sleeping 48s before next set.
2025-10-23 15:28:23,123 [INFO] Fetching 42103-1 — https://www.bricklink.com/v2/catalog/catalogitem.page?S=42103-1#T=P
2025-10-23 15:28:33,974 [INFO] Appended 4 rows — CSV now has 15556 rows.
2025-10-23 15:28:33,987 [INFO] 48 fetched
2025-10-23 15:28:33,987 [INFO] Sleeping 87s before next set.
2025-10-23 15:30:01,853 [INFO] Fetching 43175-1 — https://www.bricklink.com/v2/catalog/catalogitem.page?S=43175-1#T=P
2025-10-23 15:30:11,541 [INFO] Appended 4 rows — CSV now has 15560 rows.
2025-10-23 15:30:11,548 [INFO] 49 fetched
2025-10-23 15:30:11,549 [INFO] Sleeping 35s before next set.
2025-10-23 15:30:47,063 [INFO] Fetching 43177-1 — https://www.bricklink.com/v2/catalog/catalogitem.page?S=43177-1#T=P
2025-10-23 15:30:56,595 [INFO] Appended 4 rows — CSV now has 15564 rows.
2025-10-23 15:30:56,602 [INFO] 50 fetched
2025-10-23 15:30:56,602 [INFO] Sleeping 52s before next set.
2025-10-23 15:31:48,656 [INFO] Fetching 43182-1 — https://www.bricklink.com/v2/catalog/catalogitem.page?S=43182-1#T=P
2025-10-23 15:31:54,885 [INFO] Appended 4 rows — CSV now has 15568 rows.
2025-10-23 15:31:54,894 [INFO] 51 fetched
2025-10-23 15:31:54,894 [INFO] Sleeping 60s before next set.
2025-10-23 15:32:55,797 [INFO] Fetching 60252-1 — https://www.bricklink.com/v2/catalog/catalogitem.page?S=60252-1#T=P
2025-10-23 15:33:05,880 [INFO] Appended 4 rows — CSV now has 15572 rows.
2025-10-23 15:33:05,890 [INFO] 52 fetched
2025-10-23 15:33:05,891 [INFO] Sleeping 57s before next set.
2025-10-23 15:34:03,795 [INFO] Fetching 60253-1 — https://www.bricklink.com/v2/catalog/catalogitem.page?S=60253-1#T=P
2025-10-23 15:34:13,618 [INFO] Appended 4 rows — CSV now has 15576 rows.
2025-10-23 15:34:13,627 [INFO] 53 fetched
2025-10-23 15:34:13,627 [INFO] Sleeping 62s before next set.
2025-10-23 15:35:16,167 [INFO] Fetching 60254-1 — https://www.bricklink.com/v2/catalog/catalogitem.page?S=60254-1#T=P
2025-10-23 15:35:29,849 [INFO] Appended 4 rows — CSV now has 15580 rows.
2025-10-23 15:35:29,857 [INFO] 54 fetched
2025-10-23 15:35:29,857 [INFO] Sleeping 42s before next set.
2025-10-23 15:36:11,908 [INFO] Fetching 60267-1 — https://www.bricklink.com/v2/catalog/catalogitem.page?S=60267-1#T=P
2025-10-23 15:36:22,695 [INFO] Appended 4 rows — CSV now has 15584 rows.
2025-10-23 15:36:22,703 [INFO] 55 fetched
2025-10-23 15:36:22,703 [INFO] Sleeping 41s before next set.
2025-10-23 15:37:03,873 [INFO] Fetching 60272-1 — https://www.bricklink.com/v2/catalog/catalogitem.page?S=60272-1#T=P
2025-10-23 15:37:13,347 [INFO] Appended 4 rows — CSV now has 15588 rows.
2025-10-23 15:37:13,354 [INFO] 56 fetched
2025-10-23 15:37:13,354 [INFO] Sleeping 30s before next set.
2025-10-23 15:37:43,850 [INFO] Fetching 60274-1 — https://www.bricklink.com/v2/catalog/catalogitem.page?S=60274-1#T=P
2025-10-23 15:37:53,547 [INFO] Appended 4 rows — CSV now has 15592 rows.
2025-10-23 15:37:53,554 [INFO] 57 fetched
2025-10-23 15:37:53,554 [INFO] Sleeping 77s before next set.
2025-10-23 15:39:10,673 [INFO] Fetching 70428-1 — https://www.bricklink.com/v2/catalog/catalogitem.page?S=70428-1#T=P
2025-10-23 15:39:20,418 [INFO] Appended 4 rows — CSV now has 15596 rows.
2025-10-23 15:39:20,426 [INFO] 58 fetched
2025-10-23 15:39:20,426 [INFO] Sleeping 63s before next set.
2025-10-23 15:40:23,782 [INFO] Fetching 71363-1 — https://www.bricklink.com/v2/catalog/catalogitem.page?S=71363-1#T=P
2025-10-23 15:40:36,882 [INFO] Appended 4 rows — CSV now has 15600 rows.
2025-10-23 15:40:36,893 [INFO] 59 fetched
2025-10-23 15:40:36,893 [INFO] Sleeping 75s before next set.
2025-10-23 15:41:52,614 [INFO] Fetching 71364-1 — https://www.bricklink.com/v2/catalog/catalogitem.page?S=71364-1#T=P
2025-10-23 15:42:02,526 [INFO] Appended 4 rows — CSV now has 15604 rows.
2025-10-23 15:42:02,533 [INFO] 60 fetched
2025-10-23 15:42:02,534 [INFO] Sleeping 127s before next set.
2025-10-23 15:44:09,747 [INFO] Fetching 71366-1 — https://www.bricklink.com/v2/catalog/catalogitem.page?S=71366-1#T=P
2025-10-23 15:44:19,056 [INFO] Appended 4 rows — CSV now has 15608 rows.
2025-10-23 15:44:19,063 [INFO] 61 fetched
2025-10-23 15:44:19,063 [INFO] Sleeping 55s before next set.
2025-10-23 15:45:14,661 [INFO] Fetching 71700-1 — https://www.bricklink.com/v2/catalog/catalogitem.page?S=71700-1#T=P
2025-10-23 15:45:24,671 [INFO] Appended 4 rows — CSV now has 15612 rows.
2025-10-23 15:45:24,685 [INFO] 62 fetched
2025-10-23 15:45:24,686 [INFO] Sleeping 52s before next set.
2025-10-23 15:46:17,091 [INFO] Fetching 71707-1 — https://www.bricklink.com/v2/catalog/catalogitem.page?S=71707-1#T=P
2025-10-23 15:46:26,850 [INFO] Appended 4 rows — CSV now has 15616 rows.
2025-10-23 15:46:26,858 [INFO] 63 fetched
2025-10-23 15:46:26,859 [INFO] Sleeping 40s before next set.
2025-10-23 15:47:07,071 [INFO] Fetching 75265-1 — https://www.bricklink.com/v2/catalog/catalogitem.page?S=75265-1#T=P
2025-10-23 15:47:16,938 [INFO] Appended 4 rows — CSV now has 15620 rows.
2025-10-23 15:47:16,946 [INFO] 64 fetched
2025-10-23 15:47:16,946 [INFO] Sleeping 35s before next set.
2025-10-23 15:47:52,861 [INFO] Fetching 75267-1 — https://www.bricklink.com/v2/catalog/catalogitem.page?S=75267-1#T=P
2025-10-23 15:48:20,273 [INFO] Appended 4 rows — CSV now has 15624 rows.
2025-10-23 15:48:20,280 [INFO] 65 fetched
2025-10-23 15:48:20,280 [INFO] Sleeping 52s before next set.
2025-10-23 15:49:13,089 [INFO] Fetching 75269-1 — https://www.bricklink.com/v2/catalog/catalogitem.page?S=75269-1#T=P
2025-10-23 15:49:23,115 [INFO] Appended 4 rows — CSV now has 15628 rows.
2025-10-23 15:49:23,122 [INFO] 66 fetched
2025-10-23 15:49:23,123 [INFO] Sleeping 59s before next set.
2025-10-23 15:50:22,126 [INFO] Fetching 75271-1 — https://www.bricklink.com/v2/catalog/catalogitem.page?S=75271-1#T=P
2025-10-23 15:50:32,428 [INFO] Appended 4 rows — CSV now has 15632 rows.
2025-10-23 15:50:32,470 [INFO] 67 fetched
2025-10-23 15:50:32,470 [INFO] Sleeping 40s before next set.
2025-10-23 15:51:12,502 [INFO] Fetching 75281-1 — https://www.bricklink.com/v2/catalog/catalogitem.page?S=75281-1#T=P
2025-10-23 15:51:22,244 [INFO] Appended 4 rows — CSV now has 15636 rows.
2025-10-23 15:51:22,253 [INFO] 68 fetched
2025-10-23 15:51:22,254 [INFO] Sleeping 82s before next set.
2025-10-23 15:52:45,051 [INFO] Fetching 75942-1 — https://www.bricklink.com/v2/catalog/catalogitem.page?S=75942-1#T=P
2025-10-23 15:53:01,588 [INFO] Appended 4 rows — CSV now has 15640 rows.
2025-10-23 15:53:01,597 [INFO] 69 fetched
2025-10-23 15:53:01,598 [INFO] Sleeping 82s before next set.
2025-10-23 15:54:24,340 [INFO] Fetching 76141-1 — https://www.bricklink.com/v2/catalog/catalogitem.page?S=76141-1#T=P
2025-10-23 15:54:35,701 [INFO] Appended 4 rows — CSV now has 15644 rows.
2025-10-23 15:54:35,709 [INFO] 70 fetched
2025-10-23 15:54:35,710 [INFO] Sleeping 58s before next set.
2025-10-23 15:55:34,010 [INFO] Fetching 76146-1 — https://www.bricklink.com/v2/catalog/catalogitem.page?S=76146-1#T=P
2025-10-23 15:55:54,017 [INFO] Appended 4 rows — CSV now has 15648 rows.
2025-10-23 15:55:54,025 [INFO] 71 fetched
2025-10-23 15:55:54,026 [INFO] Sleeping 56s before next set.
2025-10-23 15:56:50,967 [INFO] Fetching 76149-1 — https://www.bricklink.com/v2/catalog/catalogitem.page?S=76149-1#T=P
2025-10-23 15:57:00,922 [INFO] Appended 4 rows — CSV now has 15652 rows.
2025-10-23 15:57:00,929 [INFO] 72 fetched
2025-10-23 15:57:00,929 [INFO] Sleeping 43s before next set.
2025-10-23 15:57:44,560 [INFO] Fetching 10934-1 — https://www.bricklink.com/v2/catalog/catalogitem.page?S=10934-1#T=P
2025-10-23 15:57:50,199 [INFO] Appended 4 rows — CSV now has 15656 rows.
2025-10-23 15:57:50,206 [INFO] 73 fetched
2025-10-23 15:57:50,206 [INFO] Sleeping 32s before next set.
2025-10-23 15:58:22,284 [INFO] Fetching 40380-1 — https://www.bricklink.com/v2/catalog/catalogitem.page?S=40380-1#T=P
2025-10-23 15:58:32,007 [INFO] Appended 4 rows — CSV now has 15660 rows.
2025-10-23 15:58:32,014 [INFO] 74 fetched
2025-10-23 15:58:32,015 [INFO] Sleeping 52s before next set.
2025-10-23 15:59:24,628 [INFO] Fetching 40382-1 — https://www.bricklink.com/v2/catalog/catalogitem.page?S=40382-1#T=P
2025-10-23 15:59:34,305 [INFO] Appended 4 rows — CSV now has 15664 rows.
2025-10-23 15:59:34,314 [INFO] 75 fetched
2025-10-23 15:59:34,314 [INFO] Sleeping 34s before next set.
2025-10-23 16:00:09,156 [INFO] Fetching 40425-1 — https://www.bricklink.com/v2/catalog/catalogitem.page?S=40425-1#T=P
2025-10-23 16:00:19,252 [INFO] Appended 4 rows — CSV now has 15668 rows.
2025-10-23 16:00:19,259 [INFO] 76 fetched
2025-10-23 16:00:19,260 [INFO] Sleeping 49s before next set.
2025-10-23 16:01:08,885 [INFO] Fetching 40428-1 — https://www.bricklink.com/v2/catalog/catalogitem.page?S=40428-1#T=P
2025-10-23 16:01:29,878 [INFO] Appended 4 rows — CSV now has 15672 rows.
2025-10-23 16:01:29,885 [INFO] 77 fetched
2025-10-23 16:01:29,886 [INFO] Sleeping 88s before next set.
2025-10-23 16:02:58,656 [INFO] Fetching 41251-1 — https://www.bricklink.com/v2/catalog/catalogitem.page?S=41251-1#T=P
2025-10-23 16:03:08,777 [INFO] Appended 4 rows — CSV now has 15676 rows.
2025-10-23 16:03:08,786 [INFO] 78 fetched
2025-10-23 16:03:08,786 [INFO] Sleeping 50s before next set.
2025-10-23 16:03:58,920 [INFO] Fetching 41390-1 — https://www.bricklink.com/v2/catalog/catalogitem.page?S=41390-1#T=P
2025-10-23 16:04:09,072 [INFO] Appended 4 rows — CSV now has 15680 rows.
2025-10-23 16:04:09,081 [INFO] 79 fetched
2025-10-23 16:04:09,081 [INFO] Sleeping 52s before next set.
2025-10-23 16:05:01,678 [INFO] Fetching 41421-1 — https://www.bricklink.com/v2/catalog/catalogitem.page?S=41421-1#T=P
2025-10-23 16:05:11,596 [INFO] Appended 4 rows — CSV now has 15684 rows.
2025-10-23 16:05:11,603 [INFO] 80 fetched
2025-10-23 16:05:11,603 [INFO] Sleeping 53s before next set.
2025-10-23 16:06:05,256 [INFO] Fetching 42101-1 — https://www.bricklink.com/v2/catalog/catalogitem.page?S=42101-1#T=P
2025-10-23 16:06:15,096 [INFO] Appended 4 rows — CSV now has 15688 rows.
2025-10-23 16:06:15,105 [INFO] 81 fetched
2025-10-23 16:06:15,105 [INFO] Sleeping 82s before next set.
2025-10-23 16:07:37,264 [INFO] Fetching 45026-1 — https://www.bricklink.com/v2/catalog/catalogitem.page?S=45026-1#T=P
2025-10-23 16:07:54,117 [INFO] Appended 4 rows — CSV now has 15692 rows.
2025-10-23 16:07:54,125 [INFO] 82 fetched
2025-10-23 16:07:54,126 [INFO] Sleeping 63s before next set.
2025-10-23 16:08:57,605 [INFO] Fetching 60273-1 — https://www.bricklink.com/v2/catalog/catalogitem.page?S=60273-1#T=P
2025-10-23 16:09:08,312 [INFO] Appended 4 rows — CSV now has 15696 rows.
2025-10-23 16:09:08,319 [INFO] 83 fetched
2025-10-23 16:09:08,319 [INFO] Sleeping 40s before next set.
2025-10-23 16:09:48,676 [INFO] Fetching 71360-1 — https://www.bricklink.com/v2/catalog/catalogitem.page?S=71360-1#T=P
2025-10-23 16:09:58,463 [INFO] Appended 4 rows — CSV now has 15700 rows.
2025-10-23 16:09:58,475 [INFO] 84 fetched
2025-10-23 16:09:58,476 [INFO] Sleeping 74s before next set.
2025-10-23 16:11:12,809 [INFO] Fetching 75549-1 — https://www.bricklink.com/v2/catalog/catalogitem.page?S=75549-1#T=P
2025-10-23 16:11:22,932 [INFO] Appended 4 rows — CSV now has 15704 rows.
2025-10-23 16:11:22,940 [INFO] 85 fetched
2025-10-23 16:11:22,940 [INFO] Sleeping 47s before next set.
2025-10-23 16:12:10,373 [INFO] Fetching 75939-1 — https://www.bricklink.com/v2/catalog/catalogitem.page?S=75939-1#T=P
2025-10-23 16:12:21,309 [INFO] Appended 4 rows — CSV now has 15708 rows.
2025-10-23 16:12:21,325 [INFO] 86 fetched
2025-10-23 16:12:21,326 [INFO] Sleeping 41s before next set.
2025-10-23 16:13:02,506 [INFO] Fetching 76152-1 — https://www.bricklink.com/v2/catalog/catalogitem.page?S=76152-1#T=P
2025-10-23 16:13:08,103 [INFO] Appended 4 rows — CSV now has 15712 rows.
2025-10-23 16:13:08,110 [INFO] 87 fetched
2025-10-23 16:13:08,110 [INFO] Sleeping 49s before next set.
2025-10-23 16:13:57,746 [INFO] Fetching 854050-1 — https://www.bricklink.com/v2/catalog/catalogitem.page?S=854050-1#T=P
2025-10-23 16:14:07,678 [INFO] Appended 4 rows — CSV now has 15716 rows.
2025-10-23 16:14:07,700 [INFO] 88 fetched
2025-10-23 16:14:07,700 [INFO] Sleeping 32s before next set.
2025-10-23 16:14:40,108 [INFO] Fetching 21158-1 — https://www.bricklink.com/v2/catalog/catalogitem.page?S=21158-1#T=P
2025-10-23 16:14:52,770 [INFO] Appended 4 rows — CSV now has 15720 rows.
2025-10-23 16:14:52,777 [INFO] 89 fetched
2025-10-23 16:14:52,777 [INFO] Sleeping 61s before next set.
2025-10-23 16:15:53,960 [INFO] Skip 21159-1 (fetch récent < 7 jours).
2025-10-23 16:15:53,960 [INFO] Fetching 40371-1 — https://www.bricklink.com/v2/catalog/catalogitem.page?S=40371-1#T=P
2025-10-23 16:16:03,845 [INFO] Appended 4 rows — CSV now has 15724 rows.
2025-10-23 16:16:03,857 [INFO] 90 fetched
2025-10-23 16:16:03,858 [INFO] Sleeping 71s before next set.
2025-10-23 16:17:15,804 [INFO] Fetching 40378-1 — https://www.bricklink.com/v2/catalog/catalogitem.page?S=40378-1#T=P
2025-10-23 16:17:25,913 [INFO] Appended 4 rows — CSV now has 15728 rows.
2025-10-23 16:17:25,920 [INFO] 91 fetched
2025-10-23 16:17:25,920 [INFO] Sleeping 33s before next set.
2025-10-23 16:17:59,861 [INFO] Fetching 40379-1 — https://www.bricklink.com/v2/catalog/catalogitem.page?S=40379-1#T=P
2025-10-23 16:18:09,787 [INFO] Appended 4 rows — CSV now has 15732 rows.
2025-10-23 16:18:09,794 [INFO] 92 fetched
2025-10-23 16:18:09,795 [INFO] Sleeping 45s before next set.
2025-10-23 16:18:54,817 [INFO] Fetching 31102-1 — https://www.bricklink.com/v2/catalog/catalogitem.page?S=31102-1#T=P
2025-10-23 16:19:04,498 [INFO] Appended 4 rows — CSV now has 15736 rows.
2025-10-23 16:19:04,510 [INFO] 93 fetched
2025-10-23 16:19:04,510 [INFO] Sleeping 89s before next set.
2025-10-23 16:20:34,233 [INFO] Fetching 40381-1 — https://www.bricklink.com/v2/catalog/catalogitem.page?S=40381-1#T=P
2025-10-23 16:20:48,723 [INFO] Appended 4 rows — CSV now has 15740 rows.
2025-10-23 16:20:48,731 [INFO] 94 fetched
2025-10-23 16:20:48,731 [INFO] Sleeping 68s before next set.
2025-10-23 16:21:57,590 [INFO] Finished run.
