2025-10-18 13:03:54,436 [INFO] Fichier de log actif : logs\bricklink_20251018_1103.log
2025-10-18 13:03:54,820 [INFO] 100 sets à scrapper récupérés depuis la DB.
2025-10-18 13:03:54,823 [INFO] Fetching 7243-1 — https://www.bricklink.com/v2/catalog/catalogitem.page?S=7243-1#T=P
2025-10-18 13:04:07,088 [INFO] Appended 4 rows — CSV now has 6848 rows.
2025-10-18 13:04:07,095 [INFO] 1 fetched
2025-10-18 13:04:07,095 [INFO] Sleeping 74s before next set.
2025-10-18 13:05:21,490 [INFO] Fetching 3825-1 — https://www.bricklink.com/v2/catalog/catalogitem.page?S=3825-1#T=P
2025-10-18 13:05:31,024 [INFO] Appended 4 rows — CSV now has 6852 rows.
2025-10-18 13:05:31,033 [INFO] 2 fetched
2025-10-18 13:05:31,033 [INFO] Sleeping 38s before next set.
2025-10-18 13:06:10,011 [INFO] Fetching 3826-1 — https://www.bricklink.com/v2/catalog/catalogitem.page?S=3826-1#T=P
2025-10-18 13:06:19,567 [INFO] Appended 4 rows — CSV now has 6856 rows.
2025-10-18 13:06:19,574 [INFO] 3 fetched
2025-10-18 13:06:19,574 [INFO] Sleeping 37s before next set.
2025-10-18 13:06:57,392 [INFO] Fetching 4892-1 — https://www.bricklink.com/v2/catalog/catalogitem.page?S=4892-1#T=P
2025-10-18 13:07:07,078 [INFO] Appended 4 rows — CSV now has 6860 rows.
2025-10-18 13:07:07,084 [INFO] 4 fetched
2025-10-18 13:07:07,084 [INFO] Sleeping 79s before next set.
2025-10-18 13:08:26,802 [INFO] Fetching 6208-1 — https://www.bricklink.com/v2/catalog/catalogitem.page?S=6208-1#T=P
2025-10-18 13:08:36,855 [INFO] Appended 4 rows — CSV now has 6864 rows.
2025-10-18 13:08:36,859 [INFO] 5 fetched
2025-10-18 13:08:36,859 [INFO] Sleeping 38s before next set.
2025-10-18 13:09:15,144 [INFO] Fetching 6212-1 — https://www.bricklink.com/v2/catalog/catalogitem.page?S=6212-1#T=P
2025-10-18 13:09:24,682 [INFO] Appended 4 rows — CSV now has 6868 rows.
2025-10-18 13:09:24,685 [INFO] 6 fetched
2025-10-18 13:09:24,686 [INFO] Sleeping 32s before next set.
2025-10-18 13:09:56,891 [INFO] Fetching 7781-1 — https://www.bricklink.com/v2/catalog/catalogitem.page?S=7781-1#T=P
2025-10-18 13:10:06,604 [INFO] Appended 4 rows — CSV now has 6872 rows.
2025-10-18 13:10:06,609 [INFO] 7 fetched
2025-10-18 13:10:06,610 [INFO] Sleeping 56s before next set.
2025-10-18 13:11:02,753 [INFO] Fetching 7892-1 — https://www.bricklink.com/v2/catalog/catalogitem.page?S=7892-1#T=P
2025-10-18 13:11:12,798 [INFO] Appended 4 rows — CSV now has 6876 rows.
2025-10-18 13:11:12,807 [INFO] 8 fetched
2025-10-18 13:11:12,808 [INFO] Sleeping 35s before next set.
2025-10-18 13:11:48,674 [INFO] Fetching 7893-1 — https://www.bricklink.com/v2/catalog/catalogitem.page?S=7893-1#T=P
2025-10-18 13:11:58,031 [INFO] Appended 4 rows — CSV now has 6880 rows.
2025-10-18 13:11:58,039 [INFO] 9 fetched
2025-10-18 13:11:58,040 [INFO] Sleeping 46s before next set.
2025-10-18 13:12:44,621 [INFO] Fetching 8283-1 — https://www.bricklink.com/v2/catalog/catalogitem.page?S=8283-1#T=P
2025-10-18 13:12:49,896 [INFO] Appended 4 rows — CSV now has 6884 rows.
2025-10-18 13:12:49,901 [INFO] 10 fetched
2025-10-18 13:12:49,901 [INFO] Sleeping 39s before next set.
2025-10-18 13:13:29,436 [INFO] Fetching 7773-1 — https://www.bricklink.com/v2/catalog/catalogitem.page?S=7773-1#T=P
2025-10-18 13:13:38,825 [INFO] Appended 4 rows — CSV now has 6888 rows.
2025-10-18 13:13:38,831 [INFO] 11 fetched
2025-10-18 13:13:38,832 [INFO] Sleeping 39s before next set.
2025-10-18 13:14:18,524 [INFO] Fetching 8272-1 — https://www.bricklink.com/v2/catalog/catalogitem.page?S=8272-1#T=P
2025-10-18 13:14:27,943 [INFO] Appended 4 rows — CSV now has 6892 rows.
2025-10-18 13:14:27,947 [INFO] 12 fetched
2025-10-18 13:14:27,947 [INFO] Sleeping 41s before next set.
2025-10-18 13:15:09,589 [INFO] Fetching 4953-1 — https://www.bricklink.com/v2/catalog/catalogitem.page?S=4953-1#T=P
2025-10-18 13:15:19,042 [INFO] Appended 4 rows — CSV now has 6896 rows.
2025-10-18 13:15:19,046 [INFO] 13 fetched
2025-10-18 13:15:19,046 [INFO] Sleeping 38s before next set.
2025-10-18 13:15:57,737 [INFO] Fetching 4981-1 — https://www.bricklink.com/v2/catalog/catalogitem.page?S=4981-1#T=P
2025-10-18 13:16:07,290 [INFO] Appended 4 rows — CSV now has 6900 rows.
2025-10-18 13:16:07,301 [INFO] 14 fetched
2025-10-18 13:16:07,301 [INFO] Sleeping 76s before next set.
2025-10-18 13:17:24,185 [INFO] Fetching 4982-1 — https://www.bricklink.com/v2/catalog/catalogitem.page?S=4982-1#T=P
2025-10-18 13:17:33,994 [INFO] Appended 4 rows — CSV now has 6904 rows.
2025-10-18 13:17:33,999 [INFO] 15 fetched
2025-10-18 13:17:33,999 [INFO] Sleeping 85s before next set.
2025-10-18 13:18:59,536 [INFO] Fetching 6162-1 — https://www.bricklink.com/v2/catalog/catalogitem.page?S=6162-1#T=P
2025-10-18 13:19:09,144 [INFO] Appended 4 rows — CSV now has 6908 rows.
2025-10-18 13:19:09,151 [INFO] 16 fetched
2025-10-18 13:19:09,151 [INFO] Sleeping 57s before next set.
2025-10-18 13:20:06,250 [INFO] Fetching 7093-1 — https://www.bricklink.com/v2/catalog/catalogitem.page?S=7093-1#T=P
2025-10-18 13:20:15,837 [INFO] Appended 4 rows — CSV now has 6912 rows.
2025-10-18 13:20:15,844 [INFO] 17 fetched
2025-10-18 13:20:15,844 [INFO] Sleeping 89s before next set.
2025-10-18 13:21:45,638 [INFO] Fetching 7658-1 — https://www.bricklink.com/v2/catalog/catalogitem.page?S=7658-1#T=P
2025-10-18 13:21:55,229 [INFO] Appended 4 rows — CSV now has 6916 rows.
2025-10-18 13:21:55,234 [INFO] 18 fetched
2025-10-18 13:21:55,235 [INFO] Sleeping 69s before next set.
2025-10-18 13:23:04,372 [INFO] Fetching 7659-1 — https://www.bricklink.com/v2/catalog/catalogitem.page?S=7659-1#T=P
2025-10-18 13:23:13,875 [INFO] Appended 4 rows — CSV now has 6920 rows.
2025-10-18 13:23:13,879 [INFO] 19 fetched
2025-10-18 13:23:13,880 [INFO] Sleeping 76s before next set.
2025-10-18 13:24:29,996 [INFO] Fetching 7660-1 — https://www.bricklink.com/v2/catalog/catalogitem.page?S=7660-1#T=P
2025-10-18 13:24:39,597 [INFO] Appended 4 rows — CSV now has 6924 rows.
2025-10-18 13:24:39,601 [INFO] 20 fetched
2025-10-18 13:24:39,602 [INFO] Sleeping 69s before next set.
2025-10-18 13:25:48,967 [INFO] Fetching 7663-1 — https://www.bricklink.com/v2/catalog/catalogitem.page?S=7663-1#T=P
2025-10-18 13:25:58,795 [INFO] Appended 4 rows — CSV now has 6928 rows.
2025-10-18 13:25:58,799 [INFO] 21 fetched
2025-10-18 13:25:58,800 [INFO] Sleeping 81s before next set.
2025-10-18 13:27:20,004 [INFO] Fetching 7691-1 — https://www.bricklink.com/v2/catalog/catalogitem.page?S=7691-1#T=P
2025-10-18 13:27:29,693 [INFO] Appended 4 rows — CSV now has 6932 rows.
2025-10-18 13:27:29,697 [INFO] 22 fetched
2025-10-18 13:27:29,697 [INFO] Sleeping 47s before next set.
2025-10-18 13:28:17,324 [INFO] Fetching 7692-1 — https://www.bricklink.com/v2/catalog/catalogitem.page?S=7692-1#T=P
2025-10-18 13:28:26,697 [INFO] Appended 4 rows — CSV now has 6936 rows.
2025-10-18 13:28:26,703 [INFO] 23 fetched
2025-10-18 13:28:26,704 [INFO] Sleeping 84s before next set.
2025-10-18 13:29:51,136 [INFO] Fetching 7697-1 — https://www.bricklink.com/v2/catalog/catalogitem.page?S=7697-1#T=P
2025-10-18 13:30:00,587 [INFO] Appended 4 rows — CSV now has 6940 rows.
2025-10-18 13:30:00,592 [INFO] 24 fetched
2025-10-18 13:30:00,592 [INFO] Sleeping 60s before next set.
2025-10-18 13:31:01,553 [INFO] Fetching 7714-1 — https://www.bricklink.com/v2/catalog/catalogitem.page?S=7714-1#T=P
2025-10-18 13:31:11,286 [INFO] Appended 4 rows — CSV now has 6944 rows.
2025-10-18 13:31:11,292 [INFO] 25 fetched
2025-10-18 13:31:11,292 [INFO] Sleeping 63s before next set.
2025-10-18 13:32:15,171 [INFO] Fetching 7786-1 — https://www.bricklink.com/v2/catalog/catalogitem.page?S=7786-1#T=P
2025-10-18 13:32:24,733 [INFO] Appended 4 rows — CSV now has 6948 rows.
2025-10-18 13:32:24,737 [INFO] 26 fetched
2025-10-18 13:32:24,738 [INFO] Sleeping 79s before next set.
2025-10-18 13:33:44,003 [INFO] Fetching 7944-1 — https://www.bricklink.com/v2/catalog/catalogitem.page?S=7944-1#T=P
2025-10-18 13:33:53,647 [INFO] Appended 4 rows — CSV now has 6952 rows.
2025-10-18 13:33:53,651 [INFO] 27 fetched
2025-10-18 13:33:53,651 [INFO] Sleeping 70s before next set.
2025-10-18 13:35:04,501 [INFO] Fetching 7993-1 — https://www.bricklink.com/v2/catalog/catalogitem.page?S=7993-1#T=P
2025-10-18 13:35:13,964 [INFO] Appended 4 rows — CSV now has 6956 rows.
2025-10-18 13:35:13,968 [INFO] 28 fetched
2025-10-18 13:35:13,969 [INFO] Sleeping 75s before next set.
2025-10-18 13:36:29,895 [INFO] Fetching 7997-1 — https://www.bricklink.com/v2/catalog/catalogitem.page?S=7997-1#T=P
2025-10-18 13:36:39,588 [INFO] Appended 4 rows — CSV now has 6960 rows.
2025-10-18 13:36:39,593 [INFO] 29 fetched
2025-10-18 13:36:39,594 [INFO] Sleeping 61s before next set.
2025-10-18 13:37:40,857 [INFO] Fetching 7998-1 — https://www.bricklink.com/v2/catalog/catalogitem.page?S=7998-1#T=P
2025-10-18 13:37:50,680 [INFO] Appended 4 rows — CSV now has 6964 rows.
2025-10-18 13:37:50,687 [INFO] 30 fetched
2025-10-18 13:37:50,688 [INFO] Sleeping 76s before next set.
2025-10-18 13:39:07,567 [INFO] Fetching 8106-1 — https://www.bricklink.com/v2/catalog/catalogitem.page?S=8106-1#T=P
2025-10-18 13:39:17,198 [INFO] Appended 4 rows — CSV now has 6968 rows.
2025-10-18 13:39:17,205 [INFO] 31 fetched
2025-10-18 13:39:17,205 [INFO] Sleeping 39s before next set.
2025-10-18 13:39:57,077 [INFO] Fetching 8134-1 — https://www.bricklink.com/v2/catalog/catalogitem.page?S=8134-1#T=P
2025-10-18 13:40:06,478 [INFO] Appended 4 rows — CSV now has 6972 rows.
2025-10-18 13:40:06,482 [INFO] 32 fetched
2025-10-18 13:40:06,483 [INFO] Sleeping 36s before next set.
2025-10-18 13:40:43,233 [INFO] Fetching 66208-1 — https://www.bricklink.com/v2/catalog/catalogitem.page?S=66208-1#T=P
2025-10-18 13:40:48,748 [INFO] Appended 4 rows — CSV now has 6976 rows.
2025-10-18 13:40:48,752 [INFO] 33 fetched
2025-10-18 13:40:48,752 [INFO] Sleeping 83s before next set.
2025-10-18 13:42:12,566 [INFO] Fetching 6186-1 — https://www.bricklink.com/v2/catalog/catalogitem.page?S=6186-1#T=P
2025-10-18 13:42:18,405 [INFO] Appended 4 rows — CSV now has 6980 rows.
2025-10-18 13:42:18,412 [INFO] 34 fetched
2025-10-18 13:42:18,413 [INFO] Sleeping 42s before next set.
2025-10-18 13:43:00,608 [INFO] Fetching 6187-1 — https://www.bricklink.com/v2/catalog/catalogitem.page?S=6187-1#T=P
2025-10-18 13:43:06,144 [INFO] Appended 4 rows — CSV now has 6984 rows.
2025-10-18 13:43:06,148 [INFO] 35 fetched
2025-10-18 13:43:06,148 [INFO] Sleeping 54s before next set.
2025-10-18 13:44:00,767 [INFO] Fetching 7671-1 — https://www.bricklink.com/v2/catalog/catalogitem.page?S=7671-1#T=P
2025-10-18 13:44:10,672 [INFO] Appended 4 rows — CSV now has 6988 rows.
2025-10-18 13:44:10,678 [INFO] 36 fetched
2025-10-18 13:44:10,679 [INFO] Sleeping 58s before next set.
2025-10-18 13:45:08,930 [INFO] Fetching 8155-1 — https://www.bricklink.com/v2/catalog/catalogitem.page?S=8155-1#T=P
2025-10-18 13:45:18,545 [INFO] Appended 4 rows — CSV now has 6992 rows.
2025-10-18 13:45:18,554 [INFO] 37 fetched
2025-10-18 13:45:18,554 [INFO] Sleeping 76s before next set.
2025-10-18 13:46:35,185 [INFO] Fetching 7672-1 — https://www.bricklink.com/v2/catalog/catalogitem.page?S=7672-1#T=P
2025-10-18 13:46:44,770 [INFO] Appended 4 rows — CSV now has 6996 rows.
2025-10-18 13:46:44,776 [INFO] 38 fetched
2025-10-18 13:46:44,776 [INFO] Sleeping 64s before next set.
2025-10-18 13:47:49,703 [INFO] Fetching 3831-1 — https://www.bricklink.com/v2/catalog/catalogitem.page?S=3831-1#T=P
2025-10-18 13:47:59,245 [INFO] Appended 4 rows — CSV now has 7000 rows.
2025-10-18 13:47:59,249 [INFO] 39 fetched
2025-10-18 13:47:59,249 [INFO] Sleeping 88s before next set.
2025-10-18 13:49:27,603 [INFO] Fetching 4210-1 — https://www.bricklink.com/v2/catalog/catalogitem.page?S=4210-1#T=P
2025-10-18 13:49:37,197 [INFO] Appended 4 rows — CSV now has 7004 rows.
2025-10-18 13:49:37,201 [INFO] 40 fetched
2025-10-18 13:49:37,201 [INFO] Sleeping 118s before next set.
2025-10-18 13:51:35,371 [INFO] Fetching 4995-1 — https://www.bricklink.com/v2/catalog/catalogitem.page?S=4995-1#T=P
2025-10-18 13:51:44,942 [INFO] Appended 4 rows — CSV now has 7008 rows.
2025-10-18 13:51:44,946 [INFO] 41 fetched
2025-10-18 13:51:44,947 [INFO] Sleeping 64s before next set.
2025-10-18 13:52:49,109 [INFO] Fetching 5574-1 — https://www.bricklink.com/v2/catalog/catalogitem.page?S=5574-1#T=P
2025-10-18 13:52:54,766 [INFO] Appended 4 rows — CSV now has 7012 rows.
2025-10-18 13:52:54,770 [INFO] 42 fetched
2025-10-18 13:52:54,770 [INFO] Sleeping 67s before next set.
2025-10-18 13:54:01,915 [INFO] Skip 5578-1 (fetch récent < 7 jours).
2025-10-18 13:54:01,916 [INFO] Fetching 7037-1 — https://www.bricklink.com/v2/catalog/catalogitem.page?S=7037-1#T=P
2025-10-18 13:54:11,416 [INFO] Appended 4 rows — CSV now has 7016 rows.
2025-10-18 13:54:11,421 [INFO] 43 fetched
2025-10-18 13:54:11,421 [INFO] Sleeping 55s before next set.
2025-10-18 13:55:07,418 [INFO] Fetching 7048-1 — https://www.bricklink.com/v2/catalog/catalogitem.page?S=7048-1#T=P
2025-10-18 13:55:16,986 [INFO] Appended 4 rows — CSV now has 7020 rows.
2025-10-18 13:55:16,991 [INFO] 44 fetched
2025-10-18 13:55:16,991 [INFO] Sleeping 83s before next set.
2025-10-18 13:56:40,294 [INFO] Fetching 7621-1 — https://www.bricklink.com/v2/catalog/catalogitem.page?S=7621-1#T=P
2025-10-18 13:56:49,772 [INFO] Appended 4 rows — CSV now has 7024 rows.
2025-10-18 13:56:49,779 [INFO] 45 fetched
2025-10-18 13:56:49,780 [INFO] Sleeping 70s before next set.
2025-10-18 13:58:00,271 [INFO] Fetching 7622-1 — https://www.bricklink.com/v2/catalog/catalogitem.page?S=7622-1#T=P
2025-10-18 13:58:09,829 [INFO] Appended 4 rows — CSV now has 7028 rows.
2025-10-18 13:58:09,839 [INFO] 46 fetched
2025-10-18 13:58:09,839 [INFO] Sleeping 78s before next set.
2025-10-18 13:59:28,353 [INFO] Fetching 7646-1 — https://www.bricklink.com/v2/catalog/catalogitem.page?S=7646-1#T=P
2025-10-18 13:59:38,063 [INFO] Appended 4 rows — CSV now has 7032 rows.
2025-10-18 13:59:38,067 [INFO] 47 fetched
2025-10-18 13:59:38,067 [INFO] Sleeping 89s before next set.
2025-10-18 14:01:07,448 [INFO] Fetching 7673-1 — https://www.bricklink.com/v2/catalog/catalogitem.page?S=7673-1#T=P
2025-10-18 14:01:17,005 [INFO] Appended 4 rows — CSV now has 7036 rows.
2025-10-18 14:01:17,009 [INFO] 48 fetched
2025-10-18 14:01:17,010 [INFO] Sleeping 84s before next set.
2025-10-18 14:02:41,922 [INFO] Fetching 7674-1 — https://www.bricklink.com/v2/catalog/catalogitem.page?S=7674-1#T=P
2025-10-18 14:02:51,680 [INFO] Appended 4 rows — CSV now has 7040 rows.
2025-10-18 14:02:51,685 [INFO] 49 fetched
2025-10-18 14:02:51,686 [INFO] Sleeping 55s before next set.
2025-10-18 14:03:47,455 [INFO] Fetching 7678-1 — https://www.bricklink.com/v2/catalog/catalogitem.page?S=7678-1#T=P
2025-10-18 14:03:56,919 [INFO] Appended 4 rows — CSV now has 7044 rows.
2025-10-18 14:03:56,928 [INFO] 50 fetched
2025-10-18 14:03:56,928 [INFO] Sleeping 80s before next set.
2025-10-18 14:05:17,103 [INFO] Fetching 7726-1 — https://www.bricklink.com/v2/catalog/catalogitem.page?S=7726-1#T=P
2025-10-18 14:05:27,994 [INFO] Appended 4 rows — CSV now has 7048 rows.
2025-10-18 14:05:28,001 [INFO] 51 fetched
2025-10-18 14:05:28,001 [INFO] Sleeping 75s before next set.
2025-10-18 14:06:43,149 [INFO] Fetching 7733-1 — https://www.bricklink.com/v2/catalog/catalogitem.page?S=7733-1#T=P
2025-10-18 14:06:52,524 [INFO] Appended 4 rows — CSV now has 7052 rows.
2025-10-18 14:06:52,533 [INFO] 52 fetched
2025-10-18 14:06:52,534 [INFO] Sleeping 68s before next set.
2025-10-18 14:08:01,201 [INFO] Fetching 7734-1 — https://www.bricklink.com/v2/catalog/catalogitem.page?S=7734-1#T=P
2025-10-18 14:08:11,308 [INFO] Appended 4 rows — CSV now has 7056 rows.
2025-10-18 14:08:11,320 [INFO] 53 fetched
2025-10-18 14:08:11,321 [INFO] Sleeping 76s before next set.
2025-10-18 14:09:27,570 [INFO] Fetching 7738-1 — https://www.bricklink.com/v2/catalog/catalogitem.page?S=7738-1#T=P
2025-10-18 14:09:37,056 [INFO] Appended 4 rows — CSV now has 7060 rows.
2025-10-18 14:09:37,060 [INFO] 54 fetched
2025-10-18 14:09:37,060 [INFO] Sleeping 58s before next set.
2025-10-18 14:10:36,052 [INFO] Fetching 7739-1 — https://www.bricklink.com/v2/catalog/catalogitem.page?S=7739-1#T=P
2025-10-18 14:10:45,661 [INFO] Appended 4 rows — CSV now has 7064 rows.
2025-10-18 14:10:45,666 [INFO] 55 fetched
2025-10-18 14:10:45,667 [INFO] Sleeping 68s before next set.
2025-10-18 14:11:54,342 [INFO] Fetching 7886-1 — https://www.bricklink.com/v2/catalog/catalogitem.page?S=7886-1#T=P
2025-10-18 14:12:03,901 [INFO] Appended 4 rows — CSV now has 7068 rows.
2025-10-18 14:12:03,905 [INFO] 56 fetched
2025-10-18 14:12:03,905 [INFO] Sleeping 60s before next set.
2025-10-18 14:13:04,224 [INFO] Fetching 7888-1 — https://www.bricklink.com/v2/catalog/catalogitem.page?S=7888-1#T=P
2025-10-18 14:13:14,598 [INFO] Appended 4 rows — CSV now has 7072 rows.
2025-10-18 14:13:14,608 [INFO] 57 fetched
2025-10-18 14:13:14,609 [INFO] Sleeping 47s before next set.
2025-10-18 14:14:02,603 [INFO] Fetching 8117-1 — https://www.bricklink.com/v2/catalog/catalogitem.page?S=8117-1#T=P
2025-10-18 14:14:11,682 [INFO] Appended 4 rows — CSV now has 7076 rows.
2025-10-18 14:14:11,686 [INFO] 58 fetched
2025-10-18 14:14:11,686 [INFO] Sleeping 79s before next set.
2025-10-18 14:15:31,189 [INFO] Fetching 8118-1 — https://www.bricklink.com/v2/catalog/catalogitem.page?S=8118-1#T=P
2025-10-18 14:15:40,662 [INFO] Appended 4 rows — CSV now has 7080 rows.
2025-10-18 14:15:40,666 [INFO] 59 fetched
2025-10-18 14:15:40,666 [INFO] Sleeping 79s before next set.
2025-10-18 14:16:59,978 [INFO] Fetching 8153-1 — https://www.bricklink.com/v2/catalog/catalogitem.page?S=8153-1#T=P
2025-10-18 14:17:09,577 [INFO] Appended 4 rows — CSV now has 7084 rows.
2025-10-18 14:17:09,581 [INFO] 60 fetched
2025-10-18 14:17:09,581 [INFO] Sleeping 85s before next set.
2025-10-18 14:18:35,035 [INFO] Fetching 8160-1 — https://www.bricklink.com/v2/catalog/catalogitem.page?S=8160-1#T=P
2025-10-18 14:18:44,734 [INFO] Appended 4 rows — CSV now has 7088 rows.
2025-10-18 14:18:44,782 [INFO] 61 fetched
2025-10-18 14:18:44,782 [INFO] Sleeping 47s before next set.
2025-10-18 14:19:32,221 [INFO] Fetching 8494-1 — https://www.bricklink.com/v2/catalog/catalogitem.page?S=8494-1#T=P
2025-10-18 14:19:37,856 [INFO] Appended 4 rows — CSV now has 7092 rows.
2025-10-18 14:19:37,860 [INFO] 62 fetched
2025-10-18 14:19:37,860 [INFO] Sleeping 76s before next set.
2025-10-18 14:20:54,043 [INFO] Fetching 8630-1 — https://www.bricklink.com/v2/catalog/catalogitem.page?S=8630-1#T=P
2025-10-18 14:21:03,633 [INFO] Appended 4 rows — CSV now has 7096 rows.
2025-10-18 14:21:03,643 [INFO] 63 fetched
2025-10-18 14:21:03,643 [INFO] Sleeping 55s before next set.
2025-10-18 14:21:59,205 [INFO] Fetching 8633-1 — https://www.bricklink.com/v2/catalog/catalogitem.page?S=8633-1#T=P
2025-10-18 14:22:08,903 [INFO] Appended 4 rows — CSV now has 7100 rows.
2025-10-18 14:22:08,907 [INFO] 64 fetched
2025-10-18 14:22:08,908 [INFO] Sleeping 72s before next set.
2025-10-18 14:23:21,026 [INFO] Fetching 8634-1 — https://www.bricklink.com/v2/catalog/catalogitem.page?S=8634-1#T=P
2025-10-18 14:23:30,738 [INFO] Appended 4 rows — CSV now has 7104 rows.
2025-10-18 14:23:30,743 [INFO] 65 fetched
2025-10-18 14:23:30,743 [INFO] Sleeping 33s before next set.
2025-10-18 14:24:04,213 [INFO] Fetching 5587-1 — https://www.bricklink.com/v2/catalog/catalogitem.page?S=5587-1#T=P
2025-10-18 14:24:09,813 [INFO] Aucune donnée parsée pour 5587-1.
2025-10-18 14:24:09,817 [INFO] 66 fetched
2025-10-18 14:24:09,817 [INFO] Sleeping 71s before next set.
2025-10-18 14:25:20,921 [INFO] Fetching 8262-1 — https://www.bricklink.com/v2/catalog/catalogitem.page?S=8262-1#T=P
2025-10-18 14:25:30,399 [INFO] Appended 4 rows — CSV now has 7108 rows.
2025-10-18 14:25:30,403 [INFO] 67 fetched
2025-10-18 14:25:30,403 [INFO] Sleeping 86s before next set.
2025-10-18 14:26:56,674 [INFO] Fetching 5972-1 — https://www.bricklink.com/v2/catalog/catalogitem.page?S=5972-1#T=P
2025-10-18 14:27:06,243 [INFO] Appended 4 rows — CSV now has 7112 rows.
2025-10-18 14:27:06,250 [INFO] 68 fetched
2025-10-18 14:27:06,250 [INFO] Sleeping 87s before next set.
2025-10-18 14:28:33,879 [INFO] Fetching 3834-1 — https://www.bricklink.com/v2/catalog/catalogitem.page?S=3834-1#T=P
2025-10-18 14:28:43,420 [INFO] Appended 4 rows — CSV now has 7116 rows.
2025-10-18 14:28:43,424 [INFO] 69 fetched
2025-10-18 14:28:43,425 [INFO] Sleeping 69s before next set.
2025-10-18 14:29:53,031 [INFO] Fetching 3840-1 — https://www.bricklink.com/v2/catalog/catalogitem.page?S=3840-1#T=P
2025-10-18 14:30:02,822 [INFO] Appended 4 rows — CSV now has 7120 rows.
2025-10-18 14:30:02,826 [INFO] 70 fetched
2025-10-18 14:30:02,826 [INFO] Sleeping 39s before next set.
2025-10-18 14:30:42,486 [INFO] Fetching 3844-1 — https://www.bricklink.com/v2/catalog/catalogitem.page?S=3844-1#T=P
2025-10-18 14:30:52,090 [INFO] Appended 4 rows — CSV now has 7124 rows.
2025-10-18 14:30:52,097 [INFO] 71 fetched
2025-10-18 14:30:52,097 [INFO] Sleeping 72s before next set.
2025-10-18 14:32:04,863 [INFO] Fetching 5973-1 — https://www.bricklink.com/v2/catalog/catalogitem.page?S=5973-1#T=P
2025-10-18 14:32:14,227 [INFO] Appended 4 rows — CSV now has 7128 rows.
2025-10-18 14:32:14,231 [INFO] 72 fetched
2025-10-18 14:32:14,231 [INFO] Sleeping 67s before next set.
2025-10-18 14:33:21,603 [INFO] Fetching 5979-1 — https://www.bricklink.com/v2/catalog/catalogitem.page?S=5979-1#T=P
2025-10-18 14:33:31,251 [INFO] Appended 4 rows — CSV now has 7132 rows.
2025-10-18 14:33:31,255 [INFO] 73 fetched
2025-10-18 14:33:31,256 [INFO] Sleeping 89s before next set.
2025-10-18 14:35:00,993 [INFO] Fetching 5980-1 — https://www.bricklink.com/v2/catalog/catalogitem.page?S=5980-1#T=P
2025-10-18 14:35:10,514 [INFO] Appended 4 rows — CSV now has 7136 rows.
2025-10-18 14:35:10,518 [INFO] 74 fetched
2025-10-18 14:35:10,519 [INFO] Sleeping 34s before next set.
2025-10-18 14:35:45,374 [INFO] Fetching 6242-1 — https://www.bricklink.com/v2/catalog/catalogitem.page?S=6242-1#T=P
2025-10-18 14:35:55,008 [INFO] Appended 4 rows — CSV now has 7140 rows.
2025-10-18 14:35:55,019 [INFO] 75 fetched
2025-10-18 14:35:55,020 [INFO] Sleeping 54s before next set.
2025-10-18 14:36:49,651 [INFO] Fetching 6253-1 — https://www.bricklink.com/v2/catalog/catalogitem.page?S=6253-1#T=P
2025-10-18 14:36:59,212 [INFO] Appended 4 rows — CSV now has 7144 rows.
2025-10-18 14:36:59,217 [INFO] 76 fetched
2025-10-18 14:36:59,217 [INFO] Sleeping 59s before next set.
2025-10-18 14:37:58,330 [INFO] Fetching 6747-1 — https://www.bricklink.com/v2/catalog/catalogitem.page?S=6747-1#T=P
2025-10-18 14:38:07,941 [INFO] Appended 4 rows — CSV now has 7148 rows.
2025-10-18 14:38:07,945 [INFO] 77 fetched
2025-10-18 14:38:07,945 [INFO] Sleeping 49s before next set.
2025-10-18 14:38:57,561 [INFO] Fetching 6751-1 — https://www.bricklink.com/v2/catalog/catalogitem.page?S=6751-1#T=P
2025-10-18 14:39:07,465 [INFO] Appended 4 rows — CSV now has 7152 rows.
2025-10-18 14:39:07,474 [INFO] 78 fetched
2025-10-18 14:39:07,475 [INFO] Sleeping 76s before next set.
2025-10-18 14:40:24,183 [INFO] Fetching 7079-1 — https://www.bricklink.com/v2/catalog/catalogitem.page?S=7079-1#T=P
2025-10-18 14:40:33,767 [INFO] Appended 4 rows — CSV now has 7156 rows.
2025-10-18 14:40:33,771 [INFO] 79 fetched
2025-10-18 14:40:33,771 [INFO] Sleeping 55s before next set.
2025-10-18 14:41:29,680 [INFO] Fetching 7197-1 — https://www.bricklink.com/v2/catalog/catalogitem.page?S=7197-1#T=P
2025-10-18 14:41:39,500 [INFO] Appended 4 rows — CSV now has 7160 rows.
2025-10-18 14:41:39,505 [INFO] 80 fetched
2025-10-18 14:41:39,505 [INFO] Sleeping 128s before next set.
2025-10-18 14:43:47,706 [INFO] Fetching 7198-1 — https://www.bricklink.com/v2/catalog/catalogitem.page?S=7198-1#T=P
2025-10-18 14:43:57,249 [INFO] Appended 4 rows — CSV now has 7164 rows.
2025-10-18 14:43:57,258 [INFO] 81 fetched
2025-10-18 14:43:57,258 [INFO] Sleeping 87s before next set.
2025-10-18 14:45:24,467 [INFO] Fetching 7632-1 — https://www.bricklink.com/v2/catalog/catalogitem.page?S=7632-1#T=P
2025-10-18 14:45:34,291 [INFO] Appended 4 rows — CSV now has 7168 rows.
2025-10-18 14:45:34,298 [INFO] 82 fetched
2025-10-18 14:45:34,299 [INFO] Sleeping 48s before next set.
2025-10-18 14:46:23,296 [INFO] Fetching 7636-1 — https://www.bricklink.com/v2/catalog/catalogitem.page?S=7636-1#T=P
2025-10-18 14:46:33,004 [INFO] Appended 4 rows — CSV now has 7172 rows.
2025-10-18 14:46:33,008 [INFO] 83 fetched
2025-10-18 14:46:33,008 [INFO] Sleeping 78s before next set.
2025-10-18 14:47:51,154 [INFO] Fetching 7641-1 — https://www.bricklink.com/v2/catalog/catalogitem.page?S=7641-1#T=P
2025-10-18 14:48:00,592 [INFO] Appended 4 rows — CSV now has 7176 rows.
2025-10-18 14:48:00,596 [INFO] 84 fetched
2025-10-18 14:48:00,596 [INFO] Sleeping 66s before next set.
2025-10-18 14:49:06,940 [INFO] Fetching 7683-1 — https://www.bricklink.com/v2/catalog/catalogitem.page?S=7683-1#T=P
2025-10-18 14:49:16,454 [INFO] Appended 4 rows — CSV now has 7180 rows.
2025-10-18 14:49:16,458 [INFO] 85 fetched
2025-10-18 14:49:16,459 [INFO] Sleeping 85s before next set.
2025-10-18 14:50:41,983 [INFO] Fetching 7685-1 — https://www.bricklink.com/v2/catalog/catalogitem.page?S=7685-1#T=P
2025-10-18 14:50:51,417 [INFO] Appended 4 rows — CSV now has 7184 rows.
2025-10-18 14:50:51,422 [INFO] 86 fetched
2025-10-18 14:50:51,423 [INFO] Sleeping 53s before next set.
2025-10-18 14:51:44,572 [INFO] Fetching 7686-1 — https://www.bricklink.com/v2/catalog/catalogitem.page?S=7686-1#T=P
2025-10-18 14:51:54,335 [INFO] Appended 4 rows — CSV now has 7188 rows.
2025-10-18 14:51:54,339 [INFO] 87 fetched
2025-10-18 14:51:54,339 [INFO] Sleeping 86s before next set.
2025-10-18 14:53:20,598 [INFO] Fetching 7687-1 — https://www.bricklink.com/v2/catalog/catalogitem.page?S=7687-1#T=P
2025-10-18 14:53:26,766 [INFO] Appended 4 rows — CSV now has 7192 rows.
2025-10-18 14:53:26,773 [INFO] 88 fetched
2025-10-18 14:53:26,774 [INFO] Sleeping 78s before next set.
2025-10-18 14:54:44,872 [INFO] Fetching 7747-1 — https://www.bricklink.com/v2/catalog/catalogitem.page?S=7747-1#T=P
2025-10-18 14:54:54,674 [INFO] Appended 4 rows — CSV now has 7196 rows.
2025-10-18 14:54:54,681 [INFO] 89 fetched
2025-10-18 14:54:54,682 [INFO] Sleeping 84s before next set.
2025-10-18 14:56:19,676 [INFO] Fetching 7751-1 — https://www.bricklink.com/v2/catalog/catalogitem.page?S=7751-1#T=P
2025-10-18 14:56:29,093 [INFO] Appended 4 rows — CSV now has 7200 rows.
2025-10-18 14:56:29,098 [INFO] 90 fetched
2025-10-18 14:56:29,098 [INFO] Sleeping 56s before next set.
2025-10-18 14:57:25,673 [INFO] Fetching 7752-1 — https://www.bricklink.com/v2/catalog/catalogitem.page?S=7752-1#T=P
2025-10-18 14:57:35,228 [INFO] Appended 4 rows — CSV now has 7204 rows.
2025-10-18 14:57:35,232 [INFO] 91 fetched
2025-10-18 14:57:35,232 [INFO] Sleeping 68s before next set.
2025-10-18 14:58:43,361 [INFO] Fetching 7753-1 — https://www.bricklink.com/v2/catalog/catalogitem.page?S=7753-1#T=P
2025-10-18 14:58:53,189 [INFO] Appended 4 rows — CSV now has 7208 rows.
2025-10-18 14:58:53,197 [INFO] 92 fetched
2025-10-18 14:58:53,198 [INFO] Sleeping 54s before next set.
2025-10-18 14:59:48,048 [INFO] Fetching 7778-1 — https://www.bricklink.com/v2/catalog/catalogitem.page?S=7778-1#T=P
2025-10-18 14:59:57,640 [INFO] Appended 4 rows — CSV now has 7212 rows.
2025-10-18 14:59:57,644 [INFO] 93 fetched
2025-10-18 14:59:57,645 [INFO] Sleeping 44s before next set.
2025-10-18 15:00:41,803 [INFO] Fetching 8017-1 — https://www.bricklink.com/v2/catalog/catalogitem.page?S=8017-1#T=P
2025-10-18 15:00:51,659 [INFO] Appended 4 rows — CSV now has 7216 rows.
2025-10-18 15:00:51,665 [INFO] 94 fetched
2025-10-18 15:00:51,665 [INFO] Sleeping 83s before next set.
2025-10-18 15:02:15,620 [INFO] Fetching 8018-1 — https://www.bricklink.com/v2/catalog/catalogitem.page?S=8018-1#T=P
2025-10-18 15:02:25,254 [INFO] Appended 4 rows — CSV now has 7220 rows.
2025-10-18 15:02:25,260 [INFO] 95 fetched
2025-10-18 15:02:25,260 [INFO] Sleeping 51s before next set.
2025-10-18 15:03:16,466 [INFO] Fetching 8036-1 — https://www.bricklink.com/v2/catalog/catalogitem.page?S=8036-1#T=P
2025-10-18 15:03:25,925 [INFO] Appended 4 rows — CSV now has 7224 rows.
2025-10-18 15:03:25,929 [INFO] 96 fetched
2025-10-18 15:03:25,929 [INFO] Sleeping 87s before next set.
2025-10-18 15:04:53,259 [INFO] Fetching 8182-1 — https://www.bricklink.com/v2/catalog/catalogitem.page?S=8182-1#T=P
2025-10-18 15:04:58,619 [INFO] Appended 4 rows — CSV now has 7228 rows.
2025-10-18 15:04:58,629 [INFO] 97 fetched
2025-10-18 15:04:58,629 [INFO] Sleeping 76s before next set.
2025-10-18 15:06:15,152 [INFO] Fetching 8707-1 — https://www.bricklink.com/v2/catalog/catalogitem.page?S=8707-1#T=P
2025-10-18 15:06:24,691 [INFO] Appended 4 rows — CSV now has 7232 rows.
2025-10-18 15:06:24,702 [INFO] 98 fetched
2025-10-18 15:06:24,702 [INFO] Sleeping 79s before next set.
2025-10-18 15:07:44,238 [INFO] Fetching 8708-1 — https://www.bricklink.com/v2/catalog/catalogitem.page?S=8708-1#T=P
2025-10-18 15:07:53,902 [INFO] Appended 4 rows — CSV now has 7236 rows.
2025-10-18 15:07:53,906 [INFO] 99 fetched
2025-10-18 15:07:53,907 [INFO] Sleeping 77s before next set.
2025-10-18 15:09:11,042 [INFO] Finished run.
