2025-10-17 22:55:21,336 [INFO] Fichier de log actif : logs\bricklink_20251017_2055.log
2025-10-17 22:55:21,684 [INFO] 94 sets à scrapper récupérés depuis la DB.
2025-10-17 22:55:21,700 [INFO] Skip 5578-1 (fetch récent < 7 jours).
2025-10-17 22:55:21,701 [INFO] Skip 10282-2 (fetch récent < 7 jours).
2025-10-17 22:55:21,701 [INFO] Fetching 71812-1 — https://www.bricklink.com/v2/catalog/catalogitem.page?S=71812-1#T=P
2025-10-17 22:55:33,942 [INFO] Appended 4 rows — CSV now has 6488 rows.
2025-10-17 22:55:33,948 [INFO] 1 fetched
2025-10-17 22:55:33,949 [INFO] Sleeping 75s before next set.
2025-10-17 22:56:48,961 [INFO] Fetching 71818-1 — https://www.bricklink.com/v2/catalog/catalogitem.page?S=71818-1#T=P
2025-10-17 22:56:58,621 [INFO] Appended 4 rows — CSV now has 6492 rows.
2025-10-17 22:56:58,626 [INFO] 2 fetched
2025-10-17 22:56:58,626 [INFO] Sleeping 72s before next set.
2025-10-17 22:58:10,760 [INFO] Fetching 75376-1 — https://www.bricklink.com/v2/catalog/catalogitem.page?S=75376-1#T=P
2025-10-17 22:58:20,407 [INFO] Appended 4 rows — CSV now has 6496 rows.
2025-10-17 22:58:20,412 [INFO] 3 fetched
2025-10-17 22:58:20,412 [INFO] Sleeping 37s before next set.
2025-10-17 22:58:58,258 [INFO] Fetching 75377-1 — https://www.bricklink.com/v2/catalog/catalogitem.page?S=75377-1#T=P
2025-10-17 22:59:07,952 [INFO] Appended 4 rows — CSV now has 6500 rows.
2025-10-17 22:59:07,956 [INFO] 4 fetched
2025-10-17 22:59:07,956 [INFO] Sleeping 32s before next set.
2025-10-17 22:59:40,563 [INFO] Fetching 75380-1 — https://www.bricklink.com/v2/catalog/catalogitem.page?S=75380-1#T=P
2025-10-17 22:59:50,389 [INFO] Appended 4 rows — CSV now has 6504 rows.
2025-10-17 22:59:50,393 [INFO] 5 fetched
2025-10-17 22:59:50,393 [INFO] Sleeping 72s before next set.
2025-10-17 23:01:03,383 [INFO] Fetching 75381-1 — https://www.bricklink.com/v2/catalog/catalogitem.page?S=75381-1#T=P
2025-10-17 23:01:12,750 [INFO] Appended 4 rows — CSV now has 6508 rows.
2025-10-17 23:01:12,756 [INFO] 6 fetched
2025-10-17 23:01:12,757 [INFO] Sleeping 70s before next set.
2025-10-17 23:02:23,310 [INFO] Fetching 75387-1 — https://www.bricklink.com/v2/catalog/catalogitem.page?S=75387-1#T=P
2025-10-17 23:02:32,899 [INFO] Appended 4 rows — CSV now has 6512 rows.
2025-10-17 23:02:32,903 [INFO] 7 fetched
2025-10-17 23:02:32,903 [INFO] Sleeping 48s before next set.
2025-10-17 23:03:21,022 [INFO] Fetching 75396-1 — https://www.bricklink.com/v2/catalog/catalogitem.page?S=75396-1#T=P
2025-10-17 23:03:30,614 [INFO] Appended 4 rows — CSV now has 6516 rows.
2025-10-17 23:03:30,623 [INFO] 8 fetched
2025-10-17 23:03:30,623 [INFO] Sleeping 71s before next set.
2025-10-17 23:04:42,271 [INFO] Fetching 75682-1 — https://www.bricklink.com/v2/catalog/catalogitem.page?S=75682-1#T=P
2025-10-17 23:04:52,026 [INFO] Appended 4 rows — CSV now has 6520 rows.
2025-10-17 23:04:52,030 [INFO] 9 fetched
2025-10-17 23:04:52,030 [INFO] Sleeping 53s before next set.
2025-10-17 23:05:45,420 [INFO] Fetching 75683-1 — https://www.bricklink.com/v2/catalog/catalogitem.page?S=75683-1#T=P
2025-10-17 23:05:54,927 [INFO] Appended 4 rows — CSV now has 6524 rows.
2025-10-17 23:05:54,931 [INFO] 10 fetched
2025-10-17 23:05:54,931 [INFO] Sleeping 77s before next set.
2025-10-17 23:07:12,751 [INFO] Fetching 76273-1 — https://www.bricklink.com/v2/catalog/catalogitem.page?S=76273-1#T=P
2025-10-17 23:07:22,437 [INFO] Appended 4 rows — CSV now has 6528 rows.
2025-10-17 23:07:22,441 [INFO] 11 fetched
2025-10-17 23:07:22,442 [INFO] Sleeping 38s before next set.
2025-10-17 23:08:01,331 [INFO] Fetching 76282-1 — https://www.bricklink.com/v2/catalog/catalogitem.page?S=76282-1#T=P
2025-10-17 23:08:10,900 [INFO] Appended 4 rows — CSV now has 6532 rows.
2025-10-17 23:08:10,909 [INFO] 12 fetched
2025-10-17 23:08:10,910 [INFO] Sleeping 44s before next set.
2025-10-17 23:08:55,503 [INFO] Fetching 76780-1 — https://www.bricklink.com/v2/catalog/catalogitem.page?S=76780-1#T=P
2025-10-17 23:09:05,026 [INFO] Appended 4 rows — CSV now has 6536 rows.
2025-10-17 23:09:05,030 [INFO] 13 fetched
2025-10-17 23:09:05,030 [INFO] Sleeping 58s before next set.
2025-10-17 23:10:03,190 [INFO] Fetching 76295-1 — https://www.bricklink.com/v2/catalog/catalogitem.page?S=76295-1#T=P
2025-10-17 23:10:12,448 [INFO] Appended 4 rows — CSV now has 6540 rows.
2025-10-17 23:10:12,451 [INFO] 14 fetched
2025-10-17 23:10:12,452 [INFO] Sleeping 60s before next set.
2025-10-17 23:11:12,983 [INFO] Fetching 76427-1 — https://www.bricklink.com/v2/catalog/catalogitem.page?S=76427-1#T=P
2025-10-17 23:11:22,638 [INFO] Appended 4 rows — CSV now has 6544 rows.
2025-10-17 23:11:22,647 [INFO] 15 fetched
2025-10-17 23:11:22,648 [INFO] Sleeping 80s before next set.
2025-10-17 23:12:43,581 [INFO] Fetching 77050-1 — https://www.bricklink.com/v2/catalog/catalogitem.page?S=77050-1#T=P
2025-10-17 23:12:53,044 [INFO] Appended 4 rows — CSV now has 6548 rows.
2025-10-17 23:12:53,048 [INFO] 16 fetched
2025-10-17 23:12:53,048 [INFO] Sleeping 32s before next set.
2025-10-17 23:13:25,620 [INFO] Fetching 76433-1 — https://www.bricklink.com/v2/catalog/catalogitem.page?S=76433-1#T=P
2025-10-17 23:13:35,054 [INFO] Appended 4 rows — CSV now has 6552 rows.
2025-10-17 23:13:35,058 [INFO] 17 fetched
2025-10-17 23:13:35,058 [INFO] Sleeping 39s before next set.
2025-10-17 23:14:14,411 [INFO] Fetching 76439-1 — https://www.bricklink.com/v2/catalog/catalogitem.page?S=76439-1#T=P
2025-10-17 23:14:23,979 [INFO] Appended 4 rows — CSV now has 6556 rows.
2025-10-17 23:14:23,989 [INFO] 18 fetched
2025-10-17 23:14:23,990 [INFO] Sleeping 58s before next set.
2025-10-17 23:15:22,900 [INFO] Fetching 76925-1 — https://www.bricklink.com/v2/catalog/catalogitem.page?S=76925-1#T=P
2025-10-17 23:15:32,629 [INFO] Appended 4 rows — CSV now has 6560 rows.
2025-10-17 23:15:32,639 [INFO] 19 fetched
2025-10-17 23:15:32,640 [INFO] Sleeping 35s before next set.
2025-10-17 23:16:07,750 [INFO] Fetching 76966-1 — https://www.bricklink.com/v2/catalog/catalogitem.page?S=76966-1#T=P
2025-10-17 23:16:17,241 [INFO] Appended 4 rows — CSV now has 6564 rows.
2025-10-17 23:16:17,246 [INFO] 20 fetched
2025-10-17 23:16:17,247 [INFO] Sleeping 48s before next set.
2025-10-17 23:17:05,438 [INFO] Fetching 76999-1 — https://www.bricklink.com/v2/catalog/catalogitem.page?S=76999-1#T=P
2025-10-17 23:17:15,197 [INFO] Appended 4 rows — CSV now has 6568 rows.
2025-10-17 23:17:15,203 [INFO] 21 fetched
2025-10-17 23:17:15,203 [INFO] Sleeping 65s before next set.
2025-10-17 23:18:21,185 [INFO] Fetching 77071-1 — https://www.bricklink.com/v2/catalog/catalogitem.page?S=77071-1#T=P
2025-10-17 23:18:30,886 [INFO] Appended 4 rows — CSV now has 6572 rows.
2025-10-17 23:18:30,890 [INFO] 22 fetched
2025-10-17 23:18:30,890 [INFO] Sleeping 82s before next set.
2025-10-17 23:19:53,246 [INFO] Fetching 80051-1 — https://www.bricklink.com/v2/catalog/catalogitem.page?S=80051-1#T=P
2025-10-17 23:19:58,790 [INFO] Appended 4 rows — CSV now has 6576 rows.
2025-10-17 23:19:58,794 [INFO] 23 fetched
2025-10-17 23:19:58,794 [INFO] Sleeping 89s before next set.
2025-10-17 23:21:27,857 [INFO] Fetching 80055-1 — https://www.bricklink.com/v2/catalog/catalogitem.page?S=80055-1#T=P
2025-10-17 23:21:33,298 [INFO] Appended 4 rows — CSV now has 6580 rows.
2025-10-17 23:21:33,305 [INFO] 24 fetched
2025-10-17 23:21:33,306 [INFO] Sleeping 40s before next set.
2025-10-17 23:22:14,024 [INFO] Fetching 42654-1 — https://www.bricklink.com/v2/catalog/catalogitem.page?S=42654-1#T=P
2025-10-17 23:22:19,641 [INFO] Appended 4 rows — CSV now has 6584 rows.
2025-10-17 23:22:19,649 [INFO] 25 fetched
2025-10-17 23:22:19,650 [INFO] Sleeping 70s before next set.
2025-10-17 23:23:30,135 [INFO] Fetching 77006-1 — https://www.bricklink.com/v2/catalog/catalogitem.page?S=77006-1#T=P
2025-10-17 23:23:35,990 [INFO] Appended 4 rows — CSV now has 6588 rows.
2025-10-17 23:23:35,998 [INFO] 26 fetched
2025-10-17 23:23:35,999 [INFO] Sleeping 54s before next set.
2025-10-17 23:24:30,089 [INFO] Fetching 43272-1 — https://www.bricklink.com/v2/catalog/catalogitem.page?S=43272-1#T=P
2025-10-17 23:24:39,813 [INFO] Appended 4 rows — CSV now has 6592 rows.
2025-10-17 23:24:39,818 [INFO] 27 fetched
2025-10-17 23:24:39,818 [INFO] Sleeping 83s before next set.
2025-10-17 23:26:03,033 [INFO] Fetching 60444-1 — https://www.bricklink.com/v2/catalog/catalogitem.page?S=60444-1#T=P
2025-10-17 23:26:08,546 [INFO] Appended 4 rows — CSV now has 6596 rows.
2025-10-17 23:26:08,550 [INFO] 28 fetched
2025-10-17 23:26:08,551 [INFO] Sleeping 42s before next set.
2025-10-17 23:26:50,691 [INFO] Fetching 60446-1 — https://www.bricklink.com/v2/catalog/catalogitem.page?S=60446-1#T=P
2025-10-17 23:27:00,485 [INFO] Appended 4 rows — CSV now has 6600 rows.
2025-10-17 23:27:00,489 [INFO] 29 fetched
2025-10-17 23:27:00,490 [INFO] Sleeping 52s before next set.
2025-10-17 23:27:53,145 [INFO] Fetching 10373-1 — https://www.bricklink.com/v2/catalog/catalogitem.page?S=10373-1#T=P
2025-10-17 23:28:02,596 [INFO] Appended 4 rows — CSV now has 6604 rows.
2025-10-17 23:28:02,600 [INFO] 30 fetched
2025-10-17 23:28:02,600 [INFO] Sleeping 44s before next set.
2025-10-17 23:28:47,216 [INFO] Fetching 60466-1 — https://www.bricklink.com/v2/catalog/catalogitem.page?S=60466-1#T=P
2025-10-17 23:28:56,665 [INFO] Appended 4 rows — CSV now has 6608 rows.
2025-10-17 23:28:56,673 [INFO] 31 fetched
2025-10-17 23:28:56,674 [INFO] Sleeping 63s before next set.
2025-10-17 23:30:00,661 [INFO] Fetching 71832-1 — https://www.bricklink.com/v2/catalog/catalogitem.page?S=71832-1#T=P
2025-10-17 23:30:10,655 [INFO] Appended 4 rows — CSV now has 6612 rows.
2025-10-17 23:30:10,660 [INFO] 32 fetched
2025-10-17 23:30:10,661 [INFO] Sleeping 82s before next set.
2025-10-17 23:31:33,320 [INFO] Fetching 71843-1 — https://www.bricklink.com/v2/catalog/catalogitem.page?S=71843-1#T=P
2025-10-17 23:31:42,865 [INFO] Appended 4 rows — CSV now has 6616 rows.
2025-10-17 23:31:42,869 [INFO] 33 fetched
2025-10-17 23:31:42,869 [INFO] Sleeping 61s before next set.
2025-10-17 23:32:44,476 [INFO] Fetching 21277-1 — https://www.bricklink.com/v2/catalog/catalogitem.page?S=21277-1#T=P
2025-10-17 23:32:54,368 [INFO] Appended 4 rows — CSV now has 6620 rows.
2025-10-17 23:32:54,380 [INFO] 34 fetched
2025-10-17 23:32:54,380 [INFO] Sleeping 82s before next set.
2025-10-17 23:34:16,464 [INFO] Fetching 21282-1 — https://www.bricklink.com/v2/catalog/catalogitem.page?S=21282-1#T=P
2025-10-17 23:34:22,490 [INFO] Appended 4 rows — CSV now has 6624 rows.
2025-10-17 23:34:22,494 [INFO] 35 fetched
2025-10-17 23:34:22,495 [INFO] Sleeping 68s before next set.
2025-10-17 23:35:31,125 [INFO] Fetching 21357-1 — https://www.bricklink.com/v2/catalog/catalogitem.page?S=21357-1#T=P
2025-10-17 23:35:40,767 [INFO] Appended 4 rows — CSV now has 6628 rows.
2025-10-17 23:35:40,774 [INFO] 36 fetched
2025-10-17 23:35:40,774 [INFO] Sleeping 51s before next set.
2025-10-17 23:36:32,637 [INFO] Fetching 72038-1 — https://www.bricklink.com/v2/catalog/catalogitem.page?S=72038-1#T=P
2025-10-17 23:36:42,058 [INFO] Appended 4 rows — CSV now has 6632 rows.
2025-10-17 23:36:42,067 [INFO] 37 fetched
2025-10-17 23:36:42,067 [INFO] Sleeping 30s before next set.
2025-10-17 23:37:12,949 [INFO] Fetching 75399-1 — https://www.bricklink.com/v2/catalog/catalogitem.page?S=75399-1#T=P
2025-10-17 23:37:22,635 [INFO] Appended 4 rows — CSV now has 6636 rows.
2025-10-17 23:37:22,646 [INFO] 38 fetched
2025-10-17 23:37:22,647 [INFO] Sleeping 65s before next set.
2025-10-17 23:38:28,561 [INFO] Fetching 31217-1 — https://www.bricklink.com/v2/catalog/catalogitem.page?S=31217-1#T=P
2025-10-17 23:38:38,319 [INFO] Appended 4 rows — CSV now has 6640 rows.
2025-10-17 23:38:38,323 [INFO] 39 fetched
2025-10-17 23:38:38,324 [INFO] Sleeping 87s before next set.
2025-10-17 23:40:06,265 [INFO] Fetching 40791-1 — https://www.bricklink.com/v2/catalog/catalogitem.page?S=40791-1#T=P
2025-10-17 23:40:15,904 [INFO] Appended 4 rows — CSV now has 6644 rows.
2025-10-17 23:40:15,911 [INFO] 40 fetched
2025-10-17 23:40:15,911 [INFO] Sleeping 102s before next set.
2025-10-17 23:41:58,618 [INFO] Fetching 75408-1 — https://www.bricklink.com/v2/catalog/catalogitem.page?S=75408-1#T=P
2025-10-17 23:42:08,401 [INFO] Appended 4 rows — CSV now has 6648 rows.
2025-10-17 23:42:08,405 [INFO] 41 fetched
2025-10-17 23:42:08,406 [INFO] Sleeping 46s before next set.
2025-10-17 23:42:54,764 [INFO] Fetching 75415-1 — https://www.bricklink.com/v2/catalog/catalogitem.page?S=75415-1#T=P
2025-10-17 23:43:04,696 [INFO] Appended 4 rows — CSV now has 6652 rows.
2025-10-17 23:43:04,702 [INFO] 42 fetched
2025-10-17 23:43:04,702 [INFO] Sleeping 72s before next set.
2025-10-17 23:44:17,327 [INFO] Fetching 75429-1 — https://www.bricklink.com/v2/catalog/catalogitem.page?S=75429-1#T=P
2025-10-17 23:44:26,865 [INFO] Appended 4 rows — CSV now has 6656 rows.
2025-10-17 23:44:26,870 [INFO] 43 fetched
2025-10-17 23:44:26,870 [INFO] Sleeping 76s before next set.
2025-10-17 23:45:43,820 [INFO] Fetching 75432-1 — https://www.bricklink.com/v2/catalog/catalogitem.page?S=75432-1#T=P
2025-10-17 23:45:53,684 [INFO] Appended 4 rows — CSV now has 6660 rows.
2025-10-17 23:45:53,688 [INFO] 44 fetched
2025-10-17 23:45:53,689 [INFO] Sleeping 80s before next set.
2025-10-17 23:47:13,923 [INFO] Fetching 75690-1 — https://www.bricklink.com/v2/catalog/catalogitem.page?S=75690-1#T=P
2025-10-17 23:47:19,283 [INFO] Appended 4 rows — CSV now has 6664 rows.
2025-10-17 23:47:19,286 [INFO] 45 fetched
2025-10-17 23:47:19,287 [INFO] Sleeping 69s before next set.
2025-10-17 23:48:29,103 [INFO] Fetching 42205-1 — https://www.bricklink.com/v2/catalog/catalogitem.page?S=42205-1#T=P
2025-10-17 23:48:38,731 [INFO] Appended 4 rows — CSV now has 6668 rows.
2025-10-17 23:48:38,735 [INFO] 46 fetched
2025-10-17 23:48:38,735 [INFO] Sleeping 77s before next set.
2025-10-17 23:49:56,477 [INFO] Fetching 42208-1 — https://www.bricklink.com/v2/catalog/catalogitem.page?S=42208-1#T=P
2025-10-17 23:50:06,040 [INFO] Appended 4 rows — CSV now has 6672 rows.
2025-10-17 23:50:06,044 [INFO] 47 fetched
2025-10-17 23:50:06,045 [INFO] Sleeping 77s before next set.
2025-10-17 23:51:23,994 [INFO] Fetching 42217-1 — https://www.bricklink.com/v2/catalog/catalogitem.page?S=42217-1#T=P
2025-10-17 23:51:29,675 [INFO] Appended 4 rows — CSV now has 6676 rows.
2025-10-17 23:51:29,684 [INFO] 48 fetched
2025-10-17 23:51:29,684 [INFO] Sleeping 52s before next set.
2025-10-17 23:52:22,247 [INFO] Fetching 42652-1 — https://www.bricklink.com/v2/catalog/catalogitem.page?S=42652-1#T=P
2025-10-17 23:52:27,710 [INFO] Appended 4 rows — CSV now has 6680 rows.
2025-10-17 23:52:27,718 [INFO] 49 fetched
2025-10-17 23:52:27,718 [INFO] Sleeping 73s before next set.
2025-10-17 23:53:41,538 [INFO] Fetching 42664-1 — https://www.bricklink.com/v2/catalog/catalogitem.page?S=42664-1#T=P
2025-10-17 23:53:46,959 [INFO] Appended 4 rows — CSV now has 6684 rows.
2025-10-17 23:53:46,964 [INFO] 50 fetched
2025-10-17 23:53:46,964 [INFO] Sleeping 78s before next set.
2025-10-17 23:55:05,584 [INFO] Fetching 43258-1 — https://www.bricklink.com/v2/catalog/catalogitem.page?S=43258-1#T=P
2025-10-17 23:55:11,421 [INFO] Appended 4 rows — CSV now has 6688 rows.
2025-10-17 23:55:11,425 [INFO] 51 fetched
2025-10-17 23:55:11,426 [INFO] Sleeping 61s before next set.
2025-10-17 23:56:12,533 [INFO] Fetching 43262-1 — https://www.bricklink.com/v2/catalog/catalogitem.page?S=43262-1#T=P
2025-10-17 23:56:21,571 [INFO] Appended 4 rows — CSV now has 6692 rows.
2025-10-17 23:56:21,577 [INFO] 52 fetched
2025-10-17 23:56:21,577 [INFO] Sleeping 41s before next set.
2025-10-17 23:57:02,768 [INFO] Fetching 43270-1 — https://www.bricklink.com/v2/catalog/catalogitem.page?S=43270-1#T=P
2025-10-17 23:57:12,499 [INFO] Appended 4 rows — CSV now has 6696 rows.
2025-10-17 23:57:12,504 [INFO] 53 fetched
2025-10-17 23:57:12,504 [INFO] Sleeping 36s before next set.
2025-10-17 23:57:48,906 [INFO] Fetching 43275-1 — https://www.bricklink.com/v2/catalog/catalogitem.page?S=43275-1#T=P
2025-10-17 23:57:54,401 [INFO] Appended 4 rows — CSV now has 6700 rows.
2025-10-17 23:57:54,406 [INFO] 54 fetched
2025-10-17 23:57:54,406 [INFO] Sleeping 49s before next set.
2025-10-17 23:58:44,048 [INFO] Fetching 71833-1 — https://www.bricklink.com/v2/catalog/catalogitem.page?S=71833-1#T=P
2025-10-17 23:58:53,551 [INFO] Appended 4 rows — CSV now has 6704 rows.
2025-10-17 23:58:53,555 [INFO] 55 fetched
2025-10-17 23:58:53,555 [INFO] Sleeping 55s before next set.
2025-10-17 23:59:48,784 [INFO] Fetching 71844-1 — https://www.bricklink.com/v2/catalog/catalogitem.page?S=71844-1#T=P
2025-10-17 23:59:58,484 [INFO] Appended 4 rows — CSV now has 6708 rows.
2025-10-17 23:59:58,488 [INFO] 56 fetched
2025-10-17 23:59:58,489 [INFO] Sleeping 72s before next set.
2025-10-18 00:01:11,070 [INFO] Fetching 72044-1 — https://www.bricklink.com/v2/catalog/catalogitem.page?S=72044-1#T=P
2025-10-18 00:01:16,886 [INFO] Appended 4 rows — CSV now has 6712 rows.
2025-10-18 00:01:16,891 [INFO] 57 fetched
2025-10-18 00:01:16,891 [INFO] Sleeping 67s before next set.
2025-10-18 00:02:24,459 [INFO] Fetching 75405-1 — https://www.bricklink.com/v2/catalog/catalogitem.page?S=75405-1#T=P
2025-10-18 00:02:34,061 [INFO] Appended 4 rows — CSV now has 6716 rows.
2025-10-18 00:02:34,065 [INFO] 58 fetched
2025-10-18 00:02:34,065 [INFO] Sleeping 65s before next set.
2025-10-18 00:03:39,913 [INFO] Fetching 75407-1 — https://www.bricklink.com/v2/catalog/catalogitem.page?S=75407-1#T=P
2025-10-18 00:03:49,522 [INFO] Appended 4 rows — CSV now has 6720 rows.
2025-10-18 00:03:49,525 [INFO] 59 fetched
2025-10-18 00:03:49,526 [INFO] Sleeping 82s before next set.
2025-10-18 00:05:12,141 [INFO] Fetching 75433-1 — https://www.bricklink.com/v2/catalog/catalogitem.page?S=75433-1#T=P
2025-10-18 00:05:21,565 [INFO] Appended 4 rows — CSV now has 6724 rows.
2025-10-18 00:05:21,572 [INFO] 60 fetched
2025-10-18 00:05:21,572 [INFO] Sleeping 84s before next set.
2025-10-18 00:06:45,825 [INFO] Fetching 75637-1 — https://www.bricklink.com/v2/catalog/catalogitem.page?S=75637-1#T=P
2025-10-18 00:06:55,798 [INFO] Appended 4 rows — CSV now has 6728 rows.
2025-10-18 00:06:55,802 [INFO] 61 fetched
2025-10-18 00:06:55,802 [INFO] Sleeping 41s before next set.
2025-10-18 00:07:37,692 [INFO] Fetching 76314-1 — https://www.bricklink.com/v2/catalog/catalogitem.page?S=76314-1#T=P
2025-10-18 00:07:47,349 [INFO] Appended 4 rows — CSV now has 6732 rows.
2025-10-18 00:07:47,353 [INFO] 62 fetched
2025-10-18 00:07:47,353 [INFO] Sleeping 52s before next set.
2025-10-18 00:08:40,174 [INFO] Fetching 76443-1 — https://www.bricklink.com/v2/catalog/catalogitem.page?S=76443-1#T=P
2025-10-18 00:08:49,946 [INFO] Appended 4 rows — CSV now has 6736 rows.
2025-10-18 00:08:49,951 [INFO] 63 fetched
2025-10-18 00:08:49,951 [INFO] Sleeping 65s before next set.
2025-10-18 00:09:55,643 [INFO] Fetching 76447-1 — https://www.bricklink.com/v2/catalog/catalogitem.page?S=76447-1#T=P
2025-10-18 00:10:05,389 [INFO] Appended 4 rows — CSV now has 6740 rows.
2025-10-18 00:10:05,417 [INFO] 64 fetched
2025-10-18 00:10:05,418 [INFO] Sleeping 46s before next set.
2025-10-18 00:10:51,839 [INFO] Fetching 76451-1 — https://www.bricklink.com/v2/catalog/catalogitem.page?S=76451-1#T=P
2025-10-18 00:11:01,531 [INFO] Appended 4 rows — CSV now has 6744 rows.
2025-10-18 00:11:01,539 [INFO] 65 fetched
2025-10-18 00:11:01,540 [INFO] Sleeping 51s before next set.
2025-10-18 00:11:52,759 [INFO] Fetching 76458-1 — https://www.bricklink.com/v2/catalog/catalogitem.page?S=76458-1#T=P
2025-10-18 00:11:58,198 [INFO] Appended 4 rows — CSV now has 6748 rows.
2025-10-18 00:11:58,203 [INFO] 66 fetched
2025-10-18 00:11:58,204 [INFO] Sleeping 86s before next set.
2025-10-18 00:13:24,744 [INFO] Fetching 76973-1 — https://www.bricklink.com/v2/catalog/catalogitem.page?S=76973-1#T=P
2025-10-18 00:13:34,511 [INFO] Appended 4 rows — CSV now has 6752 rows.
2025-10-18 00:13:34,515 [INFO] 67 fetched
2025-10-18 00:13:34,515 [INFO] Sleeping 44s before next set.
2025-10-18 00:14:18,814 [INFO] Fetching 77056-1 — https://www.bricklink.com/v2/catalog/catalogitem.page?S=77056-1#T=P
2025-10-18 00:14:28,426 [INFO] Appended 4 rows — CSV now has 6756 rows.
2025-10-18 00:14:28,430 [INFO] 68 fetched
2025-10-18 00:14:28,431 [INFO] Sleeping 54s before next set.
2025-10-18 00:15:23,020 [INFO] Fetching 77238-1 — https://www.bricklink.com/v2/catalog/catalogitem.page?S=77238-1#T=P
2025-10-18 00:15:32,583 [INFO] Appended 4 rows — CSV now has 6760 rows.
2025-10-18 00:15:32,588 [INFO] 69 fetched
2025-10-18 00:15:32,589 [INFO] Sleeping 45s before next set.
2025-10-18 00:16:18,344 [INFO] Fetching 910041-1 — https://www.bricklink.com/v2/catalog/catalogitem.page?S=910041-1#T=P
2025-10-18 00:16:28,185 [INFO] Appended 4 rows — CSV now has 6764 rows.
2025-10-18 00:16:28,190 [INFO] 70 fetched
2025-10-18 00:16:28,190 [INFO] Sleeping 53s before next set.
2025-10-18 00:17:21,293 [INFO] Fetching 910052-1 — https://www.bricklink.com/v2/catalog/catalogitem.page?S=910052-1#T=P
2025-10-18 00:18:27,335 [INFO] Aucune donnée parsée pour 910052-1.
2025-10-18 00:18:27,338 [INFO] 71 fetched
2025-10-18 00:18:27,339 [INFO] Sleeping 56s before next set.
2025-10-18 00:19:24,191 [INFO] Skip 910056-1 (fetch récent < 7 jours).
2025-10-18 00:19:24,192 [INFO] Fetching 76323-1 — https://www.bricklink.com/v2/catalog/catalogitem.page?S=76323-1#T=P
2025-10-18 00:19:33,770 [INFO] Appended 4 rows — CSV now has 6768 rows.
2025-10-18 00:19:33,779 [INFO] 72 fetched
2025-10-18 00:19:33,779 [INFO] Sleeping 75s before next set.
2025-10-18 00:20:49,131 [INFO] Fetching 76449-1 — https://www.bricklink.com/v2/catalog/catalogitem.page?S=76449-1#T=P
2025-10-18 00:20:59,042 [INFO] Appended 4 rows — CSV now has 6772 rows.
2025-10-18 00:20:59,046 [INFO] 73 fetched
2025-10-18 00:20:59,047 [INFO] Sleeping 72s before next set.
2025-10-18 00:22:11,095 [INFO] Fetching 11043-1 — https://www.bricklink.com/v2/catalog/catalogitem.page?S=11043-1#T=P
2025-10-18 00:22:20,614 [INFO] Appended 4 rows — CSV now has 6776 rows.
2025-10-18 00:22:20,617 [INFO] 74 fetched
2025-10-18 00:22:20,618 [INFO] Sleeping 39s before next set.
2025-10-18 00:23:00,320 [INFO] Fetching 21276-1 — https://www.bricklink.com/v2/catalog/catalogitem.page?S=21276-1#T=P
2025-10-18 00:23:09,837 [INFO] Appended 4 rows — CSV now has 6780 rows.
2025-10-18 00:23:09,846 [INFO] 75 fetched
2025-10-18 00:23:09,847 [INFO] Sleeping 51s before next set.
2025-10-18 00:24:01,756 [INFO] Fetching 31165-1 — https://www.bricklink.com/v2/catalog/catalogitem.page?S=31165-1#T=P
2025-10-18 00:24:11,390 [INFO] Appended 4 rows — CSV now has 6784 rows.
2025-10-18 00:24:11,394 [INFO] 76 fetched
2025-10-18 00:24:11,395 [INFO] Sleeping 86s before next set.
2025-10-18 00:25:38,271 [INFO] Fetching 77076-1 — https://www.bricklink.com/v2/catalog/catalogitem.page?S=77076-1#T=P
2025-10-18 00:25:47,969 [INFO] Appended 4 rows — CSV now has 6788 rows.
2025-10-18 00:25:47,974 [INFO] 77 fetched
2025-10-18 00:25:47,975 [INFO] Sleeping 46s before next set.
2025-10-18 00:26:34,854 [INFO] Fetching 40796-1 — https://www.bricklink.com/v2/catalog/catalogitem.page?S=40796-1#T=P
2025-10-18 00:26:44,518 [INFO] Appended 4 rows — CSV now has 6792 rows.
2025-10-18 00:26:44,522 [INFO] 78 fetched
2025-10-18 00:26:44,523 [INFO] Sleeping 82s before next set.
2025-10-18 00:28:06,927 [INFO] Fetching 40801-1 — https://www.bricklink.com/v2/catalog/catalogitem.page?S=40801-1#T=P
2025-10-18 00:28:16,482 [INFO] Appended 4 rows — CSV now has 6796 rows.
2025-10-18 00:28:16,487 [INFO] 79 fetched
2025-10-18 00:28:16,487 [INFO] Sleeping 33s before next set.
2025-10-18 00:28:50,234 [INFO] Fetching 10342-1 — https://www.bricklink.com/v2/catalog/catalogitem.page?S=10342-1#T=P
2025-10-18 00:28:59,794 [INFO] Appended 4 rows — CSV now has 6800 rows.
2025-10-18 00:28:59,798 [INFO] 80 fetched
2025-10-18 00:28:59,798 [INFO] Sleeping 103s before next set.
2025-10-18 00:30:43,687 [INFO] Fetching 10372-1 — https://www.bricklink.com/v2/catalog/catalogitem.page?S=10372-1#T=P
2025-10-18 00:30:53,148 [INFO] Appended 4 rows — CSV now has 6804 rows.
2025-10-18 00:30:53,153 [INFO] 81 fetched
2025-10-18 00:30:53,153 [INFO] Sleeping 88s before next set.
2025-10-18 00:32:21,232 [INFO] Fetching 11042-1 — https://www.bricklink.com/v2/catalog/catalogitem.page?S=11042-1#T=P
2025-10-18 00:32:26,942 [INFO] Appended 4 rows — CSV now has 6808 rows.
2025-10-18 00:32:26,946 [INFO] 82 fetched
2025-10-18 00:32:26,947 [INFO] Sleeping 71s before next set.
2025-10-18 00:33:38,586 [INFO] Fetching 21270-1 — https://www.bricklink.com/v2/catalog/catalogitem.page?S=21270-1#T=P
2025-10-18 00:33:48,103 [INFO] Appended 4 rows — CSV now has 6812 rows.
2025-10-18 00:33:48,108 [INFO] 83 fetched
2025-10-18 00:33:48,109 [INFO] Sleeping 77s before next set.
2025-10-18 00:35:05,474 [INFO] Fetching 21273-1 — https://www.bricklink.com/v2/catalog/catalogitem.page?S=21273-1#T=P
2025-10-18 00:35:15,067 [INFO] Appended 4 rows — CSV now has 6816 rows.
2025-10-18 00:35:15,071 [INFO] 84 fetched
2025-10-18 00:35:15,072 [INFO] Sleeping 55s before next set.
2025-10-18 00:36:10,357 [INFO] Fetching 21278-1 — https://www.bricklink.com/v2/catalog/catalogitem.page?S=21278-1#T=P
2025-10-18 00:36:19,930 [INFO] Appended 4 rows — CSV now has 6820 rows.
2025-10-18 00:36:19,941 [INFO] 85 fetched
2025-10-18 00:36:19,941 [INFO] Sleeping 62s before next set.
2025-10-18 00:37:22,139 [INFO] Fetching 31161-1 — https://www.bricklink.com/v2/catalog/catalogitem.page?S=31161-1#T=P
2025-10-18 00:37:31,955 [INFO] Appended 4 rows — CSV now has 6824 rows.
2025-10-18 00:37:31,959 [INFO] 86 fetched
2025-10-18 00:37:31,960 [INFO] Sleeping 52s before next set.
2025-10-18 00:38:24,800 [INFO] Fetching 31166-1 — https://www.bricklink.com/v2/catalog/catalogitem.page?S=31166-1#T=P
2025-10-18 00:38:30,464 [INFO] Appended 4 rows — CSV now has 6828 rows.
2025-10-18 00:38:30,469 [INFO] 87 fetched
2025-10-18 00:38:30,471 [INFO] Sleeping 70s before next set.
2025-10-18 00:39:41,465 [INFO] Fetching 31167-1 — https://www.bricklink.com/v2/catalog/catalogitem.page?S=31167-1#T=P
2025-10-18 00:39:51,079 [INFO] Appended 4 rows — CSV now has 6832 rows.
2025-10-18 00:39:51,083 [INFO] 88 fetched
2025-10-18 00:39:51,083 [INFO] Sleeping 44s before next set.
2025-10-18 00:40:36,021 [INFO] Fetching 40806-1 — https://www.bricklink.com/v2/catalog/catalogitem.page?S=40806-1#T=P
2025-10-18 00:40:45,655 [INFO] Appended 4 rows — CSV now has 6836 rows.
2025-10-18 00:40:45,659 [INFO] 89 fetched
2025-10-18 00:40:45,660 [INFO] Sleeping 55s before next set.
2025-10-18 00:41:41,647 [INFO] Fetching 40819-1 — https://www.bricklink.com/v2/catalog/catalogitem.page?S=40819-1#T=P
2025-10-18 00:41:51,255 [INFO] Appended 4 rows — CSV now has 6840 rows.
2025-10-18 00:41:51,259 [INFO] 90 fetched
2025-10-18 00:41:51,260 [INFO] Sleeping 57s before next set.
2025-10-18 00:42:49,205 [INFO] Fetching 40825-1 — https://www.bricklink.com/v2/catalog/catalogitem.page?S=40825-1#T=P
2025-10-18 00:42:58,911 [INFO] Appended 4 rows — CSV now has 6844 rows.
2025-10-18 00:42:58,915 [INFO] 91 fetched
2025-10-18 00:42:58,917 [INFO] Sleeping 56s before next set.
2025-10-18 00:43:55,351 [INFO] Finished run.
