2025-10-22 20:17:54,366 [INFO] Fichier de log actif : logs\bricklink_20251022_1817.log
2025-10-22 20:17:55,303 [INFO] 100 sets à scrapper récupérés depuis la DB.
2025-10-22 20:17:55,323 [INFO] Skip 5578-1 (fetch récent < 7 jours).
2025-10-22 20:17:55,324 [INFO] Skip 5587-1 (fetch récent < 7 jours).
2025-10-22 20:17:55,324 [INFO] Skip 7959-1 (fetch récent < 7 jours).
2025-10-22 20:17:55,325 [INFO] Fetching 40220-1 — https://www.bricklink.com/v2/catalog/catalogitem.page?S=40220-1#T=P
2025-10-22 20:18:08,441 [INFO] Appended 4 rows — CSV now has 13832 rows.
2025-10-22 20:18:08,452 [INFO] 1 fetched
2025-10-22 20:18:08,453 [INFO] Sleeping 31s before next set.
2025-10-22 20:18:40,347 [INFO] Fetching 41065-1 — https://www.bricklink.com/v2/catalog/catalogitem.page?S=41065-1#T=P
2025-10-22 20:18:50,084 [INFO] Appended 4 rows — CSV now has 13836 rows.
2025-10-22 20:18:50,109 [INFO] 2 fetched
2025-10-22 20:18:50,111 [INFO] Sleeping 72s before next set.
2025-10-22 20:20:02,996 [INFO] Fetching 41116-1 — https://www.bricklink.com/v2/catalog/catalogitem.page?S=41116-1#T=P
2025-10-22 20:20:15,807 [INFO] Appended 4 rows — CSV now has 13840 rows.
2025-10-22 20:20:15,814 [INFO] 3 fetched
2025-10-22 20:20:15,815 [INFO] Sleeping 84s before next set.
2025-10-22 20:21:40,486 [INFO] Fetching 41128-1 — https://www.bricklink.com/v2/catalog/catalogitem.page?S=41128-1#T=P
2025-10-22 20:21:50,381 [INFO] Appended 4 rows — CSV now has 13844 rows.
2025-10-22 20:21:50,395 [INFO] 4 fetched
2025-10-22 20:21:50,405 [INFO] Sleeping 39s before next set.
2025-10-22 20:22:29,531 [INFO] Fetching 41142-1 — https://www.bricklink.com/v2/catalog/catalogitem.page?S=41142-1#T=P
2025-10-22 20:22:39,254 [INFO] Appended 4 rows — CSV now has 13848 rows.
2025-10-22 20:22:39,266 [INFO] 5 fetched
2025-10-22 20:22:39,266 [INFO] Sleeping 81s before next set.
2025-10-22 20:24:00,885 [INFO] Fetching 42044-1 — https://www.bricklink.com/v2/catalog/catalogitem.page?S=42044-1#T=P
2025-10-22 20:24:11,586 [INFO] Appended 4 rows — CSV now has 13852 rows.
2025-10-22 20:24:11,595 [INFO] 6 fetched
2025-10-22 20:24:11,596 [INFO] Sleeping 61s before next set.
2025-10-22 20:25:13,171 [INFO] Fetching 60113-1 — https://www.bricklink.com/v2/catalog/catalogitem.page?S=60113-1#T=P
2025-10-22 20:25:26,059 [INFO] Appended 4 rows — CSV now has 13856 rows.
2025-10-22 20:25:26,067 [INFO] 7 fetched
2025-10-22 20:25:26,067 [INFO] Sleeping 70s before next set.
2025-10-22 20:26:36,203 [INFO] Fetching 60115-1 — https://www.bricklink.com/v2/catalog/catalogitem.page?S=60115-1#T=P
2025-10-22 20:26:45,801 [INFO] Appended 4 rows — CSV now has 13860 rows.
2025-10-22 20:26:45,809 [INFO] 8 fetched
2025-10-22 20:26:45,809 [INFO] Sleeping 84s before next set.
2025-10-22 20:28:10,287 [INFO] Fetching 60116-1 — https://www.bricklink.com/v2/catalog/catalogitem.page?S=60116-1#T=P
2025-10-22 20:28:19,894 [INFO] Appended 4 rows — CSV now has 13864 rows.
2025-10-22 20:28:19,900 [INFO] 9 fetched
2025-10-22 20:28:19,901 [INFO] Sleeping 69s before next set.
2025-10-22 20:29:28,964 [INFO] Fetching 60134-1 — https://www.bricklink.com/v2/catalog/catalogitem.page?S=60134-1#T=P
2025-10-22 20:29:38,665 [INFO] Appended 4 rows — CSV now has 13868 rows.
2025-10-22 20:29:38,673 [INFO] 10 fetched
2025-10-22 20:29:38,673 [INFO] Sleeping 62s before next set.
2025-10-22 20:30:41,432 [INFO] Fetching 70313-1 — https://www.bricklink.com/v2/catalog/catalogitem.page?S=70313-1#T=P
2025-10-22 20:30:50,624 [INFO] Appended 4 rows — CSV now has 13872 rows.
2025-10-22 20:30:50,635 [INFO] 11 fetched
2025-10-22 20:30:50,636 [INFO] Sleeping 81s before next set.
2025-10-22 20:32:12,392 [INFO] Fetching 70600-1 — https://www.bricklink.com/v2/catalog/catalogitem.page?S=70600-1#T=P
2025-10-22 20:32:22,042 [INFO] Appended 4 rows — CSV now has 13876 rows.
2025-10-22 20:32:22,050 [INFO] 12 fetched
2025-10-22 20:32:22,050 [INFO] Sleeping 49s before next set.
2025-10-22 20:33:11,979 [INFO] Fetching 70601-1 — https://www.bricklink.com/v2/catalog/catalogitem.page?S=70601-1#T=P
2025-10-22 20:33:21,609 [INFO] Appended 4 rows — CSV now has 13880 rows.
2025-10-22 20:33:21,617 [INFO] 13 fetched
2025-10-22 20:33:21,617 [INFO] Sleeping 35s before next set.
2025-10-22 20:33:57,507 [INFO] Fetching 71228-1 — https://www.bricklink.com/v2/catalog/catalogitem.page?S=71228-1#T=P
2025-10-22 20:34:07,158 [INFO] Appended 4 rows — CSV now has 13884 rows.
2025-10-22 20:34:07,165 [INFO] 14 fetched
2025-10-22 20:34:07,166 [INFO] Sleeping 48s before next set.
2025-10-22 20:34:55,314 [INFO] Fetching 71310-1 — https://www.bricklink.com/v2/catalog/catalogitem.page?S=71310-1#T=P
2025-10-22 20:35:05,632 [INFO] Appended 4 rows — CSV now has 13888 rows.
2025-10-22 20:35:05,639 [INFO] 15 fetched
2025-10-22 20:35:05,639 [INFO] Sleeping 30s before next set.
2025-10-22 20:35:36,558 [INFO] Fetching 71315-1 — https://www.bricklink.com/v2/catalog/catalogitem.page?S=71315-1#T=P
2025-10-22 20:35:46,149 [INFO] Appended 4 rows — CSV now has 13892 rows.
2025-10-22 20:35:46,155 [INFO] 16 fetched
2025-10-22 20:35:46,156 [INFO] Sleeping 50s before next set.
2025-10-22 20:36:36,790 [INFO] Fetching 75121-1 — https://www.bricklink.com/v2/catalog/catalogitem.page?S=75121-1#T=P
2025-10-22 20:36:46,481 [INFO] Appended 4 rows — CSV now has 13896 rows.
2025-10-22 20:36:46,491 [INFO] 17 fetched
2025-10-22 20:36:46,492 [INFO] Sleeping 44s before next set.
2025-10-22 20:37:31,318 [INFO] Fetching 75134-1 — https://www.bricklink.com/v2/catalog/catalogitem.page?S=75134-1#T=P
2025-10-22 20:37:40,867 [INFO] Appended 4 rows — CSV now has 13900 rows.
2025-10-22 20:37:40,873 [INFO] 18 fetched
2025-10-22 20:37:40,874 [INFO] Sleeping 58s before next set.
2025-10-22 20:38:39,439 [INFO] Fetching 75137-1 — https://www.bricklink.com/v2/catalog/catalogitem.page?S=75137-1#T=P
2025-10-22 20:38:49,246 [INFO] Appended 4 rows — CSV now has 13904 rows.
2025-10-22 20:38:49,254 [INFO] 19 fetched
2025-10-22 20:38:49,254 [INFO] Sleeping 88s before next set.
2025-10-22 20:40:17,971 [INFO] Fetching 75822-1 — https://www.bricklink.com/v2/catalog/catalogitem.page?S=75822-1#T=P
2025-10-22 20:40:27,657 [INFO] Appended 4 rows — CSV now has 13908 rows.
2025-10-22 20:40:27,665 [INFO] 20 fetched
2025-10-22 20:40:27,666 [INFO] Sleeping 80s before next set.
2025-10-22 20:41:48,087 [INFO] Fetching 75871-1 — https://www.bricklink.com/v2/catalog/catalogitem.page?S=75871-1#T=P
2025-10-22 20:41:57,695 [INFO] Appended 4 rows — CSV now has 13912 rows.
2025-10-22 20:41:57,707 [INFO] 21 fetched
2025-10-22 20:41:57,707 [INFO] Sleeping 45s before next set.
2025-10-22 20:42:42,801 [INFO] Fetching 76058-1 — https://www.bricklink.com/v2/catalog/catalogitem.page?S=76058-1#T=P
2025-10-22 20:42:52,476 [INFO] Appended 4 rows — CSV now has 13916 rows.
2025-10-22 20:42:52,483 [INFO] 22 fetched
2025-10-22 20:42:52,483 [INFO] Sleeping 61s before next set.
2025-10-22 20:43:53,537 [INFO] Fetching 60118-1 — https://www.bricklink.com/v2/catalog/catalogitem.page?S=60118-1#T=P
2025-10-22 20:44:03,527 [INFO] Appended 4 rows — CSV now has 13920 rows.
2025-10-22 20:44:03,533 [INFO] 23 fetched
2025-10-22 20:44:03,534 [INFO] Sleeping 74s before next set.
2025-10-22 20:45:17,759 [INFO] Fetching 10725-1 — https://www.bricklink.com/v2/catalog/catalogitem.page?S=10725-1#T=P
2025-10-22 20:45:23,538 [INFO] Appended 4 rows — CSV now has 13924 rows.
2025-10-22 20:45:23,547 [INFO] 24 fetched
2025-10-22 20:45:23,547 [INFO] Sleeping 72s before next set.
2025-10-22 20:46:35,621 [INFO] Fetching 10727-1 — https://www.bricklink.com/v2/catalog/catalogitem.page?S=10727-1#T=P
2025-10-22 20:46:45,330 [INFO] Appended 4 rows — CSV now has 13928 rows.
2025-10-22 20:46:45,339 [INFO] 25 fetched
2025-10-22 20:46:45,339 [INFO] Sleeping 51s before next set.
2025-10-22 20:47:36,428 [INFO] Fetching 10729-1 — https://www.bricklink.com/v2/catalog/catalogitem.page?S=10729-1#T=P
2025-10-22 20:47:45,946 [INFO] Appended 4 rows — CSV now has 13932 rows.
2025-10-22 20:47:45,956 [INFO] 26 fetched
2025-10-22 20:47:45,957 [INFO] Sleeping 35s before next set.
2025-10-22 20:48:21,072 [INFO] Fetching 10805-1 — https://www.bricklink.com/v2/catalog/catalogitem.page?S=10805-1#T=P
2025-10-22 20:48:30,556 [INFO] Appended 4 rows — CSV now has 13936 rows.
2025-10-22 20:48:30,563 [INFO] 27 fetched
2025-10-22 20:48:30,564 [INFO] Sleeping 43s before next set.
2025-10-22 20:49:13,715 [INFO] Fetching 21026-1 — https://www.bricklink.com/v2/catalog/catalogitem.page?S=21026-1#T=P
2025-10-22 20:49:23,340 [INFO] Appended 4 rows — CSV now has 13940 rows.
2025-10-22 20:49:23,353 [INFO] 28 fetched
2025-10-22 20:49:23,353 [INFO] Sleeping 35s before next set.
2025-10-22 20:49:58,754 [INFO] Fetching 21123-1 — https://www.bricklink.com/v2/catalog/catalogitem.page?S=21123-1#T=P
2025-10-22 20:50:08,471 [INFO] Appended 4 rows — CSV now has 13944 rows.
2025-10-22 20:50:08,477 [INFO] 29 fetched
2025-10-22 20:50:08,478 [INFO] Sleeping 56s before next set.
2025-10-22 20:51:04,790 [INFO] Fetching 40201-1 — https://www.bricklink.com/v2/catalog/catalogitem.page?S=40201-1#T=P
2025-10-22 20:51:14,615 [INFO] Appended 4 rows — CSV now has 13948 rows.
2025-10-22 20:51:14,622 [INFO] 30 fetched
2025-10-22 20:51:14,622 [INFO] Sleeping 74s before next set.
2025-10-22 20:52:29,287 [INFO] Fetching 31042-1 — https://www.bricklink.com/v2/catalog/catalogitem.page?S=31042-1#T=P
2025-10-22 20:52:39,470 [INFO] Appended 4 rows — CSV now has 13952 rows.
2025-10-22 20:52:39,477 [INFO] 31 fetched
2025-10-22 20:52:39,477 [INFO] Sleeping 63s before next set.
2025-10-22 20:53:43,102 [INFO] Fetching 31044-1 — https://www.bricklink.com/v2/catalog/catalogitem.page?S=31044-1#T=P
2025-10-22 20:53:52,630 [INFO] Appended 4 rows — CSV now has 13956 rows.
2025-10-22 20:53:52,638 [INFO] 32 fetched
2025-10-22 20:53:52,638 [INFO] Sleeping 50s before next set.
2025-10-22 20:54:42,670 [INFO] Fetching 31045-1 — https://www.bricklink.com/v2/catalog/catalogitem.page?S=31045-1#T=P
2025-10-22 20:54:52,203 [INFO] Appended 4 rows — CSV now has 13960 rows.
2025-10-22 20:54:52,211 [INFO] 33 fetched
2025-10-22 20:54:52,211 [INFO] Sleeping 53s before next set.
2025-10-22 20:55:45,946 [INFO] Fetching 31046-1 — https://www.bricklink.com/v2/catalog/catalogitem.page?S=31046-1#T=P
2025-10-22 20:55:55,673 [INFO] Appended 4 rows — CSV now has 13964 rows.
2025-10-22 20:55:55,681 [INFO] 34 fetched
2025-10-22 20:55:55,682 [INFO] Sleeping 68s before next set.
2025-10-22 20:57:04,469 [INFO] Fetching 31047-1 — https://www.bricklink.com/v2/catalog/catalogitem.page?S=31047-1#T=P
2025-10-22 20:57:14,063 [INFO] Appended 4 rows — CSV now has 13968 rows.
2025-10-22 20:57:14,070 [INFO] 35 fetched
2025-10-22 20:57:14,070 [INFO] Sleeping 42s before next set.
2025-10-22 20:57:56,178 [INFO] Fetching 41066-1 — https://www.bricklink.com/v2/catalog/catalogitem.page?S=41066-1#T=P
2025-10-22 20:58:05,928 [INFO] Appended 4 rows — CSV now has 13972 rows.
2025-10-22 20:58:05,935 [INFO] 36 fetched
2025-10-22 20:58:05,936 [INFO] Sleeping 35s before next set.
2025-10-22 20:58:41,801 [INFO] Fetching 75873-1 — https://www.bricklink.com/v2/catalog/catalogitem.page?S=75873-1#T=P
2025-10-22 20:58:51,376 [INFO] Appended 4 rows — CSV now has 13976 rows.
2025-10-22 20:58:51,388 [INFO] 37 fetched
2025-10-22 20:58:51,388 [INFO] Sleeping 42s before next set.
2025-10-22 20:59:33,841 [INFO] Fetching 41110-1 — https://www.bricklink.com/v2/catalog/catalogitem.page?S=41110-1#T=P
2025-10-22 20:59:43,368 [INFO] Appended 4 rows — CSV now has 13980 rows.
2025-10-22 20:59:43,375 [INFO] 38 fetched
2025-10-22 20:59:43,375 [INFO] Sleeping 62s before next set.
2025-10-22 21:00:45,526 [INFO] Fetching 41111-1 — https://www.bricklink.com/v2/catalog/catalogitem.page?S=41111-1#T=P
2025-10-22 21:00:55,290 [INFO] Appended 4 rows — CSV now has 13984 rows.
2025-10-22 21:00:55,297 [INFO] 39 fetched
2025-10-22 21:00:55,297 [INFO] Sleeping 86s before next set.
2025-10-22 21:02:21,936 [INFO] Fetching 41115-1 — https://www.bricklink.com/v2/catalog/catalogitem.page?S=41115-1#T=P
2025-10-22 21:02:31,423 [INFO] Appended 4 rows — CSV now has 13988 rows.
2025-10-22 21:02:31,431 [INFO] 40 fetched
2025-10-22 21:02:31,432 [INFO] Sleeping 124s before next set.
2025-10-22 21:04:36,350 [INFO] Fetching 41117-1 — https://www.bricklink.com/v2/catalog/catalogitem.page?S=41117-1#T=P
2025-10-22 21:04:45,839 [INFO] Appended 4 rows — CSV now has 13992 rows.
2025-10-22 21:04:45,846 [INFO] 41 fetched
2025-10-22 21:04:45,846 [INFO] Sleeping 87s before next set.
2025-10-22 21:06:13,790 [INFO] Fetching 41120-1 — https://www.bricklink.com/v2/catalog/catalogitem.page?S=41120-1#T=P
2025-10-22 21:06:23,399 [INFO] Appended 4 rows — CSV now has 13996 rows.
2025-10-22 21:06:23,406 [INFO] 42 fetched
2025-10-22 21:06:23,407 [INFO] Sleeping 81s before next set.
2025-10-22 21:07:45,291 [INFO] Fetching 41127-1 — https://www.bricklink.com/v2/catalog/catalogitem.page?S=41127-1#T=P
2025-10-22 21:07:54,739 [INFO] Appended 4 rows — CSV now has 14000 rows.
2025-10-22 21:07:54,746 [INFO] 43 fetched
2025-10-22 21:07:54,746 [INFO] Sleeping 48s before next set.
2025-10-22 21:08:43,731 [INFO] Fetching 41129-1 — https://www.bricklink.com/v2/catalog/catalogitem.page?S=41129-1#T=P
2025-10-22 21:08:53,389 [INFO] Appended 4 rows — CSV now has 14004 rows.
2025-10-22 21:08:53,396 [INFO] 44 fetched
2025-10-22 21:08:53,397 [INFO] Sleeping 86s before next set.
2025-10-22 21:10:19,589 [INFO] Fetching 41131-1 — https://www.bricklink.com/v2/catalog/catalogitem.page?S=41131-1#T=P
2025-10-22 21:10:29,442 [INFO] Appended 4 rows — CSV now has 14008 rows.
2025-10-22 21:10:29,448 [INFO] 45 fetched
2025-10-22 21:10:29,448 [INFO] Sleeping 87s before next set.
2025-10-22 21:11:56,655 [INFO] Fetching 41132-1 — https://www.bricklink.com/v2/catalog/catalogitem.page?S=41132-1#T=P
2025-10-22 21:12:01,960 [INFO] Appended 4 rows — CSV now has 14012 rows.
2025-10-22 21:12:01,974 [INFO] 46 fetched
2025-10-22 21:12:01,975 [INFO] Sleeping 59s before next set.
2025-10-22 21:13:01,953 [INFO] Fetching 41172-1 — https://www.bricklink.com/v2/catalog/catalogitem.page?S=41172-1#T=P
2025-10-22 21:13:11,534 [INFO] Appended 4 rows — CSV now has 14016 rows.
2025-10-22 21:13:11,541 [INFO] 47 fetched
2025-10-22 21:13:11,541 [INFO] Sleeping 45s before next set.
2025-10-22 21:13:56,560 [INFO] Fetching 41173-1 — https://www.bricklink.com/v2/catalog/catalogitem.page?S=41173-1#T=P
2025-10-22 21:14:06,024 [INFO] Appended 4 rows — CSV now has 14020 rows.
2025-10-22 21:14:06,032 [INFO] 48 fetched
2025-10-22 21:14:06,032 [INFO] Sleeping 71s before next set.
2025-10-22 21:15:17,764 [INFO] Fetching 42045-1 — https://www.bricklink.com/v2/catalog/catalogitem.page?S=42045-1#T=P
2025-10-22 21:15:27,435 [INFO] Appended 4 rows — CSV now has 14024 rows.
2025-10-22 21:15:27,442 [INFO] 49 fetched
2025-10-22 21:15:27,442 [INFO] Sleeping 70s before next set.
2025-10-22 21:16:37,892 [INFO] Fetching 42046-1 — https://www.bricklink.com/v2/catalog/catalogitem.page?S=42046-1#T=P
2025-10-22 21:16:47,657 [INFO] Appended 4 rows — CSV now has 14028 rows.
2025-10-22 21:16:47,663 [INFO] 50 fetched
2025-10-22 21:16:47,664 [INFO] Sleeping 79s before next set.
2025-10-22 21:18:06,736 [INFO] Fetching 42047-1 — https://www.bricklink.com/v2/catalog/catalogitem.page?S=42047-1#T=P
2025-10-22 21:18:16,563 [INFO] Appended 4 rows — CSV now has 14032 rows.
2025-10-22 21:18:16,570 [INFO] 51 fetched
2025-10-22 21:18:16,570 [INFO] Sleeping 39s before next set.
2025-10-22 21:18:56,425 [INFO] Fetching 45018-1 — https://www.bricklink.com/v2/catalog/catalogitem.page?S=45018-1#T=P
2025-10-22 21:19:05,898 [INFO] Appended 4 rows — CSV now has 14036 rows.
2025-10-22 21:19:05,915 [INFO] 52 fetched
2025-10-22 21:19:05,921 [INFO] Sleeping 48s before next set.
2025-10-22 21:19:54,228 [INFO] Fetching 60101-1 — https://www.bricklink.com/v2/catalog/catalogitem.page?S=60101-1#T=P
2025-10-22 21:20:03,745 [INFO] Appended 4 rows — CSV now has 14040 rows.
2025-10-22 21:20:03,752 [INFO] 53 fetched
2025-10-22 21:20:03,752 [INFO] Sleeping 40s before next set.
2025-10-22 21:20:44,029 [INFO] Fetching 60121-1 — https://www.bricklink.com/v2/catalog/catalogitem.page?S=60121-1#T=P
2025-10-22 21:20:53,649 [INFO] Appended 4 rows — CSV now has 14044 rows.
2025-10-22 21:20:53,656 [INFO] 54 fetched
2025-10-22 21:20:53,660 [INFO] Sleeping 49s before next set.
2025-10-22 21:21:43,137 [INFO] Fetching 60128-1 — https://www.bricklink.com/v2/catalog/catalogitem.page?S=60128-1#T=P
2025-10-22 21:21:53,002 [INFO] Appended 4 rows — CSV now has 14048 rows.
2025-10-22 21:21:53,011 [INFO] 55 fetched
2025-10-22 21:21:53,011 [INFO] Sleeping 75s before next set.
2025-10-22 21:23:08,324 [INFO] Fetching 60129-1 — https://www.bricklink.com/v2/catalog/catalogitem.page?S=60129-1#T=P
2025-10-22 21:23:17,907 [INFO] Appended 4 rows — CSV now has 14052 rows.
2025-10-22 21:23:17,913 [INFO] 56 fetched
2025-10-22 21:23:17,914 [INFO] Sleeping 69s before next set.
2025-10-22 21:24:27,273 [INFO] Fetching 60131-1 — https://www.bricklink.com/v2/catalog/catalogitem.page?S=60131-1#T=P
2025-10-22 21:24:36,788 [INFO] Appended 4 rows — CSV now has 14056 rows.
2025-10-22 21:24:36,796 [INFO] 57 fetched
2025-10-22 21:24:36,797 [INFO] Sleeping 74s before next set.
2025-10-22 21:25:51,612 [INFO] Fetching 70312-1 — https://www.bricklink.com/v2/catalog/catalogitem.page?S=70312-1#T=P
2025-10-22 21:26:01,774 [INFO] Appended 4 rows — CSV now has 14060 rows.
2025-10-22 21:26:01,786 [INFO] 58 fetched
2025-10-22 21:26:01,786 [INFO] Sleeping 60s before next set.
2025-10-22 21:27:02,354 [INFO] Fetching 75119-1 — https://www.bricklink.com/v2/catalog/catalogitem.page?S=75119-1#T=P
2025-10-22 21:27:12,222 [INFO] Appended 4 rows — CSV now has 14064 rows.
2025-10-22 21:27:12,229 [INFO] 59 fetched
2025-10-22 21:27:12,230 [INFO] Sleeping 43s before next set.
2025-10-22 21:27:55,294 [INFO] Fetching 70319-1 — https://www.bricklink.com/v2/catalog/catalogitem.page?S=70319-1#T=P
2025-10-22 21:28:05,072 [INFO] Appended 4 rows — CSV now has 14068 rows.
2025-10-22 21:28:05,079 [INFO] 60 fetched
2025-10-22 21:28:05,080 [INFO] Sleeping 111s before next set.
2025-10-22 21:29:56,711 [INFO] Fetching 75120-1 — https://www.bricklink.com/v2/catalog/catalogitem.page?S=75120-1#T=P
2025-10-22 21:30:06,542 [INFO] Appended 4 rows — CSV now has 14072 rows.
2025-10-22 21:30:06,550 [INFO] 61 fetched
2025-10-22 21:30:06,550 [INFO] Sleeping 82s before next set.
2025-10-22 21:31:28,764 [INFO] Fetching 70591-1 — https://www.bricklink.com/v2/catalog/catalogitem.page?S=70591-1#T=P
2025-10-22 21:31:38,458 [INFO] Appended 4 rows — CSV now has 14076 rows.
2025-10-22 21:31:38,466 [INFO] 62 fetched
2025-10-22 21:31:38,466 [INFO] Sleeping 56s before next set.
2025-10-22 21:32:34,487 [INFO] Fetching 71244-1 — https://www.bricklink.com/v2/catalog/catalogitem.page?S=71244-1#T=P
2025-10-22 21:32:44,022 [INFO] Appended 4 rows — CSV now has 14080 rows.
2025-10-22 21:32:44,033 [INFO] 63 fetched
2025-10-22 21:32:44,033 [INFO] Sleeping 45s before next set.
2025-10-22 21:33:29,604 [INFO] Fetching 71245-1 — https://www.bricklink.com/v2/catalog/catalogitem.page?S=71245-1#T=P
2025-10-22 21:33:39,213 [INFO] Appended 4 rows — CSV now has 14084 rows.
2025-10-22 21:33:39,221 [INFO] 64 fetched
2025-10-22 21:33:39,222 [INFO] Sleeping 39s before next set.
2025-10-22 21:34:18,271 [INFO] Fetching 71247-1 — https://www.bricklink.com/v2/catalog/catalogitem.page?S=71247-1#T=P
2025-10-22 21:34:27,972 [INFO] Appended 4 rows — CSV now has 14088 rows.
2025-10-22 21:34:27,979 [INFO] 65 fetched
2025-10-22 21:34:27,980 [INFO] Sleeping 37s before next set.
2025-10-22 21:35:05,187 [INFO] Fetching 71302-1 — https://www.bricklink.com/v2/catalog/catalogitem.page?S=71302-1#T=P
2025-10-22 21:35:14,898 [INFO] Appended 4 rows — CSV now has 14092 rows.
2025-10-22 21:35:14,905 [INFO] 66 fetched
2025-10-22 21:35:14,905 [INFO] Sleeping 87s before next set.
2025-10-22 21:36:42,897 [INFO] Fetching 71308-1 — https://www.bricklink.com/v2/catalog/catalogitem.page?S=71308-1#T=P
2025-10-22 21:36:52,378 [INFO] Appended 4 rows — CSV now has 14096 rows.
2025-10-22 21:36:52,389 [INFO] 67 fetched
2025-10-22 21:36:52,390 [INFO] Sleeping 63s before next set.
2025-10-22 21:37:55,861 [INFO] Fetching 71309-1 — https://www.bricklink.com/v2/catalog/catalogitem.page?S=71309-1#T=P
2025-10-22 21:38:05,347 [INFO] Appended 4 rows — CSV now has 14100 rows.
2025-10-22 21:38:05,354 [INFO] 68 fetched
2025-10-22 21:38:05,355 [INFO] Sleeping 68s before next set.
2025-10-22 21:39:13,749 [INFO] Fetching 71311-1 — https://www.bricklink.com/v2/catalog/catalogitem.page?S=71311-1#T=P
2025-10-22 21:39:23,222 [INFO] Appended 4 rows — CSV now has 14104 rows.
2025-10-22 21:39:23,229 [INFO] 69 fetched
2025-10-22 21:39:23,229 [INFO] Sleeping 45s before next set.
2025-10-22 21:40:08,675 [INFO] Fetching 71313-1 — https://www.bricklink.com/v2/catalog/catalogitem.page?S=71313-1#T=P
2025-10-22 21:40:18,265 [INFO] Appended 4 rows — CSV now has 14108 rows.
2025-10-22 21:40:18,272 [INFO] 70 fetched
2025-10-22 21:40:18,272 [INFO] Sleeping 42s before next set.
2025-10-22 21:41:00,588 [INFO] Fetching 71314-1 — https://www.bricklink.com/v2/catalog/catalogitem.page?S=71314-1#T=P
2025-10-22 21:41:10,348 [INFO] Appended 4 rows — CSV now has 14112 rows.
2025-10-22 21:41:10,357 [INFO] 71 fetched
2025-10-22 21:41:10,357 [INFO] Sleeping 31s before next set.
2025-10-22 21:41:42,225 [INFO] Fetching 71316-1 — https://www.bricklink.com/v2/catalog/catalogitem.page?S=71316-1#T=P
2025-10-22 21:41:51,753 [INFO] Appended 4 rows — CSV now has 14116 rows.
2025-10-22 21:41:51,759 [INFO] 72 fetched
2025-10-22 21:41:51,760 [INFO] Sleeping 50s before next set.
2025-10-22 21:42:42,743 [INFO] Fetching 75115-1 — https://www.bricklink.com/v2/catalog/catalogitem.page?S=75115-1#T=P
2025-10-22 21:42:52,479 [INFO] Appended 4 rows — CSV now has 14120 rows.
2025-10-22 21:42:52,486 [INFO] 73 fetched
2025-10-22 21:42:52,486 [INFO] Sleeping 73s before next set.
2025-10-22 21:44:05,577 [INFO] Fetching 75127-1 — https://www.bricklink.com/v2/catalog/catalogitem.page?S=75127-1#T=P
2025-10-22 21:44:15,577 [INFO] Appended 4 rows — CSV now has 14124 rows.
2025-10-22 21:44:15,584 [INFO] 74 fetched
2025-10-22 21:44:15,584 [INFO] Sleeping 42s before next set.
2025-10-22 21:44:57,596 [INFO] Fetching 75133-1 — https://www.bricklink.com/v2/catalog/catalogitem.page?S=75133-1#T=P
2025-10-22 21:45:07,220 [INFO] Appended 4 rows — CSV now has 14128 rows.
2025-10-22 21:45:07,228 [INFO] 75 fetched
2025-10-22 21:45:07,229 [INFO] Sleeping 36s before next set.
2025-10-22 21:45:43,376 [INFO] Fetching 75135-1 — https://www.bricklink.com/v2/catalog/catalogitem.page?S=75135-1#T=P
2025-10-22 21:45:53,117 [INFO] Appended 4 rows — CSV now has 14132 rows.
2025-10-22 21:45:53,126 [INFO] 76 fetched
2025-10-22 21:45:53,127 [INFO] Sleeping 71s before next set.
2025-10-22 21:47:04,777 [INFO] Fetching 75136-1 — https://www.bricklink.com/v2/catalog/catalogitem.page?S=75136-1#T=P
2025-10-22 21:47:14,537 [INFO] Appended 4 rows — CSV now has 14136 rows.
2025-10-22 21:47:14,543 [INFO] 77 fetched
2025-10-22 21:47:14,546 [INFO] Sleeping 85s before next set.
2025-10-22 21:48:39,746 [INFO] Fetching 75138-1 — https://www.bricklink.com/v2/catalog/catalogitem.page?S=75138-1#T=P
2025-10-22 21:48:49,542 [INFO] Appended 4 rows — CSV now has 14140 rows.
2025-10-22 21:48:49,549 [INFO] 78 fetched
2025-10-22 21:48:49,549 [INFO] Sleeping 41s before next set.
2025-10-22 21:49:31,015 [INFO] Fetching 75141-1 — https://www.bricklink.com/v2/catalog/catalogitem.page?S=75141-1#T=P
2025-10-22 21:49:41,602 [INFO] Appended 4 rows — CSV now has 14144 rows.
2025-10-22 21:49:41,609 [INFO] 79 fetched
2025-10-22 21:49:41,609 [INFO] Sleeping 61s before next set.
2025-10-22 21:50:43,468 [INFO] Fetching 75870-1 — https://www.bricklink.com/v2/catalog/catalogitem.page?S=75870-1#T=P
2025-10-22 21:50:53,097 [INFO] Appended 4 rows — CSV now has 14148 rows.
2025-10-22 21:50:53,105 [INFO] 80 fetched
2025-10-22 21:50:53,105 [INFO] Sleeping 106s before next set.
2025-10-22 21:52:39,781 [INFO] Fetching 75872-1 — https://www.bricklink.com/v2/catalog/catalogitem.page?S=75872-1#T=P
2025-10-22 21:52:49,758 [INFO] Appended 4 rows — CSV now has 14152 rows.
2025-10-22 21:52:49,764 [INFO] 81 fetched
2025-10-22 21:52:49,765 [INFO] Sleeping 48s before next set.
2025-10-22 21:53:38,027 [INFO] Fetching 76050-1 — https://www.bricklink.com/v2/catalog/catalogitem.page?S=76050-1#T=P
2025-10-22 21:53:47,873 [INFO] Appended 4 rows — CSV now has 14156 rows.
2025-10-22 21:53:47,879 [INFO] 82 fetched
2025-10-22 21:53:47,880 [INFO] Sleeping 35s before next set.
2025-10-22 21:54:23,782 [INFO] Fetching 76053-1 — https://www.bricklink.com/v2/catalog/catalogitem.page?S=76053-1#T=P
2025-10-22 21:54:33,456 [INFO] Appended 4 rows — CSV now has 14160 rows.
2025-10-22 21:54:33,462 [INFO] 83 fetched
2025-10-22 21:54:33,463 [INFO] Sleeping 59s before next set.
2025-10-22 21:55:33,104 [INFO] Fetching 40262-1 — https://www.bricklink.com/v2/catalog/catalogitem.page?S=40262-1#T=P
2025-10-22 21:55:42,755 [INFO] Appended 4 rows — CSV now has 14164 rows.
2025-10-22 21:55:42,762 [INFO] 84 fetched
2025-10-22 21:55:42,762 [INFO] Sleeping 78s before next set.
2025-10-22 21:57:01,545 [INFO] Fetching 40266-1 — https://www.bricklink.com/v2/catalog/catalogitem.page?S=40266-1#T=P
2025-10-22 21:57:08,099 [INFO] Appended 4 rows — CSV now has 14168 rows.
2025-10-22 21:57:08,106 [INFO] 85 fetched
2025-10-22 21:57:08,107 [INFO] Sleeping 65s before next set.
2025-10-22 21:58:13,516 [INFO] Fetching 853650-1 — https://www.bricklink.com/v2/catalog/catalogitem.page?S=853650-1#T=P
2025-10-22 21:58:23,158 [INFO] Appended 4 rows — CSV now has 14172 rows.
2025-10-22 21:58:23,167 [INFO] 86 fetched
2025-10-22 21:58:23,167 [INFO] Sleeping 43s before next set.
2025-10-22 21:59:06,460 [INFO] Fetching 853702-1 — https://www.bricklink.com/v2/catalog/catalogitem.page?S=853702-1#T=P
2025-10-22 21:59:16,039 [INFO] Appended 4 rows — CSV now has 14176 rows.
2025-10-22 21:59:16,046 [INFO] 87 fetched
2025-10-22 21:59:16,046 [INFO] Sleeping 78s before next set.
2025-10-22 22:00:34,576 [INFO] Fetching 31056-1 — https://www.bricklink.com/v2/catalog/catalogitem.page?S=31056-1#T=P
2025-10-22 22:00:44,623 [INFO] Appended 4 rows — CSV now has 14180 rows.
2025-10-22 22:00:44,634 [INFO] 88 fetched
2025-10-22 22:00:44,634 [INFO] Sleeping 72s before next set.
2025-10-22 22:01:57,508 [INFO] Fetching 31058-1 — https://www.bricklink.com/v2/catalog/catalogitem.page?S=31058-1#T=P
2025-10-22 22:02:07,375 [INFO] Appended 4 rows — CSV now has 14184 rows.
2025-10-22 22:02:07,384 [INFO] 89 fetched
2025-10-22 22:02:07,384 [INFO] Sleeping 30s before next set.
2025-10-22 22:02:38,205 [INFO] Fetching 40236-1 — https://www.bricklink.com/v2/catalog/catalogitem.page?S=40236-1#T=P
2025-10-22 22:02:47,871 [INFO] Appended 4 rows — CSV now has 14188 rows.
2025-10-22 22:02:47,881 [INFO] 90 fetched
2025-10-22 22:02:47,882 [INFO] Sleeping 73s before next set.
2025-10-22 22:04:01,509 [INFO] Fetching 40237-1 — https://www.bricklink.com/v2/catalog/catalogitem.page?S=40237-1#T=P
2025-10-22 22:04:11,308 [INFO] Appended 4 rows — CSV now has 14192 rows.
2025-10-22 22:04:11,315 [INFO] 91 fetched
2025-10-22 22:04:11,316 [INFO] Sleeping 57s before next set.
2025-10-22 22:05:09,041 [INFO] Fetching 40260-1 — https://www.bricklink.com/v2/catalog/catalogitem.page?S=40260-1#T=P
2025-10-22 22:05:18,993 [INFO] Appended 4 rows — CSV now has 14196 rows.
2025-10-22 22:05:19,001 [INFO] 92 fetched
2025-10-22 22:05:19,001 [INFO] Sleeping 32s before next set.
2025-10-22 22:05:51,500 [INFO] Fetching 40261-1 — https://www.bricklink.com/v2/catalog/catalogitem.page?S=40261-1#T=P
2025-10-22 22:06:01,262 [INFO] Appended 4 rows — CSV now has 14200 rows.
2025-10-22 22:06:01,268 [INFO] 93 fetched
2025-10-22 22:06:01,269 [INFO] Sleeping 81s before next set.
2025-10-22 22:07:23,051 [INFO] Fetching 40263-1 — https://www.bricklink.com/v2/catalog/catalogitem.page?S=40263-1#T=P
2025-10-22 22:07:32,879 [INFO] Appended 4 rows — CSV now has 14204 rows.
2025-10-22 22:07:32,886 [INFO] 94 fetched
2025-10-22 22:07:32,886 [INFO] Sleeping 75s before next set.
2025-10-22 22:08:48,361 [INFO] Fetching 40264-1 — https://www.bricklink.com/v2/catalog/catalogitem.page?S=40264-1#T=P
2025-10-22 22:08:57,907 [INFO] Appended 4 rows — CSV now has 14208 rows.
2025-10-22 22:08:57,916 [INFO] 95 fetched
2025-10-22 22:08:57,916 [INFO] Sleeping 30s before next set.
2025-10-22 22:09:28,596 [INFO] Fetching 41231-1 — https://www.bricklink.com/v2/catalog/catalogitem.page?S=41231-1#T=P
2025-10-22 22:09:38,224 [INFO] Appended 4 rows — CSV now has 14212 rows.
2025-10-22 22:09:38,232 [INFO] 96 fetched
2025-10-22 22:09:38,232 [INFO] Sleeping 50s before next set.
2025-10-22 22:10:29,102 [INFO] Fetching 41300-1 — https://www.bricklink.com/v2/catalog/catalogitem.page?S=41300-1#T=P
2025-10-22 22:10:34,628 [INFO] Appended 4 rows — CSV now has 14216 rows.
2025-10-22 22:10:34,635 [INFO] 97 fetched
2025-10-22 22:10:34,636 [INFO] Sleeping 35s before next set.
2025-10-22 22:11:10,386 [INFO] Finished run.
