2025-10-17 18:45:47,799 [INFO] Fichier de log actif : logs\bricklink_20251017_1645.log
2025-10-17 18:45:48,381 [INFO] 100 sets à scrapper récupérés depuis la DB.
2025-10-17 18:45:48,403 [INFO] Skip 5578-1 (fetch récent < 7 jours).
2025-10-17 18:45:48,403 [INFO] Skip 10282-2 (fetch récent < 7 jours).
2025-10-17 18:45:48,404 [INFO] Fetching 41682-1 — https://www.bricklink.com/v2/catalog/catalogitem.page?S=41682-1#T=P
2025-10-17 18:46:01,062 [INFO] Appended 4 rows — CSV now has 5704 rows.
2025-10-17 18:46:01,067 [INFO] 1 fetched
2025-10-17 18:46:01,069 [INFO] Sleeping 78s before next set.
2025-10-17 18:47:19,622 [INFO] Fetching 41689-1 — https://www.bricklink.com/v2/catalog/catalogitem.page?S=41689-1#T=P
2025-10-17 18:47:29,635 [INFO] Appended 4 rows — CSV now has 5708 rows.
2025-10-17 18:47:29,643 [INFO] 2 fetched
2025-10-17 18:47:29,644 [INFO] Sleeping 66s before next set.
2025-10-17 18:48:36,303 [INFO] Fetching 41693-1 — https://www.bricklink.com/v2/catalog/catalogitem.page?S=41693-1#T=P
2025-10-17 18:48:45,968 [INFO] Appended 4 rows — CSV now has 5712 rows.
2025-10-17 18:48:45,973 [INFO] 3 fetched
2025-10-17 18:48:45,973 [INFO] Sleeping 62s before next set.
2025-10-17 18:49:48,689 [INFO] Fetching 43114-1 — https://www.bricklink.com/v2/catalog/catalogitem.page?S=43114-1#T=P
2025-10-17 18:49:58,255 [INFO] Appended 4 rows — CSV now has 5716 rows.
2025-10-17 18:49:58,258 [INFO] 4 fetched
2025-10-17 18:49:58,259 [INFO] Sleeping 85s before next set.
2025-10-17 18:51:24,205 [INFO] Fetching 60302-1 — https://www.bricklink.com/v2/catalog/catalogitem.page?S=60302-1#T=P
2025-10-17 18:51:33,888 [INFO] Appended 4 rows — CSV now has 5720 rows.
2025-10-17 18:51:33,893 [INFO] 5 fetched
2025-10-17 18:51:33,893 [INFO] Sleeping 49s before next set.
2025-10-17 18:52:23,022 [INFO] Fetching 60307-1 — https://www.bricklink.com/v2/catalog/catalogitem.page?S=60307-1#T=P
2025-10-17 18:52:32,479 [INFO] Appended 4 rows — CSV now has 5724 rows.
2025-10-17 18:52:32,482 [INFO] 6 fetched
2025-10-17 18:52:32,483 [INFO] Sleeping 44s before next set.
2025-10-17 18:53:17,471 [INFO] Fetching 71737-1 — https://www.bricklink.com/v2/catalog/catalogitem.page?S=71737-1#T=P
2025-10-17 18:53:27,323 [INFO] Appended 4 rows — CSV now has 5728 rows.
2025-10-17 18:53:27,326 [INFO] 7 fetched
2025-10-17 18:53:27,327 [INFO] Sleeping 44s before next set.
2025-10-17 18:54:12,168 [INFO] Fetching 71747-1 — https://www.bricklink.com/v2/catalog/catalogitem.page?S=71747-1#T=P
2025-10-17 18:54:22,044 [INFO] Appended 4 rows — CSV now has 5732 rows.
2025-10-17 18:54:22,047 [INFO] 8 fetched
2025-10-17 18:54:22,048 [INFO] Sleeping 70s before next set.
2025-10-17 18:55:32,837 [INFO] Fetching 71753-1 — https://www.bricklink.com/v2/catalog/catalogitem.page?S=71753-1#T=P
2025-10-17 18:55:42,450 [INFO] Appended 4 rows — CSV now has 5736 rows.
2025-10-17 18:55:42,453 [INFO] 9 fetched
2025-10-17 18:55:42,453 [INFO] Sleeping 37s before next set.
2025-10-17 18:56:19,937 [INFO] Fetching 71754-1 — https://www.bricklink.com/v2/catalog/catalogitem.page?S=71754-1#T=P
2025-10-17 18:56:29,797 [INFO] Appended 4 rows — CSV now has 5740 rows.
2025-10-17 18:56:29,800 [INFO] 10 fetched
2025-10-17 18:56:29,801 [INFO] Sleeping 53s before next set.
2025-10-17 18:57:23,421 [INFO] Fetching 75296-1 — https://www.bricklink.com/v2/catalog/catalogitem.page?S=75296-1#T=P
2025-10-17 18:57:32,937 [INFO] Appended 4 rows — CSV now has 5744 rows.
2025-10-17 18:57:32,941 [INFO] 11 fetched
2025-10-17 18:57:32,941 [INFO] Sleeping 77s before next set.
2025-10-17 18:58:50,623 [INFO] Fetching 75316-1 — https://www.bricklink.com/v2/catalog/catalogitem.page?S=75316-1#T=P
2025-10-17 18:59:00,653 [INFO] Appended 4 rows — CSV now has 5748 rows.
2025-10-17 18:59:00,659 [INFO] 12 fetched
2025-10-17 18:59:00,659 [INFO] Sleeping 66s before next set.
2025-10-17 19:00:07,564 [INFO] Fetching 76191-1 — https://www.bricklink.com/v2/catalog/catalogitem.page?S=76191-1#T=P
2025-10-17 19:00:17,121 [INFO] Appended 4 rows — CSV now has 5752 rows.
2025-10-17 19:00:17,125 [INFO] 13 fetched
2025-10-17 19:00:17,125 [INFO] Sleeping 54s before next set.
2025-10-17 19:01:11,869 [INFO] Fetching 76394-1 — https://www.bricklink.com/v2/catalog/catalogitem.page?S=76394-1#T=P
2025-10-17 19:01:21,517 [INFO] Appended 4 rows — CSV now has 5756 rows.
2025-10-17 19:01:21,520 [INFO] 14 fetched
2025-10-17 19:01:21,520 [INFO] Sleeping 88s before next set.
2025-10-17 19:02:49,530 [INFO] Fetching 80020-1 — https://www.bricklink.com/v2/catalog/catalogitem.page?S=80020-1#T=P
2025-10-17 19:02:59,111 [INFO] Appended 4 rows — CSV now has 5760 rows.
2025-10-17 19:02:59,115 [INFO] 15 fetched
2025-10-17 19:02:59,115 [INFO] Sleeping 79s before next set.
2025-10-17 19:04:18,393 [INFO] Fetching 80026-1 — https://www.bricklink.com/v2/catalog/catalogitem.page?S=80026-1#T=P
2025-10-17 19:04:27,940 [INFO] Appended 4 rows — CSV now has 5764 rows.
2025-10-17 19:04:27,947 [INFO] 16 fetched
2025-10-17 19:04:27,948 [INFO] Sleeping 76s before next set.
2025-10-17 19:05:44,376 [INFO] Fetching 71739-1 — https://www.bricklink.com/v2/catalog/catalogitem.page?S=71739-1#T=P
2025-10-17 19:05:53,928 [INFO] Appended 4 rows — CSV now has 5768 rows.
2025-10-17 19:05:53,936 [INFO] 17 fetched
2025-10-17 19:05:53,937 [INFO] Sleeping 58s before next set.
2025-10-17 19:06:52,060 [INFO] Fetching 10282-1 — https://www.bricklink.com/v2/catalog/catalogitem.page?S=10282-1#T=P
2025-10-17 19:07:01,755 [INFO] Appended 4 rows — CSV now has 5772 rows.
2025-10-17 19:07:01,761 [INFO] 18 fetched
2025-10-17 19:07:01,762 [INFO] Sleeping 77s before next set.
2025-10-17 19:08:18,989 [INFO] Fetching 11013-1 — https://www.bricklink.com/v2/catalog/catalogitem.page?S=11013-1#T=P
2025-10-17 19:08:28,463 [INFO] Appended 4 rows — CSV now has 5776 rows.
2025-10-17 19:08:28,467 [INFO] 19 fetched
2025-10-17 19:08:28,467 [INFO] Sleeping 43s before next set.
2025-10-17 19:09:12,240 [INFO] Fetching 21169-1 — https://www.bricklink.com/v2/catalog/catalogitem.page?S=21169-1#T=P
2025-10-17 19:09:21,899 [INFO] Appended 4 rows — CSV now has 5780 rows.
2025-10-17 19:09:21,903 [INFO] 20 fetched
2025-10-17 19:09:21,903 [INFO] Sleeping 53s before next set.
2025-10-17 19:10:15,794 [INFO] Fetching 21173-1 — https://www.bricklink.com/v2/catalog/catalogitem.page?S=21173-1#T=P
2025-10-17 19:10:25,396 [INFO] Appended 4 rows — CSV now has 5784 rows.
2025-10-17 19:10:25,400 [INFO] 21 fetched
2025-10-17 19:10:25,400 [INFO] Sleeping 60s before next set.
2025-10-17 19:11:26,192 [INFO] Fetching 31118-1 — https://www.bricklink.com/v2/catalog/catalogitem.page?S=31118-1#T=P
2025-10-17 19:11:35,879 [INFO] Appended 4 rows — CSV now has 5788 rows.
2025-10-17 19:11:35,885 [INFO] 22 fetched
2025-10-17 19:11:35,885 [INFO] Sleeping 45s before next set.
2025-10-17 19:12:21,816 [INFO] Fetching 40478-1 — https://www.bricklink.com/v2/catalog/catalogitem.page?S=40478-1#T=P
2025-10-17 19:12:31,384 [INFO] Appended 4 rows — CSV now has 5792 rows.
2025-10-17 19:12:31,388 [INFO] 23 fetched
2025-10-17 19:12:31,388 [INFO] Sleeping 61s before next set.
2025-10-17 19:13:33,039 [INFO] Fetching 41683-1 — https://www.bricklink.com/v2/catalog/catalogitem.page?S=41683-1#T=P
2025-10-17 19:13:43,269 [INFO] Appended 4 rows — CSV now has 5796 rows.
2025-10-17 19:13:43,273 [INFO] 24 fetched
2025-10-17 19:13:43,273 [INFO] Sleeping 74s before next set.
2025-10-17 19:14:57,284 [INFO] Fetching 41926-1 — https://www.bricklink.com/v2/catalog/catalogitem.page?S=41926-1#T=P
2025-10-17 19:15:06,712 [INFO] Appended 4 rows — CSV now has 5800 rows.
2025-10-17 19:15:06,716 [INFO] 25 fetched
2025-10-17 19:15:06,716 [INFO] Sleeping 87s before next set.
2025-10-17 19:16:33,778 [INFO] Fetching 42121-1 — https://www.bricklink.com/v2/catalog/catalogitem.page?S=42121-1#T=P
2025-10-17 19:16:43,611 [INFO] Appended 4 rows — CSV now has 5804 rows.
2025-10-17 19:16:43,617 [INFO] 26 fetched
2025-10-17 19:16:43,617 [INFO] Sleeping 45s before next set.
2025-10-17 19:17:28,927 [INFO] Fetching 42122-1 — https://www.bricklink.com/v2/catalog/catalogitem.page?S=42122-1#T=P
2025-10-17 19:17:39,163 [INFO] Appended 4 rows — CSV now has 5808 rows.
2025-10-17 19:17:39,167 [INFO] 27 fetched
2025-10-17 19:17:39,168 [INFO] Sleeping 56s before next set.
2025-10-17 19:18:35,791 [INFO] Fetching 43113-1 — https://www.bricklink.com/v2/catalog/catalogitem.page?S=43113-1#T=P
2025-10-17 19:18:45,669 [INFO] Appended 4 rows — CSV now has 5812 rows.
2025-10-17 19:18:45,677 [INFO] 28 fetched
2025-10-17 19:18:45,678 [INFO] Sleeping 53s before next set.
2025-10-17 19:19:39,599 [INFO] Fetching 43181-1 — https://www.bricklink.com/v2/catalog/catalogitem.page?S=43181-1#T=P
2025-10-17 19:19:49,069 [INFO] Appended 4 rows — CSV now has 5816 rows.
2025-10-17 19:19:49,073 [INFO] 29 fetched
2025-10-17 19:19:49,073 [INFO] Sleeping 73s before next set.
2025-10-17 19:21:02,544 [INFO] Fetching 43196-1 — https://www.bricklink.com/v2/catalog/catalogitem.page?S=43196-1#T=P
2025-10-17 19:21:12,225 [INFO] Appended 4 rows — CSV now has 5820 rows.
2025-10-17 19:21:12,234 [INFO] 30 fetched
2025-10-17 19:21:12,235 [INFO] Sleeping 51s before next set.
2025-10-17 19:22:03,714 [INFO] Fetching 43202-1 — https://www.bricklink.com/v2/catalog/catalogitem.page?S=43202-1#T=P
2025-10-17 19:22:13,735 [INFO] Appended 4 rows — CSV now has 5824 rows.
2025-10-17 19:22:13,739 [INFO] 31 fetched
2025-10-17 19:22:13,739 [INFO] Sleeping 47s before next set.
2025-10-17 19:23:01,617 [INFO] Fetching 45681-1 — https://www.bricklink.com/v2/catalog/catalogitem.page?S=45681-1#T=P
2025-10-17 19:23:11,214 [INFO] Appended 4 rows — CSV now has 5828 rows.
2025-10-17 19:23:11,218 [INFO] 32 fetched
2025-10-17 19:23:11,218 [INFO] Sleeping 68s before next set.
2025-10-17 19:24:19,293 [INFO] Fetching 60295-1 — https://www.bricklink.com/v2/catalog/catalogitem.page?S=60295-1#T=P
2025-10-17 19:24:28,868 [INFO] Appended 4 rows — CSV now has 5832 rows.
2025-10-17 19:24:28,871 [INFO] 33 fetched
2025-10-17 19:24:28,872 [INFO] Sleeping 63s before next set.
2025-10-17 19:25:32,137 [INFO] Fetching 60306-1 — https://www.bricklink.com/v2/catalog/catalogitem.page?S=60306-1#T=P
2025-10-17 19:25:41,833 [INFO] Appended 4 rows — CSV now has 5836 rows.
2025-10-17 19:25:41,837 [INFO] 34 fetched
2025-10-17 19:25:41,838 [INFO] Sleeping 60s before next set.
2025-10-17 19:26:42,339 [INFO] Fetching 71746-1 — https://www.bricklink.com/v2/catalog/catalogitem.page?S=71746-1#T=P
2025-10-17 19:26:52,092 [INFO] Appended 4 rows — CSV now has 5840 rows.
2025-10-17 19:26:52,096 [INFO] 35 fetched
2025-10-17 19:26:52,096 [INFO] Sleeping 89s before next set.
2025-10-17 19:28:21,282 [INFO] Fetching 75302-1 — https://www.bricklink.com/v2/catalog/catalogitem.page?S=75302-1#T=P
2025-10-17 19:28:30,959 [INFO] Appended 4 rows — CSV now has 5844 rows.
2025-10-17 19:28:30,965 [INFO] 36 fetched
2025-10-17 19:28:30,966 [INFO] Sleeping 75s before next set.
2025-10-17 19:29:46,791 [INFO] Fetching 75306-1 — https://www.bricklink.com/v2/catalog/catalogitem.page?S=75306-1#T=P
2025-10-17 19:29:56,366 [INFO] Appended 4 rows — CSV now has 5848 rows.
2025-10-17 19:29:56,370 [INFO] 37 fetched
2025-10-17 19:29:56,370 [INFO] Sleeping 67s before next set.
2025-10-17 19:31:03,778 [INFO] Fetching 75312-1 — https://www.bricklink.com/v2/catalog/catalogitem.page?S=75312-1#T=P
2025-10-17 19:31:13,424 [INFO] Appended 4 rows — CSV now has 5852 rows.
2025-10-17 19:31:13,428 [INFO] 38 fetched
2025-10-17 19:31:13,428 [INFO] Sleeping 84s before next set.
2025-10-17 19:32:38,046 [INFO] Fetching 76187-1 — https://www.bricklink.com/v2/catalog/catalogitem.page?S=76187-1#T=P
2025-10-17 19:32:47,639 [INFO] Appended 4 rows — CSV now has 5856 rows.
2025-10-17 19:32:47,644 [INFO] 39 fetched
2025-10-17 19:32:47,644 [INFO] Sleeping 65s before next set.
2025-10-17 19:33:52,949 [INFO] Fetching 76192-1 — https://www.bricklink.com/v2/catalog/catalogitem.page?S=76192-1#T=P
2025-10-17 19:34:02,527 [INFO] Appended 4 rows — CSV now has 5860 rows.
2025-10-17 19:34:02,531 [INFO] 40 fetched
2025-10-17 19:34:02,531 [INFO] Sleeping 116s before next set.
2025-10-17 19:35:58,919 [INFO] Fetching 76199-1 — https://www.bricklink.com/v2/catalog/catalogitem.page?S=76199-1#T=P
2025-10-17 19:36:08,543 [INFO] Appended 4 rows — CSV now has 5864 rows.
2025-10-17 19:36:08,548 [INFO] 41 fetched
2025-10-17 19:36:08,548 [INFO] Sleeping 43s before next set.
2025-10-17 19:36:52,008 [INFO] Fetching 76903-1 — https://www.bricklink.com/v2/catalog/catalogitem.page?S=76903-1#T=P
2025-10-17 19:37:01,597 [INFO] Appended 4 rows — CSV now has 5868 rows.
2025-10-17 19:37:01,601 [INFO] 42 fetched
2025-10-17 19:37:01,602 [INFO] Sleeping 78s before next set.
2025-10-17 19:38:20,104 [INFO] Fetching 76904-1 — https://www.bricklink.com/v2/catalog/catalogitem.page?S=76904-1#T=P
2025-10-17 19:38:29,619 [INFO] Appended 4 rows — CSV now has 5872 rows.
2025-10-17 19:38:29,622 [INFO] 43 fetched
2025-10-17 19:38:29,623 [INFO] Sleeping 43s before next set.
2025-10-17 19:39:13,566 [INFO] Fetching 76905-1 — https://www.bricklink.com/v2/catalog/catalogitem.page?S=76905-1#T=P
2025-10-17 19:39:22,998 [INFO] Appended 4 rows — CSV now has 5876 rows.
2025-10-17 19:39:23,001 [INFO] 44 fetched
2025-10-17 19:39:23,002 [INFO] Sleeping 46s before next set.
2025-10-17 19:40:09,462 [INFO] Fetching 80025-1 — https://www.bricklink.com/v2/catalog/catalogitem.page?S=80025-1#T=P
2025-10-17 19:40:19,020 [INFO] Appended 4 rows — CSV now has 5880 rows.
2025-10-17 19:40:19,029 [INFO] 45 fetched
2025-10-17 19:40:19,029 [INFO] Sleeping 85s before next set.
2025-10-17 19:41:44,227 [INFO] Fetching 40541-1 — https://www.bricklink.com/v2/catalog/catalogitem.page?S=40541-1#T=P
2025-10-17 19:41:53,693 [INFO] Appended 4 rows — CSV now has 5884 rows.
2025-10-17 19:41:53,698 [INFO] 46 fetched
2025-10-17 19:41:53,698 [INFO] Sleeping 80s before next set.
2025-10-17 19:43:13,967 [INFO] Fetching 40542-1 — https://www.bricklink.com/v2/catalog/catalogitem.page?S=40542-1#T=P
2025-10-17 19:43:23,615 [INFO] Appended 4 rows — CSV now has 5888 rows.
2025-10-17 19:43:23,618 [INFO] 47 fetched
2025-10-17 19:43:23,619 [INFO] Sleeping 45s before next set.
2025-10-17 19:44:08,661 [INFO] Fetching 11019-1 — https://www.bricklink.com/v2/catalog/catalogitem.page?S=11019-1#T=P
2025-10-17 19:44:18,171 [INFO] Appended 4 rows — CSV now has 5892 rows.
2025-10-17 19:44:18,176 [INFO] 48 fetched
2025-10-17 19:44:18,177 [INFO] Sleeping 87s before next set.
2025-10-17 19:45:46,115 [INFO] Fetching 21183-1 — https://www.bricklink.com/v2/catalog/catalogitem.page?S=21183-1#T=P
2025-10-17 19:45:55,706 [INFO] Appended 4 rows — CSV now has 5896 rows.
2025-10-17 19:45:55,713 [INFO] 49 fetched
2025-10-17 19:45:55,713 [INFO] Sleeping 74s before next set.
2025-10-17 19:47:10,478 [INFO] Fetching 31130-1 — https://www.bricklink.com/v2/catalog/catalogitem.page?S=31130-1#T=P
2025-10-17 19:47:20,384 [INFO] Appended 4 rows — CSV now has 5900 rows.
2025-10-17 19:47:20,387 [INFO] 50 fetched
2025-10-17 19:47:20,388 [INFO] Sleeping 38s before next set.
2025-10-17 19:47:58,540 [INFO] Fetching 41709-1 — https://www.bricklink.com/v2/catalog/catalogitem.page?S=41709-1#T=P
2025-10-17 19:48:08,102 [INFO] Appended 4 rows — CSV now has 5904 rows.
2025-10-17 19:48:08,107 [INFO] 51 fetched
2025-10-17 19:48:08,108 [INFO] Sleeping 74s before next set.
2025-10-17 19:49:22,734 [INFO] Fetching 41964-1 — https://www.bricklink.com/v2/catalog/catalogitem.page?S=41964-1#T=P
2025-10-17 19:49:32,866 [INFO] Appended 4 rows — CSV now has 5908 rows.
2025-10-17 19:49:32,870 [INFO] 52 fetched
2025-10-17 19:49:32,871 [INFO] Sleeping 33s before next set.
2025-10-17 19:50:06,356 [INFO] Fetching 43203-1 — https://www.bricklink.com/v2/catalog/catalogitem.page?S=43203-1#T=P
2025-10-17 19:50:15,782 [INFO] Appended 4 rows — CSV now has 5912 rows.
2025-10-17 19:50:15,786 [INFO] 53 fetched
2025-10-17 19:50:15,786 [INFO] Sleeping 32s before next set.
2025-10-17 19:50:48,414 [INFO] Fetching 71399-1 — https://www.bricklink.com/v2/catalog/catalogitem.page?S=71399-1#T=P
2025-10-17 19:50:57,917 [INFO] Appended 4 rows — CSV now has 5916 rows.
2025-10-17 19:50:57,920 [INFO] 54 fetched
2025-10-17 19:50:57,921 [INFO] Sleeping 74s before next set.
2025-10-17 19:52:11,930 [INFO] Fetching 71764-1 — https://www.bricklink.com/v2/catalog/catalogitem.page?S=71764-1#T=P
2025-10-17 19:52:21,570 [INFO] Appended 4 rows — CSV now has 5920 rows.
2025-10-17 19:52:21,574 [INFO] 55 fetched
2025-10-17 19:52:21,574 [INFO] Sleeping 44s before next set.
2025-10-17 19:53:06,077 [INFO] Fetching 71772-1 — https://www.bricklink.com/v2/catalog/catalogitem.page?S=71772-1#T=P
2025-10-17 19:53:15,546 [INFO] Appended 4 rows — CSV now has 5924 rows.
2025-10-17 19:53:15,551 [INFO] 56 fetched
2025-10-17 19:53:15,552 [INFO] Sleeping 49s before next set.
2025-10-17 19:54:04,576 [INFO] Fetching 75322-1 — https://www.bricklink.com/v2/catalog/catalogitem.page?S=75322-1#T=P
2025-10-17 19:54:14,441 [INFO] Appended 4 rows — CSV now has 5928 rows.
2025-10-17 19:54:14,445 [INFO] 57 fetched
2025-10-17 19:54:14,446 [INFO] Sleeping 44s before next set.
2025-10-17 19:54:59,188 [INFO] Fetching 75326-1 — https://www.bricklink.com/v2/catalog/catalogitem.page?S=75326-1#T=P
2025-10-17 19:55:08,706 [INFO] Appended 4 rows — CSV now has 5932 rows.
2025-10-17 19:55:08,710 [INFO] 58 fetched
2025-10-17 19:55:08,710 [INFO] Sleeping 85s before next set.
2025-10-17 19:56:34,327 [INFO] Fetching 75329-1 — https://www.bricklink.com/v2/catalog/catalogitem.page?S=75329-1#T=P
2025-10-17 19:56:44,086 [INFO] Appended 4 rows — CSV now has 5936 rows.
2025-10-17 19:56:44,089 [INFO] 59 fetched
2025-10-17 19:56:44,090 [INFO] Sleeping 88s before next set.
2025-10-17 19:58:12,188 [INFO] Fetching 75343-1 — https://www.bricklink.com/v2/catalog/catalogitem.page?S=75343-1#T=P
2025-10-17 19:58:21,772 [INFO] Appended 4 rows — CSV now has 5940 rows.
2025-10-17 19:58:21,776 [INFO] 60 fetched
2025-10-17 19:58:21,777 [INFO] Sleeping 75s before next set.
2025-10-17 19:59:36,831 [INFO] Fetching 75571-1 — https://www.bricklink.com/v2/catalog/catalogitem.page?S=75571-1#T=P
2025-10-17 19:59:46,278 [INFO] Appended 4 rows — CSV now has 5944 rows.
2025-10-17 19:59:46,286 [INFO] 61 fetched
2025-10-17 19:59:46,287 [INFO] Sleeping 67s before next set.
2025-10-17 20:00:54,005 [INFO] Fetching 75572-1 — https://www.bricklink.com/v2/catalog/catalogitem.page?S=75572-1#T=P
2025-10-17 20:01:03,583 [INFO] Appended 4 rows — CSV now has 5948 rows.
2025-10-17 20:01:03,587 [INFO] 62 fetched
2025-10-17 20:01:03,587 [INFO] Sleeping 31s before next set.
2025-10-17 20:01:34,819 [INFO] Fetching 76183-1 — https://www.bricklink.com/v2/catalog/catalogitem.page?S=76183-1#T=P
2025-10-17 20:01:44,418 [INFO] Appended 4 rows — CSV now has 5952 rows.
2025-10-17 20:01:44,422 [INFO] 63 fetched
2025-10-17 20:01:44,422 [INFO] Sleeping 53s before next set.
2025-10-17 20:02:38,419 [INFO] Fetching 76208-1 — https://www.bricklink.com/v2/catalog/catalogitem.page?S=76208-1#T=P
2025-10-17 20:02:48,207 [INFO] Appended 4 rows — CSV now has 5956 rows.
2025-10-17 20:02:48,211 [INFO] 64 fetched
2025-10-17 20:02:48,211 [INFO] Sleeping 77s before next set.
2025-10-17 20:04:05,878 [INFO] Fetching 76402-1 — https://www.bricklink.com/v2/catalog/catalogitem.page?S=76402-1#T=P
2025-10-17 20:04:15,524 [INFO] Appended 4 rows — CSV now has 5960 rows.
2025-10-17 20:04:15,530 [INFO] 65 fetched
2025-10-17 20:04:15,530 [INFO] Sleeping 68s before next set.
2025-10-17 20:05:23,771 [INFO] Fetching 76406-1 — https://www.bricklink.com/v2/catalog/catalogitem.page?S=76406-1#T=P
2025-10-17 20:05:33,367 [INFO] Appended 4 rows — CSV now has 5964 rows.
2025-10-17 20:05:33,371 [INFO] 66 fetched
2025-10-17 20:05:33,371 [INFO] Sleeping 81s before next set.
2025-10-17 20:06:54,646 [INFO] Fetching 40548-1 — https://www.bricklink.com/v2/catalog/catalogitem.page?S=40548-1#T=P
2025-10-17 20:07:04,176 [INFO] Appended 4 rows — CSV now has 5968 rows.
2025-10-17 20:07:04,179 [INFO] 67 fetched
2025-10-17 20:07:04,180 [INFO] Sleeping 64s before next set.
2025-10-17 20:08:09,075 [INFO] Fetching 10311-1 — https://www.bricklink.com/v2/catalog/catalogitem.page?S=10311-1#T=P
2025-10-17 20:08:18,779 [INFO] Appended 4 rows — CSV now has 5972 rows.
2025-10-17 20:08:18,784 [INFO] 68 fetched
2025-10-17 20:08:18,784 [INFO] Sleeping 54s before next set.
2025-10-17 20:09:12,859 [INFO] Fetching 41708-1 — https://www.bricklink.com/v2/catalog/catalogitem.page?S=41708-1#T=P
2025-10-17 20:09:22,364 [INFO] Appended 4 rows — CSV now has 5976 rows.
2025-10-17 20:09:22,368 [INFO] 69 fetched
2025-10-17 20:09:22,368 [INFO] Sleeping 42s before next set.
2025-10-17 20:10:05,360 [INFO] Fetching 31131-1 — https://www.bricklink.com/v2/catalog/catalogitem.page?S=31131-1#T=P
2025-10-17 20:10:15,345 [INFO] Appended 4 rows — CSV now has 5980 rows.
2025-10-17 20:10:15,349 [INFO] 70 fetched
2025-10-17 20:10:15,349 [INFO] Sleeping 68s before next set.
2025-10-17 20:11:24,348 [INFO] Fetching 40521-1 — https://www.bricklink.com/v2/catalog/catalogitem.page?S=40521-1#T=P
2025-10-17 20:11:33,878 [INFO] Appended 4 rows — CSV now has 5984 rows.
2025-10-17 20:11:33,882 [INFO] 71 fetched
2025-10-17 20:11:33,883 [INFO] Sleeping 61s before next set.
2025-10-17 20:12:35,650 [INFO] Fetching 40560-1 — https://www.bricklink.com/v2/catalog/catalogitem.page?S=40560-1#T=P
2025-10-17 20:12:45,127 [INFO] Appended 4 rows — CSV now has 5988 rows.
2025-10-17 20:12:45,131 [INFO] 72 fetched
2025-10-17 20:12:45,132 [INFO] Sleeping 59s before next set.
2025-10-17 20:13:44,494 [INFO] Fetching 40574-1 — https://www.bricklink.com/v2/catalog/catalogitem.page?S=40574-1#T=P
2025-10-17 20:13:54,188 [INFO] Appended 4 rows — CSV now has 5992 rows.
2025-10-17 20:13:54,192 [INFO] 73 fetched
2025-10-17 20:13:54,192 [INFO] Sleeping 81s before next set.
2025-10-17 20:15:15,828 [INFO] Fetching 41701-1 — https://www.bricklink.com/v2/catalog/catalogitem.page?S=41701-1#T=P
2025-10-17 20:15:25,454 [INFO] Appended 4 rows — CSV now has 5996 rows.
2025-10-17 20:15:25,462 [INFO] 74 fetched
2025-10-17 20:15:25,463 [INFO] Sleeping 37s before next set.
2025-10-17 20:16:02,567 [INFO] Fetching 41702-1 — https://www.bricklink.com/v2/catalog/catalogitem.page?S=41702-1#T=P
2025-10-17 20:16:12,189 [INFO] Appended 4 rows — CSV now has 6000 rows.
2025-10-17 20:16:12,196 [INFO] 75 fetched
2025-10-17 20:16:12,196 [INFO] Sleeping 41s before next set.
2025-10-17 20:16:53,993 [INFO] Fetching 41718-1 — https://www.bricklink.com/v2/catalog/catalogitem.page?S=41718-1#T=P
2025-10-17 20:16:59,829 [INFO] Appended 4 rows — CSV now has 6004 rows.
2025-10-17 20:16:59,834 [INFO] 76 fetched
2025-10-17 20:16:59,834 [INFO] Sleeping 53s before next set.
2025-10-17 20:17:53,022 [INFO] Fetching 41950-1 — https://www.bricklink.com/v2/catalog/catalogitem.page?S=41950-1#T=P
2025-10-17 20:18:02,828 [INFO] Appended 4 rows — CSV now has 6008 rows.
2025-10-17 20:18:02,832 [INFO] 77 fetched
2025-10-17 20:18:02,832 [INFO] Sleeping 60s before next set.
2025-10-17 20:19:03,182 [INFO] Fetching 41962-1 — https://www.bricklink.com/v2/catalog/catalogitem.page?S=41962-1#T=P
2025-10-17 20:19:12,782 [INFO] Appended 4 rows — CSV now has 6012 rows.
2025-10-17 20:19:12,785 [INFO] 78 fetched
2025-10-17 20:19:12,786 [INFO] Sleeping 61s before next set.
2025-10-17 20:20:14,153 [INFO] Fetching 42138-1 — https://www.bricklink.com/v2/catalog/catalogitem.page?S=42138-1#T=P
2025-10-17 20:20:24,021 [INFO] Appended 4 rows — CSV now has 6016 rows.
2025-10-17 20:20:24,029 [INFO] 79 fetched
2025-10-17 20:20:24,030 [INFO] Sleeping 50s before next set.
2025-10-17 20:21:14,375 [INFO] Fetching 43205-1 — https://www.bricklink.com/v2/catalog/catalogitem.page?S=43205-1#T=P
2025-10-17 20:21:23,903 [INFO] Appended 4 rows — CSV now has 6020 rows.
2025-10-17 20:21:23,911 [INFO] 80 fetched
2025-10-17 20:21:23,912 [INFO] Sleeping 112s before next set.
2025-10-17 20:23:16,550 [INFO] Fetching 60316-1 — https://www.bricklink.com/v2/catalog/catalogitem.page?S=60316-1#T=P
2025-10-17 20:23:25,956 [INFO] Appended 4 rows — CSV now has 6024 rows.
2025-10-17 20:23:25,960 [INFO] 81 fetched
2025-10-17 20:23:25,960 [INFO] Sleeping 41s before next set.
2025-10-17 20:24:07,191 [INFO] Fetching 60320-1 — https://www.bricklink.com/v2/catalog/catalogitem.page?S=60320-1#T=P
2025-10-17 20:24:16,820 [INFO] Appended 4 rows — CSV now has 6028 rows.
2025-10-17 20:24:16,828 [INFO] 82 fetched
2025-10-17 20:24:16,829 [INFO] Sleeping 72s before next set.
2025-10-17 20:25:29,076 [INFO] Fetching 60339-1 — https://www.bricklink.com/v2/catalog/catalogitem.page?S=60339-1#T=P
2025-10-17 20:25:38,488 [INFO] Appended 4 rows — CSV now has 6032 rows.
2025-10-17 20:25:38,492 [INFO] 83 fetched
2025-10-17 20:25:38,493 [INFO] Sleeping 64s before next set.
2025-10-17 20:26:43,374 [INFO] Fetching 60349-1 — https://www.bricklink.com/v2/catalog/catalogitem.page?S=60349-1#T=P
2025-10-17 20:26:52,532 [INFO] Appended 4 rows — CSV now has 6036 rows.
2025-10-17 20:26:52,536 [INFO] 84 fetched
2025-10-17 20:26:52,536 [INFO] Sleeping 81s before next set.
2025-10-17 20:28:14,333 [INFO] Fetching 71400-1 — https://www.bricklink.com/v2/catalog/catalogitem.page?S=71400-1#T=P
2025-10-17 20:28:23,751 [INFO] Appended 4 rows — CSV now has 6040 rows.
2025-10-17 20:28:23,756 [INFO] 85 fetched
2025-10-17 20:28:23,756 [INFO] Sleeping 82s before next set.
2025-10-17 20:29:45,819 [INFO] Fetching 71409-1 — https://www.bricklink.com/v2/catalog/catalogitem.page?S=71409-1#T=P
2025-10-17 20:29:55,260 [INFO] Appended 4 rows — CSV now has 6044 rows.
2025-10-17 20:29:55,265 [INFO] 86 fetched
2025-10-17 20:29:55,266 [INFO] Sleeping 89s before next set.
2025-10-17 20:31:24,308 [INFO] Fetching 71766-1 — https://www.bricklink.com/v2/catalog/catalogitem.page?S=71766-1#T=P
2025-10-17 20:31:34,363 [INFO] Appended 4 rows — CSV now has 6048 rows.
2025-10-17 20:31:34,368 [INFO] 87 fetched
2025-10-17 20:31:34,369 [INFO] Sleeping 79s before next set.
2025-10-17 20:32:53,657 [INFO] Fetching 71771-1 — https://www.bricklink.com/v2/catalog/catalogitem.page?S=71771-1#T=P
2025-10-17 20:33:03,146 [INFO] Appended 4 rows — CSV now has 6052 rows.
2025-10-17 20:33:03,150 [INFO] 88 fetched
2025-10-17 20:33:03,150 [INFO] Sleeping 43s before next set.
2025-10-17 20:33:46,715 [INFO] Fetching 71773-1 — https://www.bricklink.com/v2/catalog/catalogitem.page?S=71773-1#T=P
2025-10-17 20:33:56,184 [INFO] Appended 4 rows — CSV now has 6056 rows.
2025-10-17 20:33:56,191 [INFO] 89 fetched
2025-10-17 20:33:56,191 [INFO] Sleeping 78s before next set.
2025-10-17 20:35:14,319 [INFO] Fetching 71776-1 — https://www.bricklink.com/v2/catalog/catalogitem.page?S=71776-1#T=P
2025-10-17 20:35:23,948 [INFO] Appended 4 rows — CSV now has 6060 rows.
2025-10-17 20:35:23,956 [INFO] 90 fetched
2025-10-17 20:35:23,957 [INFO] Sleeping 68s before next set.
2025-10-17 20:36:32,249 [INFO] Fetching 75327-1 — https://www.bricklink.com/v2/catalog/catalogitem.page?S=75327-1#T=P
2025-10-17 20:36:41,880 [INFO] Appended 4 rows — CSV now has 6064 rows.
2025-10-17 20:36:41,884 [INFO] 91 fetched
2025-10-17 20:36:41,884 [INFO] Sleeping 52s before next set.
2025-10-17 20:37:33,917 [INFO] Fetching 75328-1 — https://www.bricklink.com/v2/catalog/catalogitem.page?S=75328-1#T=P
2025-10-17 20:37:43,614 [INFO] Appended 4 rows — CSV now has 6068 rows.
2025-10-17 20:37:43,617 [INFO] 92 fetched
2025-10-17 20:37:43,618 [INFO] Sleeping 89s before next set.
2025-10-17 20:39:13,220 [INFO] Fetching 75338-1 — https://www.bricklink.com/v2/catalog/catalogitem.page?S=75338-1#T=P
2025-10-17 20:39:22,762 [INFO] Appended 4 rows — CSV now has 6072 rows.
2025-10-17 20:39:22,765 [INFO] 93 fetched
2025-10-17 20:39:22,766 [INFO] Sleeping 71s before next set.
2025-10-17 20:40:34,015 [INFO] Fetching 76214-1 — https://www.bricklink.com/v2/catalog/catalogitem.page?S=76214-1#T=P
2025-10-17 20:40:43,638 [INFO] Appended 4 rows — CSV now has 6076 rows.
2025-10-17 20:40:43,642 [INFO] 94 fetched
2025-10-17 20:40:43,642 [INFO] Sleeping 68s before next set.
2025-10-17 20:41:52,127 [INFO] Fetching 76223-1 — https://www.bricklink.com/v2/catalog/catalogitem.page?S=76223-1#T=P
2025-10-17 20:42:01,562 [INFO] Appended 4 rows — CSV now has 6080 rows.
2025-10-17 20:42:01,566 [INFO] 95 fetched
2025-10-17 20:42:01,566 [INFO] Sleeping 48s before next set.
2025-10-17 20:42:49,645 [INFO] Fetching 76398-1 — https://www.bricklink.com/v2/catalog/catalogitem.page?S=76398-1#T=P
2025-10-17 20:42:59,440 [INFO] Appended 4 rows — CSV now has 6084 rows.
2025-10-17 20:42:59,443 [INFO] 96 fetched
2025-10-17 20:42:59,444 [INFO] Sleeping 53s before next set.
2025-10-17 20:43:52,560 [INFO] Fetching 76399-1 — https://www.bricklink.com/v2/catalog/catalogitem.page?S=76399-1#T=P
2025-10-17 20:44:02,155 [INFO] Appended 4 rows — CSV now has 6088 rows.
2025-10-17 20:44:02,158 [INFO] 97 fetched
2025-10-17 20:44:02,159 [INFO] Sleeping 48s before next set.
2025-10-17 20:44:50,729 [INFO] Fetching 76909-1 — https://www.bricklink.com/v2/catalog/catalogitem.page?S=76909-1#T=P
2025-10-17 20:45:00,372 [INFO] Appended 4 rows — CSV now has 6092 rows.
2025-10-17 20:45:00,380 [INFO] 98 fetched
2025-10-17 20:45:00,381 [INFO] Sleeping 33s before next set.
2025-10-17 20:45:33,630 [INFO] Finished run.
