2025-10-14 08:56:30,036 [INFO] Fichier de log actif : logs\bricklink_20251014_0656.log
2025-10-14 08:56:30,374 [INFO] 50 sets à scrapper récupérés depuis la DB.
2025-10-14 08:56:30,387 [INFO] Fetching 42128-1 — https://www.bricklink.com/v2/catalog/catalogitem.page?S=42128-1#T=P
2025-10-14 08:56:42,844 [INFO] Appended 4 rows — CSV now has 1440 rows.
2025-10-14 08:56:42,845 [INFO] Sleeping 63s before next set.
2025-10-14 08:57:46,348 [INFO] Fetching 42129-1 — https://www.bricklink.com/v2/catalog/catalogitem.page?S=42129-1#T=P
2025-10-14 08:57:56,108 [INFO] Appended 4 rows — CSV now has 1444 rows.
2025-10-14 08:57:56,111 [INFO] Sleeping 107s before next set.
2025-10-14 08:59:44,107 [INFO] Fetching 42131-1 — https://www.bricklink.com/v2/catalog/catalogitem.page?S=42131-1#T=P
2025-10-14 08:59:57,185 [INFO] Appended 4 rows — CSV now has 1448 rows.
2025-10-14 08:59:57,186 [INFO] Sleeping 113s before next set.
2025-10-14 09:01:50,357 [INFO] Fetching 71395-1 — https://www.bricklink.com/v2/catalog/catalogitem.page?S=71395-1#T=P
2025-10-14 09:01:59,720 [INFO] Appended 4 rows — CSV now has 1452 rows.
2025-10-14 09:01:59,721 [INFO] Sleeping 114s before next set.
2025-10-14 09:03:54,531 [INFO] Fetching 71741-1 — https://www.bricklink.com/v2/catalog/catalogitem.page?S=71741-1#T=P
2025-10-14 09:04:09,776 [INFO] Appended 4 rows — CSV now has 1456 rows.
2025-10-14 09:04:09,779 [INFO] Sleeping 110s before next set.
2025-10-14 09:06:00,342 [INFO] Fetching 71755-1 — https://www.bricklink.com/v2/catalog/catalogitem.page?S=71755-1#T=P
2025-10-14 09:06:09,871 [INFO] Appended 4 rows — CSV now has 1460 rows.
2025-10-14 09:06:09,873 [INFO] Sleeping 83s before next set.
2025-10-14 09:07:32,936 [INFO] Fetching 75308-1 — https://www.bricklink.com/v2/catalog/catalogitem.page?S=75308-1#T=P
2025-10-14 09:07:42,480 [INFO] Appended 4 rows — CSV now has 1464 rows.
2025-10-14 09:07:42,482 [INFO] Sleeping 86s before next set.
2025-10-14 09:09:09,263 [INFO] Fetching 75315-1 — https://www.bricklink.com/v2/catalog/catalogitem.page?S=75315-1#T=P
2025-10-14 09:09:47,449 [INFO] Appended 4 rows — CSV now has 1468 rows.
2025-10-14 09:09:47,453 [INFO] Sleeping 78s before next set.
2025-10-14 09:11:05,915 [INFO] Fetching 76178-1 — https://www.bricklink.com/v2/catalog/catalogitem.page?S=76178-1#T=P
2025-10-14 09:11:15,578 [INFO] Appended 4 rows — CSV now has 1472 rows.
2025-10-14 09:11:15,580 [INFO] Sleeping 105s before next set.
2025-10-14 09:13:00,735 [INFO] Fetching 76393-1 — https://www.bricklink.com/v2/catalog/catalogitem.page?S=76393-1#T=P
2025-10-14 09:13:10,427 [INFO] Appended 4 rows — CSV now has 1476 rows.
2025-10-14 09:13:10,430 [INFO] Sleeping 66s before next set.
2025-10-14 09:14:16,853 [INFO] Fetching 80023-1 — https://www.bricklink.com/v2/catalog/catalogitem.page?S=80023-1#T=P
2025-10-14 09:14:40,255 [INFO] Appended 4 rows — CSV now has 1480 rows.
2025-10-14 09:14:40,257 [INFO] Sleeping 90s before next set.
2025-10-14 09:16:10,807 [INFO] Fetching 80028-1 — https://www.bricklink.com/v2/catalog/catalogitem.page?S=80028-1#T=P
2025-10-14 09:16:20,421 [INFO] Appended 4 rows — CSV now has 1484 rows.
2025-10-14 09:16:20,425 [INFO] Sleeping 72s before next set.
2025-10-14 09:17:32,575 [INFO] Fetching 80106-1 — https://www.bricklink.com/v2/catalog/catalogitem.page?S=80106-1#T=P
2025-10-14 09:17:42,247 [INFO] Appended 4 rows — CSV now has 1488 rows.
2025-10-14 09:17:42,248 [INFO] Sleeping 112s before next set.
2025-10-14 09:19:35,057 [INFO] Fetching 10297-1 — https://www.bricklink.com/v2/catalog/catalogitem.page?S=10297-1#T=P
2025-10-14 09:19:44,579 [INFO] Appended 4 rows — CSV now has 1492 rows.
2025-10-14 09:19:44,581 [INFO] Sleeping 75s before next set.
2025-10-14 09:20:59,620 [INFO] Fetching 10299-1 — https://www.bricklink.com/v2/catalog/catalogitem.page?S=10299-1#T=P
2025-10-14 09:21:09,031 [INFO] Appended 4 rows — CSV now has 1496 rows.
2025-10-14 09:21:09,033 [INFO] Sleeping 119s before next set.
2025-10-14 09:23:08,800 [INFO] Fetching 10302-1 — https://www.bricklink.com/v2/catalog/catalogitem.page?S=10302-1#T=P
2025-10-14 09:23:18,490 [INFO] Appended 4 rows — CSV now has 1500 rows.
2025-10-14 09:23:18,493 [INFO] Sleeping 65s before next set.
2025-10-14 09:24:24,180 [INFO] Fetching 10306-1 — https://www.bricklink.com/v2/catalog/catalogitem.page?S=10306-1#T=P
2025-10-14 09:24:33,776 [INFO] Appended 4 rows — CSV now has 1504 rows.
2025-10-14 09:24:33,777 [INFO] Sleeping 79s before next set.
2025-10-14 09:25:53,020 [INFO] Fetching 10497-1 — https://www.bricklink.com/v2/catalog/catalogitem.page?S=10497-1#T=P
2025-10-14 09:26:02,481 [INFO] Appended 4 rows — CSV now has 1508 rows.
2025-10-14 09:26:02,484 [INFO] Sleeping 110s before next set.
2025-10-14 09:27:52,523 [INFO] Fetching 21058-1 — https://www.bricklink.com/v2/catalog/catalogitem.page?S=21058-1#T=P
2025-10-14 09:28:02,284 [INFO] Appended 4 rows — CSV now has 1512 rows.
2025-10-14 09:28:02,289 [INFO] Sleeping 91s before next set.
2025-10-14 09:29:33,799 [INFO] Fetching 21331-1 — https://www.bricklink.com/v2/catalog/catalogitem.page?S=21331-1#T=P
2025-10-14 09:29:43,827 [INFO] Appended 4 rows — CSV now has 1516 rows.
2025-10-14 09:29:43,828 [INFO] Sleeping 162s before next set.
2025-10-14 09:32:25,957 [INFO] Fetching 21332-1 — https://www.bricklink.com/v2/catalog/catalogitem.page?S=21332-1#T=P
2025-10-14 09:32:35,742 [INFO] Appended 4 rows — CSV now has 1520 rows.
2025-10-14 09:32:35,744 [INFO] Sleeping 113s before next set.
2025-10-14 09:34:29,166 [INFO] Fetching 21335-1 — https://www.bricklink.com/v2/catalog/catalogitem.page?S=21335-1#T=P
2025-10-14 09:34:38,632 [INFO] Appended 4 rows — CSV now has 1524 rows.
2025-10-14 09:34:38,634 [INFO] Sleeping 74s before next set.
2025-10-14 09:35:52,702 [INFO] Fetching 21337-1 — https://www.bricklink.com/v2/catalog/catalogitem.page?S=21337-1#T=P
2025-10-14 09:36:02,261 [INFO] Appended 4 rows — CSV now has 1528 rows.
2025-10-14 09:36:02,263 [INFO] Sleeping 104s before next set.
2025-10-14 09:37:46,508 [INFO] Fetching 31132-1 — https://www.bricklink.com/v2/catalog/catalogitem.page?S=31132-1#T=P
2025-10-14 09:37:56,049 [INFO] Appended 4 rows — CSV now has 1532 rows.
2025-10-14 09:37:56,051 [INFO] Sleeping 60s before next set.
2025-10-14 09:38:56,237 [INFO] Fetching 31204-1 — https://www.bricklink.com/v2/catalog/catalogitem.page?S=31204-1#T=P
2025-10-14 09:39:08,829 [INFO] Appended 4 rows — CSV now has 1536 rows.
2025-10-14 09:39:08,831 [INFO] Sleeping 69s before next set.
2025-10-14 09:40:18,118 [INFO] Fetching 31206-1 — https://www.bricklink.com/v2/catalog/catalogitem.page?S=31206-1#T=P
2025-10-14 09:40:27,578 [INFO] Appended 4 rows — CSV now has 1540 rows.
2025-10-14 09:40:27,580 [INFO] Sleeping 117s before next set.
2025-10-14 09:42:25,340 [INFO] Fetching 41961-1 — https://www.bricklink.com/v2/catalog/catalogitem.page?S=41961-1#T=P
2025-10-14 09:42:34,949 [INFO] Appended 4 rows — CSV now has 1544 rows.
2025-10-14 09:42:34,951 [INFO] Sleeping 81s before next set.
2025-10-14 09:43:56,177 [INFO] Fetching 42130-1 — https://www.bricklink.com/v2/catalog/catalogitem.page?S=42130-1#T=P
2025-10-14 09:44:16,123 [INFO] Appended 4 rows — CSV now has 1548 rows.
2025-10-14 09:44:16,125 [INFO] Sleeping 79s before next set.
2025-10-14 09:45:36,114 [INFO] Fetching 42141-1 — https://www.bricklink.com/v2/catalog/catalogitem.page?S=42141-1#T=P
2025-10-14 09:45:50,801 [INFO] Appended 4 rows — CSV now has 1552 rows.
2025-10-14 09:45:50,802 [INFO] Sleeping 83s before next set.
2025-10-14 09:47:14,426 [INFO] Fetching 60336-1 — https://www.bricklink.com/v2/catalog/catalogitem.page?S=60336-1#T=P
2025-10-14 09:47:23,885 [INFO] Appended 4 rows — CSV now has 1556 rows.
2025-10-14 09:47:23,888 [INFO] Sleeping 85s before next set.
2025-10-14 09:48:48,892 [INFO] Fetching 60351-1 — https://www.bricklink.com/v2/catalog/catalogitem.page?S=60351-1#T=P
2025-10-14 09:48:58,367 [INFO] Appended 4 rows — CSV now has 1560 rows.
2025-10-14 09:48:58,369 [INFO] Sleeping 61s before next set.
2025-10-14 09:50:00,143 [INFO] Fetching 71408-1 — https://www.bricklink.com/v2/catalog/catalogitem.page?S=71408-1#T=P
2025-10-14 09:50:09,660 [INFO] Appended 4 rows — CSV now has 1564 rows.
2025-10-14 09:50:09,662 [INFO] Sleeping 95s before next set.
2025-10-14 09:51:45,549 [INFO] Fetching 75323-1 — https://www.bricklink.com/v2/catalog/catalogitem.page?S=75323-1#T=P
2025-10-14 09:51:55,830 [INFO] Appended 4 rows — CSV now has 1568 rows.
2025-10-14 09:51:55,832 [INFO] Sleeping 86s before next set.
2025-10-14 09:53:21,945 [INFO] Fetching 75335-1 — https://www.bricklink.com/v2/catalog/catalogitem.page?S=75335-1#T=P
2025-10-14 09:53:31,424 [INFO] Appended 4 rows — CSV now has 1572 rows.
2025-10-14 09:53:31,426 [INFO] Sleeping 60s before next set.
2025-10-14 09:54:32,228 [INFO] Fetching 76210-1 — https://www.bricklink.com/v2/catalog/catalogitem.page?S=76210-1#T=P
2025-10-14 09:54:41,763 [INFO] Appended 4 rows — CSV now has 1576 rows.
2025-10-14 09:54:41,765 [INFO] Sleeping 77s before next set.
2025-10-14 09:55:59,322 [INFO] Fetching 76408-1 — https://www.bricklink.com/v2/catalog/catalogitem.page?S=76408-1#T=P
2025-10-14 09:56:08,902 [INFO] Appended 4 rows — CSV now has 1580 rows.
2025-10-14 09:56:08,903 [INFO] Sleeping 66s before next set.
2025-10-14 09:57:15,058 [INFO] Fetching 76956-1 — https://www.bricklink.com/v2/catalog/catalogitem.page?S=76956-1#T=P
2025-10-14 09:57:24,728 [INFO] Appended 4 rows — CSV now has 1584 rows.
2025-10-14 09:57:24,731 [INFO] Sleeping 64s before next set.
2025-10-14 09:58:29,490 [INFO] Fetching 80035-1 — https://www.bricklink.com/v2/catalog/catalogitem.page?S=80035-1#T=P
2025-10-14 09:58:41,951 [INFO] Appended 4 rows — CSV now has 1588 rows.
2025-10-14 09:58:41,953 [INFO] Sleeping 69s before next set.
2025-10-14 09:59:51,719 [INFO] Fetching 80039-1 — https://www.bricklink.com/v2/catalog/catalogitem.page?S=80039-1#T=P
2025-10-14 10:00:01,880 [INFO] Appended 4 rows — CSV now has 1592 rows.
2025-10-14 10:00:01,882 [INFO] Sleeping 100s before next set.
2025-10-14 10:01:42,861 [INFO] Fetching 10308-1 — https://www.bricklink.com/v2/catalog/catalogitem.page?S=10308-1#T=P
2025-10-14 10:01:52,952 [INFO] Appended 4 rows — CSV now has 1596 rows.
2025-10-14 10:01:52,954 [INFO] Sleeping 124s before next set.
2025-10-14 10:03:57,775 [INFO] Fetching 11021-1 — https://www.bricklink.com/v2/catalog/catalogitem.page?S=11021-1#T=P
2025-10-14 10:04:07,467 [INFO] Appended 4 rows — CSV now has 1600 rows.
2025-10-14 10:04:07,468 [INFO] Sleeping 104s before next set.
2025-10-14 10:05:52,382 [INFO] Fetching 10298-1 — https://www.bricklink.com/v2/catalog/catalogitem.page?S=10298-1#T=P
2025-10-14 10:06:01,905 [INFO] Appended 4 rows — CSV now has 1604 rows.
2025-10-14 10:06:01,907 [INFO] Sleeping 92s before next set.
2025-10-14 10:07:33,937 [INFO] Fetching 10303-1 — https://www.bricklink.com/v2/catalog/catalogitem.page?S=10303-1#T=P
2025-10-14 10:07:43,539 [INFO] Appended 4 rows — CSV now has 1608 rows.
2025-10-14 10:07:43,542 [INFO] Sleeping 116s before next set.
2025-10-14 10:09:39,940 [INFO] Fetching 10304-1 — https://www.bricklink.com/v2/catalog/catalogitem.page?S=10304-1#T=P
2025-10-14 10:09:50,111 [INFO] Appended 4 rows — CSV now has 1612 rows.
2025-10-14 10:09:50,113 [INFO] Sleeping 104s before next set.
2025-10-14 10:11:34,560 [INFO] Fetching 10305-1 — https://www.bricklink.com/v2/catalog/catalogitem.page?S=10305-1#T=P
2025-10-14 10:11:44,135 [INFO] Appended 4 rows — CSV now has 1616 rows.
2025-10-14 10:11:44,138 [INFO] Sleeping 117s before next set.
2025-10-14 10:13:41,379 [INFO] Fetching 11020-1 — https://www.bricklink.com/v2/catalog/catalogitem.page?S=11020-1#T=P
2025-10-14 10:13:50,834 [INFO] Appended 4 rows — CSV now has 1620 rows.
2025-10-14 10:13:50,838 [INFO] Sleeping 82s before next set.
2025-10-14 10:15:12,879 [INFO] Fetching 11022-1 — https://www.bricklink.com/v2/catalog/catalogitem.page?S=11022-1#T=P
2025-10-14 10:15:32,021 [INFO] Appended 4 rows — CSV now has 1624 rows.
2025-10-14 10:15:32,023 [INFO] Sleeping 77s before next set.
2025-10-14 10:16:49,878 [INFO] Fetching 21188-1 — https://www.bricklink.com/v2/catalog/catalogitem.page?S=21188-1#T=P
2025-10-14 10:17:11,192 [INFO] Appended 4 rows — CSV now has 1628 rows.
2025-10-14 10:17:11,194 [INFO] Sleeping 107s before next set.
2025-10-14 10:18:58,929 [INFO] Fetching 21333-1 — https://www.bricklink.com/v2/catalog/catalogitem.page?S=21333-1#T=P
2025-10-14 10:19:09,157 [INFO] Appended 4 rows — CSV now has 1632 rows.
2025-10-14 10:19:09,159 [INFO] Sleeping 88s before next set.
2025-10-14 10:20:38,071 [INFO] Fetching 21334-1 — https://www.bricklink.com/v2/catalog/catalogitem.page?S=21334-1#T=P
2025-10-14 10:20:47,637 [INFO] Appended 4 rows — CSV now has 1636 rows.
2025-10-14 10:20:47,639 [INFO] Sleeping 84s before next set.
2025-10-14 10:22:12,595 [INFO] Finished run.
