2025-10-14 12:59:45,328 [INFO] Fichier de log actif : logs\bricklink_20251014_1059.log
2025-10-14 12:59:46,418 [INFO] 50 sets à scrapper récupérés depuis la DB.
2025-10-14 12:59:46,442 [INFO] Skip 76215-1 (fetch récent < 7 jours).
2025-10-14 12:59:46,443 [INFO] Skip 21342-1 (fetch récent < 7 jours).
2025-10-14 12:59:46,444 [INFO] Fetching 41737-1 — https://www.bricklink.com/v2/catalog/catalogitem.page?S=41737-1#T=P
2025-10-14 13:00:05,808 [INFO] Appended 4 rows — CSV now has 1832 rows.
2025-10-14 13:00:05,812 [INFO] Sleeping 63s before next set.
2025-10-14 13:01:09,424 [INFO] Fetching 41806-1 — https://www.bricklink.com/v2/catalog/catalogitem.page?S=41806-1#T=P
2025-10-14 13:01:19,282 [INFO] Appended 4 rows — CSV now has 1836 rows.
2025-10-14 13:01:19,285 [INFO] Sleeping 108s before next set.
2025-10-14 13:03:07,315 [INFO] Fetching 42146-1 — https://www.bricklink.com/v2/catalog/catalogitem.page?S=42146-1#T=P
2025-10-14 13:03:16,875 [INFO] Appended 4 rows — CSV now has 1840 rows.
2025-10-14 13:03:16,879 [INFO] Sleeping 101s before next set.
2025-10-14 13:04:58,537 [INFO] Fetching 42152-1 — https://www.bricklink.com/v2/catalog/catalogitem.page?S=42152-1#T=P
2025-10-14 13:05:08,041 [INFO] Appended 4 rows — CSV now has 1844 rows.
2025-10-14 13:05:08,042 [INFO] Sleeping 85s before next set.
2025-10-14 13:06:33,441 [INFO] Fetching 42154-1 — https://www.bricklink.com/v2/catalog/catalogitem.page?S=42154-1#T=P
2025-10-14 13:06:43,029 [INFO] Appended 4 rows — CSV now has 1848 rows.
2025-10-14 13:06:43,031 [INFO] Sleeping 111s before next set.
2025-10-14 13:08:34,064 [INFO] Fetching 42156-1 — https://www.bricklink.com/v2/catalog/catalogitem.page?S=42156-1#T=P
2025-10-14 13:08:43,530 [INFO] Appended 4 rows — CSV now has 1852 rows.
2025-10-14 13:08:43,532 [INFO] Sleeping 113s before next set.
2025-10-14 13:10:37,270 [INFO] Fetching 42157-1 — https://www.bricklink.com/v2/catalog/catalogitem.page?S=42157-1#T=P
2025-10-14 13:10:46,767 [INFO] Appended 4 rows — CSV now has 1856 rows.
2025-10-14 13:10:46,772 [INFO] Sleeping 107s before next set.
2025-10-14 13:12:34,676 [INFO] Fetching 42159-1 — https://www.bricklink.com/v2/catalog/catalogitem.page?S=42159-1#T=P
2025-10-14 13:12:44,130 [INFO] Appended 4 rows — CSV now has 1860 rows.
2025-10-14 13:12:44,134 [INFO] Sleeping 63s before next set.
2025-10-14 13:13:47,682 [INFO] Fetching 43215-1 — https://www.bricklink.com/v2/catalog/catalogitem.page?S=43215-1#T=P
2025-10-14 13:13:57,317 [INFO] Appended 4 rows — CSV now has 1864 rows.
2025-10-14 13:13:57,319 [INFO] Sleeping 84s before next set.
2025-10-14 13:15:21,394 [INFO] Fetching 43221-1 — https://www.bricklink.com/v2/catalog/catalogitem.page?S=43221-1#T=P
2025-10-14 13:15:31,113 [INFO] Appended 4 rows — CSV now has 1868 rows.
2025-10-14 13:15:31,115 [INFO] Sleeping 105s before next set.
2025-10-14 13:17:16,556 [INFO] Fetching 43222-1 — https://www.bricklink.com/v2/catalog/catalogitem.page?S=43222-1#T=P
2025-10-14 13:17:26,010 [INFO] Appended 4 rows — CSV now has 1872 rows.
2025-10-14 13:17:26,012 [INFO] Sleeping 92s before next set.
2025-10-14 13:18:58,474 [INFO] Fetching 43227-1 — https://www.bricklink.com/v2/catalog/catalogitem.page?S=43227-1#T=P
2025-10-14 13:19:08,087 [INFO] Appended 4 rows — CSV now has 1876 rows.
2025-10-14 13:19:08,089 [INFO] Sleeping 70s before next set.
2025-10-14 13:20:18,471 [INFO] Fetching 10315-1 — https://www.bricklink.com/v2/catalog/catalogitem.page?S=10315-1#T=P
2025-10-14 13:20:28,393 [INFO] Appended 4 rows — CSV now has 1880 rows.
2025-10-14 13:20:28,395 [INFO] Sleeping 113s before next set.
2025-10-14 13:22:21,840 [INFO] Fetching 10317-1 — https://www.bricklink.com/v2/catalog/catalogitem.page?S=10317-1#T=P
2025-10-14 13:22:31,419 [INFO] Appended 4 rows — CSV now has 1884 rows.
2025-10-14 13:22:31,421 [INFO] Sleeping 99s before next set.
2025-10-14 13:24:10,898 [INFO] Fetching 10318-1 — https://www.bricklink.com/v2/catalog/catalogitem.page?S=10318-1#T=P
2025-10-14 13:24:20,498 [INFO] Appended 4 rows — CSV now has 1888 rows.
2025-10-14 13:24:20,500 [INFO] Sleeping 108s before next set.
2025-10-14 13:26:09,211 [INFO] Fetching 10321-1 — https://www.bricklink.com/v2/catalog/catalogitem.page?S=10321-1#T=P
2025-10-14 13:26:18,939 [INFO] Appended 4 rows — CSV now has 1892 rows.
2025-10-14 13:26:18,943 [INFO] Sleeping 109s before next set.
2025-10-14 13:28:08,399 [INFO] Fetching 11030-1 — https://www.bricklink.com/v2/catalog/catalogitem.page?S=11030-1#T=P
2025-10-14 13:28:17,942 [INFO] Appended 4 rows — CSV now has 1896 rows.
2025-10-14 13:28:17,944 [INFO] Sleeping 75s before next set.
2025-10-14 13:29:33,702 [INFO] Fetching 11032-1 — https://www.bricklink.com/v2/catalog/catalogitem.page?S=11032-1#T=P
2025-10-14 13:29:43,048 [INFO] Appended 4 rows — CSV now has 1900 rows.
2025-10-14 13:29:43,049 [INFO] Sleeping 70s before next set.
2025-10-14 13:30:53,896 [INFO] Fetching 11033-1 — https://www.bricklink.com/v2/catalog/catalogitem.page?S=11033-1#T=P
2025-10-14 13:31:03,636 [INFO] Appended 4 rows — CSV now has 1904 rows.
2025-10-14 13:31:03,638 [INFO] Sleeping 94s before next set.
2025-10-14 13:32:37,774 [INFO] Fetching 71423-1 — https://www.bricklink.com/v2/catalog/catalogitem.page?S=71423-1#T=P
2025-10-14 13:32:47,607 [INFO] Appended 4 rows — CSV now has 1908 rows.
2025-10-14 13:32:47,608 [INFO] Sleeping 90s before next set.
2025-10-14 13:34:18,396 [INFO] Fetching 71425-1 — https://www.bricklink.com/v2/catalog/catalogitem.page?S=71425-1#T=P
2025-10-14 13:34:27,794 [INFO] Appended 4 rows — CSV now has 1912 rows.
2025-10-14 13:34:27,796 [INFO] Sleeping 110s before next set.
2025-10-14 13:36:18,771 [INFO] Fetching 71461-1 — https://www.bricklink.com/v2/catalog/catalogitem.page?S=71461-1#T=P
2025-10-14 13:36:28,331 [INFO] Appended 4 rows — CSV now has 1916 rows.
2025-10-14 13:36:28,333 [INFO] Sleeping 76s before next set.
2025-10-14 13:37:44,912 [INFO] Fetching 71469-1 — https://www.bricklink.com/v2/catalog/catalogitem.page?S=71469-1#T=P
2025-10-14 13:37:54,591 [INFO] Appended 4 rows — CSV now has 1920 rows.
2025-10-14 13:37:54,594 [INFO] Sleeping 74s before next set.
2025-10-14 13:39:09,054 [INFO] Fetching 71795-1 — https://www.bricklink.com/v2/catalog/catalogitem.page?S=71795-1#T=P
2025-10-14 13:39:18,530 [INFO] Appended 4 rows — CSV now has 1924 rows.
2025-10-14 13:39:18,532 [INFO] Sleeping 113s before next set.
2025-10-14 13:41:11,872 [INFO] Fetching 71797-1 — https://www.bricklink.com/v2/catalog/catalogitem.page?S=71797-1#T=P
2025-10-14 13:41:21,442 [INFO] Appended 4 rows — CSV now has 1928 rows.
2025-10-14 13:41:21,445 [INFO] Sleeping 110s before next set.
2025-10-14 13:43:11,971 [INFO] Fetching 71799-1 — https://www.bricklink.com/v2/catalog/catalogitem.page?S=71799-1#T=P
2025-10-14 13:43:22,952 [INFO] Appended 4 rows — CSV now has 1932 rows.
2025-10-14 13:43:22,954 [INFO] Sleeping 63s before next set.
2025-10-14 13:44:25,985 [INFO] Fetching 75355-1 — https://www.bricklink.com/v2/catalog/catalogitem.page?S=75355-1#T=P
2025-10-14 13:44:38,603 [INFO] Appended 4 rows — CSV now has 1936 rows.
2025-10-14 13:44:38,607 [INFO] Sleeping 60s before next set.
2025-10-14 13:45:39,474 [INFO] Fetching 75365-1 — https://www.bricklink.com/v2/catalog/catalogitem.page?S=75365-1#T=P
2025-10-14 13:45:49,040 [INFO] Appended 4 rows — CSV now has 1940 rows.
2025-10-14 13:45:49,042 [INFO] Sleeping 117s before next set.
2025-10-14 13:47:47,011 [INFO] Fetching 75367-1 — https://www.bricklink.com/v2/catalog/catalogitem.page?S=75367-1#T=P
2025-10-14 13:47:57,746 [INFO] Appended 4 rows — CSV now has 1944 rows.
2025-10-14 13:47:57,748 [INFO] Sleeping 116s before next set.
2025-10-14 13:49:54,732 [INFO] Fetching 75371-1 — https://www.bricklink.com/v2/catalog/catalogitem.page?S=75371-1#T=P
2025-10-14 13:50:04,302 [INFO] Appended 4 rows — CSV now has 1948 rows.
2025-10-14 13:50:04,304 [INFO] Sleeping 104s before next set.
2025-10-14 13:51:48,379 [INFO] Fetching 76255-1 — https://www.bricklink.com/v2/catalog/catalogitem.page?S=76255-1#T=P
2025-10-14 13:51:58,119 [INFO] Appended 4 rows — CSV now has 1952 rows.
2025-10-14 13:51:58,121 [INFO] Sleeping 70s before next set.
2025-10-14 13:53:08,749 [INFO] Fetching 76262-1 — https://www.bricklink.com/v2/catalog/catalogitem.page?S=76262-1#T=P
2025-10-14 13:53:18,285 [INFO] Appended 4 rows — CSV now has 1956 rows.
2025-10-14 13:53:18,287 [INFO] Sleeping 70s before next set.
2025-10-14 13:54:29,114 [INFO] Fetching 76269-1 — https://www.bricklink.com/v2/catalog/catalogitem.page?S=76269-1#T=P
2025-10-14 13:54:38,520 [INFO] Appended 4 rows — CSV now has 1960 rows.
2025-10-14 13:54:38,522 [INFO] Sleeping 80s before next set.
2025-10-14 13:55:58,982 [INFO] Fetching 76417-1 — https://www.bricklink.com/v2/catalog/catalogitem.page?S=76417-1#T=P
2025-10-14 13:56:08,465 [INFO] Appended 4 rows — CSV now has 1964 rows.
2025-10-14 13:56:08,467 [INFO] Sleeping 77s before next set.
2025-10-14 13:57:25,764 [INFO] Fetching 76423-1 — https://www.bricklink.com/v2/catalog/catalogitem.page?S=76423-1#T=P
2025-10-14 13:57:35,349 [INFO] Appended 4 rows — CSV now has 1968 rows.
2025-10-14 13:57:35,351 [INFO] Sleeping 90s before next set.
2025-10-14 13:59:05,534 [INFO] Fetching 77015-1 — https://www.bricklink.com/v2/catalog/catalogitem.page?S=77015-1#T=P
2025-10-14 13:59:15,181 [INFO] Appended 4 rows — CSV now has 1972 rows.
2025-10-14 13:59:15,183 [INFO] Sleeping 77s before next set.
2025-10-14 14:00:32,781 [INFO] Fetching 80044-1 — https://www.bricklink.com/v2/catalog/catalogitem.page?S=80044-1#T=P
2025-10-14 14:00:42,280 [INFO] Appended 4 rows — CSV now has 1976 rows.
2025-10-14 14:00:42,283 [INFO] Sleeping 110s before next set.
2025-10-14 14:02:32,293 [INFO] Fetching 80049-1 — https://www.bricklink.com/v2/catalog/catalogitem.page?S=80049-1#T=P
2025-10-14 14:02:42,082 [INFO] Appended 4 rows — CSV now has 1980 rows.
2025-10-14 14:02:42,085 [INFO] Sleeping 60s before next set.
2025-10-14 14:03:42,417 [INFO] Fetching 80111-1 — https://www.bricklink.com/v2/catalog/catalogitem.page?S=80111-1#T=P
2025-10-14 14:03:51,968 [INFO] Appended 4 rows — CSV now has 1984 rows.
2025-10-14 14:03:51,970 [INFO] Sleeping 113s before next set.
2025-10-14 14:05:45,293 [INFO] Fetching 10326-1 — https://www.bricklink.com/v2/catalog/catalogitem.page?S=10326-1#T=P
2025-10-14 14:05:55,078 [INFO] Appended 4 rows — CSV now has 1988 rows.
2025-10-14 14:05:55,082 [INFO] Sleeping 122s before next set.
2025-10-14 14:07:57,869 [INFO] Fetching 10333-1 — https://www.bricklink.com/v2/catalog/catalogitem.page?S=10333-1#T=P
2025-10-14 14:08:07,352 [INFO] Appended 4 rows — CSV now has 1992 rows.
2025-10-14 14:08:07,354 [INFO] Sleeping 110s before next set.
2025-10-14 14:09:58,191 [INFO] Fetching 10340-1 — https://www.bricklink.com/v2/catalog/catalogitem.page?S=10340-1#T=P
2025-10-14 14:10:07,625 [INFO] Appended 4 rows — CSV now has 1996 rows.
2025-10-14 14:10:07,628 [INFO] Sleeping 63s before next set.
2025-10-14 14:11:11,290 [INFO] Fetching 21265-1 — https://www.bricklink.com/v2/catalog/catalogitem.page?S=21265-1#T=P
2025-10-14 14:11:20,860 [INFO] Appended 4 rows — CSV now has 2000 rows.
2025-10-14 14:11:20,865 [INFO] Sleeping 66s before next set.
2025-10-14 14:12:27,603 [INFO] Fetching 21346-1 — https://www.bricklink.com/v2/catalog/catalogitem.page?S=21346-1#T=P
2025-10-14 14:12:37,162 [INFO] Appended 4 rows — CSV now has 2004 rows.
2025-10-14 14:12:37,164 [INFO] Sleeping 119s before next set.
2025-10-14 14:14:36,390 [INFO] Fetching 21348-1 — https://www.bricklink.com/v2/catalog/catalogitem.page?S=21348-1#T=P
2025-10-14 14:14:45,750 [INFO] Appended 4 rows — CSV now has 2008 rows.
2025-10-14 14:14:45,752 [INFO] Sleeping 110s before next set.
2025-10-14 14:16:36,711 [INFO] Fetching 21350-1 — https://www.bricklink.com/v2/catalog/catalogitem.page?S=21350-1#T=P
2025-10-14 14:16:46,170 [INFO] Appended 4 rows — CSV now has 2012 rows.
2025-10-14 14:16:46,172 [INFO] Sleeping 114s before next set.
2025-10-14 14:18:41,156 [INFO] Fetching 42182-1 — https://www.bricklink.com/v2/catalog/catalogitem.page?S=42182-1#T=P
2025-10-14 14:18:50,889 [INFO] Appended 4 rows — CSV now has 2016 rows.
2025-10-14 14:18:50,891 [INFO] Sleeping 61s before next set.
2025-10-14 14:19:51,916 [INFO] Fetching 42604-1 — https://www.bricklink.com/v2/catalog/catalogitem.page?S=42604-1#T=P
2025-10-14 14:20:01,645 [INFO] Appended 4 rows — CSV now has 2020 rows.
2025-10-14 14:20:01,647 [INFO] Sleeping 60s before next set.
2025-10-14 14:21:01,649 [INFO] Finished run.
