2025-10-15 14:40:31,189 [INFO] Fichier de log actif : logs\bricklink_20251015_1240.log
2025-10-15 14:40:31,552 [INFO] 50 sets à scrapper récupérés depuis la DB.
2025-10-15 14:40:31,575 [INFO] Fetching 60216-1 — https://www.bricklink.com/v2/catalog/catalogitem.page?S=60216-1#T=P
2025-10-15 14:40:41,398 [INFO] Appended 4 rows — CSV now has 3304 rows.
2025-10-15 14:40:41,403 [INFO] Sleeping 96s before next set.
2025-10-15 14:42:17,490 [INFO] Fetching 60228-1 — https://www.bricklink.com/v2/catalog/catalogitem.page?S=60228-1#T=P
2025-10-15 14:42:27,040 [INFO] Appended 4 rows — CSV now has 3308 rows.
2025-10-15 14:42:27,048 [INFO] Sleeping 103s before next set.
2025-10-15 14:44:10,402 [INFO] Fetching 60233-1 — https://www.bricklink.com/v2/catalog/catalogitem.page?S=60233-1#T=P
2025-10-15 14:44:20,743 [INFO] Appended 4 rows — CSV now has 3312 rows.
2025-10-15 14:44:20,745 [INFO] Sleeping 83s before next set.
2025-10-15 14:45:44,412 [INFO] Fetching 70676-1 — https://www.bricklink.com/v2/catalog/catalogitem.page?S=70676-1#T=P
2025-10-15 14:45:56,120 [INFO] Appended 4 rows — CSV now has 3316 rows.
2025-10-15 14:45:56,126 [INFO] Sleeping 101s before next set.
2025-10-15 14:47:37,690 [INFO] Fetching 70679-1 — https://www.bricklink.com/v2/catalog/catalogitem.page?S=70679-1#T=P
2025-10-15 14:47:47,285 [INFO] Appended 4 rows — CSV now has 3320 rows.
2025-10-15 14:47:47,291 [INFO] Sleeping 97s before next set.
2025-10-15 14:49:24,750 [INFO] Fetching 70838-1 — https://www.bricklink.com/v2/catalog/catalogitem.page?S=70838-1#T=P
2025-10-15 14:49:35,352 [INFO] Appended 4 rows — CSV now has 3324 rows.
2025-10-15 14:49:35,355 [INFO] Sleeping 95s before next set.
2025-10-15 14:51:10,589 [INFO] Fetching 75948-1 — https://www.bricklink.com/v2/catalog/catalogitem.page?S=75948-1#T=P
2025-10-15 14:51:20,310 [INFO] Appended 4 rows — CSV now has 3328 rows.
2025-10-15 14:51:20,313 [INFO] Sleeping 72s before next set.
2025-10-15 14:52:32,878 [INFO] Fetching 76126-1 — https://www.bricklink.com/v2/catalog/catalogitem.page?S=76126-1#T=P
2025-10-15 14:52:42,931 [INFO] Appended 4 rows — CSV now has 3332 rows.
2025-10-15 14:52:42,934 [INFO] Sleeping 118s before next set.
2025-10-15 14:54:41,299 [INFO] Fetching 75969-1 — https://www.bricklink.com/v2/catalog/catalogitem.page?S=75969-1#T=P
2025-10-15 14:54:58,088 [INFO] Appended 4 rows — CSV now has 3336 rows.
2025-10-15 14:54:58,092 [INFO] Sleeping 119s before next set.
2025-10-15 14:56:57,250 [INFO] Fetching 21321-1 — https://www.bricklink.com/v2/catalog/catalogitem.page?S=21321-1#T=P
2025-10-15 14:57:11,766 [INFO] Appended 4 rows — CSV now has 3340 rows.
2025-10-15 14:57:11,769 [INFO] Sleeping 70s before next set.
2025-10-15 14:58:22,661 [INFO] Fetching 51515-1 — https://www.bricklink.com/v2/catalog/catalogitem.page?S=51515-1#T=P
2025-10-15 14:58:34,490 [INFO] Appended 4 rows — CSV now has 3344 rows.
2025-10-15 14:58:34,495 [INFO] Sleeping 84s before next set.
2025-10-15 14:59:59,159 [INFO] Fetching 60258-1 — https://www.bricklink.com/v2/catalog/catalogitem.page?S=60258-1#T=P
2025-10-15 15:00:12,573 [INFO] Appended 4 rows — CSV now has 3348 rows.
2025-10-15 15:00:12,576 [INFO] Sleeping 74s before next set.
2025-10-15 15:01:27,572 [INFO] Fetching 70436-1 — https://www.bricklink.com/v2/catalog/catalogitem.page?S=70436-1#T=P
2025-10-15 15:01:46,374 [INFO] Appended 4 rows — CSV now has 3352 rows.
2025-10-15 15:01:46,376 [INFO] Sleeping 77s before next set.
2025-10-15 15:03:04,374 [INFO] Fetching 75273-1 — https://www.bricklink.com/v2/catalog/catalogitem.page?S=75273-1#T=P
2025-10-15 15:03:14,190 [INFO] Appended 4 rows — CSV now has 3356 rows.
2025-10-15 15:03:14,195 [INFO] Sleeping 113s before next set.
2025-10-15 15:05:07,897 [INFO] Fetching 75291-1 — https://www.bricklink.com/v2/catalog/catalogitem.page?S=75291-1#T=P
2025-10-15 15:05:27,025 [INFO] Appended 4 rows — CSV now has 3360 rows.
2025-10-15 15:05:27,028 [INFO] Sleeping 116s before next set.
2025-10-15 15:07:23,043 [INFO] Fetching 75293-1 — https://www.bricklink.com/v2/catalog/catalogitem.page?S=75293-1#T=P
2025-10-15 15:07:32,536 [INFO] Appended 4 rows — CSV now has 3364 rows.
2025-10-15 15:07:32,539 [INFO] Sleeping 71s before next set.
2025-10-15 15:08:44,166 [INFO] Fetching 80009-1 — https://www.bricklink.com/v2/catalog/catalogitem.page?S=80009-1#T=P
2025-10-15 15:08:53,967 [INFO] Appended 4 rows — CSV now has 3368 rows.
2025-10-15 15:08:53,971 [INFO] Sleeping 99s before next set.
2025-10-15 15:10:33,332 [INFO] Fetching 80104-1 — https://www.bricklink.com/v2/catalog/catalogitem.page?S=80104-1#T=P
2025-10-15 15:10:43,086 [INFO] Appended 4 rows — CSV now has 3372 rows.
2025-10-15 15:10:43,089 [INFO] Sleeping 110s before next set.
2025-10-15 15:12:33,874 [INFO] Fetching 10271-1 — https://www.bricklink.com/v2/catalog/catalogitem.page?S=10271-1#T=P
2025-10-15 15:12:43,489 [INFO] Appended 4 rows — CSV now has 3376 rows.
2025-10-15 15:12:43,492 [INFO] Sleeping 70s before next set.
2025-10-15 15:13:54,210 [INFO] Fetching 31108-1 — https://www.bricklink.com/v2/catalog/catalogitem.page?S=31108-1#T=P
2025-10-15 15:14:04,109 [INFO] Appended 4 rows — CSV now has 3380 rows.
2025-10-15 15:14:04,112 [INFO] Sleeping 143s before next set.
2025-10-15 15:16:27,836 [INFO] Fetching 41395-1 — https://www.bricklink.com/v2/catalog/catalogitem.page?S=41395-1#T=P
2025-10-15 15:16:37,757 [INFO] Appended 4 rows — CSV now has 3384 rows.
2025-10-15 15:16:37,760 [INFO] Sleeping 107s before next set.
2025-10-15 15:18:25,593 [INFO] Fetching 71712-1 — https://www.bricklink.com/v2/catalog/catalogitem.page?S=71712-1#T=P
2025-10-15 15:18:34,995 [INFO] Appended 4 rows — CSV now has 3388 rows.
2025-10-15 15:18:34,999 [INFO] Sleeping 65s before next set.
2025-10-15 15:19:40,590 [INFO] Fetching 71720-1 — https://www.bricklink.com/v2/catalog/catalogitem.page?S=71720-1#T=P
2025-10-15 15:19:50,624 [INFO] Appended 4 rows — CSV now has 3392 rows.
2025-10-15 15:19:50,627 [INFO] Sleeping 93s before next set.
2025-10-15 15:21:23,700 [INFO] Fetching 75551-1 — https://www.bricklink.com/v2/catalog/catalogitem.page?S=75551-1#T=P
2025-10-15 15:21:41,310 [INFO] Appended 4 rows — CSV now has 3396 rows.
2025-10-15 15:21:41,314 [INFO] Sleeping 78s before next set.
2025-10-15 15:23:00,243 [INFO] Fetching 75968-1 — https://www.bricklink.com/v2/catalog/catalogitem.page?S=75968-1#T=P
2025-10-15 15:23:09,995 [INFO] Appended 4 rows — CSV now has 3400 rows.
2025-10-15 15:23:09,997 [INFO] Sleeping 109s before next set.
2025-10-15 15:24:59,239 [INFO] Fetching 92177-1 — https://www.bricklink.com/v2/catalog/catalogitem.page?S=92177-1#T=P
2025-10-15 15:25:12,559 [INFO] Appended 4 rows — CSV now has 3404 rows.
2025-10-15 15:25:12,565 [INFO] Sleeping 117s before next set.
2025-10-15 15:27:10,115 [INFO] Fetching 10282-2 — https://www.bricklink.com/v2/catalog/catalogitem.page?S=10282-2#T=P
2025-10-15 15:28:23,023 [INFO] Aucune donnée parsée pour 10282-2.
2025-10-15 15:28:23,025 [INFO] Sleeping 65s before next set.
2025-10-15 15:29:28,430 [INFO] Fetching 11015-1 — https://www.bricklink.com/v2/catalog/catalogitem.page?S=11015-1#T=P
2025-10-15 15:29:37,966 [INFO] Appended 4 rows — CSV now has 3408 rows.
2025-10-15 15:29:37,968 [INFO] Sleeping 77s before next set.
2025-10-15 15:30:55,870 [INFO] Fetching 41449-1 — https://www.bricklink.com/v2/catalog/catalogitem.page?S=41449-1#T=P
2025-10-15 15:31:06,102 [INFO] Appended 4 rows — CSV now has 3412 rows.
2025-10-15 15:31:06,104 [INFO] Sleeping 68s before next set.
2025-10-15 15:32:14,625 [INFO] Fetching 41685-1 — https://www.bricklink.com/v2/catalog/catalogitem.page?S=41685-1#T=P
2025-10-15 15:32:24,337 [INFO] Appended 4 rows — CSV now has 3416 rows.
2025-10-15 15:32:24,341 [INFO] Sleeping 99s before next set.
2025-10-15 15:34:04,221 [INFO] Fetching 71390-1 — https://www.bricklink.com/v2/catalog/catalogitem.page?S=71390-1#T=P
2025-10-15 15:34:16,873 [INFO] Appended 4 rows — CSV now has 3420 rows.
2025-10-15 15:34:16,879 [INFO] Sleeping 69s before next set.
2025-10-15 15:35:26,009 [INFO] Fetching 71738-1 — https://www.bricklink.com/v2/catalog/catalogitem.page?S=71738-1#T=P
2025-10-15 15:35:35,765 [INFO] Appended 4 rows — CSV now has 3424 rows.
2025-10-15 15:35:35,768 [INFO] Sleeping 112s before next set.
2025-10-15 15:37:27,984 [INFO] Fetching 71748-1 — https://www.bricklink.com/v2/catalog/catalogitem.page?S=71748-1#T=P
2025-10-15 15:37:37,435 [INFO] Appended 4 rows — CSV now has 3428 rows.
2025-10-15 15:37:37,438 [INFO] Sleeping 110s before next set.
2025-10-15 15:39:27,582 [INFO] Fetching 80021-1 — https://www.bricklink.com/v2/catalog/catalogitem.page?S=80021-1#T=P
2025-10-15 15:39:37,066 [INFO] Appended 4 rows — CSV now has 3432 rows.
2025-10-15 15:39:37,069 [INFO] Sleeping 70s before next set.
2025-10-15 15:40:47,313 [INFO] Fetching 76388-1 — https://www.bricklink.com/v2/catalog/catalogitem.page?S=76388-1#T=P
2025-10-15 15:40:57,242 [INFO] Appended 4 rows — CSV now has 3436 rows.
2025-10-15 15:40:57,245 [INFO] Sleeping 116s before next set.
2025-10-15 15:42:53,912 [INFO] Fetching 76392-1 — https://www.bricklink.com/v2/catalog/catalogitem.page?S=76392-1#T=P
2025-10-15 15:43:03,875 [INFO] Appended 4 rows — CSV now has 3440 rows.
2025-10-15 15:43:03,878 [INFO] Sleeping 87s before next set.
2025-10-15 15:44:31,129 [INFO] Fetching 10291-1 — https://www.bricklink.com/v2/catalog/catalogitem.page?S=10291-1#T=P
2025-10-15 15:44:41,758 [INFO] Appended 4 rows — CSV now has 3444 rows.
2025-10-15 15:44:41,764 [INFO] Sleeping 81s before next set.
2025-10-15 15:46:03,218 [INFO] Fetching 10280-1 — https://www.bricklink.com/v2/catalog/catalogitem.page?S=10280-1#T=P
2025-10-15 15:46:12,849 [INFO] Appended 4 rows — CSV now has 3448 rows.
2025-10-15 15:46:12,852 [INFO] Sleeping 71s before next set.
2025-10-15 15:47:23,922 [INFO] Fetching 10281-1 — https://www.bricklink.com/v2/catalog/catalogitem.page?S=10281-1#T=P
2025-10-15 15:47:37,384 [INFO] Appended 4 rows — CSV now has 3452 rows.
2025-10-15 15:47:37,390 [INFO] Sleeping 114s before next set.
2025-10-15 15:49:31,897 [INFO] Fetching 21174-1 — https://www.bricklink.com/v2/catalog/catalogitem.page?S=21174-1#T=P
2025-10-15 15:49:45,707 [INFO] Appended 4 rows — CSV now has 3456 rows.
2025-10-15 15:49:45,709 [INFO] Sleeping 120s before next set.
2025-10-15 15:51:46,365 [INFO] Fetching 41938-1 — https://www.bricklink.com/v2/catalog/catalogitem.page?S=41938-1#T=P
2025-10-15 15:51:57,149 [INFO] Appended 4 rows — CSV now has 3460 rows.
2025-10-15 15:51:57,154 [INFO] Sleeping 87s before next set.
2025-10-15 15:53:24,524 [INFO] Fetching 42123-1 — https://www.bricklink.com/v2/catalog/catalogitem.page?S=42123-1#T=P
2025-10-15 15:53:39,881 [INFO] Appended 4 rows — CSV now has 3464 rows.
2025-10-15 15:53:39,886 [INFO] Sleeping 79s before next set.
2025-10-15 15:54:59,616 [INFO] Fetching 43115-1 — https://www.bricklink.com/v2/catalog/catalogitem.page?S=43115-1#T=P
2025-10-15 15:55:10,523 [INFO] Appended 4 rows — CSV now has 3468 rows.
2025-10-15 15:55:10,526 [INFO] Sleeping 116s before next set.
2025-10-15 15:57:06,721 [INFO] Fetching 60292-1 — https://www.bricklink.com/v2/catalog/catalogitem.page?S=60292-1#T=P
2025-10-15 15:57:26,880 [INFO] Appended 4 rows — CSV now has 3472 rows.
2025-10-15 15:57:26,884 [INFO] Sleeping 75s before next set.
2025-10-15 15:58:42,804 [INFO] Fetching 75304-1 — https://www.bricklink.com/v2/catalog/catalogitem.page?S=75304-1#T=P
2025-10-15 15:58:52,719 [INFO] Appended 4 rows — CSV now has 3476 rows.
2025-10-15 15:58:52,725 [INFO] Sleeping 118s before next set.
2025-10-15 16:00:51,386 [INFO] Fetching 75314-1 — https://www.bricklink.com/v2/catalog/catalogitem.page?S=75314-1#T=P
2025-10-15 16:01:05,969 [INFO] Appended 4 rows — CSV now has 3480 rows.
2025-10-15 16:01:05,975 [INFO] Sleeping 103s before next set.
2025-10-15 16:02:49,527 [INFO] Fetching 21057-1 — https://www.bricklink.com/v2/catalog/catalogitem.page?S=21057-1#T=P
2025-10-15 16:03:09,281 [INFO] Appended 4 rows — CSV now has 3484 rows.
2025-10-15 16:03:09,286 [INFO] Sleeping 60s before next set.
2025-10-15 16:04:09,346 [INFO] Fetching 41722-1 — https://www.bricklink.com/v2/catalog/catalogitem.page?S=41722-1#T=P
2025-10-15 16:04:14,714 [INFO] Appended 4 rows — CSV now has 3488 rows.
2025-10-15 16:04:14,719 [INFO] Sleeping 91s before next set.
2025-10-15 16:05:46,319 [INFO] Fetching 41952-1 — https://www.bricklink.com/v2/catalog/catalogitem.page?S=41952-1#T=P
2025-10-15 16:05:55,937 [INFO] Appended 4 rows — CSV now has 3492 rows.
2025-10-15 16:05:55,941 [INFO] Sleeping 107s before next set.
2025-10-15 16:07:43,700 [INFO] Fetching 60317-1 — https://www.bricklink.com/v2/catalog/catalogitem.page?S=60317-1#T=P
2025-10-15 16:07:53,319 [INFO] Appended 4 rows — CSV now has 3496 rows.
2025-10-15 16:07:53,322 [INFO] Sleeping 117s before next set.
2025-10-15 16:09:50,678 [INFO] Finished run.
