2025-10-21 19:24:23,762 [INFO] Fichier de log actif : logs\bricklink_20251021_1724.log
2025-10-21 19:24:24,110 [INFO] 100 sets à scrapper récupérés depuis la DB.
2025-10-21 19:24:24,137 [INFO] Fetching 10015-1 — https://www.bricklink.com/v2/catalog/catalogitem.page?S=10015-1#T=P
2025-10-21 19:24:36,541 [INFO] Appended 4 rows — CSV now has 11884 rows.
2025-10-21 19:24:36,546 [INFO] 1 fetched
2025-10-21 19:24:36,547 [INFO] Sleeping 50s before next set.
2025-10-21 19:25:27,417 [INFO] Fetching 7248-1 — https://www.bricklink.com/v2/catalog/catalogitem.page?S=7248-1#T=P
2025-10-21 19:25:37,051 [INFO] Appended 4 rows — CSV now has 11888 rows.
2025-10-21 19:25:37,057 [INFO] 2 fetched
2025-10-21 19:25:37,057 [INFO] Sleeping 67s before next set.
2025-10-21 19:26:44,683 [INFO] Fetching 7239-1 — https://www.bricklink.com/v2/catalog/catalogitem.page?S=7239-1#T=P
2025-10-21 19:26:54,666 [INFO] Appended 4 rows — CSV now has 11892 rows.
2025-10-21 19:26:54,673 [INFO] 3 fetched
2025-10-21 19:26:54,673 [INFO] Sleeping 30s before next set.
2025-10-21 19:27:25,261 [INFO] Fetching 7244-1 — https://www.bricklink.com/v2/catalog/catalogitem.page?S=7244-1#T=P
2025-10-21 19:27:34,863 [INFO] Appended 4 rows — CSV now has 11896 rows.
2025-10-21 19:27:34,869 [INFO] 4 fetched
2025-10-21 19:27:34,870 [INFO] Sleeping 60s before next set.
2025-10-21 19:28:35,340 [INFO] Fetching 6205-1 — https://www.bricklink.com/v2/catalog/catalogitem.page?S=6205-1#T=P
2025-10-21 19:28:45,091 [INFO] Appended 4 rows — CSV now has 11900 rows.
2025-10-21 19:28:45,100 [INFO] 5 fetched
2025-10-21 19:28:45,100 [INFO] Sleeping 39s before next set.
2025-10-21 19:29:24,289 [INFO] Fetching 4891-1 — https://www.bricklink.com/v2/catalog/catalogitem.page?S=4891-1#T=P
2025-10-21 19:29:34,415 [INFO] Appended 4 rows — CSV now has 11904 rows.
2025-10-21 19:29:34,420 [INFO] 6 fetched
2025-10-21 19:29:34,421 [INFO] Sleeping 32s before next set.
2025-10-21 19:30:06,993 [INFO] Fetching 7700-1 — https://www.bricklink.com/v2/catalog/catalogitem.page?S=7700-1#T=P
2025-10-21 19:30:16,764 [INFO] Appended 4 rows — CSV now has 11908 rows.
2025-10-21 19:30:16,771 [INFO] 7 fetched
2025-10-21 19:30:16,774 [INFO] Sleeping 70s before next set.
2025-10-21 19:31:27,280 [INFO] Fetching 7890-1 — https://www.bricklink.com/v2/catalog/catalogitem.page?S=7890-1#T=P
2025-10-21 19:31:36,894 [INFO] Appended 4 rows — CSV now has 11912 rows.
2025-10-21 19:31:36,900 [INFO] 8 fetched
2025-10-21 19:31:36,900 [INFO] Sleeping 66s before next set.
2025-10-21 19:32:43,799 [INFO] Fetching 7891-1 — https://www.bricklink.com/v2/catalog/catalogitem.page?S=7891-1#T=P
2025-10-21 19:32:53,610 [INFO] Appended 4 rows — CSV now has 11916 rows.
2025-10-21 19:32:53,616 [INFO] 9 fetched
2025-10-21 19:32:53,617 [INFO] Sleeping 39s before next set.
2025-10-21 19:33:33,258 [INFO] Fetching 7903-1 — https://www.bricklink.com/v2/catalog/catalogitem.page?S=7903-1#T=P
2025-10-21 19:33:42,779 [INFO] Appended 4 rows — CSV now has 11920 rows.
2025-10-21 19:33:42,787 [INFO] 10 fetched
2025-10-21 19:33:42,787 [INFO] Sleeping 43s before next set.
2025-10-21 19:34:26,369 [INFO] Fetching 8673-1 — https://www.bricklink.com/v2/catalog/catalogitem.page?S=8673-1#T=P
2025-10-21 19:34:35,943 [INFO] Appended 4 rows — CSV now has 11924 rows.
2025-10-21 19:34:35,950 [INFO] 11 fetched
2025-10-21 19:34:35,951 [INFO] Sleeping 39s before next set.
2025-10-21 19:35:14,960 [INFO] Fetching 8102-1 — https://www.bricklink.com/v2/catalog/catalogitem.page?S=8102-1#T=P
2025-10-21 19:35:25,497 [INFO] Appended 4 rows — CSV now has 11928 rows.
2025-10-21 19:35:25,502 [INFO] 12 fetched
2025-10-21 19:35:25,503 [INFO] Sleeping 66s before next set.
2025-10-21 19:36:31,783 [INFO] Fetching 8103-1 — https://www.bricklink.com/v2/catalog/catalogitem.page?S=8103-1#T=P
2025-10-21 19:36:41,796 [INFO] Appended 4 rows — CSV now has 11932 rows.
2025-10-21 19:36:41,803 [INFO] 13 fetched
2025-10-21 19:36:41,804 [INFO] Sleeping 52s before next set.
2025-10-21 19:37:33,980 [INFO] Fetching 8270-1 — https://www.bricklink.com/v2/catalog/catalogitem.page?S=8270-1#T=P
2025-10-21 19:37:44,357 [INFO] Appended 4 rows — CSV now has 11936 rows.
2025-10-21 19:37:44,369 [INFO] 14 fetched
2025-10-21 19:37:44,369 [INFO] Sleeping 63s before next set.
2025-10-21 19:38:47,887 [INFO] Fetching 8271-1 — https://www.bricklink.com/v2/catalog/catalogitem.page?S=8271-1#T=P
2025-10-21 19:38:57,448 [INFO] Appended 4 rows — CSV now has 11940 rows.
2025-10-21 19:38:57,455 [INFO] 15 fetched
2025-10-21 19:38:57,455 [INFO] Sleeping 55s before next set.
2025-10-21 19:39:53,280 [INFO] Fetching 7091-1 — https://www.bricklink.com/v2/catalog/catalogitem.page?S=7091-1#T=P
2025-10-21 19:40:02,894 [INFO] Appended 4 rows — CSV now has 11944 rows.
2025-10-21 19:40:02,902 [INFO] 16 fetched
2025-10-21 19:40:02,903 [INFO] Sleeping 62s before next set.
2025-10-21 19:41:05,639 [INFO] Fetching 7092-1 — https://www.bricklink.com/v2/catalog/catalogitem.page?S=7092-1#T=P
2025-10-21 19:41:15,287 [INFO] Appended 4 rows — CSV now has 11948 rows.
2025-10-21 19:41:15,295 [INFO] 17 fetched
2025-10-21 19:41:15,295 [INFO] Sleeping 37s before next set.
2025-10-21 19:41:52,935 [INFO] Fetching 8104-1 — https://www.bricklink.com/v2/catalog/catalogitem.page?S=8104-1#T=P
2025-10-21 19:42:02,552 [INFO] Appended 4 rows — CSV now has 11952 rows.
2025-10-21 19:42:02,560 [INFO] 18 fetched
2025-10-21 19:42:02,560 [INFO] Sleeping 63s before next set.
2025-10-21 19:43:06,272 [INFO] Fetching 8105-1 — https://www.bricklink.com/v2/catalog/catalogitem.page?S=8105-1#T=P
2025-10-21 19:43:15,897 [INFO] Appended 4 rows — CSV now has 11956 rows.
2025-10-21 19:43:15,903 [INFO] 19 fetched
2025-10-21 19:43:15,904 [INFO] Sleeping 86s before next set.
2025-10-21 19:44:42,172 [INFO] Fetching 4939-1 — https://www.bricklink.com/v2/catalog/catalogitem.page?S=4939-1#T=P
2025-10-21 19:44:52,019 [INFO] Appended 4 rows — CSV now has 11960 rows.
2025-10-21 19:44:52,025 [INFO] 20 fetched
2025-10-21 19:44:52,026 [INFO] Sleeping 89s before next set.
2025-10-21 19:46:21,912 [INFO] Fetching 7600-1 — https://www.bricklink.com/v2/catalog/catalogitem.page?S=7600-1#T=P
2025-10-21 19:46:27,370 [INFO] Appended 4 rows — CSV now has 11964 rows.
2025-10-21 19:46:27,378 [INFO] 21 fetched
2025-10-21 19:46:27,379 [INFO] Sleeping 78s before next set.
2025-10-21 19:47:45,797 [INFO] Fetching 7654-1 — https://www.bricklink.com/v2/catalog/catalogitem.page?S=7654-1#T=P
2025-10-21 19:47:55,430 [INFO] Appended 4 rows — CSV now has 11968 rows.
2025-10-21 19:47:55,436 [INFO] 22 fetched
2025-10-21 19:47:55,437 [INFO] Sleeping 85s before next set.
2025-10-21 19:49:21,112 [INFO] Fetching 7656-1 — https://www.bricklink.com/v2/catalog/catalogitem.page?S=7656-1#T=P
2025-10-21 19:49:30,626 [INFO] Appended 4 rows — CSV now has 11972 rows.
2025-10-21 19:49:30,632 [INFO] 23 fetched
2025-10-21 19:49:30,633 [INFO] Sleeping 73s before next set.
2025-10-21 19:50:44,578 [INFO] Fetching 7657-1 — https://www.bricklink.com/v2/catalog/catalogitem.page?S=7657-1#T=P
2025-10-21 19:50:54,286 [INFO] Appended 4 rows — CSV now has 11976 rows.
2025-10-21 19:50:54,292 [INFO] 24 fetched
2025-10-21 19:50:54,292 [INFO] Sleeping 82s before next set.
2025-10-21 19:52:16,754 [INFO] Fetching 7693-1 — https://www.bricklink.com/v2/catalog/catalogitem.page?S=7693-1#T=P
2025-10-21 19:52:26,418 [INFO] Appended 4 rows — CSV now has 11980 rows.
2025-10-21 19:52:26,432 [INFO] 25 fetched
2025-10-21 19:52:26,432 [INFO] Sleeping 55s before next set.
2025-10-21 19:53:21,638 [INFO] Fetching 7771-1 — https://www.bricklink.com/v2/catalog/catalogitem.page?S=7771-1#T=P
2025-10-21 19:53:31,468 [INFO] Appended 4 rows — CSV now has 11984 rows.
2025-10-21 19:53:31,474 [INFO] 26 fetched
2025-10-21 19:53:31,474 [INFO] Sleeping 74s before next set.
2025-10-21 19:54:45,841 [INFO] Fetching 7772-1 — https://www.bricklink.com/v2/catalog/catalogitem.page?S=7772-1#T=P
2025-10-21 19:54:55,476 [INFO] Appended 4 rows — CSV now has 11988 rows.
2025-10-21 19:54:55,482 [INFO] 27 fetched
2025-10-21 19:54:55,483 [INFO] Sleeping 76s before next set.
2025-10-21 19:56:12,434 [INFO] Fetching 7776-1 — https://www.bricklink.com/v2/catalog/catalogitem.page?S=7776-1#T=P
2025-10-21 19:56:22,165 [INFO] Appended 4 rows — CSV now has 11992 rows.
2025-10-21 19:56:22,171 [INFO] 28 fetched
2025-10-21 19:56:22,172 [INFO] Sleeping 54s before next set.
2025-10-21 19:57:17,097 [INFO] Fetching 7906-1 — https://www.bricklink.com/v2/catalog/catalogitem.page?S=7906-1#T=P
2025-10-21 19:57:27,059 [INFO] Appended 4 rows — CSV now has 11996 rows.
2025-10-21 19:57:27,066 [INFO] 29 fetched
2025-10-21 19:57:27,066 [INFO] Sleeping 83s before next set.
2025-10-21 19:58:50,452 [INFO] Fetching 7907-1 — https://www.bricklink.com/v2/catalog/catalogitem.page?S=7907-1#T=P
2025-10-21 19:58:56,114 [INFO] Appended 4 rows — CSV now has 12000 rows.
2025-10-21 19:58:56,129 [INFO] 30 fetched
2025-10-21 19:58:56,129 [INFO] Sleeping 76s before next set.
2025-10-21 20:00:12,597 [INFO] Fetching 7942-1 — https://www.bricklink.com/v2/catalog/catalogitem.page?S=7942-1#T=P
2025-10-21 20:00:22,462 [INFO] Appended 4 rows — CSV now has 12004 rows.
2025-10-21 20:00:22,470 [INFO] 31 fetched
2025-10-21 20:00:22,470 [INFO] Sleeping 42s before next set.
2025-10-21 20:01:05,450 [INFO] Fetching 7990-1 — https://www.bricklink.com/v2/catalog/catalogitem.page?S=7990-1#T=P
2025-10-21 20:01:15,056 [INFO] Appended 4 rows — CSV now has 12008 rows.
2025-10-21 20:01:15,064 [INFO] 32 fetched
2025-10-21 20:01:15,064 [INFO] Sleeping 80s before next set.
2025-10-21 20:02:35,866 [INFO] Fetching 7991-1 — https://www.bricklink.com/v2/catalog/catalogitem.page?S=7991-1#T=P
2025-10-21 20:02:45,417 [INFO] Appended 4 rows — CSV now has 12012 rows.
2025-10-21 20:02:45,423 [INFO] 33 fetched
2025-10-21 20:02:45,423 [INFO] Sleeping 87s before next set.
2025-10-21 20:04:12,549 [INFO] Fetching 7992-1 — https://www.bricklink.com/v2/catalog/catalogitem.page?S=7992-1#T=P
2025-10-21 20:04:50,576 [INFO] Appended 4 rows — CSV now has 12016 rows.
2025-10-21 20:04:50,583 [INFO] 34 fetched
2025-10-21 20:04:50,584 [INFO] Sleeping 75s before next set.
2025-10-21 20:06:06,018 [INFO] Fetching 8140-1 — https://www.bricklink.com/v2/catalog/catalogitem.page?S=8140-1#T=P
2025-10-21 20:06:15,896 [INFO] Appended 4 rows — CSV now has 12020 rows.
2025-10-21 20:06:15,903 [INFO] 35 fetched
2025-10-21 20:06:15,903 [INFO] Sleeping 45s before next set.
2025-10-21 20:07:01,466 [INFO] Fetching 8141-1 — https://www.bricklink.com/v2/catalog/catalogitem.page?S=8141-1#T=P
2025-10-21 20:07:10,938 [INFO] Appended 4 rows — CSV now has 12024 rows.
2025-10-21 20:07:10,948 [INFO] 36 fetched
2025-10-21 20:07:10,950 [INFO] Sleeping 48s before next set.
2025-10-21 20:07:59,354 [INFO] Fetching 8142-1 — https://www.bricklink.com/v2/catalog/catalogitem.page?S=8142-1#T=P
2025-10-21 20:08:08,906 [INFO] Appended 4 rows — CSV now has 12028 rows.
2025-10-21 20:08:08,912 [INFO] 37 fetched
2025-10-21 20:08:08,913 [INFO] Sleeping 38s before next set.
2025-10-21 20:08:47,414 [INFO] Fetching 3832-1 — https://www.bricklink.com/v2/catalog/catalogitem.page?S=3832-1#T=P
2025-10-21 20:08:56,889 [INFO] Appended 4 rows — CSV now has 12032 rows.
2025-10-21 20:08:56,903 [INFO] 38 fetched
2025-10-21 20:08:56,903 [INFO] Sleeping 59s before next set.
2025-10-21 20:09:56,509 [INFO] Fetching 7670-1 — https://www.bricklink.com/v2/catalog/catalogitem.page?S=7670-1#T=P
2025-10-21 20:10:06,223 [INFO] Appended 4 rows — CSV now has 12036 rows.
2025-10-21 20:10:06,231 [INFO] 39 fetched
2025-10-21 20:10:06,231 [INFO] Sleeping 45s before next set.
2025-10-21 20:10:52,052 [INFO] Fetching 8159-1 — https://www.bricklink.com/v2/catalog/catalogitem.page?S=8159-1#T=P
2025-10-21 20:11:01,631 [INFO] Appended 4 rows — CSV now has 12040 rows.
2025-10-21 20:11:01,645 [INFO] 40 fetched
2025-10-21 20:11:01,645 [INFO] Sleeping 95s before next set.
2025-10-21 20:12:37,355 [INFO] Fetching 8158-1 — https://www.bricklink.com/v2/catalog/catalogitem.page?S=8158-1#T=P
2025-10-21 20:12:47,033 [INFO] Appended 4 rows — CSV now has 12044 rows.
2025-10-21 20:12:47,039 [INFO] 41 fetched
2025-10-21 20:12:47,039 [INFO] Sleeping 87s before next set.
2025-10-21 20:14:14,309 [INFO] Fetching 3830-1 — https://www.bricklink.com/v2/catalog/catalogitem.page?S=3830-1#T=P
2025-10-21 20:14:24,060 [INFO] Appended 4 rows — CSV now has 12048 rows.
2025-10-21 20:14:24,065 [INFO] 42 fetched
2025-10-21 20:14:24,066 [INFO] Sleeping 87s before next set.
2025-10-21 20:15:51,742 [INFO] Fetching 4994-1 — https://www.bricklink.com/v2/catalog/catalogitem.page?S=4994-1#T=P
2025-10-21 20:16:01,433 [INFO] Appended 4 rows — CSV now has 12052 rows.
2025-10-21 20:16:01,441 [INFO] 43 fetched
2025-10-21 20:16:01,441 [INFO] Sleeping 58s before next set.
2025-10-21 20:17:00,235 [INFO] Skip 5578-1 (fetch récent < 7 jours).
2025-10-21 20:17:00,236 [INFO] Fetching 6117-1 — https://www.bricklink.com/v2/catalog/catalogitem.page?S=6117-1#T=P
2025-10-21 20:17:09,774 [INFO] Appended 4 rows — CSV now has 12056 rows.
2025-10-21 20:17:09,780 [INFO] 44 fetched
2025-10-21 20:17:09,780 [INFO] Sleeping 77s before next set.
2025-10-21 20:18:26,974 [INFO] Fetching 6118-1 — https://www.bricklink.com/v2/catalog/catalogitem.page?S=6118-1#T=P
2025-10-21 20:18:36,587 [INFO] Appended 4 rows — CSV now has 12060 rows.
2025-10-21 20:18:36,593 [INFO] 45 fetched
2025-10-21 20:18:36,594 [INFO] Sleeping 49s before next set.
2025-10-21 20:19:26,263 [INFO] Fetching 7038-1 — https://www.bricklink.com/v2/catalog/catalogitem.page?S=7038-1#T=P
2025-10-21 20:19:36,484 [INFO] Appended 4 rows — CSV now has 12064 rows.
2025-10-21 20:19:36,490 [INFO] 46 fetched
2025-10-21 20:19:36,490 [INFO] Sleeping 65s before next set.
2025-10-21 20:20:42,383 [INFO] Fetching 7625-1 — https://www.bricklink.com/v2/catalog/catalogitem.page?S=7625-1#T=P
2025-10-21 20:20:52,696 [INFO] Appended 4 rows — CSV now has 12068 rows.
2025-10-21 20:20:52,702 [INFO] 47 fetched
2025-10-21 20:20:52,702 [INFO] Sleeping 49s before next set.
2025-10-21 20:21:42,672 [INFO] Fetching 7647-1 — https://www.bricklink.com/v2/catalog/catalogitem.page?S=7647-1#T=P
2025-10-21 20:21:52,248 [INFO] Appended 4 rows — CSV now has 12072 rows.
2025-10-21 20:21:52,255 [INFO] 48 fetched
2025-10-21 20:21:52,255 [INFO] Sleeping 88s before next set.
2025-10-21 20:23:21,132 [INFO] Fetching 7648-1 — https://www.bricklink.com/v2/catalog/catalogitem.page?S=7648-1#T=P
2025-10-21 20:23:31,089 [INFO] Appended 4 rows — CSV now has 12076 rows.
2025-10-21 20:23:31,095 [INFO] 49 fetched
2025-10-21 20:23:31,096 [INFO] Sleeping 51s before next set.
2025-10-21 20:24:22,611 [INFO] Fetching 7669-1 — https://www.bricklink.com/v2/catalog/catalogitem.page?S=7669-1#T=P
2025-10-21 20:24:32,316 [INFO] Appended 4 rows — CSV now has 12080 rows.
2025-10-21 20:24:32,321 [INFO] 50 fetched
2025-10-21 20:24:32,322 [INFO] Sleeping 48s before next set.
2025-10-21 20:25:20,450 [INFO] Fetching 7681-1 — https://www.bricklink.com/v2/catalog/catalogitem.page?S=7681-1#T=P
2025-10-21 20:25:30,503 [INFO] Appended 4 rows — CSV now has 12084 rows.
2025-10-21 20:25:30,508 [INFO] 51 fetched
2025-10-21 20:25:30,509 [INFO] Sleeping 43s before next set.
2025-10-21 20:26:13,852 [INFO] Fetching 7723-1 — https://www.bricklink.com/v2/catalog/catalogitem.page?S=7723-1#T=P
2025-10-21 20:26:23,925 [INFO] Appended 4 rows — CSV now has 12088 rows.
2025-10-21 20:26:23,930 [INFO] 52 fetched
2025-10-21 20:26:23,931 [INFO] Sleeping 44s before next set.
2025-10-21 20:27:08,752 [INFO] Fetching 7724-1 — https://www.bricklink.com/v2/catalog/catalogitem.page?S=7724-1#T=P
2025-10-21 20:27:18,369 [INFO] Appended 4 rows — CSV now has 12092 rows.
2025-10-21 20:27:18,375 [INFO] 53 fetched
2025-10-21 20:27:18,375 [INFO] Sleeping 57s before next set.
2025-10-21 20:28:16,289 [INFO] Fetching 7737-1 — https://www.bricklink.com/v2/catalog/catalogitem.page?S=7737-1#T=P
2025-10-21 20:28:26,014 [INFO] Appended 4 rows — CSV now has 12096 rows.
2025-10-21 20:28:26,030 [INFO] 54 fetched
2025-10-21 20:28:26,030 [INFO] Sleeping 39s before next set.
2025-10-21 20:29:05,152 [INFO] Fetching 7885-1 — https://www.bricklink.com/v2/catalog/catalogitem.page?S=7885-1#T=P
2025-10-21 20:29:14,863 [INFO] Appended 4 rows — CSV now has 12100 rows.
2025-10-21 20:29:14,869 [INFO] 55 fetched
2025-10-21 20:29:14,869 [INFO] Sleeping 87s before next set.
2025-10-21 20:30:42,039 [INFO] Fetching 8111-1 — https://www.bricklink.com/v2/catalog/catalogitem.page?S=8111-1#T=P
2025-10-21 20:30:51,804 [INFO] Appended 4 rows — CSV now has 12104 rows.
2025-10-21 20:30:51,810 [INFO] 56 fetched
2025-10-21 20:30:51,810 [INFO] Sleeping 48s before next set.
2025-10-21 20:31:40,595 [INFO] Fetching 8112-1 — https://www.bricklink.com/v2/catalog/catalogitem.page?S=8112-1#T=P
2025-10-21 20:31:50,198 [INFO] Appended 4 rows — CSV now has 12108 rows.
2025-10-21 20:31:50,204 [INFO] 57 fetched
2025-10-21 20:31:50,204 [INFO] Sleeping 45s before next set.
2025-10-21 20:32:35,916 [INFO] Fetching 8113-1 — https://www.bricklink.com/v2/catalog/catalogitem.page?S=8113-1#T=P
2025-10-21 20:32:45,634 [INFO] Appended 4 rows — CSV now has 12112 rows.
2025-10-21 20:32:45,649 [INFO] 58 fetched
2025-10-21 20:32:45,650 [INFO] Sleeping 34s before next set.
2025-10-21 20:33:20,021 [INFO] Fetching 8114-1 — https://www.bricklink.com/v2/catalog/catalogitem.page?S=8114-1#T=P
2025-10-21 20:33:29,513 [INFO] Appended 4 rows — CSV now has 12116 rows.
2025-10-21 20:33:29,519 [INFO] 59 fetched
2025-10-21 20:33:29,520 [INFO] Sleeping 37s before next set.
2025-10-21 20:34:06,806 [INFO] Fetching 8115-1 — https://www.bricklink.com/v2/catalog/catalogitem.page?S=8115-1#T=P
2025-10-21 20:34:16,366 [INFO] Appended 4 rows — CSV now has 12120 rows.
2025-10-21 20:34:16,372 [INFO] 60 fetched
2025-10-21 20:34:16,372 [INFO] Sleeping 50s before next set.
2025-10-21 20:35:07,060 [INFO] Fetching 8152-1 — https://www.bricklink.com/v2/catalog/catalogitem.page?S=8152-1#T=P
2025-10-21 20:35:18,578 [INFO] Appended 4 rows — CSV now has 12124 rows.
2025-10-21 20:35:18,585 [INFO] 61 fetched
2025-10-21 20:35:18,585 [INFO] Sleeping 52s before next set.
2025-10-21 20:36:10,689 [INFO] Fetching 8291-1 — https://www.bricklink.com/v2/catalog/catalogitem.page?S=8291-1#T=P
2025-10-21 20:36:20,111 [INFO] Appended 4 rows — CSV now has 12128 rows.
2025-10-21 20:36:20,117 [INFO] 62 fetched
2025-10-21 20:36:20,117 [INFO] Sleeping 54s before next set.
2025-10-21 20:37:14,344 [INFO] Fetching 8296-1 — https://www.bricklink.com/v2/catalog/catalogitem.page?S=8296-1#T=P
2025-10-21 20:37:24,255 [INFO] Appended 4 rows — CSV now has 12132 rows.
2025-10-21 20:37:24,261 [INFO] 63 fetched
2025-10-21 20:37:24,261 [INFO] Sleeping 34s before next set.
2025-10-21 20:37:58,658 [INFO] Fetching 8632-1 — https://www.bricklink.com/v2/catalog/catalogitem.page?S=8632-1#T=P
2025-10-21 20:38:08,450 [INFO] Appended 4 rows — CSV now has 12136 rows.
2025-10-21 20:38:08,457 [INFO] 64 fetched
2025-10-21 20:38:08,457 [INFO] Sleeping 36s before next set.
2025-10-21 20:38:44,638 [INFO] Skip 5587-1 (fetch récent < 7 jours).
2025-10-21 20:38:44,638 [INFO] Fetching 5971-1 — https://www.bricklink.com/v2/catalog/catalogitem.page?S=5971-1#T=P
2025-10-21 20:38:54,246 [INFO] Appended 4 rows — CSV now has 12140 rows.
2025-10-21 20:38:54,253 [INFO] 65 fetched
2025-10-21 20:38:54,253 [INFO] Sleeping 40s before next set.
2025-10-21 20:39:34,923 [INFO] Fetching 8016-1 — https://www.bricklink.com/v2/catalog/catalogitem.page?S=8016-1#T=P
2025-10-21 20:39:44,383 [INFO] Appended 4 rows — CSV now has 12144 rows.
2025-10-21 20:39:44,389 [INFO] 66 fetched
2025-10-21 20:39:44,389 [INFO] Sleeping 55s before next set.
2025-10-21 20:40:40,328 [INFO] Fetching 8167-1 — https://www.bricklink.com/v2/catalog/catalogitem.page?S=8167-1#T=P
2025-10-21 20:40:49,887 [INFO] Appended 4 rows — CSV now has 12148 rows.
2025-10-21 20:40:49,893 [INFO] 67 fetched
2025-10-21 20:40:49,893 [INFO] Sleeping 62s before next set.
2025-10-21 20:41:52,546 [INFO] Fetching 8963-1 — https://www.bricklink.com/v2/catalog/catalogitem.page?S=8963-1#T=P
2025-10-21 20:42:02,096 [INFO] Appended 4 rows — CSV now has 12152 rows.
2025-10-21 20:42:02,102 [INFO] 68 fetched
2025-10-21 20:42:02,102 [INFO] Sleeping 37s before next set.
2025-10-21 20:42:39,268 [INFO] Fetching 8259-1 — https://www.bricklink.com/v2/catalog/catalogitem.page?S=8259-1#T=P
2025-10-21 20:42:48,776 [INFO] Appended 4 rows — CSV now has 12156 rows.
2025-10-21 20:42:48,783 [INFO] 69 fetched
2025-10-21 20:42:48,783 [INFO] Sleeping 48s before next set.
2025-10-21 20:43:37,000 [INFO] Fetching 8260-1 — https://www.bricklink.com/v2/catalog/catalogitem.page?S=8260-1#T=P
2025-10-21 20:43:46,602 [INFO] Appended 4 rows — CSV now has 12160 rows.
2025-10-21 20:43:46,613 [INFO] 70 fetched
2025-10-21 20:43:46,614 [INFO] Sleeping 59s before next set.
2025-10-21 20:44:45,627 [INFO] Fetching 8261-1 — https://www.bricklink.com/v2/catalog/catalogitem.page?S=8261-1#T=P
2025-10-21 20:44:55,062 [INFO] Appended 4 rows — CSV now has 12164 rows.
2025-10-21 20:44:55,069 [INFO] 71 fetched
2025-10-21 20:44:55,069 [INFO] Sleeping 81s before next set.
2025-10-21 20:46:17,002 [INFO] Fetching 8959-1 — https://www.bricklink.com/v2/catalog/catalogitem.page?S=8959-1#T=P
2025-10-21 20:46:27,141 [INFO] Appended 4 rows — CSV now has 12168 rows.
2025-10-21 20:46:27,148 [INFO] 72 fetched
2025-10-21 20:46:27,148 [INFO] Sleeping 54s before next set.
2025-10-21 20:47:21,248 [INFO] Fetching 8124-1 — https://www.bricklink.com/v2/catalog/catalogitem.page?S=8124-1#T=P
2025-10-21 20:47:31,132 [INFO] Appended 4 rows — CSV now has 12172 rows.
2025-10-21 20:47:31,138 [INFO] 73 fetched
2025-10-21 20:47:31,138 [INFO] Sleeping 59s before next set.
2025-10-21 20:48:30,737 [INFO] Fetching 8125-1 — https://www.bricklink.com/v2/catalog/catalogitem.page?S=8125-1#T=P
2025-10-21 20:48:40,284 [INFO] Appended 4 rows — CSV now has 12176 rows.
2025-10-21 20:48:40,290 [INFO] 74 fetched
2025-10-21 20:48:40,290 [INFO] Sleeping 47s before next set.
2025-10-21 20:49:27,734 [INFO] Fetching 8126-1 — https://www.bricklink.com/v2/catalog/catalogitem.page?S=8126-1#T=P
2025-10-21 20:49:37,365 [INFO] Appended 4 rows — CSV now has 12180 rows.
2025-10-21 20:49:37,377 [INFO] 75 fetched
2025-10-21 20:49:37,377 [INFO] Sleeping 84s before next set.
2025-10-21 20:51:01,558 [INFO] Fetching 8162-1 — https://www.bricklink.com/v2/catalog/catalogitem.page?S=8162-1#T=P
2025-10-21 20:51:11,090 [INFO] Appended 4 rows — CSV now has 12184 rows.
2025-10-21 20:51:11,096 [INFO] 76 fetched
2025-10-21 20:51:11,096 [INFO] Sleeping 80s before next set.
2025-10-21 20:52:31,534 [INFO] Fetching 8163-1 — https://www.bricklink.com/v2/catalog/catalogitem.page?S=8163-1#T=P
2025-10-21 20:52:41,178 [INFO] Appended 4 rows — CSV now has 12188 rows.
2025-10-21 20:52:41,184 [INFO] 77 fetched
2025-10-21 20:52:41,184 [INFO] Sleeping 79s before next set.
2025-10-21 20:54:00,305 [INFO] Fetching 3833-1 — https://www.bricklink.com/v2/catalog/catalogitem.page?S=3833-1#T=P
2025-10-21 20:54:09,711 [INFO] Appended 4 rows — CSV now has 12192 rows.
2025-10-21 20:54:09,718 [INFO] 78 fetched
2025-10-21 20:54:09,718 [INFO] Sleeping 79s before next set.
2025-10-21 20:55:28,758 [INFO] Fetching 3835-1 — https://www.bricklink.com/v2/catalog/catalogitem.page?S=3835-1#T=P
2025-10-21 20:55:38,283 [INFO] Appended 4 rows — CSV now has 12196 rows.
2025-10-21 20:55:38,294 [INFO] 79 fetched
2025-10-21 20:55:38,294 [INFO] Sleeping 85s before next set.
2025-10-21 20:57:03,597 [INFO] Fetching 3836-1 — https://www.bricklink.com/v2/catalog/catalogitem.page?S=3836-1#T=P
2025-10-21 20:57:13,208 [INFO] Appended 4 rows — CSV now has 12200 rows.
2025-10-21 20:57:13,214 [INFO] 80 fetched
2025-10-21 20:57:13,215 [INFO] Sleeping 109s before next set.
2025-10-21 20:59:03,070 [INFO] Fetching 3837-1 — https://www.bricklink.com/v2/catalog/catalogitem.page?S=3837-1#T=P
2025-10-21 20:59:12,851 [INFO] Appended 4 rows — CSV now has 12204 rows.
2025-10-21 20:59:12,857 [INFO] 81 fetched
2025-10-21 20:59:12,858 [INFO] Sleeping 79s before next set.
2025-10-21 21:00:31,894 [INFO] Fetching 3838-1 — https://www.bricklink.com/v2/catalog/catalogitem.page?S=3838-1#T=P
2025-10-21 21:00:41,555 [INFO] Appended 4 rows — CSV now has 12208 rows.
2025-10-21 21:00:41,561 [INFO] 82 fetched
2025-10-21 21:00:41,561 [INFO] Sleeping 32s before next set.
2025-10-21 21:01:14,350 [INFO] Fetching 3839-1 — https://www.bricklink.com/v2/catalog/catalogitem.page?S=3839-1#T=P
2025-10-21 21:01:24,253 [INFO] Appended 4 rows — CSV now has 12212 rows.
2025-10-21 21:01:24,260 [INFO] 83 fetched
2025-10-21 21:01:24,261 [INFO] Sleeping 53s before next set.
2025-10-21 21:02:17,523 [INFO] Fetching 3841-1 — https://www.bricklink.com/v2/catalog/catalogitem.page?S=3841-1#T=P
2025-10-21 21:02:27,448 [INFO] Appended 4 rows — CSV now has 12216 rows.
2025-10-21 21:02:27,459 [INFO] 84 fetched
2025-10-21 21:02:27,459 [INFO] Sleeping 76s before next set.
2025-10-21 21:03:44,304 [INFO] Fetching 3843-1 — https://www.bricklink.com/v2/catalog/catalogitem.page?S=3843-1#T=P
2025-10-21 21:03:54,316 [INFO] Appended 4 rows — CSV now has 12220 rows.
2025-10-21 21:03:54,323 [INFO] 85 fetched
2025-10-21 21:03:54,324 [INFO] Sleeping 54s before next set.
2025-10-21 21:04:48,823 [INFO] Fetching 6191-1 — https://www.bricklink.com/v2/catalog/catalogitem.page?S=6191-1#T=P
2025-10-21 21:04:58,477 [INFO] Appended 4 rows — CSV now has 12224 rows.
2025-10-21 21:04:58,486 [INFO] 86 fetched
2025-10-21 21:04:58,486 [INFO] Sleeping 51s before next set.
2025-10-21 21:05:50,029 [INFO] Fetching 6192-1 — https://www.bricklink.com/v2/catalog/catalogitem.page?S=6192-1#T=P
2025-10-21 21:05:59,594 [INFO] Appended 4 rows — CSV now has 12228 rows.
2025-10-21 21:05:59,600 [INFO] 87 fetched
2025-10-21 21:05:59,600 [INFO] Sleeping 84s before next set.
2025-10-21 21:07:23,631 [INFO] Fetching 6193-1 — https://www.bricklink.com/v2/catalog/catalogitem.page?S=6193-1#T=P
2025-10-21 21:07:33,957 [INFO] Appended 4 rows — CSV now has 12232 rows.
2025-10-21 21:07:33,963 [INFO] 88 fetched
2025-10-21 21:07:33,963 [INFO] Sleeping 52s before next set.
2025-10-21 21:08:26,947 [INFO] Fetching 6241-1 — https://www.bricklink.com/v2/catalog/catalogitem.page?S=6241-1#T=P
2025-10-21 21:08:36,571 [INFO] Appended 4 rows — CSV now has 12236 rows.
2025-10-21 21:08:36,577 [INFO] 89 fetched
2025-10-21 21:08:36,577 [INFO] Sleeping 61s before next set.
2025-10-21 21:09:37,919 [INFO] Fetching 6743-1 — https://www.bricklink.com/v2/catalog/catalogitem.page?S=6743-1#T=P
2025-10-21 21:09:48,272 [INFO] Appended 4 rows — CSV now has 12240 rows.
2025-10-21 21:09:48,278 [INFO] 90 fetched
2025-10-21 21:09:48,278 [INFO] Sleeping 31s before next set.
2025-10-21 21:10:19,744 [INFO] Fetching 6745-1 — https://www.bricklink.com/v2/catalog/catalogitem.page?S=6745-1#T=P
2025-10-21 21:10:29,521 [INFO] Appended 4 rows — CSV now has 12244 rows.
2025-10-21 21:10:29,527 [INFO] 91 fetched
2025-10-21 21:10:29,528 [INFO] Sleeping 74s before next set.
2025-10-21 21:11:43,589 [INFO] Fetching 8166-1 — https://www.bricklink.com/v2/catalog/catalogitem.page?S=8166-1#T=P
2025-10-21 21:11:53,229 [INFO] Appended 4 rows — CSV now has 12248 rows.
2025-10-21 21:11:53,235 [INFO] 92 fetched
2025-10-21 21:11:53,236 [INFO] Sleeping 33s before next set.
2025-10-21 21:12:26,795 [INFO] Fetching 7078-1 — https://www.bricklink.com/v2/catalog/catalogitem.page?S=7078-1#T=P
2025-10-21 21:12:36,353 [INFO] Appended 4 rows — CSV now has 12252 rows.
2025-10-21 21:12:36,359 [INFO] 93 fetched
2025-10-21 21:12:36,359 [INFO] Sleeping 50s before next set.
2025-10-21 21:13:26,570 [INFO] Fetching 7196-1 — https://www.bricklink.com/v2/catalog/catalogitem.page?S=7196-1#T=P
2025-10-21 21:13:36,097 [INFO] Appended 4 rows — CSV now has 12256 rows.
2025-10-21 21:13:36,103 [INFO] 94 fetched
2025-10-21 21:13:36,103 [INFO] Sleeping 33s before next set.
2025-10-21 21:14:09,606 [INFO] Fetching 7630-1 — https://www.bricklink.com/v2/catalog/catalogitem.page?S=7630-1#T=P
2025-10-21 21:14:19,181 [INFO] Appended 4 rows — CSV now has 12260 rows.
2025-10-21 21:14:19,187 [INFO] 95 fetched
2025-10-21 21:14:19,188 [INFO] Sleeping 34s before next set.
2025-10-21 21:14:53,597 [INFO] Fetching 7631-1 — https://www.bricklink.com/v2/catalog/catalogitem.page?S=7631-1#T=P
2025-10-21 21:15:03,217 [INFO] Appended 4 rows — CSV now has 12264 rows.
2025-10-21 21:15:03,223 [INFO] 96 fetched
2025-10-21 21:15:03,223 [INFO] Sleeping 30s before next set.
2025-10-21 21:15:33,549 [INFO] Fetching 7635-1 — https://www.bricklink.com/v2/catalog/catalogitem.page?S=7635-1#T=P
2025-10-21 21:15:43,295 [INFO] Appended 4 rows — CSV now has 12268 rows.
2025-10-21 21:15:43,302 [INFO] 97 fetched
2025-10-21 21:15:43,302 [INFO] Sleeping 70s before next set.
2025-10-21 21:16:53,719 [INFO] Fetching 7638-1 — https://www.bricklink.com/v2/catalog/catalogitem.page?S=7638-1#T=P
2025-10-21 21:17:03,376 [INFO] Appended 4 rows — CSV now has 12272 rows.
2025-10-21 21:17:03,382 [INFO] 98 fetched
2025-10-21 21:17:03,382 [INFO] Sleeping 64s before next set.
2025-10-21 21:18:07,503 [INFO] Finished run.
