2025-10-20 11:55:18,427 [INFO] Fichier de log actif : logs\bricklink_20251020_0955.log
2025-10-20 11:55:18,826 [INFO] 100 sets à scrapper récupérés depuis la DB.
2025-10-20 11:55:18,848 [INFO] Skip 5578-1 (fetch récent < 7 jours).
2025-10-20 11:55:18,848 [INFO] Skip 5587-1 (fetch récent < 7 jours).
2025-10-20 11:55:18,849 [INFO] Skip 40173-1 (fetch récent < 7 jours).
2025-10-20 11:55:18,849 [INFO] Fetching 70350-1 — https://www.bricklink.com/v2/catalog/catalogitem.page?S=70350-1#T=P
2025-10-20 11:55:37,062 [INFO] Appended 4 rows — CSV now has 8984 rows.
2025-10-20 11:55:37,072 [INFO] 1 fetched
2025-10-20 11:55:37,072 [INFO] Sleeping 75s before next set.
2025-10-20 11:56:52,598 [INFO] Fetching 70353-1 — https://www.bricklink.com/v2/catalog/catalogitem.page?S=70353-1#T=P
2025-10-20 11:57:02,483 [INFO] Appended 4 rows — CSV now has 8988 rows.
2025-10-20 11:57:02,488 [INFO] 2 fetched
2025-10-20 11:57:02,488 [INFO] Sleeping 49s before next set.
2025-10-20 11:57:52,229 [INFO] Fetching 70354-1 — https://www.bricklink.com/v2/catalog/catalogitem.page?S=70354-1#T=P
2025-10-20 11:58:01,759 [INFO] Appended 4 rows — CSV now has 8992 rows.
2025-10-20 11:58:01,764 [INFO] 3 fetched
2025-10-20 11:58:01,764 [INFO] Sleeping 52s before next set.
2025-10-20 11:58:54,158 [INFO] Fetching 70358-1 — https://www.bricklink.com/v2/catalog/catalogitem.page?S=70358-1#T=P
2025-10-20 11:59:03,703 [INFO] Appended 4 rows — CSV now has 8996 rows.
2025-10-20 11:59:03,714 [INFO] 4 fetched
2025-10-20 11:59:03,715 [INFO] Sleeping 84s before next set.
2025-10-20 12:00:28,358 [INFO] Fetching 70359-1 — https://www.bricklink.com/v2/catalog/catalogitem.page?S=70359-1#T=P
2025-10-20 12:00:38,211 [INFO] Appended 4 rows — CSV now has 9000 rows.
2025-10-20 12:00:38,220 [INFO] 5 fetched
2025-10-20 12:00:38,221 [INFO] Sleeping 89s before next set.
2025-10-20 12:02:07,929 [INFO] Fetching 70608-1 — https://www.bricklink.com/v2/catalog/catalogitem.page?S=70608-1#T=P
2025-10-20 12:02:17,521 [INFO] Appended 4 rows — CSV now has 9004 rows.
2025-10-20 12:02:17,525 [INFO] 6 fetched
2025-10-20 12:02:17,526 [INFO] Sleeping 60s before next set.
2025-10-20 12:03:18,018 [INFO] Fetching 70609-1 — https://www.bricklink.com/v2/catalog/catalogitem.page?S=70609-1#T=P
2025-10-20 12:03:27,837 [INFO] Appended 4 rows — CSV now has 9008 rows.
2025-10-20 12:03:27,842 [INFO] 7 fetched
2025-10-20 12:03:27,842 [INFO] Sleeping 85s before next set.
2025-10-20 12:04:53,633 [INFO] Fetching 70610-1 — https://www.bricklink.com/v2/catalog/catalogitem.page?S=70610-1#T=P
2025-10-20 12:05:13,398 [INFO] Appended 4 rows — CSV now has 9012 rows.
2025-10-20 12:05:13,407 [INFO] 8 fetched
2025-10-20 12:05:13,407 [INFO] Sleeping 48s before next set.
2025-10-20 12:06:02,257 [INFO] Fetching 70611-1 — https://www.bricklink.com/v2/catalog/catalogitem.page?S=70611-1#T=P
2025-10-20 12:06:12,245 [INFO] Appended 4 rows — CSV now has 9016 rows.
2025-10-20 12:06:12,256 [INFO] 9 fetched
2025-10-20 12:06:12,256 [INFO] Sleeping 48s before next set.
2025-10-20 12:07:01,187 [INFO] Fetching 70623-1 — https://www.bricklink.com/v2/catalog/catalogitem.page?S=70623-1#T=P
2025-10-20 12:07:11,010 [INFO] Appended 4 rows — CSV now has 9020 rows.
2025-10-20 12:07:11,016 [INFO] 10 fetched
2025-10-20 12:07:11,017 [INFO] Sleeping 61s before next set.
2025-10-20 12:08:12,192 [INFO] Fetching 70624-1 — https://www.bricklink.com/v2/catalog/catalogitem.page?S=70624-1#T=P
2025-10-20 12:08:21,809 [INFO] Appended 4 rows — CSV now has 9024 rows.
2025-10-20 12:08:21,815 [INFO] 11 fetched
2025-10-20 12:08:21,816 [INFO] Sleeping 36s before next set.
2025-10-20 12:08:58,374 [INFO] Fetching 70625-1 — https://www.bricklink.com/v2/catalog/catalogitem.page?S=70625-1#T=P
2025-10-20 12:09:08,409 [INFO] Appended 4 rows — CSV now has 9028 rows.
2025-10-20 12:09:08,415 [INFO] 12 fetched
2025-10-20 12:09:08,415 [INFO] Sleeping 46s before next set.
2025-10-20 12:09:54,420 [INFO] Fetching 75175-1 — https://www.bricklink.com/v2/catalog/catalogitem.page?S=75175-1#T=P
2025-10-20 12:10:06,396 [INFO] Appended 4 rows — CSV now has 9032 rows.
2025-10-20 12:10:06,402 [INFO] 13 fetched
2025-10-20 12:10:06,402 [INFO] Sleeping 39s before next set.
2025-10-20 12:10:45,688 [INFO] Fetching 70903-1 — https://www.bricklink.com/v2/catalog/catalogitem.page?S=70903-1#T=P
2025-10-20 12:10:55,439 [INFO] Appended 4 rows — CSV now has 9036 rows.
2025-10-20 12:10:55,444 [INFO] 14 fetched
2025-10-20 12:10:55,444 [INFO] Sleeping 50s before next set.
2025-10-20 12:11:45,616 [INFO] Fetching 70904-1 — https://www.bricklink.com/v2/catalog/catalogitem.page?S=70904-1#T=P
2025-10-20 12:11:55,282 [INFO] Appended 4 rows — CSV now has 9040 rows.
2025-10-20 12:11:55,290 [INFO] 15 fetched
2025-10-20 12:11:55,291 [INFO] Sleeping 83s before next set.
2025-10-20 12:13:19,265 [INFO] Fetching 70906-1 — https://www.bricklink.com/v2/catalog/catalogitem.page?S=70906-1#T=P
2025-10-20 12:13:34,299 [INFO] Appended 4 rows — CSV now has 9044 rows.
2025-10-20 12:13:34,306 [INFO] 16 fetched
2025-10-20 12:13:34,306 [INFO] Sleeping 47s before next set.
2025-10-20 12:14:21,776 [INFO] Fetching 70907-1 — https://www.bricklink.com/v2/catalog/catalogitem.page?S=70907-1#T=P
2025-10-20 12:14:37,091 [INFO] Appended 4 rows — CSV now has 9048 rows.
2025-10-20 12:14:37,096 [INFO] 17 fetched
2025-10-20 12:14:37,096 [INFO] Sleeping 78s before next set.
2025-10-20 12:15:55,329 [INFO] Fetching 70911-1 — https://www.bricklink.com/v2/catalog/catalogitem.page?S=70911-1#T=P
2025-10-20 12:16:04,979 [INFO] Appended 4 rows — CSV now has 9052 rows.
2025-10-20 12:16:04,985 [INFO] 18 fetched
2025-10-20 12:16:04,986 [INFO] Sleeping 74s before next set.
2025-10-20 12:17:19,423 [INFO] Fetching 70914-1 — https://www.bricklink.com/v2/catalog/catalogitem.page?S=70914-1#T=P
2025-10-20 12:17:28,970 [INFO] Appended 4 rows — CSV now has 9056 rows.
2025-10-20 12:17:28,977 [INFO] 19 fetched
2025-10-20 12:17:28,977 [INFO] Sleeping 74s before next set.
2025-10-20 12:18:43,925 [INFO] Fetching 75182-1 — https://www.bricklink.com/v2/catalog/catalogitem.page?S=75182-1#T=P
2025-10-20 12:18:53,626 [INFO] Appended 4 rows — CSV now has 9060 rows.
2025-10-20 12:18:53,632 [INFO] 20 fetched
2025-10-20 12:18:53,633 [INFO] Sleeping 46s before next set.
2025-10-20 12:19:40,574 [INFO] Fetching 75168-1 — https://www.bricklink.com/v2/catalog/catalogitem.page?S=75168-1#T=P
2025-10-20 12:19:50,290 [INFO] Appended 4 rows — CSV now has 9064 rows.
2025-10-20 12:19:50,295 [INFO] 21 fetched
2025-10-20 12:19:50,296 [INFO] Sleeping 71s before next set.
2025-10-20 12:21:01,929 [INFO] Fetching 75170-1 — https://www.bricklink.com/v2/catalog/catalogitem.page?S=75170-1#T=P
2025-10-20 12:21:11,530 [INFO] Appended 4 rows — CSV now has 9068 rows.
2025-10-20 12:21:11,535 [INFO] 22 fetched
2025-10-20 12:21:11,535 [INFO] Sleeping 76s before next set.
2025-10-20 12:22:27,868 [INFO] Fetching 75171-1 — https://www.bricklink.com/v2/catalog/catalogitem.page?S=75171-1#T=P
2025-10-20 12:22:39,111 [INFO] Appended 4 rows — CSV now has 9072 rows.
2025-10-20 12:22:39,118 [INFO] 23 fetched
2025-10-20 12:22:39,119 [INFO] Sleeping 86s before next set.
2025-10-20 12:24:05,312 [INFO] Fetching 75174-1 — https://www.bricklink.com/v2/catalog/catalogitem.page?S=75174-1#T=P
2025-10-20 12:24:14,987 [INFO] Appended 4 rows — CSV now has 9076 rows.
2025-10-20 12:24:14,995 [INFO] 24 fetched
2025-10-20 12:24:14,996 [INFO] Sleeping 70s before next set.
2025-10-20 12:25:25,288 [INFO] Fetching 75176-1 — https://www.bricklink.com/v2/catalog/catalogitem.page?S=75176-1#T=P
2025-10-20 12:25:37,085 [INFO] Appended 4 rows — CSV now has 9080 rows.
2025-10-20 12:25:37,095 [INFO] 25 fetched
2025-10-20 12:25:37,095 [INFO] Sleeping 38s before next set.
2025-10-20 12:26:15,242 [INFO] Fetching 75178-1 — https://www.bricklink.com/v2/catalog/catalogitem.page?S=75178-1#T=P
2025-10-20 12:26:25,062 [INFO] Appended 4 rows — CSV now has 9084 rows.
2025-10-20 12:26:25,070 [INFO] 26 fetched
2025-10-20 12:26:25,070 [INFO] Sleeping 57s before next set.
2025-10-20 12:27:22,699 [INFO] Fetching 75183-1 — https://www.bricklink.com/v2/catalog/catalogitem.page?S=75183-1#T=P
2025-10-20 12:27:32,242 [INFO] Appended 4 rows — CSV now has 9088 rows.
2025-10-20 12:27:32,253 [INFO] 27 fetched
2025-10-20 12:27:32,254 [INFO] Sleeping 53s before next set.
2025-10-20 12:28:25,744 [INFO] Fetching 75184-1 — https://www.bricklink.com/v2/catalog/catalogitem.page?S=75184-1#T=P
2025-10-20 12:28:35,603 [INFO] Appended 4 rows — CSV now has 9092 rows.
2025-10-20 12:28:35,612 [INFO] 28 fetched
2025-10-20 12:28:35,612 [INFO] Sleeping 84s before next set.
2025-10-20 12:30:00,491 [INFO] Fetching 75532-1 — https://www.bricklink.com/v2/catalog/catalogitem.page?S=75532-1#T=P
2025-10-20 12:30:12,037 [INFO] Appended 4 rows — CSV now has 9096 rows.
2025-10-20 12:30:12,042 [INFO] 29 fetched
2025-10-20 12:30:12,043 [INFO] Sleeping 33s before next set.
2025-10-20 12:30:45,218 [INFO] Fetching 75881-1 — https://www.bricklink.com/v2/catalog/catalogitem.page?S=75881-1#T=P
2025-10-20 12:30:54,774 [INFO] Appended 4 rows — CSV now has 9100 rows.
2025-10-20 12:30:54,780 [INFO] 30 fetched
2025-10-20 12:30:54,780 [INFO] Sleeping 79s before next set.
2025-10-20 12:32:13,863 [INFO] Fetching 75882-1 — https://www.bricklink.com/v2/catalog/catalogitem.page?S=75882-1#T=P
2025-10-20 12:32:23,457 [INFO] Appended 4 rows — CSV now has 9104 rows.
2025-10-20 12:32:23,464 [INFO] 31 fetched
2025-10-20 12:32:23,465 [INFO] Sleeping 44s before next set.
2025-10-20 12:33:07,472 [INFO] Fetching 76075-1 — https://www.bricklink.com/v2/catalog/catalogitem.page?S=76075-1#T=P
2025-10-20 12:33:17,034 [INFO] Appended 4 rows — CSV now has 9108 rows.
2025-10-20 12:33:17,040 [INFO] 32 fetched
2025-10-20 12:33:17,040 [INFO] Sleeping 77s before next set.
2025-10-20 12:34:34,082 [INFO] Fetching 76077-1 — https://www.bricklink.com/v2/catalog/catalogitem.page?S=76077-1#T=P
2025-10-20 12:34:43,666 [INFO] Appended 4 rows — CSV now has 9112 rows.
2025-10-20 12:34:43,671 [INFO] 33 fetched
2025-10-20 12:34:43,671 [INFO] Sleeping 82s before next set.
2025-10-20 12:36:06,588 [INFO] Fetching 76080-1 — https://www.bricklink.com/v2/catalog/catalogitem.page?S=76080-1#T=P
2025-10-20 12:36:16,229 [INFO] Appended 4 rows — CSV now has 9116 rows.
2025-10-20 12:36:16,236 [INFO] 34 fetched
2025-10-20 12:36:16,237 [INFO] Sleeping 77s before next set.
2025-10-20 12:37:33,296 [INFO] Fetching 76081-1 — https://www.bricklink.com/v2/catalog/catalogitem.page?S=76081-1#T=P
2025-10-20 12:37:43,022 [INFO] Appended 4 rows — CSV now has 9120 rows.
2025-10-20 12:37:43,028 [INFO] 35 fetched
2025-10-20 12:37:43,028 [INFO] Sleeping 80s before next set.
2025-10-20 12:39:03,967 [INFO] Fetching 76083-1 — https://www.bricklink.com/v2/catalog/catalogitem.page?S=76083-1#T=P
2025-10-20 12:39:13,583 [INFO] Appended 4 rows — CSV now has 9124 rows.
2025-10-20 12:39:13,588 [INFO] 36 fetched
2025-10-20 12:39:13,589 [INFO] Sleeping 47s before next set.
2025-10-20 12:40:01,372 [INFO] Fetching 76084-1 — https://www.bricklink.com/v2/catalog/catalogitem.page?S=76084-1#T=P
2025-10-20 12:40:10,976 [INFO] Appended 4 rows — CSV now has 9128 rows.
2025-10-20 12:40:10,984 [INFO] 37 fetched
2025-10-20 12:40:10,985 [INFO] Sleeping 80s before next set.
2025-10-20 12:41:31,952 [INFO] Fetching 76088-1 — https://www.bricklink.com/v2/catalog/catalogitem.page?S=76088-1#T=P
2025-10-20 12:41:41,611 [INFO] Appended 4 rows — CSV now has 9132 rows.
2025-10-20 12:41:41,616 [INFO] 38 fetched
2025-10-20 12:41:41,617 [INFO] Sleeping 34s before next set.
2025-10-20 12:42:15,668 [INFO] Fetching 10403-1 — https://www.bricklink.com/v2/catalog/catalogitem.page?S=10403-1#T=P
2025-10-20 12:42:27,053 [INFO] Appended 4 rows — CSV now has 9136 rows.
2025-10-20 12:42:27,063 [INFO] 39 fetched
2025-10-20 12:42:27,063 [INFO] Sleeping 88s before next set.
2025-10-20 12:43:55,497 [INFO] Fetching 10764-1 — https://www.bricklink.com/v2/catalog/catalogitem.page?S=10764-1#T=P
2025-10-20 12:44:05,130 [INFO] Appended 4 rows — CSV now has 9140 rows.
2025-10-20 12:44:05,137 [INFO] 40 fetched
2025-10-20 12:44:05,137 [INFO] Sleeping 78s before next set.
2025-10-20 12:45:24,037 [INFO] Fetching 21142-1 — https://www.bricklink.com/v2/catalog/catalogitem.page?S=21142-1#T=P
2025-10-20 12:45:38,324 [INFO] Appended 4 rows — CSV now has 9144 rows.
2025-10-20 12:45:38,335 [INFO] 41 fetched
2025-10-20 12:45:38,335 [INFO] Sleeping 56s before next set.
2025-10-20 12:46:34,750 [INFO] Fetching 21143-1 — https://www.bricklink.com/v2/catalog/catalogitem.page?S=21143-1#T=P
2025-10-20 12:46:44,347 [INFO] Appended 4 rows — CSV now has 9148 rows.
2025-10-20 12:46:44,353 [INFO] 42 fetched
2025-10-20 12:46:44,354 [INFO] Sleeping 76s before next set.
2025-10-20 12:48:00,948 [INFO] Fetching 31077-1 — https://www.bricklink.com/v2/catalog/catalogitem.page?S=31077-1#T=P
2025-10-20 12:48:10,494 [INFO] Appended 4 rows — CSV now has 9152 rows.
2025-10-20 12:48:10,502 [INFO] 43 fetched
2025-10-20 12:48:10,502 [INFO] Sleeping 58s before next set.
2025-10-20 12:49:08,682 [INFO] Fetching 21146-1 — https://www.bricklink.com/v2/catalog/catalogitem.page?S=21146-1#T=P
2025-10-20 12:49:18,322 [INFO] Appended 4 rows — CSV now has 9156 rows.
2025-10-20 12:49:18,326 [INFO] 44 fetched
2025-10-20 12:49:18,327 [INFO] Sleeping 76s before next set.
2025-10-20 12:50:34,502 [INFO] Fetching 40198-1 — https://www.bricklink.com/v2/catalog/catalogitem.page?S=40198-1#T=P
2025-10-20 12:50:44,559 [INFO] Appended 4 rows — CSV now has 9160 rows.
2025-10-20 12:50:44,565 [INFO] 45 fetched
2025-10-20 12:50:44,565 [INFO] Sleeping 58s before next set.
2025-10-20 12:51:43,426 [INFO] Fetching 31078-1 — https://www.bricklink.com/v2/catalog/catalogitem.page?S=31078-1#T=P
2025-10-20 12:51:53,022 [INFO] Appended 4 rows — CSV now has 9164 rows.
2025-10-20 12:51:53,027 [INFO] 46 fetched
2025-10-20 12:51:53,028 [INFO] Sleeping 50s before next set.
2025-10-20 12:52:43,641 [INFO] Fetching 31079-1 — https://www.bricklink.com/v2/catalog/catalogitem.page?S=31079-1#T=P
2025-10-20 12:52:53,386 [INFO] Appended 4 rows — CSV now has 9168 rows.
2025-10-20 12:52:53,394 [INFO] 47 fetched
2025-10-20 12:52:53,395 [INFO] Sleeping 86s before next set.
2025-10-20 12:54:19,403 [INFO] Fetching 31080-1 — https://www.bricklink.com/v2/catalog/catalogitem.page?S=31080-1#T=P
2025-10-20 12:54:28,956 [INFO] Appended 4 rows — CSV now has 9172 rows.
2025-10-20 12:54:28,961 [INFO] 48 fetched
2025-10-20 12:54:28,962 [INFO] Sleeping 89s before next set.
2025-10-20 12:55:58,383 [INFO] Fetching 31081-1 — https://www.bricklink.com/v2/catalog/catalogitem.page?S=31081-1#T=P
2025-10-20 12:56:08,088 [INFO] Appended 4 rows — CSV now has 9176 rows.
2025-10-20 12:56:08,093 [INFO] 49 fetched
2025-10-20 12:56:08,093 [INFO] Sleeping 57s before next set.
2025-10-20 12:57:05,898 [INFO] Fetching 40274-1 — https://www.bricklink.com/v2/catalog/catalogitem.page?S=40274-1#T=P
2025-10-20 12:57:15,723 [INFO] Appended 4 rows — CSV now has 9180 rows.
2025-10-20 12:57:15,728 [INFO] 50 fetched
2025-10-20 12:57:15,729 [INFO] Sleeping 54s before next set.
2025-10-20 12:58:10,403 [INFO] Fetching 40305-1 — https://www.bricklink.com/v2/catalog/catalogitem.page?S=40305-1#T=P
2025-10-20 12:58:20,298 [INFO] Appended 4 rows — CSV now has 9184 rows.
2025-10-20 12:58:20,308 [INFO] 51 fetched
2025-10-20 12:58:20,309 [INFO] Sleeping 52s before next set.
2025-10-20 12:59:12,692 [INFO] Fetching 41152-1 — https://www.bricklink.com/v2/catalog/catalogitem.page?S=41152-1#T=P
2025-10-20 12:59:22,290 [INFO] Appended 4 rows — CSV now has 9188 rows.
2025-10-20 12:59:22,296 [INFO] 52 fetched
2025-10-20 12:59:22,296 [INFO] Sleeping 38s before next set.
2025-10-20 13:00:00,521 [INFO] Fetching 41153-1 — https://www.bricklink.com/v2/catalog/catalogitem.page?S=41153-1#T=P
2025-10-20 13:00:10,149 [INFO] Appended 4 rows — CSV now has 9192 rows.
2025-10-20 13:00:10,154 [INFO] 53 fetched
2025-10-20 13:00:10,155 [INFO] Sleeping 70s before next set.
2025-10-20 13:01:20,730 [INFO] Fetching 41157-1 — https://www.bricklink.com/v2/catalog/catalogitem.page?S=41157-1#T=P
2025-10-20 13:01:33,622 [INFO] Appended 4 rows — CSV now has 9196 rows.
2025-10-20 13:01:33,627 [INFO] 54 fetched
2025-10-20 13:01:33,628 [INFO] Sleeping 42s before next set.
2025-10-20 13:02:16,613 [INFO] Fetching 41192-1 — https://www.bricklink.com/v2/catalog/catalogitem.page?S=41192-1#T=P
2025-10-20 13:02:26,245 [INFO] Appended 4 rows — CSV now has 9200 rows.
2025-10-20 13:02:26,257 [INFO] 55 fetched
2025-10-20 13:02:26,257 [INFO] Sleeping 33s before next set.
2025-10-20 13:02:59,935 [INFO] Fetching 41193-1 — https://www.bricklink.com/v2/catalog/catalogitem.page?S=41193-1#T=P
2025-10-20 13:03:09,486 [INFO] Appended 4 rows — CSV now has 9204 rows.
2025-10-20 13:03:09,492 [INFO] 56 fetched
2025-10-20 13:03:09,493 [INFO] Sleeping 71s before next set.
2025-10-20 13:04:20,838 [INFO] Fetching 41335-1 — https://www.bricklink.com/v2/catalog/catalogitem.page?S=41335-1#T=P
2025-10-20 13:04:30,825 [INFO] Appended 4 rows — CSV now has 9208 rows.
2025-10-20 13:04:30,831 [INFO] 57 fetched
2025-10-20 13:04:30,831 [INFO] Sleeping 65s before next set.
2025-10-20 13:05:36,340 [INFO] Fetching 41336-1 — https://www.bricklink.com/v2/catalog/catalogitem.page?S=41336-1#T=P
2025-10-20 13:05:42,335 [INFO] Appended 4 rows — CSV now has 9212 rows.
2025-10-20 13:05:42,340 [INFO] 58 fetched
2025-10-20 13:05:42,340 [INFO] Sleeping 75s before next set.
2025-10-20 13:06:57,848 [INFO] Fetching 41338-1 — https://www.bricklink.com/v2/catalog/catalogitem.page?S=41338-1#T=P
2025-10-20 13:07:07,744 [INFO] Appended 4 rows — CSV now has 9216 rows.
2025-10-20 13:07:07,751 [INFO] 59 fetched
2025-10-20 13:07:07,752 [INFO] Sleeping 73s before next set.
2025-10-20 13:08:21,122 [INFO] Fetching 41339-1 — https://www.bricklink.com/v2/catalog/catalogitem.page?S=41339-1#T=P
2025-10-20 13:08:31,028 [INFO] Appended 4 rows — CSV now has 9220 rows.
2025-10-20 13:08:31,037 [INFO] 60 fetched
2025-10-20 13:08:31,037 [INFO] Sleeping 72s before next set.
2025-10-20 13:09:43,302 [INFO] Fetching 41343-1 — https://www.bricklink.com/v2/catalog/catalogitem.page?S=41343-1#T=P
2025-10-20 13:09:52,943 [INFO] Appended 4 rows — CSV now has 9224 rows.
2025-10-20 13:09:52,948 [INFO] 61 fetched
2025-10-20 13:09:52,948 [INFO] Sleeping 40s before next set.
2025-10-20 13:10:33,261 [INFO] Fetching 41344-1 — https://www.bricklink.com/v2/catalog/catalogitem.page?S=41344-1#T=P
2025-10-20 13:10:43,374 [INFO] Appended 4 rows — CSV now has 9228 rows.
2025-10-20 13:10:43,385 [INFO] 62 fetched
2025-10-20 13:10:43,386 [INFO] Sleeping 61s before next set.
2025-10-20 13:11:45,130 [INFO] Fetching 41345-1 — https://www.bricklink.com/v2/catalog/catalogitem.page?S=41345-1#T=P
2025-10-20 13:11:55,094 [INFO] Appended 4 rows — CSV now has 9232 rows.
2025-10-20 13:11:55,099 [INFO] 63 fetched
2025-10-20 13:11:55,099 [INFO] Sleeping 31s before next set.
2025-10-20 13:12:26,703 [INFO] Fetching 41349-1 — https://www.bricklink.com/v2/catalog/catalogitem.page?S=41349-1#T=P
2025-10-20 13:12:38,476 [INFO] Appended 4 rows — CSV now has 9236 rows.
2025-10-20 13:12:38,486 [INFO] 64 fetched
2025-10-20 13:12:38,486 [INFO] Sleeping 64s before next set.
2025-10-20 13:13:43,180 [INFO] Fetching 41350-1 — https://www.bricklink.com/v2/catalog/catalogitem.page?S=41350-1#T=P
2025-10-20 13:13:52,972 [INFO] Appended 4 rows — CSV now has 9240 rows.
2025-10-20 13:13:52,980 [INFO] 65 fetched
2025-10-20 13:13:52,981 [INFO] Sleeping 72s before next set.
2025-10-20 13:15:05,391 [INFO] Fetching 41351-1 — https://www.bricklink.com/v2/catalog/catalogitem.page?S=41351-1#T=P
2025-10-20 13:15:21,345 [INFO] Appended 4 rows — CSV now has 9244 rows.
2025-10-20 13:15:21,350 [INFO] 66 fetched
2025-10-20 13:15:21,350 [INFO] Sleeping 41s before next set.
2025-10-20 13:16:03,268 [INFO] Fetching 41454-1 — https://www.bricklink.com/v2/catalog/catalogitem.page?S=41454-1#T=P
2025-10-20 13:16:12,851 [INFO] Appended 4 rows — CSV now has 9248 rows.
2025-10-20 13:16:12,861 [INFO] 67 fetched
2025-10-20 13:16:12,861 [INFO] Sleeping 87s before next set.
2025-10-20 13:17:40,799 [INFO] Fetching 41623-1 — https://www.bricklink.com/v2/catalog/catalogitem.page?S=41623-1#T=P
2025-10-20 13:17:50,312 [INFO] Appended 4 rows — CSV now has 9252 rows.
2025-10-20 13:17:50,316 [INFO] 68 fetched
2025-10-20 13:17:50,317 [INFO] Sleeping 68s before next set.
2025-10-20 13:18:58,369 [INFO] Fetching 60172-1 — https://www.bricklink.com/v2/catalog/catalogitem.page?S=60172-1#T=P
2025-10-20 13:19:08,105 [INFO] Appended 4 rows — CSV now has 9256 rows.
2025-10-20 13:19:08,110 [INFO] 69 fetched
2025-10-20 13:19:08,110 [INFO] Sleeping 81s before next set.
2025-10-20 13:20:29,574 [INFO] Fetching 60173-1 — https://www.bricklink.com/v2/catalog/catalogitem.page?S=60173-1#T=P
2025-10-20 13:20:39,111 [INFO] Appended 4 rows — CSV now has 9260 rows.
2025-10-20 13:20:39,116 [INFO] 70 fetched
2025-10-20 13:20:39,117 [INFO] Sleeping 31s before next set.
2025-10-20 13:21:10,208 [INFO] Fetching 60175-1 — https://www.bricklink.com/v2/catalog/catalogitem.page?S=60175-1#T=P
2025-10-20 13:21:19,711 [INFO] Appended 4 rows — CSV now has 9264 rows.
2025-10-20 13:21:19,715 [INFO] 71 fetched
2025-10-20 13:21:19,716 [INFO] Sleeping 32s before next set.
2025-10-20 13:21:51,793 [INFO] Fetching 60182-1 — https://www.bricklink.com/v2/catalog/catalogitem.page?S=60182-1#T=P
2025-10-20 13:22:01,798 [INFO] Appended 4 rows — CSV now has 9268 rows.
2025-10-20 13:22:01,803 [INFO] 72 fetched
2025-10-20 13:22:01,803 [INFO] Sleeping 65s before next set.
2025-10-20 13:23:07,323 [INFO] Fetching 60183-1 — https://www.bricklink.com/v2/catalog/catalogitem.page?S=60183-1#T=P
2025-10-20 13:23:16,902 [INFO] Appended 4 rows — CSV now has 9272 rows.
2025-10-20 13:23:16,907 [INFO] 73 fetched
2025-10-20 13:23:16,908 [INFO] Sleeping 73s before next set.
2025-10-20 13:24:30,356 [INFO] Fetching 60186-1 — https://www.bricklink.com/v2/catalog/catalogitem.page?S=60186-1#T=P
2025-10-20 13:24:52,142 [INFO] Appended 4 rows — CSV now has 9276 rows.
2025-10-20 13:24:52,147 [INFO] 74 fetched
2025-10-20 13:24:52,148 [INFO] Sleeping 71s before next set.
2025-10-20 13:26:04,025 [INFO] Fetching 60193-1 — https://www.bricklink.com/v2/catalog/catalogitem.page?S=60193-1#T=P
2025-10-20 13:26:13,637 [INFO] Appended 4 rows — CSV now has 9280 rows.
2025-10-20 13:26:13,645 [INFO] 75 fetched
2025-10-20 13:26:13,645 [INFO] Sleeping 61s before next set.
2025-10-20 13:27:15,509 [INFO] Fetching 60194-1 — https://www.bricklink.com/v2/catalog/catalogitem.page?S=60194-1#T=P
2025-10-20 13:27:24,942 [INFO] Appended 4 rows — CSV now has 9284 rows.
2025-10-20 13:27:24,947 [INFO] 76 fetched
2025-10-20 13:27:24,947 [INFO] Sleeping 80s before next set.
2025-10-20 13:28:45,042 [INFO] Fetching 60201-1 — https://www.bricklink.com/v2/catalog/catalogitem.page?S=60201-1#T=P
2025-10-20 13:28:57,657 [INFO] Appended 4 rows — CSV now has 9288 rows.
2025-10-20 13:28:57,662 [INFO] 77 fetched
2025-10-20 13:28:57,662 [INFO] Sleeping 80s before next set.
2025-10-20 13:30:18,236 [INFO] Fetching 70638-1 — https://www.bricklink.com/v2/catalog/catalogitem.page?S=70638-1#T=P
2025-10-20 13:30:27,796 [INFO] Appended 4 rows — CSV now has 9292 rows.
2025-10-20 13:30:27,801 [INFO] 78 fetched
2025-10-20 13:30:27,802 [INFO] Sleeping 82s before next set.
2025-10-20 13:31:49,994 [INFO] Fetching 70639-1 — https://www.bricklink.com/v2/catalog/catalogitem.page?S=70639-1#T=P
2025-10-20 13:31:59,755 [INFO] Appended 4 rows — CSV now has 9296 rows.
2025-10-20 13:31:59,760 [INFO] 79 fetched
2025-10-20 13:31:59,760 [INFO] Sleeping 30s before next set.
2025-10-20 13:32:30,708 [INFO] Fetching 70652-1 — https://www.bricklink.com/v2/catalog/catalogitem.page?S=70652-1#T=P
2025-10-20 13:32:40,379 [INFO] Appended 4 rows — CSV now has 9300 rows.
2025-10-20 13:32:40,388 [INFO] 80 fetched
2025-10-20 13:32:40,388 [INFO] Sleeping 57s before next set.
2025-10-20 13:33:38,075 [INFO] Fetching 70919-1 — https://www.bricklink.com/v2/catalog/catalogitem.page?S=70919-1#T=P
2025-10-20 13:33:48,095 [INFO] Appended 4 rows — CSV now has 9304 rows.
2025-10-20 13:33:48,106 [INFO] 81 fetched
2025-10-20 13:33:48,106 [INFO] Sleeping 88s before next set.
2025-10-20 13:35:16,679 [INFO] Fetching 70920-1 — https://www.bricklink.com/v2/catalog/catalogitem.page?S=70920-1#T=P
2025-10-20 13:35:26,364 [INFO] Appended 4 rows — CSV now has 9308 rows.
2025-10-20 13:35:26,369 [INFO] 82 fetched
2025-10-20 13:35:26,370 [INFO] Sleeping 32s before next set.
2025-10-20 13:35:58,841 [INFO] Fetching 70921-1 — https://www.bricklink.com/v2/catalog/catalogitem.page?S=70921-1#T=P
2025-10-20 13:36:08,383 [INFO] Appended 4 rows — CSV now has 9312 rows.
2025-10-20 13:36:08,391 [INFO] 83 fetched
2025-10-20 13:36:08,391 [INFO] Sleeping 55s before next set.
2025-10-20 13:37:03,413 [INFO] Fetching 72003-1 — https://www.bricklink.com/v2/catalog/catalogitem.page?S=72003-1#T=P
2025-10-20 13:37:13,057 [INFO] Appended 4 rows — CSV now has 9316 rows.
2025-10-20 13:37:13,065 [INFO] 84 fetched
2025-10-20 13:37:13,065 [INFO] Sleeping 86s before next set.
2025-10-20 13:38:39,567 [INFO] Fetching 75201-1 — https://www.bricklink.com/v2/catalog/catalogitem.page?S=75201-1#T=P
2025-10-20 13:38:58,792 [INFO] Appended 4 rows — CSV now has 9320 rows.
2025-10-20 13:38:58,800 [INFO] 85 fetched
2025-10-20 13:38:58,801 [INFO] Sleeping 42s before next set.
2025-10-20 13:39:41,269 [INFO] Fetching 75203-1 — https://www.bricklink.com/v2/catalog/catalogitem.page?S=75203-1#T=P
2025-10-20 13:39:50,883 [INFO] Appended 4 rows — CSV now has 9324 rows.
2025-10-20 13:39:50,891 [INFO] 86 fetched
2025-10-20 13:39:50,891 [INFO] Sleeping 42s before next set.
2025-10-20 13:40:33,837 [INFO] Fetching 75204-1 — https://www.bricklink.com/v2/catalog/catalogitem.page?S=75204-1#T=P
2025-10-20 13:40:56,729 [INFO] Appended 4 rows — CSV now has 9328 rows.
2025-10-20 13:40:56,740 [INFO] 87 fetched
2025-10-20 13:40:56,740 [INFO] Sleeping 34s before next set.
2025-10-20 13:41:31,055 [INFO] Fetching 75205-1 — https://www.bricklink.com/v2/catalog/catalogitem.page?S=75205-1#T=P
2025-10-20 13:41:40,593 [INFO] Appended 4 rows — CSV now has 9332 rows.
2025-10-20 13:41:40,600 [INFO] 88 fetched
2025-10-20 13:41:40,600 [INFO] Sleeping 40s before next set.
2025-10-20 13:42:21,266 [INFO] Fetching 75209-1 — https://www.bricklink.com/v2/catalog/catalogitem.page?S=75209-1#T=P
2025-10-20 13:42:34,602 [INFO] Appended 4 rows — CSV now has 9336 rows.
2025-10-20 13:42:34,607 [INFO] 89 fetched
2025-10-20 13:42:34,607 [INFO] Sleeping 71s before next set.
2025-10-20 13:43:45,723 [INFO] Fetching 75210-1 — https://www.bricklink.com/v2/catalog/catalogitem.page?S=75210-1#T=P
2025-10-20 13:43:55,508 [INFO] Appended 4 rows — CSV now has 9340 rows.
2025-10-20 13:43:55,513 [INFO] 90 fetched
2025-10-20 13:43:55,514 [INFO] Sleeping 76s before next set.
2025-10-20 13:45:12,119 [INFO] Fetching 75213-1 — https://www.bricklink.com/v2/catalog/catalogitem.page?S=75213-1#T=P
2025-10-20 13:45:21,910 [INFO] Appended 4 rows — CSV now has 9344 rows.
2025-10-20 13:45:21,916 [INFO] 91 fetched
2025-10-20 13:45:21,916 [INFO] Sleeping 89s before next set.
2025-10-20 13:46:50,918 [INFO] Fetching 75215-1 — https://www.bricklink.com/v2/catalog/catalogitem.page?S=75215-1#T=P
2025-10-20 13:47:05,378 [INFO] Appended 4 rows — CSV now has 9348 rows.
2025-10-20 13:47:05,383 [INFO] 92 fetched
2025-10-20 13:47:05,383 [INFO] Sleeping 46s before next set.
2025-10-20 13:47:51,481 [INFO] Fetching 75216-1 — https://www.bricklink.com/v2/catalog/catalogitem.page?S=75216-1#T=P
2025-10-20 13:48:01,261 [INFO] Appended 4 rows — CSV now has 9352 rows.
2025-10-20 13:48:01,266 [INFO] 93 fetched
2025-10-20 13:48:01,266 [INFO] Sleeping 66s before next set.
2025-10-20 13:49:07,783 [INFO] Fetching 75888-1 — https://www.bricklink.com/v2/catalog/catalogitem.page?S=75888-1#T=P
2025-10-20 13:49:20,959 [INFO] Appended 4 rows — CSV now has 9356 rows.
2025-10-20 13:49:20,963 [INFO] 94 fetched
2025-10-20 13:49:20,964 [INFO] Sleeping 38s before next set.
2025-10-20 13:49:59,916 [INFO] Fetching 75928-1 — https://www.bricklink.com/v2/catalog/catalogitem.page?S=75928-1#T=P
2025-10-20 13:50:15,214 [INFO] Appended 4 rows — CSV now has 9360 rows.
2025-10-20 13:50:15,221 [INFO] 95 fetched
2025-10-20 13:50:15,221 [INFO] Sleeping 79s before next set.
2025-10-20 13:51:34,255 [INFO] Fetching 75931-1 — https://www.bricklink.com/v2/catalog/catalogitem.page?S=75931-1#T=P
2025-10-20 13:51:47,838 [INFO] Appended 4 rows — CSV now has 9364 rows.
2025-10-20 13:51:47,843 [INFO] 96 fetched
2025-10-20 13:51:47,843 [INFO] Sleeping 30s before next set.
2025-10-20 13:52:18,756 [INFO] Fetching 75932-1 — https://www.bricklink.com/v2/catalog/catalogitem.page?S=75932-1#T=P
2025-10-20 13:52:28,461 [INFO] Appended 4 rows — CSV now has 9368 rows.
2025-10-20 13:52:28,470 [INFO] 97 fetched
2025-10-20 13:52:28,470 [INFO] Sleeping 47s before next set.
2025-10-20 13:53:15,574 [INFO] Finished run.
