2025-10-20 21:31:31,341 [INFO] Fichier de log actif : logs\bricklink_20251020_1931.log
2025-10-20 21:31:31,824 [INFO] 100 sets à scrapper récupérés depuis la DB.
2025-10-20 21:31:31,848 [INFO] Skip 5578-1 (fetch récent < 7 jours).
2025-10-20 21:31:31,849 [INFO] Skip 5587-1 (fetch récent < 7 jours).
2025-10-20 21:31:31,849 [INFO] Skip 40173-1 (fetch récent < 7 jours).
2025-10-20 21:31:31,850 [INFO] Skip 21159-1 (fetch récent < 7 jours).
2025-10-20 21:31:31,850 [INFO] Skip 10282-2 (fetch récent < 7 jours).
2025-10-20 21:31:31,851 [INFO] Fetching 60313-1 — https://www.bricklink.com/v2/catalog/catalogitem.page?S=60313-1#T=P
2025-10-20 21:31:44,249 [INFO] Appended 4 rows — CSV now has 10520 rows.
2025-10-20 21:31:44,254 [INFO] 1 fetched
2025-10-20 21:31:44,254 [INFO] Sleeping 65s before next set.
2025-10-20 21:32:50,197 [INFO] Fetching 60324-1 — https://www.bricklink.com/v2/catalog/catalogitem.page?S=60324-1#T=P
2025-10-20 21:32:59,771 [INFO] Appended 4 rows — CSV now has 10524 rows.
2025-10-20 21:32:59,776 [INFO] 2 fetched
2025-10-20 21:32:59,777 [INFO] Sleeping 69s before next set.
2025-10-20 21:34:08,784 [INFO] Fetching 60347-1 — https://www.bricklink.com/v2/catalog/catalogitem.page?S=60347-1#T=P
2025-10-20 21:34:19,060 [INFO] Appended 4 rows — CSV now has 10528 rows.
2025-10-20 21:34:19,066 [INFO] 3 fetched
2025-10-20 21:34:19,066 [INFO] Sleeping 86s before next set.
2025-10-20 21:35:45,755 [INFO] Fetching 60348-1 — https://www.bricklink.com/v2/catalog/catalogitem.page?S=60348-1#T=P
2025-10-20 21:35:55,370 [INFO] Appended 4 rows — CSV now has 10532 rows.
2025-10-20 21:35:55,375 [INFO] 4 fetched
2025-10-20 21:35:55,376 [INFO] Sleeping 79s before next set.
2025-10-20 21:37:14,618 [INFO] Fetching 60354-1 — https://www.bricklink.com/v2/catalog/catalogitem.page?S=60354-1#T=P
2025-10-20 21:37:24,371 [INFO] Appended 4 rows — CSV now has 10536 rows.
2025-10-20 21:37:24,377 [INFO] 5 fetched
2025-10-20 21:37:24,377 [INFO] Sleeping 55s before next set.
2025-10-20 21:38:19,663 [INFO] Fetching 60355-1 — https://www.bricklink.com/v2/catalog/catalogitem.page?S=60355-1#T=P
2025-10-20 21:38:29,251 [INFO] Appended 4 rows — CSV now has 10540 rows.
2025-10-20 21:38:29,259 [INFO] 6 fetched
2025-10-20 21:38:29,259 [INFO] Sleeping 38s before next set.
2025-10-20 21:39:07,876 [INFO] Fetching 71407-1 — https://www.bricklink.com/v2/catalog/catalogitem.page?S=71407-1#T=P
2025-10-20 21:39:17,459 [INFO] Appended 4 rows — CSV now has 10544 rows.
2025-10-20 21:39:17,466 [INFO] 7 fetched
2025-10-20 21:39:17,466 [INFO] Sleeping 48s before next set.
2025-10-20 21:40:05,788 [INFO] Fetching 71763-1 — https://www.bricklink.com/v2/catalog/catalogitem.page?S=71763-1#T=P
2025-10-20 21:40:15,430 [INFO] Appended 4 rows — CSV now has 10548 rows.
2025-10-20 21:40:15,436 [INFO] 8 fetched
2025-10-20 21:40:15,436 [INFO] Sleeping 41s before next set.
2025-10-20 21:40:56,839 [INFO] Fetching 71770-1 — https://www.bricklink.com/v2/catalog/catalogitem.page?S=71770-1#T=P
2025-10-20 21:41:06,421 [INFO] Appended 4 rows — CSV now has 10552 rows.
2025-10-20 21:41:06,430 [INFO] 9 fetched
2025-10-20 21:41:06,431 [INFO] Sleeping 58s before next set.
2025-10-20 21:42:05,108 [INFO] Fetching 75325-1 — https://www.bricklink.com/v2/catalog/catalogitem.page?S=75325-1#T=P
2025-10-20 21:42:15,135 [INFO] Appended 4 rows — CSV now has 10556 rows.
2025-10-20 21:42:15,140 [INFO] 10 fetched
2025-10-20 21:42:15,141 [INFO] Sleeping 30s before next set.
2025-10-20 21:42:45,546 [INFO] Fetching 76404-1 — https://www.bricklink.com/v2/catalog/catalogitem.page?S=76404-1#T=P
2025-10-20 21:42:55,352 [INFO] Appended 4 rows — CSV now has 10560 rows.
2025-10-20 21:42:55,357 [INFO] 11 fetched
2025-10-20 21:42:55,357 [INFO] Sleeping 52s before next set.
2025-10-20 21:43:47,611 [INFO] Fetching 75333-1 — https://www.bricklink.com/v2/catalog/catalogitem.page?S=75333-1#T=P
2025-10-20 21:43:57,864 [INFO] Appended 4 rows — CSV now has 10564 rows.
2025-10-20 21:43:57,870 [INFO] 12 fetched
2025-10-20 21:43:57,871 [INFO] Sleeping 37s before next set.
2025-10-20 21:44:35,611 [INFO] Fetching 75334-1 — https://www.bricklink.com/v2/catalog/catalogitem.page?S=75334-1#T=P
2025-10-20 21:44:45,417 [INFO] Appended 4 rows — CSV now has 10568 rows.
2025-10-20 21:44:45,425 [INFO] 13 fetched
2025-10-20 21:44:45,427 [INFO] Sleeping 42s before next set.
2025-10-20 21:45:28,268 [INFO] Fetching 75340-1 — https://www.bricklink.com/v2/catalog/catalogitem.page?S=75340-1#T=P
2025-10-20 21:45:37,933 [INFO] Appended 4 rows — CSV now has 10572 rows.
2025-10-20 21:45:37,939 [INFO] 14 fetched
2025-10-20 21:45:37,939 [INFO] Sleeping 75s before next set.
2025-10-20 21:46:52,952 [INFO] Fetching 75342-1 — https://www.bricklink.com/v2/catalog/catalogitem.page?S=75342-1#T=P
2025-10-20 21:47:02,830 [INFO] Appended 4 rows — CSV now has 10576 rows.
2025-10-20 21:47:02,835 [INFO] 15 fetched
2025-10-20 21:47:02,836 [INFO] Sleeping 47s before next set.
2025-10-20 21:47:50,137 [INFO] Fetching 76181-1 — https://www.bricklink.com/v2/catalog/catalogitem.page?S=76181-1#T=P
2025-10-20 21:47:59,933 [INFO] Appended 4 rows — CSV now has 10580 rows.
2025-10-20 21:47:59,939 [INFO] 16 fetched
2025-10-20 21:47:59,939 [INFO] Sleeping 31s before next set.
2025-10-20 21:48:31,633 [INFO] Fetching 76211-1 — https://www.bricklink.com/v2/catalog/catalogitem.page?S=76211-1#T=P
2025-10-20 21:48:41,415 [INFO] Appended 4 rows — CSV now has 10584 rows.
2025-10-20 21:48:41,421 [INFO] 17 fetched
2025-10-20 21:48:41,421 [INFO] Sleeping 64s before next set.
2025-10-20 21:49:45,895 [INFO] Fetching 76213-1 — https://www.bricklink.com/v2/catalog/catalogitem.page?S=76213-1#T=P
2025-10-20 21:49:55,556 [INFO] Appended 4 rows — CSV now has 10588 rows.
2025-10-20 21:49:55,561 [INFO] 18 fetched
2025-10-20 21:49:55,561 [INFO] Sleeping 43s before next set.
2025-10-20 21:50:39,458 [INFO] Fetching 76217-1 — https://www.bricklink.com/v2/catalog/catalogitem.page?S=76217-1#T=P
2025-10-20 21:50:49,181 [INFO] Appended 4 rows — CSV now has 10592 rows.
2025-10-20 21:50:49,186 [INFO] 19 fetched
2025-10-20 21:50:49,186 [INFO] Sleeping 67s before next set.
2025-10-20 21:51:56,584 [INFO] Fetching 76219-1 — https://www.bricklink.com/v2/catalog/catalogitem.page?S=76219-1#T=P
2025-10-20 21:52:06,367 [INFO] Appended 4 rows — CSV now has 10596 rows.
2025-10-20 21:52:06,378 [INFO] 20 fetched
2025-10-20 21:52:06,379 [INFO] Sleeping 77s before next set.
2025-10-20 21:53:24,345 [INFO] Fetching 76226-1 — https://www.bricklink.com/v2/catalog/catalogitem.page?S=76226-1#T=P
2025-10-20 21:53:34,068 [INFO] Appended 4 rows — CSV now has 10600 rows.
2025-10-20 21:53:34,073 [INFO] 21 fetched
2025-10-20 21:53:34,074 [INFO] Sleeping 34s before next set.
2025-10-20 21:54:08,697 [INFO] Fetching 76230-1 — https://www.bricklink.com/v2/catalog/catalogitem.page?S=76230-1#T=P
2025-10-20 21:54:18,297 [INFO] Appended 4 rows — CSV now has 10604 rows.
2025-10-20 21:54:18,302 [INFO] 22 fetched
2025-10-20 21:54:18,303 [INFO] Sleeping 48s before next set.
2025-10-20 21:55:06,724 [INFO] Fetching 76231-1 — https://www.bricklink.com/v2/catalog/catalogitem.page?S=76231-1#T=P
2025-10-20 21:55:16,456 [INFO] Appended 4 rows — CSV now has 10608 rows.
2025-10-20 21:55:16,462 [INFO] 23 fetched
2025-10-20 21:55:16,463 [INFO] Sleeping 51s before next set.
2025-10-20 21:56:08,141 [INFO] Fetching 76396-1 — https://www.bricklink.com/v2/catalog/catalogitem.page?S=76396-1#T=P
2025-10-20 21:56:17,863 [INFO] Appended 4 rows — CSV now has 10612 rows.
2025-10-20 21:56:17,868 [INFO] 24 fetched
2025-10-20 21:56:17,869 [INFO] Sleeping 76s before next set.
2025-10-20 21:57:34,005 [INFO] Fetching 76831-1 — https://www.bricklink.com/v2/catalog/catalogitem.page?S=76831-1#T=P
2025-10-20 21:57:43,618 [INFO] Appended 4 rows — CSV now has 10616 rows.
2025-10-20 21:57:43,624 [INFO] 25 fetched
2025-10-20 21:57:43,625 [INFO] Sleeping 55s before next set.
2025-10-20 21:58:39,115 [INFO] Fetching 76832-1 — https://www.bricklink.com/v2/catalog/catalogitem.page?S=76832-1#T=P
2025-10-20 21:58:48,826 [INFO] Appended 4 rows — CSV now has 10620 rows.
2025-10-20 21:58:48,831 [INFO] 26 fetched
2025-10-20 21:58:48,831 [INFO] Sleeping 36s before next set.
2025-10-20 21:59:25,751 [INFO] Fetching 76906-1 — https://www.bricklink.com/v2/catalog/catalogitem.page?S=76906-1#T=P
2025-10-20 21:59:35,539 [INFO] Appended 4 rows — CSV now has 10624 rows.
2025-10-20 21:59:35,544 [INFO] 27 fetched
2025-10-20 21:59:35,544 [INFO] Sleeping 38s before next set.
2025-10-20 22:00:13,946 [INFO] Fetching 76908-1 — https://www.bricklink.com/v2/catalog/catalogitem.page?S=76908-1#T=P
2025-10-20 22:00:23,783 [INFO] Appended 4 rows — CSV now has 10628 rows.
2025-10-20 22:00:23,790 [INFO] 28 fetched
2025-10-20 22:00:23,790 [INFO] Sleeping 41s before next set.
2025-10-20 22:01:04,846 [INFO] Fetching 76911-1 — https://www.bricklink.com/v2/catalog/catalogitem.page?S=76911-1#T=P
2025-10-20 22:01:14,588 [INFO] Appended 4 rows — CSV now has 10632 rows.
2025-10-20 22:01:14,593 [INFO] 29 fetched
2025-10-20 22:01:14,593 [INFO] Sleeping 51s before next set.
2025-10-20 22:02:05,611 [INFO] Fetching 76947-1 — https://www.bricklink.com/v2/catalog/catalogitem.page?S=76947-1#T=P
2025-10-20 22:02:15,935 [INFO] Appended 4 rows — CSV now has 10636 rows.
2025-10-20 22:02:15,942 [INFO] 30 fetched
2025-10-20 22:02:15,943 [INFO] Sleeping 49s before next set.
2025-10-20 22:03:05,073 [INFO] Fetching 76951-1 — https://www.bricklink.com/v2/catalog/catalogitem.page?S=76951-1#T=P
2025-10-20 22:03:14,589 [INFO] Appended 4 rows — CSV now has 10640 rows.
2025-10-20 22:03:14,595 [INFO] 31 fetched
2025-10-20 22:03:14,595 [INFO] Sleeping 41s before next set.
2025-10-20 22:03:55,625 [INFO] Fetching 80030-1 — https://www.bricklink.com/v2/catalog/catalogitem.page?S=80030-1#T=P
2025-10-20 22:04:05,047 [INFO] Appended 4 rows — CSV now has 10644 rows.
2025-10-20 22:04:05,053 [INFO] 32 fetched
2025-10-20 22:04:05,053 [INFO] Sleeping 89s before next set.
2025-10-20 22:05:34,952 [INFO] Fetching 31133-1 — https://www.bricklink.com/v2/catalog/catalogitem.page?S=31133-1#T=P
2025-10-20 22:05:44,925 [INFO] Appended 4 rows — CSV now has 10648 rows.
2025-10-20 22:05:44,931 [INFO] 33 fetched
2025-10-20 22:05:44,931 [INFO] Sleeping 52s before next set.
2025-10-20 22:06:37,036 [INFO] Fetching 31136-1 — https://www.bricklink.com/v2/catalog/catalogitem.page?S=31136-1#T=P
2025-10-20 22:06:46,578 [INFO] Appended 4 rows — CSV now has 10652 rows.
2025-10-20 22:06:46,586 [INFO] 34 fetched
2025-10-20 22:06:46,586 [INFO] Sleeping 68s before next set.
2025-10-20 22:07:54,739 [INFO] Fetching 31137-1 — https://www.bricklink.com/v2/catalog/catalogitem.page?S=31137-1#T=P
2025-10-20 22:08:04,554 [INFO] Appended 4 rows — CSV now has 10656 rows.
2025-10-20 22:08:04,560 [INFO] 35 fetched
2025-10-20 22:08:04,560 [INFO] Sleeping 40s before next set.
2025-10-20 22:08:45,370 [INFO] Fetching 31143-1 — https://www.bricklink.com/v2/catalog/catalogitem.page?S=31143-1#T=P
2025-10-20 22:08:54,903 [INFO] Appended 4 rows — CSV now has 10660 rows.
2025-10-20 22:08:54,913 [INFO] 36 fetched
2025-10-20 22:08:54,914 [INFO] Sleeping 71s before next set.
2025-10-20 22:10:06,437 [INFO] Fetching 31144-1 — https://www.bricklink.com/v2/catalog/catalogitem.page?S=31144-1#T=P
2025-10-20 22:10:17,252 [INFO] Appended 4 rows — CSV now has 10664 rows.
2025-10-20 22:10:17,259 [INFO] 37 fetched
2025-10-20 22:10:17,259 [INFO] Sleeping 88s before next set.
2025-10-20 22:11:45,981 [INFO] Fetching 21242-1 — https://www.bricklink.com/v2/catalog/catalogitem.page?S=21242-1#T=P
2025-10-20 22:11:55,673 [INFO] Appended 4 rows — CSV now has 10668 rows.
2025-10-20 22:11:55,678 [INFO] 38 fetched
2025-10-20 22:11:55,679 [INFO] Sleeping 68s before next set.
2025-10-20 22:13:03,725 [INFO] Fetching 21243-1 — https://www.bricklink.com/v2/catalog/catalogitem.page?S=21243-1#T=P
2025-10-20 22:13:13,348 [INFO] Appended 4 rows — CSV now has 10672 rows.
2025-10-20 22:13:13,354 [INFO] 39 fetched
2025-10-20 22:13:13,355 [INFO] Sleeping 57s before next set.
2025-10-20 22:14:10,712 [INFO] Fetching 21248-1 — https://www.bricklink.com/v2/catalog/catalogitem.page?S=21248-1#T=P
2025-10-20 22:14:20,264 [INFO] Appended 4 rows — CSV now has 10676 rows.
2025-10-20 22:14:20,269 [INFO] 40 fetched
2025-10-20 22:14:20,269 [INFO] Sleeping 47s before next set.
2025-10-20 22:15:08,265 [INFO] Fetching 40596-1 — https://www.bricklink.com/v2/catalog/catalogitem.page?S=40596-1#T=P
2025-10-20 22:15:18,132 [INFO] Appended 4 rows — CSV now has 10680 rows.
2025-10-20 22:15:18,139 [INFO] 41 fetched
2025-10-20 22:15:18,140 [INFO] Sleeping 53s before next set.
2025-10-20 22:16:11,860 [INFO] Fetching 40621-1 — https://www.bricklink.com/v2/catalog/catalogitem.page?S=40621-1#T=P
2025-10-20 22:16:21,578 [INFO] Appended 4 rows — CSV now has 10684 rows.
2025-10-20 22:16:21,586 [INFO] 42 fetched
2025-10-20 22:16:21,586 [INFO] Sleeping 74s before next set.
2025-10-20 22:17:36,279 [INFO] Fetching 40658-1 — https://www.bricklink.com/v2/catalog/catalogitem.page?S=40658-1#T=P
2025-10-20 22:17:46,378 [INFO] Appended 4 rows — CSV now has 10688 rows.
2025-10-20 22:17:46,384 [INFO] 43 fetched
2025-10-20 22:17:46,384 [INFO] Sleeping 83s before next set.
2025-10-20 22:19:09,569 [INFO] Fetching 41741-1 — https://www.bricklink.com/v2/catalog/catalogitem.page?S=41741-1#T=P
2025-10-20 22:19:19,319 [INFO] Appended 4 rows — CSV now has 10692 rows.
2025-10-20 22:19:19,325 [INFO] 44 fetched
2025-10-20 22:19:19,325 [INFO] Sleeping 39s before next set.
2025-10-20 22:19:58,753 [INFO] Fetching 41749-1 — https://www.bricklink.com/v2/catalog/catalogitem.page?S=41749-1#T=P
2025-10-20 22:20:08,491 [INFO] Appended 4 rows — CSV now has 10696 rows.
2025-10-20 22:20:08,501 [INFO] 45 fetched
2025-10-20 22:20:08,502 [INFO] Sleeping 68s before next set.
2025-10-20 22:21:16,766 [INFO] Fetching 43216-1 — https://www.bricklink.com/v2/catalog/catalogitem.page?S=43216-1#T=P
2025-10-20 22:21:26,555 [INFO] Appended 4 rows — CSV now has 10700 rows.
2025-10-20 22:21:26,561 [INFO] 46 fetched
2025-10-20 22:21:26,561 [INFO] Sleeping 54s before next set.
2025-10-20 22:22:21,465 [INFO] Fetching 43229-1 — https://www.bricklink.com/v2/catalog/catalogitem.page?S=43229-1#T=P
2025-10-20 22:22:31,565 [INFO] Appended 4 rows — CSV now has 10704 rows.
2025-10-20 22:22:31,570 [INFO] 47 fetched
2025-10-20 22:22:31,570 [INFO] Sleeping 43s before next set.
2025-10-20 22:23:14,906 [INFO] Fetching 60378-1 — https://www.bricklink.com/v2/catalog/catalogitem.page?S=60378-1#T=P
2025-10-20 22:23:24,590 [INFO] Appended 4 rows — CSV now has 10708 rows.
2025-10-20 22:23:24,596 [INFO] 48 fetched
2025-10-20 22:23:24,596 [INFO] Sleeping 55s before next set.
2025-10-20 22:24:20,575 [INFO] Fetching 60381-1 — https://www.bricklink.com/v2/catalog/catalogitem.page?S=60381-1#T=P
2025-10-20 22:24:30,073 [INFO] Appended 4 rows — CSV now has 10712 rows.
2025-10-20 22:24:30,084 [INFO] 49 fetched
2025-10-20 22:24:30,084 [INFO] Sleeping 47s before next set.
2025-10-20 22:25:17,458 [INFO] Fetching 60386-1 — https://www.bricklink.com/v2/catalog/catalogitem.page?S=60386-1#T=P
2025-10-20 22:25:27,122 [INFO] Appended 4 rows — CSV now has 10716 rows.
2025-10-20 22:25:27,127 [INFO] 50 fetched
2025-10-20 22:25:27,127 [INFO] Sleeping 80s before next set.
2025-10-20 22:26:47,180 [INFO] Fetching 60395-1 — https://www.bricklink.com/v2/catalog/catalogitem.page?S=60395-1#T=P
2025-10-20 22:26:56,814 [INFO] Appended 4 rows — CSV now has 10720 rows.
2025-10-20 22:26:56,820 [INFO] 51 fetched
2025-10-20 22:26:56,820 [INFO] Sleeping 80s before next set.
2025-10-20 22:28:17,193 [INFO] Fetching 60398-1 — https://www.bricklink.com/v2/catalog/catalogitem.page?S=60398-1#T=P
2025-10-20 22:28:26,807 [INFO] Appended 4 rows — CSV now has 10724 rows.
2025-10-20 22:28:26,812 [INFO] 52 fetched
2025-10-20 22:28:26,813 [INFO] Sleeping 65s before next set.
2025-10-20 22:29:32,687 [INFO] Fetching 71791-1 — https://www.bricklink.com/v2/catalog/catalogitem.page?S=71791-1#T=P
2025-10-20 22:29:42,213 [INFO] Appended 4 rows — CSV now has 10728 rows.
2025-10-20 22:29:42,218 [INFO] 53 fetched
2025-10-20 22:29:42,218 [INFO] Sleeping 50s before next set.
2025-10-20 22:30:33,153 [INFO] Fetching 71793-1 — https://www.bricklink.com/v2/catalog/catalogitem.page?S=71793-1#T=P
2025-10-20 22:30:42,783 [INFO] Appended 4 rows — CSV now has 10732 rows.
2025-10-20 22:30:42,788 [INFO] 54 fetched
2025-10-20 22:30:42,789 [INFO] Sleeping 43s before next set.
2025-10-20 22:31:25,852 [INFO] Fetching 76232-1 — https://www.bricklink.com/v2/catalog/catalogitem.page?S=76232-1#T=P
2025-10-20 22:31:43,594 [INFO] Appended 4 rows — CSV now has 10736 rows.
2025-10-20 22:31:43,600 [INFO] 55 fetched
2025-10-20 22:31:43,600 [INFO] Sleeping 57s before next set.
2025-10-20 22:32:40,790 [INFO] Fetching 76247-1 — https://www.bricklink.com/v2/catalog/catalogitem.page?S=76247-1#T=P
2025-10-20 22:32:50,371 [INFO] Appended 4 rows — CSV now has 10740 rows.
2025-10-20 22:32:50,377 [INFO] 56 fetched
2025-10-20 22:32:50,377 [INFO] Sleeping 40s before next set.
2025-10-20 22:33:31,174 [INFO] Fetching 76259-1 — https://www.bricklink.com/v2/catalog/catalogitem.page?S=76259-1#T=P
2025-10-20 22:33:40,818 [INFO] Appended 4 rows — CSV now has 10744 rows.
2025-10-20 22:33:40,825 [INFO] 57 fetched
2025-10-20 22:33:40,825 [INFO] Sleeping 75s before next set.
2025-10-20 22:34:56,404 [INFO] Fetching 76409-1 — https://www.bricklink.com/v2/catalog/catalogitem.page?S=76409-1#T=P
2025-10-20 22:35:06,393 [INFO] Appended 4 rows — CSV now has 10748 rows.
2025-10-20 22:35:06,401 [INFO] 58 fetched
2025-10-20 22:35:06,401 [INFO] Sleeping 86s before next set.
2025-10-20 22:36:32,806 [INFO] Fetching 76411-1 — https://www.bricklink.com/v2/catalog/catalogitem.page?S=76411-1#T=P
2025-10-20 22:36:42,652 [INFO] Appended 4 rows — CSV now has 10752 rows.
2025-10-20 22:36:42,658 [INFO] 59 fetched
2025-10-20 22:36:42,658 [INFO] Sleeping 44s before next set.
2025-10-20 22:37:27,498 [INFO] Fetching 76421-1 — https://www.bricklink.com/v2/catalog/catalogitem.page?S=76421-1#T=P
2025-10-20 22:37:37,154 [INFO] Appended 4 rows — CSV now has 10756 rows.
2025-10-20 22:37:37,160 [INFO] 60 fetched
2025-10-20 22:37:37,160 [INFO] Sleeping 96s before next set.
2025-10-20 22:39:14,027 [INFO] Fetching 76959-1 — https://www.bricklink.com/v2/catalog/catalogitem.page?S=76959-1#T=P
2025-10-20 22:39:24,051 [INFO] Appended 4 rows — CSV now has 10760 rows.
2025-10-20 22:39:24,058 [INFO] 61 fetched
2025-10-20 22:39:24,058 [INFO] Sleeping 87s before next set.
2025-10-20 22:40:51,197 [INFO] Fetching 76990-1 — https://www.bricklink.com/v2/catalog/catalogitem.page?S=76990-1#T=P
2025-10-20 22:41:00,986 [INFO] Appended 4 rows — CSV now has 10764 rows.
2025-10-20 22:41:00,992 [INFO] 62 fetched
2025-10-20 22:41:00,993 [INFO] Sleeping 69s before next set.
2025-10-20 22:42:10,176 [INFO] Fetching 76992-1 — https://www.bricklink.com/v2/catalog/catalogitem.page?S=76992-1#T=P
2025-10-20 22:42:20,330 [INFO] Appended 4 rows — CSV now has 10768 rows.
2025-10-20 22:42:20,339 [INFO] 63 fetched
2025-10-20 22:42:20,340 [INFO] Sleeping 34s before next set.
2025-10-20 22:42:54,454 [INFO] Fetching 40616-1 — https://www.bricklink.com/v2/catalog/catalogitem.page?S=40616-1#T=P
2025-10-20 22:43:04,137 [INFO] Appended 4 rows — CSV now has 10772 rows.
2025-10-20 22:43:04,143 [INFO] 64 fetched
2025-10-20 22:43:04,144 [INFO] Sleeping 56s before next set.
2025-10-20 22:44:00,702 [INFO] Fetching 40617-1 — https://www.bricklink.com/v2/catalog/catalogitem.page?S=40617-1#T=P
2025-10-20 22:44:10,405 [INFO] Appended 4 rows — CSV now has 10776 rows.
2025-10-20 22:44:10,412 [INFO] 65 fetched
2025-10-20 22:44:10,413 [INFO] Sleeping 52s before next set.
2025-10-20 22:45:03,326 [INFO] Fetching 40618-1 — https://www.bricklink.com/v2/catalog/catalogitem.page?S=40618-1#T=P
2025-10-20 22:45:12,974 [INFO] Appended 4 rows — CSV now has 10780 rows.
2025-10-20 22:45:12,979 [INFO] 66 fetched
2025-10-20 22:45:12,980 [INFO] Sleeping 39s before next set.
2025-10-20 22:45:52,685 [INFO] Fetching 40620-1 — https://www.bricklink.com/v2/catalog/catalogitem.page?S=40620-1#T=P
2025-10-20 22:46:02,220 [INFO] Appended 4 rows — CSV now has 10784 rows.
2025-10-20 22:46:02,225 [INFO] 67 fetched
2025-10-20 22:46:02,226 [INFO] Sleeping 38s before next set.
2025-10-20 22:46:40,517 [INFO] Fetching 40631-1 — https://www.bricklink.com/v2/catalog/catalogitem.page?S=40631-1#T=P
2025-10-20 22:46:50,281 [INFO] Appended 4 rows — CSV now has 10788 rows.
2025-10-20 22:46:50,287 [INFO] 68 fetched
2025-10-20 22:46:50,287 [INFO] Sleeping 46s before next set.
2025-10-20 22:47:37,159 [INFO] Fetching 40632-1 — https://www.bricklink.com/v2/catalog/catalogitem.page?S=40632-1#T=P
2025-10-20 22:47:46,775 [INFO] Appended 4 rows — CSV now has 10792 rows.
2025-10-20 22:47:46,782 [INFO] 69 fetched
2025-10-20 22:47:46,782 [INFO] Sleeping 67s before next set.
2025-10-20 22:48:54,438 [INFO] Fetching 40638-1 — https://www.bricklink.com/v2/catalog/catalogitem.page?S=40638-1#T=P
2025-10-20 22:49:03,981 [INFO] Appended 4 rows — CSV now has 10796 rows.
2025-10-20 22:49:03,987 [INFO] 70 fetched
2025-10-20 22:49:03,987 [INFO] Sleeping 32s before next set.
2025-10-20 22:49:36,750 [INFO] Fetching 40643-1 — https://www.bricklink.com/v2/catalog/catalogitem.page?S=40643-1#T=P
2025-10-20 22:49:46,391 [INFO] Appended 4 rows — CSV now has 10800 rows.
2025-10-20 22:49:46,399 [INFO] 71 fetched
2025-10-20 22:49:46,399 [INFO] Sleeping 79s before next set.
2025-10-20 22:51:05,513 [INFO] Fetching 40648-1 — https://www.bricklink.com/v2/catalog/catalogitem.page?S=40648-1#T=P
2025-10-20 22:51:15,296 [INFO] Appended 4 rows — CSV now has 10804 rows.
2025-10-20 22:51:15,302 [INFO] 72 fetched
2025-10-20 22:51:15,302 [INFO] Sleeping 78s before next set.
2025-10-20 22:52:34,122 [INFO] Fetching 40655-1 — https://www.bricklink.com/v2/catalog/catalogitem.page?S=40655-1#T=P
2025-10-20 22:52:39,711 [INFO] Appended 4 rows — CSV now has 10808 rows.
2025-10-20 22:52:39,716 [INFO] 73 fetched
2025-10-20 22:52:39,717 [INFO] Sleeping 52s before next set.
2025-10-20 22:53:32,020 [INFO] Fetching 40656-1 — https://www.bricklink.com/v2/catalog/catalogitem.page?S=40656-1#T=P
2025-10-20 22:53:44,875 [INFO] Appended 4 rows — CSV now has 10812 rows.
2025-10-20 22:53:44,882 [INFO] 74 fetched
2025-10-20 22:53:44,883 [INFO] Sleeping 70s before next set.
2025-10-20 22:54:55,742 [INFO] Fetching 40657-1 — https://www.bricklink.com/v2/catalog/catalogitem.page?S=40657-1#T=P
2025-10-20 22:55:05,716 [INFO] Appended 4 rows — CSV now has 10816 rows.
2025-10-20 22:55:05,721 [INFO] 75 fetched
2025-10-20 22:55:05,721 [INFO] Sleeping 34s before next set.
2025-10-20 22:55:40,643 [INFO] Fetching 41728-1 — https://www.bricklink.com/v2/catalog/catalogitem.page?S=41728-1#T=P
2025-10-20 22:55:50,412 [INFO] Appended 4 rows — CSV now has 10820 rows.
2025-10-20 22:55:50,419 [INFO] 76 fetched
2025-10-20 22:55:50,420 [INFO] Sleeping 78s before next set.
2025-10-20 22:57:08,429 [INFO] Fetching 41736-1 — https://www.bricklink.com/v2/catalog/catalogitem.page?S=41736-1#T=P
2025-10-20 22:57:18,467 [INFO] Appended 4 rows — CSV now has 10824 rows.
2025-10-20 22:57:18,472 [INFO] 77 fetched
2025-10-20 22:57:18,472 [INFO] Sleeping 52s before next set.
2025-10-20 22:58:10,778 [INFO] Fetching 71456-1 — https://www.bricklink.com/v2/catalog/catalogitem.page?S=71456-1#T=P
2025-10-20 22:58:20,357 [INFO] Appended 4 rows — CSV now has 10828 rows.
2025-10-20 22:58:20,362 [INFO] 78 fetched
2025-10-20 22:58:20,363 [INFO] Sleeping 41s before next set.
2025-10-20 22:59:01,994 [INFO] Fetching 41742-1 — https://www.bricklink.com/v2/catalog/catalogitem.page?S=41742-1#T=P
2025-10-20 22:59:11,785 [INFO] Appended 4 rows — CSV now has 10832 rows.
2025-10-20 22:59:11,792 [INFO] 79 fetched
2025-10-20 22:59:11,792 [INFO] Sleeping 84s before next set.
2025-10-20 23:00:36,211 [INFO] Fetching 41743-1 — https://www.bricklink.com/v2/catalog/catalogitem.page?S=41743-1#T=P
2025-10-20 23:00:45,952 [INFO] Appended 4 rows — CSV now has 10836 rows.
2025-10-20 23:00:45,958 [INFO] 80 fetched
2025-10-20 23:00:45,958 [INFO] Sleeping 128s before next set.
2025-10-20 23:02:54,427 [INFO] Fetching 71457-1 — https://www.bricklink.com/v2/catalog/catalogitem.page?S=71457-1#T=P
2025-10-20 23:03:04,002 [INFO] Appended 4 rows — CSV now has 10840 rows.
2025-10-20 23:03:04,008 [INFO] 81 fetched
2025-10-20 23:03:04,008 [INFO] Sleeping 64s before next set.
2025-10-20 23:04:08,516 [INFO] Fetching 41751-1 — https://www.bricklink.com/v2/catalog/catalogitem.page?S=41751-1#T=P
2025-10-20 23:04:18,128 [INFO] Appended 4 rows — CSV now has 10844 rows.
2025-10-20 23:04:18,135 [INFO] 82 fetched
2025-10-20 23:04:18,135 [INFO] Sleeping 84s before next set.
2025-10-20 23:05:42,330 [INFO] Fetching 41759-1 — https://www.bricklink.com/v2/catalog/catalogitem.page?S=41759-1#T=P
2025-10-20 23:05:48,277 [INFO] Appended 4 rows — CSV now has 10848 rows.
2025-10-20 23:05:48,283 [INFO] 83 fetched
2025-10-20 23:05:48,284 [INFO] Sleeping 30s before next set.
2025-10-20 23:06:19,206 [INFO] Fetching 41760-1 — https://www.bricklink.com/v2/catalog/catalogitem.page?S=41760-1#T=P
2025-10-20 23:06:29,363 [INFO] Appended 4 rows — CSV now has 10852 rows.
2025-10-20 23:06:29,370 [INFO] 84 fetched
2025-10-20 23:06:29,370 [INFO] Sleeping 65s before next set.
2025-10-20 23:07:35,357 [INFO] Fetching 43210-1 — https://www.bricklink.com/v2/catalog/catalogitem.page?S=43210-1#T=P
2025-10-20 23:07:45,165 [INFO] Appended 4 rows — CSV now has 10856 rows.
2025-10-20 23:07:45,177 [INFO] 85 fetched
2025-10-20 23:07:45,178 [INFO] Sleeping 30s before next set.
2025-10-20 23:08:15,220 [INFO] Fetching 43232-1 — https://www.bricklink.com/v2/catalog/catalogitem.page?S=43232-1#T=P
2025-10-20 23:08:25,123 [INFO] Appended 4 rows — CSV now has 10860 rows.
2025-10-20 23:08:25,132 [INFO] 86 fetched
2025-10-20 23:08:25,132 [INFO] Sleeping 34s before next set.
2025-10-20 23:08:59,529 [INFO] Fetching 60357-1 — https://www.bricklink.com/v2/catalog/catalogitem.page?S=60357-1#T=P
2025-10-20 23:09:09,229 [INFO] Appended 4 rows — CSV now has 10864 rows.
2025-10-20 23:09:09,236 [INFO] 87 fetched
2025-10-20 23:09:09,236 [INFO] Sleeping 63s before next set.
2025-10-20 23:10:12,479 [INFO] Fetching 60361-1 — https://www.bricklink.com/v2/catalog/catalogitem.page?S=60361-1#T=P
2025-10-20 23:10:18,105 [INFO] Appended 4 rows — CSV now has 10868 rows.
2025-10-20 23:10:18,110 [INFO] 88 fetched
2025-10-20 23:10:18,110 [INFO] Sleeping 56s before next set.
2025-10-20 23:11:14,648 [INFO] Fetching 60363-1 — https://www.bricklink.com/v2/catalog/catalogitem.page?S=60363-1#T=P
2025-10-20 23:11:24,585 [INFO] Appended 4 rows — CSV now has 10872 rows.
2025-10-20 23:11:24,591 [INFO] 89 fetched
2025-10-20 23:11:24,592 [INFO] Sleeping 88s before next set.
2025-10-20 23:12:52,864 [INFO] Fetching 11027-1 — https://www.bricklink.com/v2/catalog/catalogitem.page?S=11027-1#T=P
2025-10-20 23:13:02,466 [INFO] Appended 4 rows — CSV now has 10876 rows.
2025-10-20 23:13:02,473 [INFO] 90 fetched
2025-10-20 23:13:02,474 [INFO] Sleeping 89s before next set.
2025-10-20 23:14:32,044 [INFO] Fetching 11028-1 — https://www.bricklink.com/v2/catalog/catalogitem.page?S=11028-1#T=P
2025-10-20 23:14:41,891 [INFO] Appended 4 rows — CSV now has 10880 rows.
2025-10-20 23:14:41,897 [INFO] 91 fetched
2025-10-20 23:14:41,897 [INFO] Sleeping 47s before next set.
2025-10-20 23:15:29,788 [INFO] Fetching 10788-1 — https://www.bricklink.com/v2/catalog/catalogitem.page?S=10788-1#T=P
2025-10-20 23:15:39,578 [INFO] Appended 4 rows — CSV now has 10884 rows.
2025-10-20 23:15:39,583 [INFO] 92 fetched
2025-10-20 23:15:39,584 [INFO] Sleeping 35s before next set.
2025-10-20 23:16:15,265 [INFO] Fetching 21241-1 — https://www.bricklink.com/v2/catalog/catalogitem.page?S=21241-1#T=P
2025-10-20 23:16:24,815 [INFO] Appended 4 rows — CSV now has 10888 rows.
2025-10-20 23:16:24,821 [INFO] 93 fetched
2025-10-20 23:16:24,822 [INFO] Sleeping 74s before next set.
2025-10-20 23:17:39,563 [INFO] Fetching 21244-1 — https://www.bricklink.com/v2/catalog/catalogitem.page?S=21244-1#T=P
2025-10-20 23:17:49,115 [INFO] Appended 4 rows — CSV now has 10892 rows.
2025-10-20 23:17:49,121 [INFO] 94 fetched
2025-10-20 23:17:49,121 [INFO] Sleeping 71s before next set.
2025-10-20 23:19:00,729 [INFO] Fetching 60364-1 — https://www.bricklink.com/v2/catalog/catalogitem.page?S=60364-1#T=P
2025-10-20 23:19:10,244 [INFO] Appended 4 rows — CSV now has 10896 rows.
2025-10-20 23:19:10,251 [INFO] 95 fetched
2025-10-20 23:19:10,252 [INFO] Sleeping 39s before next set.
2025-10-20 23:19:49,543 [INFO] Finished run.
