2025-10-20 23:40:29,694 [INFO] Fichier de log actif : logs\bricklink_20251020_2140.log
2025-10-20 23:40:30,066 [INFO] 100 sets à scrapper récupérés depuis la DB.
2025-10-20 23:40:30,088 [INFO] Skip 5578-1 (fetch récent < 7 jours).
2025-10-20 23:40:30,089 [INFO] Skip 5587-1 (fetch récent < 7 jours).
2025-10-20 23:40:30,090 [INFO] Skip 40173-1 (fetch récent < 7 jours).
2025-10-20 23:40:30,090 [INFO] Skip 21159-1 (fetch récent < 7 jours).
2025-10-20 23:40:30,091 [INFO] Skip 10282-2 (fetch récent < 7 jours).
2025-10-20 23:40:30,091 [INFO] Fetching 60387-1 — https://www.bricklink.com/v2/catalog/catalogitem.page?S=60387-1#T=P
2025-10-20 23:40:42,241 [INFO] Appended 4 rows — CSV now has 10900 rows.
2025-10-20 23:40:42,247 [INFO] 1 fetched
2025-10-20 23:40:42,248 [INFO] Sleeping 31s before next set.
2025-10-20 23:41:13,823 [INFO] Fetching 60388-1 — https://www.bricklink.com/v2/catalog/catalogitem.page?S=60388-1#T=P
2025-10-20 23:41:23,637 [INFO] Appended 4 rows — CSV now has 10904 rows.
2025-10-20 23:41:23,645 [INFO] 2 fetched
2025-10-20 23:41:23,645 [INFO] Sleeping 69s before next set.
2025-10-20 23:42:33,503 [INFO] Fetching 60396-1 — https://www.bricklink.com/v2/catalog/catalogitem.page?S=60396-1#T=P
2025-10-20 23:42:43,283 [INFO] Appended 4 rows — CSV now has 10908 rows.
2025-10-20 23:42:43,290 [INFO] 3 fetched
2025-10-20 23:42:43,290 [INFO] Sleeping 40s before next set.
2025-10-20 23:43:23,959 [INFO] Fetching 60397-1 — https://www.bricklink.com/v2/catalog/catalogitem.page?S=60397-1#T=P
2025-10-20 23:43:33,630 [INFO] Appended 4 rows — CSV now has 10912 rows.
2025-10-20 23:43:33,637 [INFO] 4 fetched
2025-10-20 23:43:33,637 [INFO] Sleeping 74s before next set.
2025-10-20 23:44:48,260 [INFO] Fetching 71419-1 — https://www.bricklink.com/v2/catalog/catalogitem.page?S=71419-1#T=P
2025-10-20 23:44:57,948 [INFO] Appended 4 rows — CSV now has 10916 rows.
2025-10-20 23:44:57,954 [INFO] 5 fetched
2025-10-20 23:44:57,955 [INFO] Sleeping 77s before next set.
2025-10-20 23:46:15,796 [INFO] Fetching 71422-1 — https://www.bricklink.com/v2/catalog/catalogitem.page?S=71422-1#T=P
2025-10-20 23:46:25,528 [INFO] Appended 4 rows — CSV now has 10920 rows.
2025-10-20 23:46:25,533 [INFO] 6 fetched
2025-10-20 23:46:25,533 [INFO] Sleeping 36s before next set.
2025-10-20 23:47:01,733 [INFO] Fetching 71453-1 — https://www.bricklink.com/v2/catalog/catalogitem.page?S=71453-1#T=P
2025-10-20 23:47:11,774 [INFO] Appended 4 rows — CSV now has 10924 rows.
2025-10-20 23:47:11,779 [INFO] 7 fetched
2025-10-20 23:47:11,780 [INFO] Sleeping 86s before next set.
2025-10-20 23:48:38,165 [INFO] Fetching 71455-1 — https://www.bricklink.com/v2/catalog/catalogitem.page?S=71455-1#T=P
2025-10-20 23:48:47,854 [INFO] Appended 4 rows — CSV now has 10928 rows.
2025-10-20 23:48:47,859 [INFO] 8 fetched
2025-10-20 23:48:47,860 [INFO] Sleeping 82s before next set.
2025-10-20 23:50:10,609 [INFO] Fetching 71458-1 — https://www.bricklink.com/v2/catalog/catalogitem.page?S=71458-1#T=P
2025-10-20 23:50:20,573 [INFO] Appended 4 rows — CSV now has 10932 rows.
2025-10-20 23:50:20,585 [INFO] 9 fetched
2025-10-20 23:50:20,586 [INFO] Sleeping 64s before next set.
2025-10-20 23:51:25,175 [INFO] Fetching 71782-1 — https://www.bricklink.com/v2/catalog/catalogitem.page?S=71782-1#T=P
2025-10-20 23:51:35,300 [INFO] Appended 4 rows — CSV now has 10936 rows.
2025-10-20 23:51:35,312 [INFO] 10 fetched
2025-10-20 23:51:35,313 [INFO] Sleeping 33s before next set.
2025-10-20 23:52:09,040 [INFO] Fetching 71783-1 — https://www.bricklink.com/v2/catalog/catalogitem.page?S=71783-1#T=P
2025-10-20 23:52:18,683 [INFO] Appended 4 rows — CSV now has 10940 rows.
2025-10-20 23:52:18,689 [INFO] 11 fetched
2025-10-20 23:52:18,689 [INFO] Sleeping 75s before next set.
2025-10-20 23:53:34,608 [INFO] Fetching 71792-1 — https://www.bricklink.com/v2/catalog/catalogitem.page?S=71792-1#T=P
2025-10-20 23:53:44,227 [INFO] Appended 4 rows — CSV now has 10944 rows.
2025-10-20 23:53:44,233 [INFO] 12 fetched
2025-10-20 23:53:44,233 [INFO] Sleeping 78s before next set.
2025-10-20 23:55:02,853 [INFO] Fetching 75346-1 — https://www.bricklink.com/v2/catalog/catalogitem.page?S=75346-1#T=P
2025-10-20 23:55:12,962 [INFO] Appended 4 rows — CSV now has 10948 rows.
2025-10-20 23:55:12,974 [INFO] 13 fetched
2025-10-20 23:55:12,975 [INFO] Sleeping 60s before next set.
2025-10-20 23:56:13,172 [INFO] Fetching 75576-1 — https://www.bricklink.com/v2/catalog/catalogitem.page?S=75576-1#T=P
2025-10-20 23:56:22,927 [INFO] Appended 4 rows — CSV now has 10952 rows.
2025-10-20 23:56:22,932 [INFO] 14 fetched
2025-10-20 23:56:22,933 [INFO] Sleeping 73s before next set.
2025-10-20 23:57:36,595 [INFO] Fetching 75360-1 — https://www.bricklink.com/v2/catalog/catalogitem.page?S=75360-1#T=P
2025-10-20 23:57:46,468 [INFO] Appended 4 rows — CSV now has 10956 rows.
2025-10-20 23:57:46,475 [INFO] 15 fetched
2025-10-20 23:57:46,476 [INFO] Sleeping 59s before next set.
2025-10-20 23:58:46,210 [INFO] Fetching 76412-1 — https://www.bricklink.com/v2/catalog/catalogitem.page?S=76412-1#T=P
2025-10-20 23:58:56,208 [INFO] Appended 4 rows — CSV now has 10960 rows.
2025-10-20 23:58:56,214 [INFO] 16 fetched
2025-10-20 23:58:56,214 [INFO] Sleeping 48s before next set.
2025-10-20 23:59:45,117 [INFO] Fetching 75366-1 — https://www.bricklink.com/v2/catalog/catalogitem.page?S=75366-1#T=P
2025-10-20 23:59:54,332 [INFO] Appended 4 rows — CSV now has 10964 rows.
2025-10-20 23:59:54,338 [INFO] 17 fetched
2025-10-20 23:59:54,339 [INFO] Sleeping 69s before next set.
2025-10-21 00:01:03,623 [INFO] Fetching 76991-1 — https://www.bricklink.com/v2/catalog/catalogitem.page?S=76991-1#T=P
2025-10-21 00:01:13,488 [INFO] Appended 4 rows — CSV now has 10968 rows.
2025-10-21 00:01:13,496 [INFO] 18 fetched
2025-10-21 00:01:13,497 [INFO] Sleeping 84s before next set.
2025-10-21 00:02:38,188 [INFO] Fetching 76224-1 — https://www.bricklink.com/v2/catalog/catalogitem.page?S=76224-1#T=P
2025-10-21 00:02:47,947 [INFO] Appended 4 rows — CSV now has 10972 rows.
2025-10-21 00:02:47,952 [INFO] 19 fetched
2025-10-21 00:02:47,953 [INFO] Sleeping 47s before next set.
2025-10-21 00:03:35,277 [INFO] Fetching 76245-1 — https://www.bricklink.com/v2/catalog/catalogitem.page?S=76245-1#T=P
2025-10-21 00:03:44,906 [INFO] Appended 4 rows — CSV now has 10976 rows.
2025-10-21 00:03:44,912 [INFO] 20 fetched
2025-10-21 00:03:44,912 [INFO] Sleeping 131s before next set.
2025-10-21 00:05:56,791 [INFO] Fetching 76254-1 — https://www.bricklink.com/v2/catalog/catalogitem.page?S=76254-1#T=P
2025-10-21 00:06:06,441 [INFO] Appended 4 rows — CSV now has 10980 rows.
2025-10-21 00:06:06,447 [INFO] 21 fetched
2025-10-21 00:06:06,447 [INFO] Sleeping 46s before next set.
2025-10-21 00:06:52,570 [INFO] Fetching 76256-1 — https://www.bricklink.com/v2/catalog/catalogitem.page?S=76256-1#T=P
2025-10-21 00:07:02,186 [INFO] Appended 4 rows — CSV now has 10984 rows.
2025-10-21 00:07:02,194 [INFO] 22 fetched
2025-10-21 00:07:02,194 [INFO] Sleeping 49s before next set.
2025-10-21 00:07:51,740 [INFO] Fetching 76257-1 — https://www.bricklink.com/v2/catalog/catalogitem.page?S=76257-1#T=P
2025-10-21 00:08:01,295 [INFO] Appended 4 rows — CSV now has 10988 rows.
2025-10-21 00:08:01,300 [INFO] 23 fetched
2025-10-21 00:08:01,301 [INFO] Sleeping 67s before next set.
2025-10-21 00:09:08,834 [INFO] Fetching 76258-1 — https://www.bricklink.com/v2/catalog/catalogitem.page?S=76258-1#T=P
2025-10-21 00:09:18,432 [INFO] Appended 4 rows — CSV now has 10992 rows.
2025-10-21 00:09:18,438 [INFO] 24 fetched
2025-10-21 00:09:18,438 [INFO] Sleeping 37s before next set.
2025-10-21 00:09:56,402 [INFO] Fetching 76265-1 — https://www.bricklink.com/v2/catalog/catalogitem.page?S=76265-1#T=P
2025-10-21 00:10:06,166 [INFO] Appended 4 rows — CSV now has 10996 rows.
2025-10-21 00:10:06,173 [INFO] 25 fetched
2025-10-21 00:10:06,173 [INFO] Sleeping 32s before next set.
2025-10-21 00:10:38,433 [INFO] Fetching 76410-1 — https://www.bricklink.com/v2/catalog/catalogitem.page?S=76410-1#T=P
2025-10-21 00:10:48,227 [INFO] Appended 4 rows — CSV now has 11000 rows.
2025-10-21 00:10:48,232 [INFO] 26 fetched
2025-10-21 00:10:48,232 [INFO] Sleeping 83s before next set.
2025-10-21 00:12:12,042 [INFO] Fetching 76420-1 — https://www.bricklink.com/v2/catalog/catalogitem.page?S=76420-1#T=P
2025-10-21 00:12:21,783 [INFO] Appended 4 rows — CSV now has 11004 rows.
2025-10-21 00:12:21,788 [INFO] 27 fetched
2025-10-21 00:12:21,789 [INFO] Sleeping 35s before next set.
2025-10-21 00:12:57,294 [INFO] Fetching 76914-1 — https://www.bricklink.com/v2/catalog/catalogitem.page?S=76914-1#T=P
2025-10-21 00:13:07,227 [INFO] Appended 4 rows — CSV now has 11008 rows.
2025-10-21 00:13:07,232 [INFO] 28 fetched
2025-10-21 00:13:07,232 [INFO] Sleeping 73s before next set.
2025-10-21 00:14:20,589 [INFO] Fetching 76916-1 — https://www.bricklink.com/v2/catalog/catalogitem.page?S=76916-1#T=P
2025-10-21 00:14:30,257 [INFO] Appended 4 rows — CSV now has 11012 rows.
2025-10-21 00:14:30,263 [INFO] 29 fetched
2025-10-21 00:14:30,263 [INFO] Sleeping 63s before next set.
2025-10-21 00:15:33,789 [INFO] Fetching 76917-1 — https://www.bricklink.com/v2/catalog/catalogitem.page?S=76917-1#T=P
2025-10-21 00:15:43,902 [INFO] Appended 4 rows — CSV now has 11016 rows.
2025-10-21 00:15:43,909 [INFO] 30 fetched
2025-10-21 00:15:43,909 [INFO] Sleeping 68s before next set.
2025-10-21 00:16:52,654 [INFO] Fetching 77012-1 — https://www.bricklink.com/v2/catalog/catalogitem.page?S=77012-1#T=P
2025-10-21 00:17:02,369 [INFO] Appended 4 rows — CSV now has 11020 rows.
2025-10-21 00:17:02,374 [INFO] 31 fetched
2025-10-21 00:17:02,374 [INFO] Sleeping 51s before next set.
2025-10-21 00:17:53,520 [INFO] Fetching 80040-1 — https://www.bricklink.com/v2/catalog/catalogitem.page?S=80040-1#T=P
2025-10-21 00:18:03,561 [INFO] Appended 4 rows — CSV now has 11024 rows.
2025-10-21 00:18:03,569 [INFO] 32 fetched
2025-10-21 00:18:03,579 [INFO] Sleeping 53s before next set.
2025-10-21 00:18:57,058 [INFO] Fetching 11034-1 — https://www.bricklink.com/v2/catalog/catalogitem.page?S=11034-1#T=P
2025-10-21 00:19:02,802 [INFO] Appended 4 rows — CSV now has 11028 rows.
2025-10-21 00:19:02,808 [INFO] 33 fetched
2025-10-21 00:19:02,808 [INFO] Sleeping 57s before next set.
2025-10-21 00:20:00,548 [INFO] Fetching 31146-1 — https://www.bricklink.com/v2/catalog/catalogitem.page?S=31146-1#T=P
2025-10-21 00:20:10,045 [INFO] Appended 4 rows — CSV now has 11032 rows.
2025-10-21 00:20:10,051 [INFO] 34 fetched
2025-10-21 00:20:10,052 [INFO] Sleeping 43s before next set.
2025-10-21 00:20:53,246 [INFO] Fetching 21262-1 — https://www.bricklink.com/v2/catalog/catalogitem.page?S=21262-1#T=P
2025-10-21 00:21:02,821 [INFO] Appended 4 rows — CSV now has 11036 rows.
2025-10-21 00:21:02,826 [INFO] 35 fetched
2025-10-21 00:21:02,826 [INFO] Sleeping 34s before next set.
2025-10-21 00:21:37,148 [INFO] Fetching 31148-1 — https://www.bricklink.com/v2/catalog/catalogitem.page?S=31148-1#T=P
2025-10-21 00:21:47,046 [INFO] Appended 4 rows — CSV now has 11040 rows.
2025-10-21 00:21:47,052 [INFO] 36 fetched
2025-10-21 00:21:47,052 [INFO] Sleeping 52s before next set.
2025-10-21 00:22:39,129 [INFO] Fetching 31155-1 — https://www.bricklink.com/v2/catalog/catalogitem.page?S=31155-1#T=P
2025-10-21 00:22:48,679 [INFO] Appended 4 rows — CSV now has 11044 rows.
2025-10-21 00:22:48,686 [INFO] 37 fetched
2025-10-21 00:22:48,687 [INFO] Sleeping 41s before next set.
2025-10-21 00:23:29,936 [INFO] Fetching 43253-1 — https://www.bricklink.com/v2/catalog/catalogitem.page?S=43253-1#T=P
2025-10-21 00:23:36,131 [INFO] Appended 4 rows — CSV now has 11048 rows.
2025-10-21 00:23:36,136 [INFO] 38 fetched
2025-10-21 00:23:36,136 [INFO] Sleeping 56s before next set.
2025-10-21 00:24:32,810 [INFO] Fetching 60441-1 — https://www.bricklink.com/v2/catalog/catalogitem.page?S=60441-1#T=P
2025-10-21 00:24:42,411 [INFO] Appended 4 rows — CSV now has 11052 rows.
2025-10-21 00:24:42,416 [INFO] 39 fetched
2025-10-21 00:24:42,416 [INFO] Sleeping 52s before next set.
2025-10-21 00:25:34,849 [INFO] Fetching 76298-1 — https://www.bricklink.com/v2/catalog/catalogitem.page?S=76298-1#T=P
2025-10-21 00:25:44,498 [INFO] Appended 4 rows — CSV now has 11056 rows.
2025-10-21 00:25:44,506 [INFO] 40 fetched
2025-10-21 00:25:44,506 [INFO] Sleeping 57s before next set.
2025-10-21 00:26:42,199 [INFO] Fetching 31157-1 — https://www.bricklink.com/v2/catalog/catalogitem.page?S=31157-1#T=P
2025-10-21 00:26:52,158 [INFO] Appended 4 rows — CSV now has 11060 rows.
2025-10-21 00:26:52,163 [INFO] 41 fetched
2025-10-21 00:26:52,164 [INFO] Sleeping 37s before next set.
2025-10-21 00:27:29,924 [INFO] Fetching 42178-1 — https://www.bricklink.com/v2/catalog/catalogitem.page?S=42178-1#T=P
2025-10-21 00:27:39,750 [INFO] Appended 4 rows — CSV now has 11064 rows.
2025-10-21 00:27:39,756 [INFO] 42 fetched
2025-10-21 00:27:39,757 [INFO] Sleeping 41s before next set.
2025-10-21 00:28:20,873 [INFO] Fetching 75395-1 — https://www.bricklink.com/v2/catalog/catalogitem.page?S=75395-1#T=P
2025-10-21 00:28:30,530 [INFO] Appended 4 rows — CSV now has 11068 rows.
2025-10-21 00:28:30,536 [INFO] 43 fetched
2025-10-21 00:28:30,537 [INFO] Sleeping 75s before next set.
2025-10-21 00:29:45,678 [INFO] Fetching 40678-1 — https://www.bricklink.com/v2/catalog/catalogitem.page?S=40678-1#T=P
2025-10-21 00:29:55,662 [INFO] Appended 4 rows — CSV now has 11072 rows.
2025-10-21 00:29:55,670 [INFO] 44 fetched
2025-10-21 00:29:55,670 [INFO] Sleeping 67s before next set.
2025-10-21 00:31:03,072 [INFO] Fetching 10368-1 — https://www.bricklink.com/v2/catalog/catalogitem.page?S=10368-1#T=P
2025-10-21 00:31:12,762 [INFO] Appended 4 rows — CSV now has 11076 rows.
2025-10-21 00:31:12,774 [INFO] 45 fetched
2025-10-21 00:31:12,774 [INFO] Sleeping 62s before next set.
2025-10-21 00:32:15,303 [INFO] Fetching 10369-1 — https://www.bricklink.com/v2/catalog/catalogitem.page?S=10369-1#T=P
2025-10-21 00:32:25,215 [INFO] Appended 4 rows — CSV now has 11080 rows.
2025-10-21 00:32:25,225 [INFO] 46 fetched
2025-10-21 00:32:25,225 [INFO] Sleeping 62s before next set.
2025-10-21 00:33:27,646 [INFO] Fetching 10797-1 — https://www.bricklink.com/v2/catalog/catalogitem.page?S=10797-1#T=P
2025-10-21 00:33:37,348 [INFO] Appended 4 rows — CSV now has 11084 rows.
2025-10-21 00:33:37,353 [INFO] 47 fetched
2025-10-21 00:33:37,353 [INFO] Sleeping 67s before next set.
2025-10-21 00:34:44,686 [INFO] Fetching 11037-1 — https://www.bricklink.com/v2/catalog/catalogitem.page?S=11037-1#T=P
2025-10-21 00:34:50,246 [INFO] Appended 4 rows — CSV now has 11088 rows.
2025-10-21 00:34:50,258 [INFO] 48 fetched
2025-10-21 00:34:50,259 [INFO] Sleeping 79s before next set.
2025-10-21 00:36:09,928 [INFO] Fetching 21255-1 — https://www.bricklink.com/v2/catalog/catalogitem.page?S=21255-1#T=P
2025-10-21 00:36:19,825 [INFO] Appended 4 rows — CSV now has 11092 rows.
2025-10-21 00:36:19,832 [INFO] 49 fetched
2025-10-21 00:36:19,832 [INFO] Sleeping 60s before next set.
2025-10-21 00:37:20,419 [INFO] Fetching 21256-1 — https://www.bricklink.com/v2/catalog/catalogitem.page?S=21256-1#T=P
2025-10-21 00:37:30,212 [INFO] Appended 4 rows — CSV now has 11096 rows.
2025-10-21 00:37:30,219 [INFO] 50 fetched
2025-10-21 00:37:30,219 [INFO] Sleeping 37s before next set.
2025-10-21 00:38:08,145 [INFO] Fetching 21257-1 — https://www.bricklink.com/v2/catalog/catalogitem.page?S=21257-1#T=P
2025-10-21 00:38:17,898 [INFO] Appended 4 rows — CSV now has 11100 rows.
2025-10-21 00:38:17,904 [INFO] 51 fetched
2025-10-21 00:38:17,905 [INFO] Sleeping 60s before next set.
2025-10-21 00:39:18,545 [INFO] Fetching 21260-1 — https://www.bricklink.com/v2/catalog/catalogitem.page?S=21260-1#T=P
2025-10-21 00:39:28,161 [INFO] Appended 4 rows — CSV now has 11104 rows.
2025-10-21 00:39:28,171 [INFO] 52 fetched
2025-10-21 00:39:28,171 [INFO] Sleeping 76s before next set.
2025-10-21 00:40:44,206 [INFO] Fetching 21261-1 — https://www.bricklink.com/v2/catalog/catalogitem.page?S=21261-1#T=P
2025-10-21 00:40:53,816 [INFO] Appended 4 rows — CSV now has 11108 rows.
2025-10-21 00:40:53,821 [INFO] 53 fetched
2025-10-21 00:40:53,822 [INFO] Sleeping 54s before next set.
2025-10-21 00:41:48,463 [INFO] Fetching 21281-1 — https://www.bricklink.com/v2/catalog/catalogitem.page?S=21281-1#T=P
2025-10-21 00:41:58,256 [INFO] Appended 4 rows — CSV now has 11112 rows.
2025-10-21 00:41:58,262 [INFO] 54 fetched
2025-10-21 00:41:58,262 [INFO] Sleeping 63s before next set.
2025-10-21 00:43:01,659 [INFO] Fetching 31147-1 — https://www.bricklink.com/v2/catalog/catalogitem.page?S=31147-1#T=P
2025-10-21 00:43:11,657 [INFO] Appended 4 rows — CSV now has 11116 rows.
2025-10-21 00:43:11,665 [INFO] 55 fetched
2025-10-21 00:43:11,665 [INFO] Sleeping 62s before next set.
2025-10-21 00:44:13,726 [INFO] Fetching 31149-1 — https://www.bricklink.com/v2/catalog/catalogitem.page?S=31149-1#T=P
2025-10-21 00:44:23,411 [INFO] Appended 4 rows — CSV now has 11120 rows.
2025-10-21 00:44:23,416 [INFO] 56 fetched
2025-10-21 00:44:23,417 [INFO] Sleeping 44s before next set.
2025-10-21 00:45:08,361 [INFO] Fetching 31156-1 — https://www.bricklink.com/v2/catalog/catalogitem.page?S=31156-1#T=P
2025-10-21 00:45:18,066 [INFO] Appended 4 rows — CSV now has 11124 rows.
2025-10-21 00:45:18,074 [INFO] 57 fetched
2025-10-21 00:45:18,075 [INFO] Sleeping 40s before next set.
2025-10-21 00:45:58,262 [INFO] Fetching 31158-1 — https://www.bricklink.com/v2/catalog/catalogitem.page?S=31158-1#T=P
2025-10-21 00:46:07,886 [INFO] Appended 4 rows — CSV now has 11128 rows.
2025-10-21 00:46:07,892 [INFO] 58 fetched
2025-10-21 00:46:07,892 [INFO] Sleeping 89s before next set.
2025-10-21 00:47:37,825 [INFO] Fetching 40672-1 — https://www.bricklink.com/v2/catalog/catalogitem.page?S=40672-1#T=P
2025-10-21 00:47:47,610 [INFO] Appended 4 rows — CSV now has 11132 rows.
2025-10-21 00:47:47,618 [INFO] 59 fetched
2025-10-21 00:47:47,618 [INFO] Sleeping 88s before next set.
2025-10-21 00:49:16,361 [INFO] Fetching 40713-1 — https://www.bricklink.com/v2/catalog/catalogitem.page?S=40713-1#T=P
2025-10-21 00:49:26,177 [INFO] Appended 4 rows — CSV now has 11136 rows.
2025-10-21 00:49:26,184 [INFO] 60 fetched
2025-10-21 00:49:26,185 [INFO] Sleeping 129s before next set.
2025-10-21 00:51:35,301 [INFO] Fetching 40724-1 — https://www.bricklink.com/v2/catalog/catalogitem.page?S=40724-1#T=P
2025-10-21 00:51:40,674 [INFO] Aucune donnée parsée pour 40724-1.
2025-10-21 00:51:40,687 [INFO] 61 fetched
2025-10-21 00:51:40,688 [INFO] Sleeping 53s before next set.
2025-10-21 00:52:33,759 [INFO] Fetching 40725-1 — https://www.bricklink.com/v2/catalog/catalogitem.page?S=40725-1#T=P
2025-10-21 00:52:43,796 [INFO] Appended 4 rows — CSV now has 11140 rows.
2025-10-21 00:52:43,805 [INFO] 62 fetched
2025-10-21 00:52:43,805 [INFO] Sleeping 47s before next set.
2025-10-21 00:53:30,855 [INFO] Fetching 40743-1 — https://www.bricklink.com/v2/catalog/catalogitem.page?S=40743-1#T=P
2025-10-21 00:53:40,630 [INFO] Appended 4 rows — CSV now has 11144 rows.
2025-10-21 00:53:40,638 [INFO] 63 fetched
2025-10-21 00:53:40,638 [INFO] Sleeping 89s before next set.
2025-10-21 00:55:10,403 [INFO] Fetching 40748-1 — https://www.bricklink.com/v2/catalog/catalogitem.page?S=40748-1#T=P
2025-10-21 00:55:20,088 [INFO] Appended 4 rows — CSV now has 11148 rows.
2025-10-21 00:55:20,093 [INFO] 64 fetched
2025-10-21 00:55:20,094 [INFO] Sleeping 58s before next set.
2025-10-21 00:56:18,182 [INFO] Fetching 40749-1 — https://www.bricklink.com/v2/catalog/catalogitem.page?S=40749-1#T=P
2025-10-21 00:56:28,727 [INFO] Appended 4 rows — CSV now has 11152 rows.
2025-10-21 00:56:28,732 [INFO] 65 fetched
2025-10-21 00:56:28,733 [INFO] Sleeping 84s before next set.
2025-10-21 00:57:53,286 [INFO] Fetching 40751-1 — https://www.bricklink.com/v2/catalog/catalogitem.page?S=40751-1#T=P
2025-10-21 00:58:02,942 [INFO] Appended 4 rows — CSV now has 11156 rows.
2025-10-21 00:58:02,951 [INFO] 66 fetched
2025-10-21 00:58:02,951 [INFO] Sleeping 68s before next set.
2025-10-21 00:59:11,905 [INFO] Fetching 40752-1 — https://www.bricklink.com/v2/catalog/catalogitem.page?S=40752-1#T=P
2025-10-21 00:59:21,572 [INFO] Appended 4 rows — CSV now has 11160 rows.
2025-10-21 00:59:21,578 [INFO] 67 fetched
2025-10-21 00:59:21,578 [INFO] Sleeping 65s before next set.
2025-10-21 01:00:26,751 [INFO] Fetching 40755-1 — https://www.bricklink.com/v2/catalog/catalogitem.page?S=40755-1#T=P
2025-10-21 01:00:36,562 [INFO] Appended 4 rows — CSV now has 11164 rows.
2025-10-21 01:00:36,568 [INFO] 68 fetched
2025-10-21 01:00:36,568 [INFO] Sleeping 83s before next set.
2025-10-21 01:02:00,105 [INFO] Fetching 42166-1 — https://www.bricklink.com/v2/catalog/catalogitem.page?S=42166-1#T=P
2025-10-21 01:02:09,962 [INFO] Appended 4 rows — CSV now has 11168 rows.
2025-10-21 01:02:09,968 [INFO] 69 fetched
2025-10-21 01:02:09,968 [INFO] Sleeping 34s before next set.
2025-10-21 01:02:44,674 [INFO] Fetching 42169-1 — https://www.bricklink.com/v2/catalog/catalogitem.page?S=42169-1#T=P
2025-10-21 01:02:54,404 [INFO] Appended 4 rows — CSV now has 11172 rows.
2025-10-21 01:02:54,410 [INFO] 70 fetched
2025-10-21 01:02:54,411 [INFO] Sleeping 42s before next set.
2025-10-21 01:03:36,786 [INFO] Fetching 42603-1 — https://www.bricklink.com/v2/catalog/catalogitem.page?S=42603-1#T=P
2025-10-21 01:03:46,705 [INFO] Appended 4 rows — CSV now has 11176 rows.
2025-10-21 01:03:46,710 [INFO] 71 fetched
2025-10-21 01:03:46,711 [INFO] Sleeping 37s before next set.
2025-10-21 01:04:24,026 [INFO] Fetching 42613-1 — https://www.bricklink.com/v2/catalog/catalogitem.page?S=42613-1#T=P
2025-10-21 01:04:33,649 [INFO] Appended 4 rows — CSV now has 11180 rows.
2025-10-21 01:04:33,655 [INFO] 72 fetched
2025-10-21 01:04:33,655 [INFO] Sleeping 72s before next set.
2025-10-21 01:05:46,026 [INFO] Fetching 42614-1 — https://www.bricklink.com/v2/catalog/catalogitem.page?S=42614-1#T=P
2025-10-21 01:05:51,779 [INFO] Appended 4 rows — CSV now has 11184 rows.
2025-10-21 01:05:51,784 [INFO] 73 fetched
2025-10-21 01:05:51,785 [INFO] Sleeping 52s before next set.
2025-10-21 01:06:44,404 [INFO] Fetching 42615-1 — https://www.bricklink.com/v2/catalog/catalogitem.page?S=42615-1#T=P
2025-10-21 01:06:50,049 [INFO] Appended 4 rows — CSV now has 11188 rows.
2025-10-21 01:06:50,055 [INFO] 74 fetched
2025-10-21 01:06:50,056 [INFO] Sleeping 57s before next set.
2025-10-21 01:07:47,305 [INFO] Fetching 42617-1 — https://www.bricklink.com/v2/catalog/catalogitem.page?S=42617-1#T=P
2025-10-21 01:07:57,265 [INFO] Appended 4 rows — CSV now has 11192 rows.
2025-10-21 01:07:57,273 [INFO] 75 fetched
2025-10-21 01:07:57,274 [INFO] Sleeping 49s before next set.
2025-10-21 01:08:46,477 [INFO] Fetching 42618-1 — https://www.bricklink.com/v2/catalog/catalogitem.page?S=42618-1#T=P
2025-10-21 01:08:52,414 [INFO] Appended 4 rows — CSV now has 11196 rows.
2025-10-21 01:08:52,421 [INFO] 76 fetched
2025-10-21 01:08:52,421 [INFO] Sleeping 61s before next set.
2025-10-21 01:09:54,242 [INFO] Fetching 42624-1 — https://www.bricklink.com/v2/catalog/catalogitem.page?S=42624-1#T=P
2025-10-21 01:10:03,992 [INFO] Appended 4 rows — CSV now has 11200 rows.
2025-10-21 01:10:03,998 [INFO] 77 fetched
2025-10-21 01:10:03,998 [INFO] Sleeping 51s before next set.
2025-10-21 01:10:55,811 [INFO] Fetching 42637-1 — https://www.bricklink.com/v2/catalog/catalogitem.page?S=42637-1#T=P
2025-10-21 01:11:01,415 [INFO] Appended 4 rows — CSV now has 11204 rows.
2025-10-21 01:11:01,421 [INFO] 78 fetched
2025-10-21 01:11:01,421 [INFO] Sleeping 89s before next set.
2025-10-21 01:12:30,586 [INFO] Fetching 43239-1 — https://www.bricklink.com/v2/catalog/catalogitem.page?S=43239-1#T=P
2025-10-21 01:12:36,528 [INFO] Appended 4 rows — CSV now has 11208 rows.
2025-10-21 01:12:36,534 [INFO] 79 fetched
2025-10-21 01:12:36,534 [INFO] Sleeping 38s before next set.
2025-10-21 01:13:15,256 [INFO] Fetching 43248-1 — https://www.bricklink.com/v2/catalog/catalogitem.page?S=43248-1#T=P
2025-10-21 01:13:25,260 [INFO] Appended 4 rows — CSV now has 11212 rows.
2025-10-21 01:13:25,266 [INFO] 80 fetched
2025-10-21 01:13:25,266 [INFO] Sleeping 124s before next set.
2025-10-21 01:15:29,744 [INFO] Fetching 43251-1 — https://www.bricklink.com/v2/catalog/catalogitem.page?S=43251-1#T=P
2025-10-21 01:15:35,390 [INFO] Appended 4 rows — CSV now has 11216 rows.
2025-10-21 01:15:35,395 [INFO] 81 fetched
2025-10-21 01:15:35,395 [INFO] Sleeping 85s before next set.
2025-10-21 01:17:00,896 [INFO] Fetching 43276-1 — https://www.bricklink.com/v2/catalog/catalogitem.page?S=43276-1#T=P
2025-10-21 01:17:06,659 [INFO] Appended 4 rows — CSV now has 11220 rows.
2025-10-21 01:17:06,664 [INFO] 82 fetched
2025-10-21 01:17:06,665 [INFO] Sleeping 51s before next set.
2025-10-21 01:17:57,891 [INFO] Fetching 60406-1 — https://www.bricklink.com/v2/catalog/catalogitem.page?S=60406-1#T=P
2025-10-21 01:18:07,737 [INFO] Appended 4 rows — CSV now has 11224 rows.
2025-10-21 01:18:07,747 [INFO] 83 fetched
2025-10-21 01:18:07,748 [INFO] Sleeping 49s before next set.
2025-10-21 01:18:57,442 [INFO] Fetching 60407-1 — https://www.bricklink.com/v2/catalog/catalogitem.page?S=60407-1#T=P
2025-10-21 01:19:07,084 [INFO] Appended 4 rows — CSV now has 11228 rows.
2025-10-21 01:19:07,090 [INFO] 84 fetched
2025-10-21 01:19:07,090 [INFO] Sleeping 83s before next set.
2025-10-21 01:20:30,312 [INFO] Fetching 60412-1 — https://www.bricklink.com/v2/catalog/catalogitem.page?S=60412-1#T=P
2025-10-21 01:20:39,982 [INFO] Appended 4 rows — CSV now has 11232 rows.
2025-10-21 01:20:39,991 [INFO] 85 fetched
2025-10-21 01:20:39,991 [INFO] Sleeping 50s before next set.
2025-10-21 01:21:30,500 [INFO] Fetching 60413-1 — https://www.bricklink.com/v2/catalog/catalogitem.page?S=60413-1#T=P
2025-10-21 01:21:40,185 [INFO] Appended 4 rows — CSV now has 11236 rows.
2025-10-21 01:21:40,191 [INFO] 86 fetched
2025-10-21 01:21:40,191 [INFO] Sleeping 48s before next set.
2025-10-21 01:22:28,747 [INFO] Fetching 60417-1 — https://www.bricklink.com/v2/catalog/catalogitem.page?S=60417-1#T=P
2025-10-21 01:22:38,586 [INFO] Appended 4 rows — CSV now has 11240 rows.
2025-10-21 01:22:38,591 [INFO] 87 fetched
2025-10-21 01:22:38,592 [INFO] Sleeping 40s before next set.
2025-10-21 01:23:19,479 [INFO] Fetching 60426-1 — https://www.bricklink.com/v2/catalog/catalogitem.page?S=60426-1#T=P
2025-10-21 01:23:29,530 [INFO] Appended 4 rows — CSV now has 11244 rows.
2025-10-21 01:23:29,536 [INFO] 88 fetched
2025-10-21 01:23:29,536 [INFO] Sleeping 78s before next set.
2025-10-21 01:24:47,995 [INFO] Fetching 60431-1 — https://www.bricklink.com/v2/catalog/catalogitem.page?S=60431-1#T=P
2025-10-21 01:24:57,639 [INFO] Appended 4 rows — CSV now has 11248 rows.
2025-10-21 01:24:57,649 [INFO] 89 fetched
2025-10-21 01:24:57,649 [INFO] Sleeping 47s before next set.
2025-10-21 01:25:44,775 [INFO] Fetching 71431-1 — https://www.bricklink.com/v2/catalog/catalogitem.page?S=71431-1#T=P
2025-10-21 01:25:54,336 [INFO] Appended 4 rows — CSV now has 11252 rows.
2025-10-21 01:25:54,342 [INFO] 90 fetched
2025-10-21 01:25:54,342 [INFO] Sleeping 73s before next set.
2025-10-21 01:27:07,608 [INFO] Fetching 71475-1 — https://www.bricklink.com/v2/catalog/catalogitem.page?S=71475-1#T=P
2025-10-21 01:27:17,263 [INFO] Appended 4 rows — CSV now has 11256 rows.
2025-10-21 01:27:17,274 [INFO] 91 fetched
2025-10-21 01:27:17,274 [INFO] Sleeping 66s before next set.
2025-10-21 01:28:23,373 [INFO] Fetching 71476-1 — https://www.bricklink.com/v2/catalog/catalogitem.page?S=71476-1#T=P
2025-10-21 01:28:33,312 [INFO] Appended 4 rows — CSV now has 11260 rows.
2025-10-21 01:28:33,317 [INFO] 92 fetched
2025-10-21 01:28:33,318 [INFO] Sleeping 35s before next set.
2025-10-21 01:29:08,967 [INFO] Fetching 71480-1 — https://www.bricklink.com/v2/catalog/catalogitem.page?S=71480-1#T=P
2025-10-21 01:29:18,735 [INFO] Appended 4 rows — CSV now has 11264 rows.
2025-10-21 01:29:18,747 [INFO] 93 fetched
2025-10-21 01:29:18,748 [INFO] Sleeping 36s before next set.
2025-10-21 01:29:55,366 [INFO] Fetching 71481-1 — https://www.bricklink.com/v2/catalog/catalogitem.page?S=71481-1#T=P
2025-10-21 01:30:05,338 [INFO] Appended 4 rows — CSV now has 11268 rows.
2025-10-21 01:30:05,344 [INFO] 94 fetched
2025-10-21 01:30:05,344 [INFO] Sleeping 69s before next set.
2025-10-21 01:31:14,923 [INFO] Fetching 71483-1 — https://www.bricklink.com/v2/catalog/catalogitem.page?S=71483-1#T=P
2025-10-21 01:31:24,604 [INFO] Appended 4 rows — CSV now has 11272 rows.
2025-10-21 01:31:24,609 [INFO] 95 fetched
2025-10-21 01:31:24,610 [INFO] Sleeping 41s before next set.
2025-10-21 01:32:06,032 [INFO] Finished run.
