2025-10-14 16:18:28,887 [INFO] Fichier de log actif : logs\bricklink_20251014_1418.log
2025-10-14 16:18:31,025 [INFO] 50 sets à scrapper récupérés depuis la DB.
2025-10-14 16:18:31,050 [INFO] Skip 76215-1 (fetch récent < 7 jours).
2025-10-14 16:18:31,050 [INFO] Skip 21342-1 (fetch récent < 7 jours).
2025-10-14 16:18:31,050 [INFO] Fetching 43242-1 — https://www.bricklink.com/v2/catalog/catalogitem.page?S=43242-1#T=P
2025-10-14 16:18:51,122 [INFO] Appended 4 rows — CSV now has 2028 rows.
2025-10-14 16:18:51,125 [INFO] Sleeping 95s before next set.
2025-10-14 16:20:27,097 [INFO] Fetching 60409-1 — https://www.bricklink.com/v2/catalog/catalogitem.page?S=60409-1#T=P
2025-10-14 16:20:36,596 [INFO] Appended 4 rows — CSV now has 2032 rows.
2025-10-14 16:20:36,598 [INFO] Sleeping 81s before next set.
2025-10-14 16:21:58,195 [INFO] Fetching 71814-1 — https://www.bricklink.com/v2/catalog/catalogitem.page?S=71814-1#T=P
2025-10-14 16:22:07,880 [INFO] Appended 4 rows — CSV now has 2036 rows.
2025-10-14 16:22:07,883 [INFO] Sleeping 90s before next set.
2025-10-14 16:23:38,501 [INFO] Fetching 75394-1 — https://www.bricklink.com/v2/catalog/catalogitem.page?S=75394-1#T=P
2025-10-14 16:23:47,984 [INFO] Appended 4 rows — CSV now has 2040 rows.
2025-10-14 16:23:47,988 [INFO] Sleeping 116s before next set.
2025-10-14 16:25:44,031 [INFO] Fetching 75397-1 — https://www.bricklink.com/v2/catalog/catalogitem.page?S=75397-1#T=P
2025-10-14 16:25:53,625 [INFO] Appended 4 rows — CSV now has 2044 rows.
2025-10-14 16:25:53,628 [INFO] Sleeping 101s before next set.
2025-10-14 16:27:35,171 [INFO] Fetching 76271-1 — https://www.bricklink.com/v2/catalog/catalogitem.page?S=76271-1#T=P
2025-10-14 16:27:45,269 [INFO] Appended 4 rows — CSV now has 2048 rows.
2025-10-14 16:27:45,272 [INFO] Sleeping 98s before next set.
2025-10-14 16:29:23,735 [INFO] Fetching 76286-1 — https://www.bricklink.com/v2/catalog/catalogitem.page?S=76286-1#T=P
2025-10-14 16:29:33,474 [INFO] Appended 4 rows — CSV now has 2052 rows.
2025-10-14 16:29:33,478 [INFO] Sleeping 72s before next set.
2025-10-14 16:30:46,070 [INFO] Fetching 76435-1 — https://www.bricklink.com/v2/catalog/catalogitem.page?S=76435-1#T=P
2025-10-14 16:30:55,700 [INFO] Appended 4 rows — CSV now has 2056 rows.
2025-10-14 16:30:55,703 [INFO] Sleeping 90s before next set.
2025-10-14 16:32:26,402 [INFO] Fetching 76437-1 — https://www.bricklink.com/v2/catalog/catalogitem.page?S=76437-1#T=P
2025-10-14 16:32:36,028 [INFO] Appended 4 rows — CSV now has 2060 rows.
2025-10-14 16:32:36,031 [INFO] Sleeping 76s before next set.
2025-10-14 16:33:52,404 [INFO] Fetching 77092-1 — https://www.bricklink.com/v2/catalog/catalogitem.page?S=77092-1#T=P
2025-10-14 16:34:01,974 [INFO] Appended 4 rows — CSV now has 2064 rows.
2025-10-14 16:34:01,978 [INFO] Sleeping 103s before next set.
2025-10-14 16:35:45,722 [INFO] Fetching 80112-1 — https://www.bricklink.com/v2/catalog/catalogitem.page?S=80112-1#T=P
2025-10-14 16:35:55,202 [INFO] Appended 4 rows — CSV now has 2068 rows.
2025-10-14 16:35:55,207 [INFO] Sleeping 94s before next set.
2025-10-14 16:37:30,017 [INFO] Fetching 910029-1 — https://www.bricklink.com/v2/catalog/catalogitem.page?S=910029-1#T=P
2025-10-14 16:37:39,524 [INFO] Appended 4 rows — CSV now has 2072 rows.
2025-10-14 16:37:39,528 [INFO] Sleeping 72s before next set.
2025-10-14 16:38:52,402 [INFO] Fetching 910032-1 — https://www.bricklink.com/v2/catalog/catalogitem.page?S=910032-1#T=P
2025-10-14 16:39:02,252 [INFO] Appended 4 rows — CSV now has 2076 rows.
2025-10-14 16:39:02,254 [INFO] Sleeping 65s before next set.
2025-10-14 16:40:07,999 [INFO] Fetching 910036-1 — https://www.bricklink.com/v2/catalog/catalogitem.page?S=910036-1#T=P
2025-10-14 16:40:17,661 [INFO] Appended 4 rows — CSV now has 2080 rows.
2025-10-14 16:40:17,664 [INFO] Sleeping 79s before next set.
2025-10-14 16:41:37,409 [INFO] Fetching 10327-1 — https://www.bricklink.com/v2/catalog/catalogitem.page?S=10327-1#T=P
2025-10-14 16:41:46,931 [INFO] Appended 4 rows — CSV now has 2084 rows.
2025-10-14 16:41:46,935 [INFO] Sleeping 91s before next set.
2025-10-14 16:43:18,101 [INFO] Fetching 42180-1 — https://www.bricklink.com/v2/catalog/catalogitem.page?S=42180-1#T=P
2025-10-14 16:43:23,764 [INFO] Appended 4 rows — CSV now has 2088 rows.
2025-10-14 16:43:23,768 [INFO] Sleeping 87s before next set.
2025-10-14 16:44:51,020 [INFO] Fetching 10332-1 — https://www.bricklink.com/v2/catalog/catalogitem.page?S=10332-1#T=P
2025-10-14 16:45:00,586 [INFO] Appended 4 rows — CSV now has 2092 rows.
2025-10-14 16:45:00,588 [INFO] Sleeping 91s before next set.
2025-10-14 16:46:32,027 [INFO] Fetching 10335-1 — https://www.bricklink.com/v2/catalog/catalogitem.page?S=10335-1#T=P
2025-10-14 16:46:41,607 [INFO] Appended 4 rows — CSV now has 2096 rows.
2025-10-14 16:46:41,609 [INFO] Sleeping 104s before next set.
2025-10-14 16:48:25,660 [INFO] Fetching 10337-1 — https://www.bricklink.com/v2/catalog/catalogitem.page?S=10337-1#T=P
2025-10-14 16:48:35,284 [INFO] Appended 4 rows — CSV now has 2100 rows.
2025-10-14 16:48:35,287 [INFO] Sleeping 90s before next set.
2025-10-14 16:50:05,694 [INFO] Fetching 10339-1 — https://www.bricklink.com/v2/catalog/catalogitem.page?S=10339-1#T=P
2025-10-14 16:50:15,507 [INFO] Appended 4 rows — CSV now has 2104 rows.
2025-10-14 16:50:15,508 [INFO] Sleeping 120s before next set.
2025-10-14 16:52:16,348 [INFO] Fetching 10341-1 — https://www.bricklink.com/v2/catalog/catalogitem.page?S=10341-1#T=P
2025-10-14 16:52:26,108 [INFO] Appended 4 rows — CSV now has 2108 rows.
2025-10-14 16:52:26,111 [INFO] Sleeping 81s before next set.
2025-10-14 16:53:47,407 [INFO] Fetching 21061-1 — https://www.bricklink.com/v2/catalog/catalogitem.page?S=21061-1#T=P
2025-10-14 16:53:57,104 [INFO] Appended 4 rows — CSV now has 2112 rows.
2025-10-14 16:53:57,107 [INFO] Sleeping 108s before next set.
2025-10-14 16:55:45,163 [INFO] Fetching 21347-1 — https://www.bricklink.com/v2/catalog/catalogitem.page?S=21347-1#T=P
2025-10-14 16:55:54,718 [INFO] Appended 4 rows — CSV now has 2116 rows.
2025-10-14 16:55:54,720 [INFO] Sleeping 93s before next set.
2025-10-14 16:57:28,250 [INFO] Fetching 21349-1 — https://www.bricklink.com/v2/catalog/catalogitem.page?S=21349-1#T=P
2025-10-14 16:57:37,737 [INFO] Appended 4 rows — CSV now has 2120 rows.
2025-10-14 16:57:37,739 [INFO] Sleeping 73s before next set.
2025-10-14 16:58:51,723 [INFO] Fetching 21351-1 — https://www.bricklink.com/v2/catalog/catalogitem.page?S=21351-1#T=P
2025-10-14 16:59:01,646 [INFO] Appended 4 rows — CSV now has 2124 rows.
2025-10-14 16:59:01,648 [INFO] Sleeping 110s before next set.
2025-10-14 17:00:52,274 [INFO] Fetching 21352-1 — https://www.bricklink.com/v2/catalog/catalogitem.page?S=21352-1#T=P
2025-10-14 17:01:01,922 [INFO] Appended 4 rows — CSV now has 2128 rows.
2025-10-14 17:01:01,926 [INFO] Sleeping 84s before next set.
2025-10-14 17:02:26,907 [INFO] Fetching 21353-1 — https://www.bricklink.com/v2/catalog/catalogitem.page?S=21353-1#T=P
2025-10-14 17:02:40,155 [INFO] Appended 4 rows — CSV now has 2132 rows.
2025-10-14 17:02:40,157 [INFO] Sleeping 88s before next set.
2025-10-14 17:04:08,349 [INFO] Fetching 31212-1 — https://www.bricklink.com/v2/catalog/catalogitem.page?S=31212-1#T=P
2025-10-14 17:04:18,621 [INFO] Appended 4 rows — CSV now has 2136 rows.
2025-10-14 17:04:18,622 [INFO] Sleeping 101s before next set.
2025-10-14 17:06:00,570 [INFO] Fetching 31213-1 — https://www.bricklink.com/v2/catalog/catalogitem.page?S=31213-1#T=P
2025-10-14 17:06:10,149 [INFO] Appended 4 rows — CSV now has 2140 rows.
2025-10-14 17:06:10,151 [INFO] Sleeping 92s before next set.
2025-10-14 17:07:42,462 [INFO] Fetching 41838-1 — https://www.bricklink.com/v2/catalog/catalogitem.page?S=41838-1#T=P
2025-10-14 17:07:48,491 [INFO] Appended 4 rows — CSV now has 2144 rows.
2025-10-14 17:07:48,493 [INFO] Sleeping 115s before next set.
2025-10-14 17:09:44,068 [INFO] Fetching 41839-1 — https://www.bricklink.com/v2/catalog/catalogitem.page?S=41839-1#T=P
2025-10-14 17:09:49,658 [INFO] Appended 4 rows — CSV now has 2148 rows.
2025-10-14 17:09:49,662 [INFO] Sleeping 102s before next set.
2025-10-14 17:11:32,493 [INFO] Fetching 42171-1 — https://www.bricklink.com/v2/catalog/catalogitem.page?S=42171-1#T=P
2025-10-14 17:11:42,369 [INFO] Appended 4 rows — CSV now has 2152 rows.
2025-10-14 17:11:42,371 [INFO] Sleeping 113s before next set.
2025-10-14 17:13:36,261 [INFO] Fetching 42172-1 — https://www.bricklink.com/v2/catalog/catalogitem.page?S=42172-1#T=P
2025-10-14 17:13:45,851 [INFO] Appended 4 rows — CSV now has 2156 rows.
2025-10-14 17:13:45,854 [INFO] Sleeping 101s before next set.
2025-10-14 17:15:27,790 [INFO] Fetching 42175-1 — https://www.bricklink.com/v2/catalog/catalogitem.page?S=42175-1#T=P
2025-10-14 17:15:37,308 [INFO] Appended 4 rows — CSV now has 2160 rows.
2025-10-14 17:15:37,310 [INFO] Sleeping 70s before next set.
2025-10-14 17:16:47,956 [INFO] Fetching 42177-1 — https://www.bricklink.com/v2/catalog/catalogitem.page?S=42177-1#T=P
2025-10-14 17:16:58,842 [INFO] Appended 4 rows — CSV now has 2164 rows.
2025-10-14 17:16:58,844 [INFO] Sleeping 67s before next set.
2025-10-14 17:18:05,999 [INFO] Fetching 42181-1 — https://www.bricklink.com/v2/catalog/catalogitem.page?S=42181-1#T=P
2025-10-14 17:18:15,611 [INFO] Appended 4 rows — CSV now has 2168 rows.
2025-10-14 17:18:15,615 [INFO] Sleeping 89s before next set.
2025-10-14 17:19:45,582 [INFO] Fetching 42620-1 — https://www.bricklink.com/v2/catalog/catalogitem.page?S=42620-1#T=P
2025-10-14 17:19:50,915 [INFO] Appended 4 rows — CSV now has 2172 rows.
2025-10-14 17:19:50,917 [INFO] Sleeping 108s before next set.
2025-10-14 17:21:39,009 [INFO] Fetching 42621-1 — https://www.bricklink.com/v2/catalog/catalogitem.page?S=42621-1#T=P
2025-10-14 17:21:44,630 [INFO] Appended 4 rows — CSV now has 2176 rows.
2025-10-14 17:21:44,632 [INFO] Sleeping 82s before next set.
2025-10-14 17:23:07,151 [INFO] Fetching 42638-1 — https://www.bricklink.com/v2/catalog/catalogitem.page?S=42638-1#T=P
2025-10-14 17:23:17,150 [INFO] Appended 4 rows — CSV now has 2180 rows.
2025-10-14 17:23:17,155 [INFO] Sleeping 60s before next set.
2025-10-14 17:24:17,423 [INFO] Fetching 42639-1 — https://www.bricklink.com/v2/catalog/catalogitem.page?S=42639-1#T=P
2025-10-14 17:24:27,511 [INFO] Appended 4 rows — CSV now has 2184 rows.
2025-10-14 17:24:27,513 [INFO] Sleeping 168s before next set.
2025-10-14 17:27:15,711 [INFO] Fetching 43245-1 — https://www.bricklink.com/v2/catalog/catalogitem.page?S=43245-1#T=P
2025-10-14 17:27:25,392 [INFO] Appended 4 rows — CSV now has 2188 rows.
2025-10-14 17:27:25,397 [INFO] Sleeping 74s before next set.
2025-10-14 17:28:40,018 [INFO] Fetching 43247-1 — https://www.bricklink.com/v2/catalog/catalogitem.page?S=43247-1#T=P
2025-10-14 17:28:58,240 [INFO] Appended 4 rows — CSV now has 2192 rows.
2025-10-14 17:28:58,244 [INFO] Sleeping 72s before next set.
2025-10-14 17:30:10,902 [INFO] Fetching 75392-1 — https://www.bricklink.com/v2/catalog/catalogitem.page?S=75392-1#T=P
2025-10-14 17:30:20,739 [INFO] Appended 4 rows — CSV now has 2196 rows.
2025-10-14 17:30:20,745 [INFO] Sleeping 64s before next set.
2025-10-14 17:31:25,427 [INFO] Fetching 60422-1 — https://www.bricklink.com/v2/catalog/catalogitem.page?S=60422-1#T=P
2025-10-14 17:31:34,942 [INFO] Appended 4 rows — CSV now has 2200 rows.
2025-10-14 17:31:34,947 [INFO] Sleeping 97s before next set.
2025-10-14 17:33:12,797 [INFO] Fetching 60433-1 — https://www.bricklink.com/v2/catalog/catalogitem.page?S=60433-1#T=P
2025-10-14 17:33:22,290 [INFO] Appended 4 rows — CSV now has 2204 rows.
2025-10-14 17:33:22,294 [INFO] Sleeping 94s before next set.
2025-10-14 17:34:56,927 [INFO] Fetching 60434-1 — https://www.bricklink.com/v2/catalog/catalogitem.page?S=60434-1#T=P
2025-10-14 17:35:06,718 [INFO] Appended 4 rows — CSV now has 2208 rows.
2025-10-14 17:35:06,721 [INFO] Sleeping 68s before next set.
2025-10-14 17:36:15,329 [INFO] Fetching 60440-1 — https://www.bricklink.com/v2/catalog/catalogitem.page?S=60440-1#T=P
2025-10-14 17:36:24,828 [INFO] Appended 4 rows — CSV now has 2212 rows.
2025-10-14 17:36:24,832 [INFO] Sleeping 66s before next set.
2025-10-14 17:37:31,136 [INFO] Fetching 71437-1 — https://www.bricklink.com/v2/catalog/catalogitem.page?S=71437-1#T=P
2025-10-14 17:37:36,581 [INFO] Appended 4 rows — CSV now has 2216 rows.
2025-10-14 17:37:36,584 [INFO] Sleeping 107s before next set.
2025-10-14 17:39:24,152 [INFO] Finished run.
