2025-10-19 14:46:49,540 [INFO] Fichier de log actif : logs\bricklink_20251019_1246.log
2025-10-19 14:46:50,207 [INFO] 100 sets à scrapper récupérés depuis la DB.
2025-10-19 14:46:50,222 [INFO] Skip 5578-1 (fetch récent < 7 jours).
2025-10-19 14:46:50,223 [INFO] Skip 5587-1 (fetch récent < 7 jours).
2025-10-19 14:46:50,223 [INFO] Fetching 4441-1 — https://www.bricklink.com/v2/catalog/catalogitem.page?S=4441-1#T=P
2025-10-19 14:47:02,733 [INFO] Appended 4 rows — CSV now has 7632 rows.
2025-10-19 14:47:02,741 [INFO] 1 fetched
2025-10-19 14:47:02,741 [INFO] Sleeping 71s before next set.
2025-10-19 14:48:14,144 [INFO] Fetching 5884-1 — https://www.bricklink.com/v2/catalog/catalogitem.page?S=5884-1#T=P
2025-10-19 14:48:24,193 [INFO] Appended 4 rows — CSV now has 7636 rows.
2025-10-19 14:48:24,227 [INFO] 2 fetched
2025-10-19 14:48:24,234 [INFO] Sleeping 33s before next set.
2025-10-19 14:48:57,623 [INFO] Fetching 5885-1 — https://www.bricklink.com/v2/catalog/catalogitem.page?S=5885-1#T=P
2025-10-19 14:49:07,170 [INFO] Appended 4 rows — CSV now has 7640 rows.
2025-10-19 14:49:07,176 [INFO] 3 fetched
2025-10-19 14:49:07,176 [INFO] Sleeping 85s before next set.
2025-10-19 14:50:33,097 [INFO] Fetching 6857-1 — https://www.bricklink.com/v2/catalog/catalogitem.page?S=6857-1#T=P
2025-10-19 14:50:43,236 [INFO] Appended 4 rows — CSV now has 7644 rows.
2025-10-19 14:50:43,241 [INFO] 4 fetched
2025-10-19 14:50:43,242 [INFO] Sleeping 74s before next set.
2025-10-19 14:51:57,793 [INFO] Fetching 6863-1 — https://www.bricklink.com/v2/catalog/catalogitem.page?S=6863-1#T=P
2025-10-19 14:52:07,445 [INFO] Appended 4 rows — CSV now has 7648 rows.
2025-10-19 14:52:07,449 [INFO] 5 fetched
2025-10-19 14:52:07,449 [INFO] Sleeping 57s before next set.
2025-10-19 14:53:04,620 [INFO] Fetching 6868-1 — https://www.bricklink.com/v2/catalog/catalogitem.page?S=6868-1#T=P
2025-10-19 14:53:14,398 [INFO] Appended 4 rows — CSV now has 7652 rows.
2025-10-19 14:53:14,402 [INFO] 6 fetched
2025-10-19 14:53:14,402 [INFO] Sleeping 57s before next set.
2025-10-19 14:54:11,783 [INFO] Fetching 6873-1 — https://www.bricklink.com/v2/catalog/catalogitem.page?S=6873-1#T=P
2025-10-19 14:54:21,319 [INFO] Appended 4 rows — CSV now has 7656 rows.
2025-10-19 14:54:21,326 [INFO] 7 fetched
2025-10-19 14:54:21,326 [INFO] Sleeping 73s before next set.
2025-10-19 14:55:34,488 [INFO] Fetching 7345-1 — https://www.bricklink.com/v2/catalog/catalogitem.page?S=7345-1#T=P
2025-10-19 14:55:44,090 [INFO] Appended 4 rows — CSV now has 7660 rows.
2025-10-19 14:55:44,094 [INFO] 8 fetched
2025-10-19 14:55:44,095 [INFO] Sleeping 82s before next set.
2025-10-19 14:57:06,472 [INFO] Fetching 7346-1 — https://www.bricklink.com/v2/catalog/catalogitem.page?S=7346-1#T=P
2025-10-19 14:57:16,404 [INFO] Appended 4 rows — CSV now has 7664 rows.
2025-10-19 14:57:16,408 [INFO] 9 fetched
2025-10-19 14:57:16,409 [INFO] Sleeping 81s before next set.
2025-10-19 14:58:38,312 [INFO] Fetching 9443-1 — https://www.bricklink.com/v2/catalog/catalogitem.page?S=9443-1#T=P
2025-10-19 14:58:47,801 [INFO] Appended 4 rows — CSV now has 7668 rows.
2025-10-19 14:58:47,810 [INFO] 10 fetched
2025-10-19 14:58:47,811 [INFO] Sleeping 60s before next set.
2025-10-19 14:59:48,072 [INFO] Fetching 9444-1 — https://www.bricklink.com/v2/catalog/catalogitem.page?S=9444-1#T=P
2025-10-19 14:59:57,558 [INFO] Appended 4 rows — CSV now has 7672 rows.
2025-10-19 14:59:57,563 [INFO] 11 fetched
2025-10-19 14:59:57,563 [INFO] Sleeping 76s before next set.
2025-10-19 15:01:13,648 [INFO] Fetching 9445-1 — https://www.bricklink.com/v2/catalog/catalogitem.page?S=9445-1#T=P
2025-10-19 15:01:23,150 [INFO] Appended 4 rows — CSV now has 7676 rows.
2025-10-19 15:01:23,156 [INFO] 12 fetched
2025-10-19 15:01:23,157 [INFO] Sleeping 51s before next set.
2025-10-19 15:02:14,747 [INFO] Fetching 9447-1 — https://www.bricklink.com/v2/catalog/catalogitem.page?S=9447-1#T=P
2025-10-19 15:02:24,458 [INFO] Appended 4 rows — CSV now has 7680 rows.
2025-10-19 15:02:24,462 [INFO] 13 fetched
2025-10-19 15:02:24,462 [INFO] Sleeping 84s before next set.
2025-10-19 15:03:49,250 [INFO] Fetching 9448-1 — https://www.bricklink.com/v2/catalog/catalogitem.page?S=9448-1#T=P
2025-10-19 15:03:58,868 [INFO] Appended 4 rows — CSV now has 7684 rows.
2025-10-19 15:03:58,872 [INFO] 14 fetched
2025-10-19 15:03:58,872 [INFO] Sleeping 53s before next set.
2025-10-19 15:04:51,873 [INFO] Fetching 9455-1 — https://www.bricklink.com/v2/catalog/catalogitem.page?S=9455-1#T=P
2025-10-19 15:05:01,399 [INFO] Appended 4 rows — CSV now has 7688 rows.
2025-10-19 15:05:01,407 [INFO] 15 fetched
2025-10-19 15:05:01,408 [INFO] Sleeping 69s before next set.
2025-10-19 15:06:11,083 [INFO] Fetching 9456-1 — https://www.bricklink.com/v2/catalog/catalogitem.page?S=9456-1#T=P
2025-10-19 15:06:20,480 [INFO] Appended 4 rows — CSV now has 7692 rows.
2025-10-19 15:06:20,490 [INFO] 16 fetched
2025-10-19 15:06:20,490 [INFO] Sleeping 60s before next set.
2025-10-19 15:07:20,600 [INFO] Fetching 9457-1 — https://www.bricklink.com/v2/catalog/catalogitem.page?S=9457-1#T=P
2025-10-19 15:07:30,457 [INFO] Appended 4 rows — CSV now has 7696 rows.
2025-10-19 15:07:30,462 [INFO] 17 fetched
2025-10-19 15:07:30,462 [INFO] Sleeping 63s before next set.
2025-10-19 15:08:34,415 [INFO] Fetching 9464-1 — https://www.bricklink.com/v2/catalog/catalogitem.page?S=9464-1#T=P
2025-10-19 15:08:44,268 [INFO] Appended 4 rows — CSV now has 7700 rows.
2025-10-19 15:08:44,273 [INFO] 18 fetched
2025-10-19 15:08:44,274 [INFO] Sleeping 49s before next set.
2025-10-19 15:09:33,885 [INFO] Fetching 9465-1 — https://www.bricklink.com/v2/catalog/catalogitem.page?S=9465-1#T=P
2025-10-19 15:09:43,510 [INFO] Appended 4 rows — CSV now has 7704 rows.
2025-10-19 15:09:43,518 [INFO] 19 fetched
2025-10-19 15:09:43,518 [INFO] Sleeping 84s before next set.
2025-10-19 15:11:08,119 [INFO] Fetching 9466-1 — https://www.bricklink.com/v2/catalog/catalogitem.page?S=9466-1#T=P
2025-10-19 15:11:17,927 [INFO] Appended 4 rows — CSV now has 7708 rows.
2025-10-19 15:11:17,934 [INFO] 20 fetched
2025-10-19 15:11:17,934 [INFO] Sleeping 54s before next set.
2025-10-19 15:12:12,163 [INFO] Fetching 9471-1 — https://www.bricklink.com/v2/catalog/catalogitem.page?S=9471-1#T=P
2025-10-19 15:12:21,732 [INFO] Appended 4 rows — CSV now has 7712 rows.
2025-10-19 15:12:21,739 [INFO] 21 fetched
2025-10-19 15:12:21,739 [INFO] Sleeping 68s before next set.
2025-10-19 15:13:30,537 [INFO] Fetching 9472-1 — https://www.bricklink.com/v2/catalog/catalogitem.page?S=9472-1#T=P
2025-10-19 15:13:40,314 [INFO] Appended 4 rows — CSV now has 7716 rows.
2025-10-19 15:13:40,318 [INFO] 22 fetched
2025-10-19 15:13:40,318 [INFO] Sleeping 69s before next set.
2025-10-19 15:14:49,401 [INFO] Fetching 9476-1 — https://www.bricklink.com/v2/catalog/catalogitem.page?S=9476-1#T=P
2025-10-19 15:14:59,060 [INFO] Appended 4 rows — CSV now has 7720 rows.
2025-10-19 15:14:59,065 [INFO] 23 fetched
2025-10-19 15:14:59,066 [INFO] Sleeping 70s before next set.
2025-10-19 15:16:09,764 [INFO] Fetching 9485-1 — https://www.bricklink.com/v2/catalog/catalogitem.page?S=9485-1#T=P
2025-10-19 15:16:19,212 [INFO] Appended 4 rows — CSV now has 7724 rows.
2025-10-19 15:16:19,222 [INFO] 24 fetched
2025-10-19 15:16:19,222 [INFO] Sleeping 49s before next set.
2025-10-19 15:17:08,689 [INFO] Fetching 9486-1 — https://www.bricklink.com/v2/catalog/catalogitem.page?S=9486-1#T=P
2025-10-19 15:17:18,475 [INFO] Appended 4 rows — CSV now has 7728 rows.
2025-10-19 15:17:18,480 [INFO] 25 fetched
2025-10-19 15:17:18,480 [INFO] Sleeping 37s before next set.
2025-10-19 15:17:55,717 [INFO] Fetching 9494-1 — https://www.bricklink.com/v2/catalog/catalogitem.page?S=9494-1#T=P
2025-10-19 15:18:05,305 [INFO] Appended 4 rows — CSV now has 7732 rows.
2025-10-19 15:18:05,311 [INFO] 26 fetched
2025-10-19 15:18:05,312 [INFO] Sleeping 54s before next set.
2025-10-19 15:18:59,369 [INFO] Fetching 9495-1 — https://www.bricklink.com/v2/catalog/catalogitem.page?S=9495-1#T=P
2025-10-19 15:19:09,429 [INFO] Appended 4 rows — CSV now has 7736 rows.
2025-10-19 15:19:09,434 [INFO] 27 fetched
2025-10-19 15:19:09,434 [INFO] Sleeping 50s before next set.
2025-10-19 15:20:00,147 [INFO] Fetching 9497-1 — https://www.bricklink.com/v2/catalog/catalogitem.page?S=9497-1#T=P
2025-10-19 15:20:09,687 [INFO] Appended 4 rows — CSV now has 7740 rows.
2025-10-19 15:20:09,692 [INFO] 28 fetched
2025-10-19 15:20:09,692 [INFO] Sleeping 67s before next set.
2025-10-19 15:21:16,758 [INFO] Fetching 9499-1 — https://www.bricklink.com/v2/catalog/catalogitem.page?S=9499-1#T=P
2025-10-19 15:21:26,425 [INFO] Appended 4 rows — CSV now has 7744 rows.
2025-10-19 15:21:26,430 [INFO] 29 fetched
2025-10-19 15:21:26,431 [INFO] Sleeping 84s before next set.
2025-10-19 15:22:50,525 [INFO] Fetching 9525-1 — https://www.bricklink.com/v2/catalog/catalogitem.page?S=9525-1#T=P
2025-10-19 15:23:00,230 [INFO] Appended 4 rows — CSV now has 7748 rows.
2025-10-19 15:23:00,235 [INFO] 30 fetched
2025-10-19 15:23:00,235 [INFO] Sleeping 66s before next set.
2025-10-19 15:24:07,023 [INFO] Fetching 21102-1 — https://www.bricklink.com/v2/catalog/catalogitem.page?S=21102-1#T=P
2025-10-19 15:24:16,530 [INFO] Appended 4 rows — CSV now has 7752 rows.
2025-10-19 15:24:16,540 [INFO] 31 fetched
2025-10-19 15:24:16,541 [INFO] Sleeping 59s before next set.
2025-10-19 15:25:15,932 [INFO] Fetching 21012-1 — https://www.bricklink.com/v2/catalog/catalogitem.page?S=21012-1#T=P
2025-10-19 15:25:26,746 [INFO] Appended 4 rows — CSV now has 7756 rows.
2025-10-19 15:25:26,755 [INFO] 32 fetched
2025-10-19 15:25:26,755 [INFO] Sleeping 60s before next set.
2025-10-19 15:26:27,633 [INFO] Fetching 21013-1 — https://www.bricklink.com/v2/catalog/catalogitem.page?S=21013-1#T=P
2025-10-19 15:26:37,124 [INFO] Appended 4 rows — CSV now has 7760 rows.
2025-10-19 15:26:37,128 [INFO] 33 fetched
2025-10-19 15:26:37,129 [INFO] Sleeping 81s before next set.
2025-10-19 15:27:59,000 [INFO] Fetching 21016-1 — https://www.bricklink.com/v2/catalog/catalogitem.page?S=21016-1#T=P
2025-10-19 15:28:08,477 [INFO] Appended 4 rows — CSV now has 7764 rows.
2025-10-19 15:28:08,484 [INFO] 34 fetched
2025-10-19 15:28:08,484 [INFO] Sleeping 35s before next set.
2025-10-19 15:28:43,486 [INFO] Fetching 21101-1 — https://www.bricklink.com/v2/catalog/catalogitem.page?S=21101-1#T=P
2025-10-19 15:28:52,959 [INFO] Appended 4 rows — CSV now has 7768 rows.
2025-10-19 15:28:52,963 [INFO] 35 fetched
2025-10-19 15:28:52,964 [INFO] Sleeping 81s before next set.
2025-10-19 15:30:14,566 [INFO] Fetching 79001-1 — https://www.bricklink.com/v2/catalog/catalogitem.page?S=79001-1#T=P
2025-10-19 15:30:24,927 [INFO] Appended 4 rows — CSV now has 7772 rows.
2025-10-19 15:30:24,931 [INFO] 36 fetched
2025-10-19 15:30:24,931 [INFO] Sleeping 83s before next set.
2025-10-19 15:31:48,558 [INFO] Fetching 79002-1 — https://www.bricklink.com/v2/catalog/catalogitem.page?S=79002-1#T=P
2025-10-19 15:31:58,108 [INFO] Appended 4 rows — CSV now has 7776 rows.
2025-10-19 15:31:58,114 [INFO] 37 fetched
2025-10-19 15:31:58,115 [INFO] Sleeping 87s before next set.
2025-10-19 15:33:25,296 [INFO] Fetching 79004-1 — https://www.bricklink.com/v2/catalog/catalogitem.page?S=79004-1#T=P
2025-10-19 15:33:35,028 [INFO] Appended 4 rows — CSV now has 7780 rows.
2025-10-19 15:33:35,038 [INFO] 38 fetched
2025-10-19 15:33:35,039 [INFO] Sleeping 64s before next set.
2025-10-19 15:34:39,613 [INFO] Fetching 20216-1 — https://www.bricklink.com/v2/catalog/catalogitem.page?S=20216-1#T=P
2025-10-19 15:34:49,145 [INFO] Appended 4 rows — CSV now has 7784 rows.
2025-10-19 15:34:49,150 [INFO] 39 fetched
2025-10-19 15:34:49,150 [INFO] Sleeping 86s before next set.
2025-10-19 15:36:15,260 [INFO] Fetching 21015-1 — https://www.bricklink.com/v2/catalog/catalogitem.page?S=21015-1#T=P
2025-10-19 15:36:24,825 [INFO] Appended 4 rows — CSV now has 7788 rows.
2025-10-19 15:36:24,831 [INFO] 40 fetched
2025-10-19 15:36:24,831 [INFO] Sleeping 111s before next set.
2025-10-19 15:38:16,111 [INFO] Fetching 21103-1 — https://www.bricklink.com/v2/catalog/catalogitem.page?S=21103-1#T=P
2025-10-19 15:38:26,315 [INFO] Appended 4 rows — CSV now has 7792 rows.
2025-10-19 15:38:26,319 [INFO] 41 fetched
2025-10-19 15:38:26,319 [INFO] Sleeping 42s before next set.
2025-10-19 15:39:08,389 [INFO] Fetching 21105-1 — https://www.bricklink.com/v2/catalog/catalogitem.page?S=21105-1#T=P
2025-10-19 15:39:17,762 [INFO] Appended 4 rows — CSV now has 7796 rows.
2025-10-19 15:39:17,767 [INFO] 42 fetched
2025-10-19 15:39:17,768 [INFO] Sleeping 46s before next set.
2025-10-19 15:40:04,633 [INFO] Fetching 21106-1 — https://www.bricklink.com/v2/catalog/catalogitem.page?S=21106-1#T=P
2025-10-19 15:40:14,143 [INFO] Appended 4 rows — CSV now has 7800 rows.
2025-10-19 15:40:14,153 [INFO] 43 fetched
2025-10-19 15:40:14,154 [INFO] Sleeping 50s before next set.
2025-10-19 15:41:04,739 [INFO] Fetching 31005-1 — https://www.bricklink.com/v2/catalog/catalogitem.page?S=31005-1#T=P
2025-10-19 15:41:14,412 [INFO] Appended 4 rows — CSV now has 7804 rows.
2025-10-19 15:41:14,416 [INFO] 44 fetched
2025-10-19 15:41:14,417 [INFO] Sleeping 88s before next set.
2025-10-19 15:42:42,643 [INFO] Fetching 31006-1 — https://www.bricklink.com/v2/catalog/catalogitem.page?S=31006-1#T=P
2025-10-19 15:42:52,168 [INFO] Appended 4 rows — CSV now has 7808 rows.
2025-10-19 15:42:52,176 [INFO] 45 fetched
2025-10-19 15:42:52,176 [INFO] Sleeping 81s before next set.
2025-10-19 15:44:13,760 [INFO] Fetching 31009-1 — https://www.bricklink.com/v2/catalog/catalogitem.page?S=31009-1#T=P
2025-10-19 15:44:23,256 [INFO] Appended 4 rows — CSV now has 7812 rows.
2025-10-19 15:44:23,261 [INFO] 46 fetched
2025-10-19 15:44:23,262 [INFO] Sleeping 86s before next set.
2025-10-19 15:45:49,364 [INFO] Fetching 31010-1 — https://www.bricklink.com/v2/catalog/catalogitem.page?S=31010-1#T=P
2025-10-19 15:45:58,832 [INFO] Appended 4 rows — CSV now has 7816 rows.
2025-10-19 15:45:58,837 [INFO] 47 fetched
2025-10-19 15:45:58,837 [INFO] Sleeping 87s before next set.
2025-10-19 15:47:26,391 [INFO] Fetching 42007-1 — https://www.bricklink.com/v2/catalog/catalogitem.page?S=42007-1#T=P
2025-10-19 15:47:35,875 [INFO] Appended 4 rows — CSV now has 7820 rows.
2025-10-19 15:47:35,882 [INFO] 48 fetched
2025-10-19 15:47:35,883 [INFO] Sleeping 66s before next set.
2025-10-19 15:48:41,931 [INFO] Fetching 41005-1 — https://www.bricklink.com/v2/catalog/catalogitem.page?S=41005-1#T=P
2025-10-19 15:48:51,445 [INFO] Appended 4 rows — CSV now has 7824 rows.
2025-10-19 15:48:51,455 [INFO] 49 fetched
2025-10-19 15:48:51,456 [INFO] Sleeping 38s before next set.
2025-10-19 15:49:29,526 [INFO] Fetching 41006-1 — https://www.bricklink.com/v2/catalog/catalogitem.page?S=41006-1#T=P
2025-10-19 15:49:39,003 [INFO] Appended 4 rows — CSV now has 7828 rows.
2025-10-19 15:49:39,007 [INFO] 50 fetched
2025-10-19 15:49:39,008 [INFO] Sleeping 33s before next set.
2025-10-19 15:50:12,862 [INFO] Fetching 41008-1 — https://www.bricklink.com/v2/catalog/catalogitem.page?S=41008-1#T=P
2025-10-19 15:50:22,807 [INFO] Appended 4 rows — CSV now has 7832 rows.
2025-10-19 15:50:22,815 [INFO] 51 fetched
2025-10-19 15:50:22,816 [INFO] Sleeping 42s before next set.
2025-10-19 15:51:04,990 [INFO] Fetching 42005-1 — https://www.bricklink.com/v2/catalog/catalogitem.page?S=42005-1#T=P
2025-10-19 15:51:14,419 [INFO] Appended 4 rows — CSV now has 7836 rows.
2025-10-19 15:51:14,424 [INFO] 52 fetched
2025-10-19 15:51:14,424 [INFO] Sleeping 78s before next set.
2025-10-19 15:52:32,748 [INFO] Fetching 44014-1 — https://www.bricklink.com/v2/catalog/catalogitem.page?S=44014-1#T=P
2025-10-19 15:52:42,554 [INFO] Appended 4 rows — CSV now has 7840 rows.
2025-10-19 15:52:42,558 [INFO] 53 fetched
2025-10-19 15:52:42,558 [INFO] Sleeping 60s before next set.
2025-10-19 15:53:43,152 [INFO] Fetching 60003-1 — https://www.bricklink.com/v2/catalog/catalogitem.page?S=60003-1#T=P
2025-10-19 15:53:52,562 [INFO] Appended 4 rows — CSV now has 7844 rows.
2025-10-19 15:53:52,573 [INFO] 54 fetched
2025-10-19 15:53:52,574 [INFO] Sleeping 80s before next set.
2025-10-19 15:55:12,835 [INFO] Fetching 60007-1 — https://www.bricklink.com/v2/catalog/catalogitem.page?S=60007-1#T=P
2025-10-19 15:55:22,342 [INFO] Appended 4 rows — CSV now has 7848 rows.
2025-10-19 15:55:22,351 [INFO] 55 fetched
2025-10-19 15:55:22,352 [INFO] Sleeping 46s before next set.
2025-10-19 15:56:09,066 [INFO] Fetching 60009-1 — https://www.bricklink.com/v2/catalog/catalogitem.page?S=60009-1#T=P
2025-10-19 15:56:18,660 [INFO] Appended 4 rows — CSV now has 7852 rows.
2025-10-19 15:56:18,664 [INFO] 56 fetched
2025-10-19 15:56:18,665 [INFO] Sleeping 48s before next set.
2025-10-19 15:57:07,380 [INFO] Fetching 60014-1 — https://www.bricklink.com/v2/catalog/catalogitem.page?S=60014-1#T=P
2025-10-19 15:57:17,075 [INFO] Appended 4 rows — CSV now has 7856 rows.
2025-10-19 15:57:17,083 [INFO] 57 fetched
2025-10-19 15:57:17,084 [INFO] Sleeping 85s before next set.
2025-10-19 15:58:42,733 [INFO] Fetching 60015-1 — https://www.bricklink.com/v2/catalog/catalogitem.page?S=60015-1#T=P
2025-10-19 15:58:52,350 [INFO] Appended 4 rows — CSV now has 7860 rows.
2025-10-19 15:58:52,355 [INFO] 58 fetched
2025-10-19 15:58:52,355 [INFO] Sleeping 88s before next set.
2025-10-19 16:00:20,455 [INFO] Fetching 60020-1 — https://www.bricklink.com/v2/catalog/catalogitem.page?S=60020-1#T=P
2025-10-19 16:00:30,064 [INFO] Appended 4 rows — CSV now has 7864 rows.
2025-10-19 16:00:30,071 [INFO] 59 fetched
2025-10-19 16:00:30,071 [INFO] Sleeping 84s before next set.
2025-10-19 16:01:54,142 [INFO] Fetching 60021-1 — https://www.bricklink.com/v2/catalog/catalogitem.page?S=60021-1#T=P
2025-10-19 16:02:03,645 [INFO] Appended 4 rows — CSV now has 7868 rows.
2025-10-19 16:02:03,653 [INFO] 60 fetched
2025-10-19 16:02:03,654 [INFO] Sleeping 105s before next set.
2025-10-19 16:03:48,768 [INFO] Fetching 60023-1 — https://www.bricklink.com/v2/catalog/catalogitem.page?S=60023-1#T=P
2025-10-19 16:03:58,411 [INFO] Appended 4 rows — CSV now has 7872 rows.
2025-10-19 16:03:58,417 [INFO] 61 fetched
2025-10-19 16:03:58,417 [INFO] Sleeping 40s before next set.
2025-10-19 16:04:38,663 [INFO] Fetching 60025-1 — https://www.bricklink.com/v2/catalog/catalogitem.page?S=60025-1#T=P
2025-10-19 16:04:48,206 [INFO] Appended 4 rows — CSV now has 7876 rows.
2025-10-19 16:04:48,211 [INFO] 62 fetched
2025-10-19 16:04:48,211 [INFO] Sleeping 77s before next set.
2025-10-19 16:06:06,129 [INFO] Fetching 60027-1 — https://www.bricklink.com/v2/catalog/catalogitem.page?S=60027-1#T=P
2025-10-19 16:06:15,702 [INFO] Appended 4 rows — CSV now has 7880 rows.
2025-10-19 16:06:15,711 [INFO] 63 fetched
2025-10-19 16:06:15,711 [INFO] Sleeping 76s before next set.
2025-10-19 16:07:32,571 [INFO] Fetching 70003-1 — https://www.bricklink.com/v2/catalog/catalogitem.page?S=70003-1#T=P
2025-10-19 16:07:41,956 [INFO] Appended 4 rows — CSV now has 7884 rows.
2025-10-19 16:07:41,961 [INFO] 64 fetched
2025-10-19 16:07:41,961 [INFO] Sleeping 58s before next set.
2025-10-19 16:08:40,917 [INFO] Fetching 70004-1 — https://www.bricklink.com/v2/catalog/catalogitem.page?S=70004-1#T=P
2025-10-19 16:08:50,769 [INFO] Appended 4 rows — CSV now has 7888 rows.
2025-10-19 16:08:50,774 [INFO] 65 fetched
2025-10-19 16:08:50,774 [INFO] Sleeping 34s before next set.
2025-10-19 16:09:25,363 [INFO] Fetching 70005-1 — https://www.bricklink.com/v2/catalog/catalogitem.page?S=70005-1#T=P
2025-10-19 16:09:35,059 [INFO] Appended 4 rows — CSV now has 7892 rows.
2025-10-19 16:09:35,064 [INFO] 66 fetched
2025-10-19 16:09:35,066 [INFO] Sleeping 68s before next set.
2025-10-19 16:10:43,214 [INFO] Fetching 70011-1 — https://www.bricklink.com/v2/catalog/catalogitem.page?S=70011-1#T=P
2025-10-19 16:10:52,867 [INFO] Appended 4 rows — CSV now has 7896 rows.
2025-10-19 16:10:52,873 [INFO] 67 fetched
2025-10-19 16:10:52,873 [INFO] Sleeping 74s before next set.
2025-10-19 16:12:07,121 [INFO] Fetching 70012-2 — https://www.bricklink.com/v2/catalog/catalogitem.page?S=70012-2#T=P
2025-10-19 16:12:16,607 [INFO] Appended 4 rows — CSV now has 7900 rows.
2025-10-19 16:12:16,611 [INFO] 68 fetched
2025-10-19 16:12:16,611 [INFO] Sleeping 89s before next set.
2025-10-19 16:13:45,945 [INFO] Fetching 70013-1 — https://www.bricklink.com/v2/catalog/catalogitem.page?S=70013-1#T=P
2025-10-19 16:13:55,399 [INFO] Appended 4 rows — CSV now has 7904 rows.
2025-10-19 16:13:55,410 [INFO] 69 fetched
2025-10-19 16:13:55,410 [INFO] Sleeping 49s before next set.
2025-10-19 16:14:44,684 [INFO] Fetching 70403-1 — https://www.bricklink.com/v2/catalog/catalogitem.page?S=70403-1#T=P
2025-10-19 16:14:54,306 [INFO] Appended 4 rows — CSV now has 7908 rows.
2025-10-19 16:14:54,311 [INFO] 70 fetched
2025-10-19 16:14:54,311 [INFO] Sleeping 66s before next set.
2025-10-19 16:16:00,911 [INFO] Fetching 70503-1 — https://www.bricklink.com/v2/catalog/catalogitem.page?S=70503-1#T=P
2025-10-19 16:16:10,521 [INFO] Appended 4 rows — CSV now has 7912 rows.
2025-10-19 16:16:10,529 [INFO] 71 fetched
2025-10-19 16:16:10,530 [INFO] Sleeping 81s before next set.
2025-10-19 16:17:31,597 [INFO] Fetching 70504-1 — https://www.bricklink.com/v2/catalog/catalogitem.page?S=70504-1#T=P
2025-10-19 16:17:41,329 [INFO] Appended 4 rows — CSV now has 7916 rows.
2025-10-19 16:17:41,333 [INFO] 72 fetched
2025-10-19 16:17:41,333 [INFO] Sleeping 85s before next set.
2025-10-19 16:19:07,307 [INFO] Fetching 70702-1 — https://www.bricklink.com/v2/catalog/catalogitem.page?S=70702-1#T=P
2025-10-19 16:19:16,997 [INFO] Appended 4 rows — CSV now has 7920 rows.
2025-10-19 16:19:17,002 [INFO] 73 fetched
2025-10-19 16:19:17,004 [INFO] Sleeping 72s before next set.
2025-10-19 16:20:29,343 [INFO] Fetching 70703-1 — https://www.bricklink.com/v2/catalog/catalogitem.page?S=70703-1#T=P
2025-10-19 16:20:39,216 [INFO] Appended 4 rows — CSV now has 7924 rows.
2025-10-19 16:20:39,222 [INFO] 74 fetched
2025-10-19 16:20:39,223 [INFO] Sleeping 57s before next set.
2025-10-19 16:21:36,757 [INFO] Fetching 70707-1 — https://www.bricklink.com/v2/catalog/catalogitem.page?S=70707-1#T=P
2025-10-19 16:21:46,638 [INFO] Appended 4 rows — CSV now has 7928 rows.
2025-10-19 16:21:46,643 [INFO] 75 fetched
2025-10-19 16:21:46,643 [INFO] Sleeping 65s before next set.
2025-10-19 16:22:51,991 [INFO] Fetching 75004-1 — https://www.bricklink.com/v2/catalog/catalogitem.page?S=75004-1#T=P
2025-10-19 16:23:01,976 [INFO] Appended 4 rows — CSV now has 7932 rows.
2025-10-19 16:23:01,983 [INFO] 76 fetched
2025-10-19 16:23:01,983 [INFO] Sleeping 61s before next set.
2025-10-19 16:24:03,580 [INFO] Fetching 75005-1 — https://www.bricklink.com/v2/catalog/catalogitem.page?S=75005-1#T=P
2025-10-19 16:24:13,119 [INFO] Appended 4 rows — CSV now has 7936 rows.
2025-10-19 16:24:13,123 [INFO] 77 fetched
2025-10-19 16:24:13,123 [INFO] Sleeping 36s before next set.
2025-10-19 16:24:49,262 [INFO] Fetching 75013-1 — https://www.bricklink.com/v2/catalog/catalogitem.page?S=75013-1#T=P
2025-10-19 16:24:58,973 [INFO] Appended 4 rows — CSV now has 7940 rows.
2025-10-19 16:24:58,977 [INFO] 78 fetched
2025-10-19 16:24:58,978 [INFO] Sleeping 74s before next set.
2025-10-19 16:26:13,279 [INFO] Fetching 75014-1 — https://www.bricklink.com/v2/catalog/catalogitem.page?S=75014-1#T=P
2025-10-19 16:26:22,869 [INFO] Appended 4 rows — CSV now has 7944 rows.
2025-10-19 16:26:22,874 [INFO] 79 fetched
2025-10-19 16:26:22,874 [INFO] Sleeping 83s before next set.
2025-10-19 16:27:46,675 [INFO] Fetching 75015-1 — https://www.bricklink.com/v2/catalog/catalogitem.page?S=75015-1#T=P
2025-10-19 16:27:56,347 [INFO] Appended 4 rows — CSV now has 7948 rows.
2025-10-19 16:27:56,352 [INFO] 80 fetched
2025-10-19 16:27:56,352 [INFO] Sleeping 83s before next set.
2025-10-19 16:29:20,184 [INFO] Fetching 75016-1 — https://www.bricklink.com/v2/catalog/catalogitem.page?S=75016-1#T=P
2025-10-19 16:29:29,689 [INFO] Appended 4 rows — CSV now has 7952 rows.
2025-10-19 16:29:29,693 [INFO] 81 fetched
2025-10-19 16:29:29,694 [INFO] Sleeping 55s before next set.
2025-10-19 16:30:24,731 [INFO] Fetching 75017-1 — https://www.bricklink.com/v2/catalog/catalogitem.page?S=75017-1#T=P
2025-10-19 16:30:34,526 [INFO] Appended 4 rows — CSV now has 7956 rows.
2025-10-19 16:30:34,530 [INFO] 82 fetched
2025-10-19 16:30:34,530 [INFO] Sleeping 58s before next set.
2025-10-19 16:31:32,820 [INFO] Fetching 75023-1 — https://www.bricklink.com/v2/catalog/catalogitem.page?S=75023-1#T=P
2025-10-19 16:31:42,611 [INFO] Appended 4 rows — CSV now has 7960 rows.
2025-10-19 16:31:42,616 [INFO] 83 fetched
2025-10-19 16:31:42,616 [INFO] Sleeping 71s before next set.
2025-10-19 16:32:54,192 [INFO] Fetching 75024-1 — https://www.bricklink.com/v2/catalog/catalogitem.page?S=75024-1#T=P
2025-10-19 16:33:04,037 [INFO] Appended 4 rows — CSV now has 7964 rows.
2025-10-19 16:33:04,042 [INFO] 84 fetched
2025-10-19 16:33:04,043 [INFO] Sleeping 44s before next set.
2025-10-19 16:33:48,485 [INFO] Fetching 76001-1 — https://www.bricklink.com/v2/catalog/catalogitem.page?S=76001-1#T=P
2025-10-19 16:33:58,067 [INFO] Appended 4 rows — CSV now has 7968 rows.
2025-10-19 16:33:58,071 [INFO] 85 fetched
2025-10-19 16:33:58,071 [INFO] Sleeping 40s before next set.
2025-10-19 16:34:38,354 [INFO] Fetching 76003-1 — https://www.bricklink.com/v2/catalog/catalogitem.page?S=76003-1#T=P
2025-10-19 16:34:48,157 [INFO] Appended 4 rows — CSV now has 7972 rows.
2025-10-19 16:34:48,162 [INFO] 86 fetched
2025-10-19 16:34:48,162 [INFO] Sleeping 57s before next set.
2025-10-19 16:35:45,817 [INFO] Fetching 76005-1 — https://www.bricklink.com/v2/catalog/catalogitem.page?S=76005-1#T=P
2025-10-19 16:35:55,417 [INFO] Appended 4 rows — CSV now has 7976 rows.
2025-10-19 16:35:55,422 [INFO] 87 fetched
2025-10-19 16:35:55,423 [INFO] Sleeping 31s before next set.
2025-10-19 16:36:27,092 [INFO] Fetching 76007-1 — https://www.bricklink.com/v2/catalog/catalogitem.page?S=76007-1#T=P
2025-10-19 16:36:36,785 [INFO] Appended 4 rows — CSV now has 7980 rows.
2025-10-19 16:36:36,789 [INFO] 88 fetched
2025-10-19 16:36:36,790 [INFO] Sleeping 77s before next set.
2025-10-19 16:37:54,089 [INFO] Fetching 79012-1 — https://www.bricklink.com/v2/catalog/catalogitem.page?S=79012-1#T=P
2025-10-19 16:38:03,868 [INFO] Appended 4 rows — CSV now has 7984 rows.
2025-10-19 16:38:03,874 [INFO] 89 fetched
2025-10-19 16:38:03,875 [INFO] Sleeping 35s before next set.
2025-10-19 16:38:39,875 [INFO] Fetching 79013-1 — https://www.bricklink.com/v2/catalog/catalogitem.page?S=79013-1#T=P
2025-10-19 16:38:49,680 [INFO] Appended 4 rows — CSV now has 7988 rows.
2025-10-19 16:38:49,687 [INFO] 90 fetched
2025-10-19 16:38:49,687 [INFO] Sleeping 39s before next set.
2025-10-19 16:39:28,831 [INFO] Fetching 79103-1 — https://www.bricklink.com/v2/catalog/catalogitem.page?S=79103-1#T=P
2025-10-19 16:39:38,475 [INFO] Appended 4 rows — CSV now has 7992 rows.
2025-10-19 16:39:38,480 [INFO] 91 fetched
2025-10-19 16:39:38,480 [INFO] Sleeping 46s before next set.
2025-10-19 16:40:24,784 [INFO] Fetching 79105-1 — https://www.bricklink.com/v2/catalog/catalogitem.page?S=79105-1#T=P
2025-10-19 16:40:34,354 [INFO] Appended 4 rows — CSV now has 7996 rows.
2025-10-19 16:40:34,362 [INFO] 92 fetched
2025-10-19 16:40:34,365 [INFO] Sleeping 75s before next set.
2025-10-19 16:41:50,143 [INFO] Fetching 79108-1 — https://www.bricklink.com/v2/catalog/catalogitem.page?S=79108-1#T=P
2025-10-19 16:41:59,803 [INFO] Appended 4 rows — CSV now has 8000 rows.
2025-10-19 16:41:59,809 [INFO] 93 fetched
2025-10-19 16:41:59,809 [INFO] Sleeping 50s before next set.
2025-10-19 16:42:50,193 [INFO] Fetching 21019-1 — https://www.bricklink.com/v2/catalog/catalogitem.page?S=21019-1#T=P
2025-10-19 16:42:59,838 [INFO] Appended 4 rows — CSV now has 8004 rows.
2025-10-19 16:42:59,845 [INFO] 94 fetched
2025-10-19 16:42:59,845 [INFO] Sleeping 40s before next set.
2025-10-19 16:43:40,459 [INFO] Fetching 21104-1 — https://www.bricklink.com/v2/catalog/catalogitem.page?S=21104-1#T=P
2025-10-19 16:43:49,944 [INFO] Appended 4 rows — CSV now has 8008 rows.
2025-10-19 16:43:49,948 [INFO] 95 fetched
2025-10-19 16:43:49,948 [INFO] Sleeping 32s before next set.
2025-10-19 16:44:21,988 [INFO] Fetching 21107-1 — https://www.bricklink.com/v2/catalog/catalogitem.page?S=21107-1#T=P
2025-10-19 16:44:31,742 [INFO] Appended 4 rows — CSV now has 8012 rows.
2025-10-19 16:44:31,746 [INFO] 96 fetched
2025-10-19 16:44:31,747 [INFO] Sleeping 45s before next set.
2025-10-19 16:45:16,755 [INFO] Fetching 21109-1 — https://www.bricklink.com/v2/catalog/catalogitem.page?S=21109-1#T=P
2025-10-19 16:45:26,312 [INFO] Appended 4 rows — CSV now has 8016 rows.
2025-10-19 16:45:26,317 [INFO] 97 fetched
2025-10-19 16:45:26,317 [INFO] Sleeping 61s before next set.
2025-10-19 16:46:28,282 [INFO] Fetching 21114-1 — https://www.bricklink.com/v2/catalog/catalogitem.page?S=21114-1#T=P
2025-10-19 16:46:38,015 [INFO] Appended 4 rows — CSV now has 8020 rows.
2025-10-19 16:46:38,020 [INFO] 98 fetched
2025-10-19 16:46:38,021 [INFO] Sleeping 57s before next set.
2025-10-19 16:47:35,952 [INFO] Finished run.
