2025-10-16 10:19:12,484 [INFO] Fichier de log actif : logs\bricklink_20251016_0819.log
2025-10-16 10:19:12,905 [INFO] 50 sets à scrapper récupérés depuis la DB.
2025-10-16 10:19:12,927 [INFO] Skip 10282-2 (fetch récent < 7 jours).
2025-10-16 10:19:12,927 [INFO] Fetching 75582-1 — https://www.bricklink.com/v2/catalog/catalogitem.page?S=75582-1#T=P
2025-10-16 10:19:21,735 [INFO] Appended 4 rows — CSV now has 3900 rows.
2025-10-16 10:19:21,741 [INFO] 1 fetched
2025-10-16 10:19:21,742 [INFO] Sleeping 114s before next set.
2025-10-16 10:21:16,353 [INFO] Fetching 76428-1 — https://www.bricklink.com/v2/catalog/catalogitem.page?S=76428-1#T=P
2025-10-16 10:21:32,441 [INFO] Appended 4 rows — CSV now has 3904 rows.
2025-10-16 10:21:32,444 [INFO] 2 fetched
2025-10-16 10:21:32,445 [INFO] Sleeping 65s before next set.
2025-10-16 10:22:37,694 [INFO] Fetching 76781-1 — https://www.bricklink.com/v2/catalog/catalogitem.page?S=76781-1#T=P
2025-10-16 10:22:47,463 [INFO] Appended 4 rows — CSV now has 3908 rows.
2025-10-16 10:22:47,470 [INFO] 3 fetched
2025-10-16 10:22:47,471 [INFO] Sleeping 84s before next set.
2025-10-16 10:24:11,777 [INFO] Fetching 76924-1 — https://www.bricklink.com/v2/catalog/catalogitem.page?S=76924-1#T=P
2025-10-16 10:24:29,881 [INFO] Appended 4 rows — CSV now has 3912 rows.
2025-10-16 10:24:29,887 [INFO] 4 fetched
2025-10-16 10:24:29,887 [INFO] Sleeping 70s before next set.
2025-10-16 10:25:40,788 [INFO] Fetching 77073-1 — https://www.bricklink.com/v2/catalog/catalogitem.page?S=77073-1#T=P
2025-10-16 10:26:00,033 [INFO] Appended 4 rows — CSV now has 3916 rows.
2025-10-16 10:26:00,036 [INFO] 5 fetched
2025-10-16 10:26:00,037 [INFO] Sleeping 107s before next set.
2025-10-16 10:27:47,919 [INFO] Fetching 80053-1 — https://www.bricklink.com/v2/catalog/catalogitem.page?S=80053-1#T=P
2025-10-16 10:27:58,098 [INFO] Appended 4 rows — CSV now has 3920 rows.
2025-10-16 10:27:58,101 [INFO] 6 fetched
2025-10-16 10:27:58,101 [INFO] Sleeping 109s before next set.
2025-10-16 10:29:47,143 [INFO] Fetching 80056-1 — https://www.bricklink.com/v2/catalog/catalogitem.page?S=80056-1#T=P
2025-10-16 10:29:56,928 [INFO] Appended 4 rows — CSV now has 3924 rows.
2025-10-16 10:29:56,931 [INFO] 7 fetched
2025-10-16 10:29:56,931 [INFO] Sleeping 113s before next set.
2025-10-16 10:31:50,032 [INFO] Fetching 10361-1 — https://www.bricklink.com/v2/catalog/catalogitem.page?S=10361-1#T=P
2025-10-16 10:32:02,133 [INFO] Appended 4 rows — CSV now has 3928 rows.
2025-10-16 10:32:02,137 [INFO] 8 fetched
2025-10-16 10:32:02,137 [INFO] Sleeping 74s before next set.
2025-10-16 10:33:16,943 [INFO] Fetching 42209-1 — https://www.bricklink.com/v2/catalog/catalogitem.page?S=42209-1#T=P
2025-10-16 10:33:26,732 [INFO] Appended 4 rows — CSV now has 3932 rows.
2025-10-16 10:33:26,735 [INFO] 9 fetched
2025-10-16 10:33:26,735 [INFO] Sleeping 99s before next set.
2025-10-16 10:35:06,580 [INFO] Fetching 43267-1 — https://www.bricklink.com/v2/catalog/catalogitem.page?S=43267-1#T=P
2025-10-16 10:35:12,202 [INFO] Appended 4 rows — CSV now has 3936 rows.
2025-10-16 10:35:12,205 [INFO] 10 fetched
2025-10-16 10:35:12,205 [INFO] Sleeping 80s before next set.
2025-10-16 10:36:32,888 [INFO] Fetching 43010-1 — https://www.bricklink.com/v2/catalog/catalogitem.page?S=43010-1#T=P
2025-10-16 10:36:38,429 [INFO] Appended 4 rows — CSV now has 3940 rows.
2025-10-16 10:36:38,434 [INFO] 11 fetched
2025-10-16 10:36:38,435 [INFO] Sleeping 99s before next set.
2025-10-16 10:38:18,261 [INFO] Fetching 71499-1 — https://www.bricklink.com/v2/catalog/catalogitem.page?S=71499-1#T=P
2025-10-16 10:38:28,135 [INFO] Appended 4 rows — CSV now has 3944 rows.
2025-10-16 10:38:28,137 [INFO] 12 fetched
2025-10-16 10:38:28,138 [INFO] Sleeping 90s before next set.
2025-10-16 10:39:58,493 [INFO] Fetching 75689-1 — https://www.bricklink.com/v2/catalog/catalogitem.page?S=75689-1#T=P
2025-10-16 10:40:06,585 [INFO] Appended 4 rows — CSV now has 3948 rows.
2025-10-16 10:40:06,588 [INFO] 13 fetched
2025-10-16 10:40:06,588 [INFO] Sleeping 80s before next set.
2025-10-16 10:41:27,166 [INFO] Fetching 76304-1 — https://www.bricklink.com/v2/catalog/catalogitem.page?S=76304-1#T=P
2025-10-16 10:41:39,798 [INFO] Appended 4 rows — CSV now has 3952 rows.
2025-10-16 10:41:39,801 [INFO] 14 fetched
2025-10-16 10:41:39,802 [INFO] Sleeping 112s before next set.
2025-10-16 10:43:31,854 [INFO] Fetching 76324-1 — https://www.bricklink.com/v2/catalog/catalogitem.page?S=76324-1#T=P
2025-10-16 10:43:42,742 [INFO] Appended 4 rows — CSV now has 3956 rows.
2025-10-16 10:43:42,745 [INFO] 15 fetched
2025-10-16 10:43:42,745 [INFO] Sleeping 119s before next set.
2025-10-16 10:45:42,179 [INFO] Fetching 76976-1 — https://www.bricklink.com/v2/catalog/catalogitem.page?S=76976-1#T=P
2025-10-16 10:45:52,261 [INFO] Appended 4 rows — CSV now has 3960 rows.
2025-10-16 10:45:52,265 [INFO] 16 fetched
2025-10-16 10:45:52,265 [INFO] Sleeping 79s before next set.
2025-10-16 10:47:11,637 [INFO] Fetching 43257-1 — https://www.bricklink.com/v2/catalog/catalogitem.page?S=43257-1#T=P
2025-10-16 10:47:21,370 [INFO] Appended 4 rows — CSV now has 3964 rows.
2025-10-16 10:47:21,374 [INFO] 17 fetched
2025-10-16 10:47:21,374 [INFO] Sleeping 72s before next set.
2025-10-16 10:48:33,999 [INFO] Fetching 10353-1 — https://www.bricklink.com/v2/catalog/catalogitem.page?S=10353-1#T=P
2025-10-16 10:48:43,598 [INFO] Appended 4 rows — CSV now has 3968 rows.
2025-10-16 10:48:43,601 [INFO] 18 fetched
2025-10-16 10:48:43,601 [INFO] Sleeping 79s before next set.
2025-10-16 10:50:03,458 [INFO] Fetching 10375-1 — https://www.bricklink.com/v2/catalog/catalogitem.page?S=10375-1#T=P
2025-10-16 10:50:12,966 [INFO] Appended 4 rows — CSV now has 3972 rows.
2025-10-16 10:50:12,970 [INFO] 19 fetched
2025-10-16 10:50:12,970 [INFO] Sleeping 108s before next set.
2025-10-16 10:52:01,215 [INFO] Fetching 60462-1 — https://www.bricklink.com/v2/catalog/catalogitem.page?S=60462-1#T=P
2025-10-16 10:52:10,755 [INFO] Appended 4 rows — CSV now has 3976 rows.
2025-10-16 10:52:10,757 [INFO] 20 fetched
2025-10-16 10:52:10,758 [INFO] Sleeping 162s before next set.
2025-10-16 10:54:53,427 [INFO] Fetching 60469-1 — https://www.bricklink.com/v2/catalog/catalogitem.page?S=60469-1#T=P
2025-10-16 10:55:04,205 [INFO] Appended 4 rows — CSV now has 3980 rows.
2025-10-16 10:55:04,208 [INFO] 21 fetched
2025-10-16 10:55:04,208 [INFO] Sleeping 112s before next set.
2025-10-16 10:56:56,395 [INFO] Fetching 11044-1 — https://www.bricklink.com/v2/catalog/catalogitem.page?S=11044-1#T=P
2025-10-16 10:57:05,435 [INFO] Appended 4 rows — CSV now has 3984 rows.
2025-10-16 10:57:05,442 [INFO] 22 fetched
2025-10-16 10:57:05,442 [INFO] Sleeping 70s before next set.
2025-10-16 10:58:15,941 [INFO] Fetching 21279-1 — https://www.bricklink.com/v2/catalog/catalogitem.page?S=21279-1#T=P
2025-10-16 10:58:25,681 [INFO] Appended 4 rows — CSV now has 3988 rows.
2025-10-16 10:58:25,685 [INFO] 23 fetched
2025-10-16 10:58:25,686 [INFO] Sleeping 68s before next set.
2025-10-16 10:59:34,322 [INFO] Fetching 75413-1 — https://www.bricklink.com/v2/catalog/catalogitem.page?S=75413-1#T=P
2025-10-16 10:59:44,153 [INFO] Appended 4 rows — CSV now has 3992 rows.
2025-10-16 10:59:44,158 [INFO] 24 fetched
2025-10-16 10:59:44,158 [INFO] Sleeping 95s before next set.
2025-10-16 11:01:19,687 [INFO] Fetching 75434-1 — https://www.bricklink.com/v2/catalog/catalogitem.page?S=75434-1#T=P
2025-10-16 11:01:29,228 [INFO] Appended 4 rows — CSV now has 3996 rows.
2025-10-16 11:01:29,232 [INFO] 25 fetched
2025-10-16 11:01:29,233 [INFO] Sleeping 79s before next set.
2025-10-16 11:02:48,863 [INFO] Fetching 42204-1 — https://www.bricklink.com/v2/catalog/catalogitem.page?S=42204-1#T=P
2025-10-16 11:03:00,659 [INFO] Appended 4 rows — CSV now has 4000 rows.
2025-10-16 11:03:00,662 [INFO] 26 fetched
2025-10-16 11:03:00,663 [INFO] Sleeping 81s before next set.
2025-10-16 11:04:22,103 [INFO] Fetching 42213-1 — https://www.bricklink.com/v2/catalog/catalogitem.page?S=42213-1#T=P
2025-10-16 11:04:31,560 [INFO] Appended 4 rows — CSV now has 4004 rows.
2025-10-16 11:04:31,565 [INFO] 27 fetched
2025-10-16 11:04:31,566 [INFO] Sleeping 83s before next set.
2025-10-16 11:05:54,636 [INFO] Fetching 42655-1 — https://www.bricklink.com/v2/catalog/catalogitem.page?S=42655-1#T=P
2025-10-16 11:06:04,215 [INFO] Appended 4 rows — CSV now has 4008 rows.
2025-10-16 11:06:04,221 [INFO] 28 fetched
2025-10-16 11:06:04,222 [INFO] Sleeping 69s before next set.
2025-10-16 11:07:14,027 [INFO] Fetching 42656-1 — https://www.bricklink.com/v2/catalog/catalogitem.page?S=42656-1#T=P
2025-10-16 11:07:19,646 [INFO] Appended 4 rows — CSV now has 4012 rows.
2025-10-16 11:07:19,649 [INFO] 29 fetched
2025-10-16 11:07:19,649 [INFO] Sleeping 87s before next set.
2025-10-16 11:08:47,226 [INFO] Fetching 42663-1 — https://www.bricklink.com/v2/catalog/catalogitem.page?S=42663-1#T=P
2025-10-16 11:08:57,923 [INFO] Appended 4 rows — CSV now has 4016 rows.
2025-10-16 11:08:57,926 [INFO] 30 fetched
2025-10-16 11:08:57,926 [INFO] Sleeping 90s before next set.
2025-10-16 11:10:28,277 [INFO] Fetching 43268-1 — https://www.bricklink.com/v2/catalog/catalogitem.page?S=43268-1#T=P
2025-10-16 11:10:40,218 [INFO] Appended 4 rows — CSV now has 4020 rows.
2025-10-16 11:10:40,222 [INFO] 31 fetched
2025-10-16 11:10:40,222 [INFO] Sleeping 117s before next set.
2025-10-16 11:12:37,443 [INFO] Fetching 43279-1 — https://www.bricklink.com/v2/catalog/catalogitem.page?S=43279-1#T=P
2025-10-16 11:12:59,588 [INFO] Appended 4 rows — CSV now has 4024 rows.
2025-10-16 11:12:59,595 [INFO] 32 fetched
2025-10-16 11:12:59,595 [INFO] Sleeping 101s before next set.
2025-10-16 11:14:41,014 [INFO] Fetching 60467-1 — https://www.bricklink.com/v2/catalog/catalogitem.page?S=60467-1#T=P
2025-10-16 11:15:04,821 [INFO] Appended 4 rows — CSV now has 4028 rows.
2025-10-16 11:15:04,824 [INFO] 33 fetched
2025-10-16 11:15:04,824 [INFO] Sleeping 116s before next set.
2025-10-16 11:17:01,184 [INFO] Fetching 60472-1 — https://www.bricklink.com/v2/catalog/catalogitem.page?S=60472-1#T=P
2025-10-16 11:17:10,777 [INFO] Appended 4 rows — CSV now has 4032 rows.
2025-10-16 11:17:10,780 [INFO] 34 fetched
2025-10-16 11:17:10,780 [INFO] Sleeping 68s before next set.
2025-10-16 11:18:18,912 [INFO] Fetching 40820-1 — https://www.bricklink.com/v2/catalog/catalogitem.page?S=40820-1#T=P
2025-10-16 11:18:36,945 [INFO] Appended 4 rows — CSV now has 4036 rows.
2025-10-16 11:18:36,948 [INFO] 35 fetched
2025-10-16 11:18:36,948 [INFO] Sleeping 72s before next set.
2025-10-16 11:19:49,089 [INFO] Fetching 71836-1 — https://www.bricklink.com/v2/catalog/catalogitem.page?S=71836-1#T=P
2025-10-16 11:20:02,687 [INFO] Appended 4 rows — CSV now has 4040 rows.
2025-10-16 11:20:02,689 [INFO] 36 fetched
2025-10-16 11:20:02,690 [INFO] Sleeping 60s before next set.
2025-10-16 11:21:02,752 [INFO] Fetching 71846-1 — https://www.bricklink.com/v2/catalog/catalogitem.page?S=71846-1#T=P
2025-10-16 11:21:12,553 [INFO] Appended 4 rows — CSV now has 4044 rows.
2025-10-16 11:21:12,557 [INFO] 37 fetched
2025-10-16 11:21:12,557 [INFO] Sleeping 108s before next set.
2025-10-16 11:23:00,741 [INFO] Fetching 72036-1 — https://www.bricklink.com/v2/catalog/catalogitem.page?S=72036-1#T=P
2025-10-16 11:23:14,576 [INFO] Appended 4 rows — CSV now has 4048 rows.
2025-10-16 11:23:14,582 [INFO] 38 fetched
2025-10-16 11:23:14,583 [INFO] Sleeping 116s before next set.
2025-10-16 11:25:10,607 [INFO] Fetching 75435-1 — https://www.bricklink.com/v2/catalog/catalogitem.page?S=75435-1#T=P
2025-10-16 11:25:20,195 [INFO] Appended 4 rows — CSV now has 4052 rows.
2025-10-16 11:25:20,197 [INFO] 39 fetched
2025-10-16 11:25:20,198 [INFO] Sleeping 110s before next set.
2025-10-16 11:27:10,813 [INFO] Fetching 75638-1 — https://www.bricklink.com/v2/catalog/catalogitem.page?S=75638-1#T=P
2025-10-16 11:27:21,818 [INFO] Appended 4 rows — CSV now has 4056 rows.
2025-10-16 11:27:21,824 [INFO] 40 fetched
2025-10-16 11:27:21,825 [INFO] Sleeping 166s before next set.
2025-10-16 11:30:08,641 [INFO] Fetching 76313-1 — https://www.bricklink.com/v2/catalog/catalogitem.page?S=76313-1#T=P
2025-10-16 11:30:18,715 [INFO] Appended 4 rows — CSV now has 4060 rows.
2025-10-16 11:30:18,718 [INFO] 41 fetched
2025-10-16 11:30:18,718 [INFO] Sleeping 113s before next set.
2025-10-16 11:32:12,210 [INFO] Fetching 77037-1 — https://www.bricklink.com/v2/catalog/catalogitem.page?S=77037-1#T=P
2025-10-16 11:32:22,062 [INFO] Appended 4 rows — CSV now has 4064 rows.
2025-10-16 11:32:22,067 [INFO] 42 fetched
2025-10-16 11:32:22,067 [INFO] Sleeping 65s before next set.
2025-10-16 11:33:27,628 [INFO] Fetching 77057-1 — https://www.bricklink.com/v2/catalog/catalogitem.page?S=77057-1#T=P
2025-10-16 11:33:37,440 [INFO] Appended 4 rows — CSV now has 4068 rows.
2025-10-16 11:33:37,447 [INFO] 43 fetched
2025-10-16 11:33:37,448 [INFO] Sleeping 80s before next set.
2025-10-16 11:34:57,902 [INFO] Fetching 80065-1 — https://www.bricklink.com/v2/catalog/catalogitem.page?S=80065-1#T=P
2025-10-16 11:35:20,351 [INFO] Appended 4 rows — CSV now has 4072 rows.
2025-10-16 11:35:20,355 [INFO] 44 fetched
2025-10-16 11:35:20,355 [INFO] Sleeping 97s before next set.
2025-10-16 11:36:57,564 [INFO] Fetching 910056-1 — https://www.bricklink.com/v2/catalog/catalogitem.page?S=910056-1#T=P
2025-10-16 11:38:06,761 [INFO] Aucune donnée parsée pour 910056-1.
2025-10-16 11:38:06,768 [INFO] 45 fetched
2025-10-16 11:38:06,768 [INFO] Sleeping 86s before next set.
2025-10-16 11:39:33,051 [INFO] Fetching 10374-1 — https://www.bricklink.com/v2/catalog/catalogitem.page?S=10374-1#T=P
2025-10-16 11:39:40,369 [INFO] Appended 4 rows — CSV now has 4076 rows.
2025-10-16 11:39:40,373 [INFO] 46 fetched
2025-10-16 11:39:40,373 [INFO] Sleeping 93s before next set.
2025-10-16 11:41:13,419 [INFO] Fetching 76450-1 — https://www.bricklink.com/v2/catalog/catalogitem.page?S=76450-1#T=P
2025-10-16 11:41:29,534 [INFO] Appended 4 rows — CSV now has 4080 rows.
2025-10-16 11:41:29,541 [INFO] 47 fetched
2025-10-16 11:41:29,542 [INFO] Sleeping 60s before next set.
2025-10-16 11:42:30,227 [INFO] Fetching 76452-1 — https://www.bricklink.com/v2/catalog/catalogitem.page?S=76452-1#T=P
2025-10-16 11:42:40,048 [INFO] Appended 4 rows — CSV now has 4084 rows.
2025-10-16 11:42:40,050 [INFO] 48 fetched
2025-10-16 11:42:40,051 [INFO] Sleeping 110s before next set.
2025-10-16 11:44:30,833 [INFO] Fetching 31214-1 — https://www.bricklink.com/v2/catalog/catalogitem.page?S=31214-1#T=P
2025-10-16 11:44:43,941 [INFO] Appended 4 rows — CSV now has 4088 rows.
2025-10-16 11:44:43,947 [INFO] 49 fetched
2025-10-16 11:44:43,948 [INFO] Sleeping 90s before next set.
2025-10-16 11:46:14,723 [INFO] Finished run.
