2025-10-15 08:37:43,266 [INFO] Fichier de log actif : logs\bricklink_20251015_0637.log
2025-10-15 08:37:43,708 [INFO] 50 sets à scrapper récupérés depuis la DB.
2025-10-15 08:37:43,709 [INFO] Fetching 8654-1 — https://www.bricklink.com/v2/catalog/catalogitem.page?S=8654-1#T=P
2025-10-15 08:37:55,731 [INFO] Appended 4 rows — CSV now has 2656 rows.
2025-10-15 08:37:55,735 [INFO] Sleeping 79s before next set.
2025-10-15 08:39:15,636 [INFO] Fetching 4896-1 — https://www.bricklink.com/v2/catalog/catalogitem.page?S=4896-1#T=P
2025-10-15 08:39:25,291 [INFO] Appended 4 rows — CSV now has 2660 rows.
2025-10-15 08:39:25,298 [INFO] Sleeping 117s before next set.
2025-10-15 08:41:22,322 [INFO] Fetching 6210-1 — https://www.bricklink.com/v2/catalog/catalogitem.page?S=6210-1#T=P
2025-10-15 08:41:32,403 [INFO] Appended 4 rows — CSV now has 2664 rows.
2025-10-15 08:41:32,406 [INFO] Sleeping 72s before next set.
2025-10-15 08:42:45,021 [INFO] Fetching 7785-1 — https://www.bricklink.com/v2/catalog/catalogitem.page?S=7785-1#T=P
2025-10-15 08:42:55,088 [INFO] Appended 4 rows — CSV now has 2668 rows.
2025-10-15 08:42:55,090 [INFO] Sleeping 100s before next set.
2025-10-15 08:44:35,461 [INFO] Fetching 7898-1 — https://www.bricklink.com/v2/catalog/catalogitem.page?S=7898-1#T=P
2025-10-15 08:44:44,952 [INFO] Appended 4 rows — CSV now has 2672 rows.
2025-10-15 08:44:44,954 [INFO] Sleeping 103s before next set.
2025-10-15 08:46:28,924 [INFO] Fetching 8288-1 — https://www.bricklink.com/v2/catalog/catalogitem.page?S=8288-1#T=P
2025-10-15 08:46:38,486 [INFO] Appended 4 rows — CSV now has 2676 rows.
2025-10-15 08:46:38,488 [INFO] Sleeping 89s before next set.
2025-10-15 08:48:08,167 [INFO] Fetching 10173-1 — https://www.bricklink.com/v2/catalog/catalogitem.page?S=10173-1#T=P
2025-10-15 08:48:17,665 [INFO] Appended 4 rows — CSV now has 2680 rows.
2025-10-15 08:48:17,669 [INFO] Sleeping 89s before next set.
2025-10-15 08:49:47,292 [INFO] Fetching 10176-1 — https://www.bricklink.com/v2/catalog/catalogitem.page?S=10176-1#T=P
2025-10-15 08:49:57,589 [INFO] Appended 4 rows — CSV now has 2684 rows.
2025-10-15 08:49:57,591 [INFO] Sleeping 83s before next set.
2025-10-15 08:51:21,046 [INFO] Fetching 8147-1 — https://www.bricklink.com/v2/catalog/catalogitem.page?S=8147-1#T=P
2025-10-15 08:51:26,503 [INFO] Appended 4 rows — CSV now has 2688 rows.
2025-10-15 08:51:26,508 [INFO] Sleeping 65s before next set.
2025-10-15 08:52:31,726 [INFO] Fetching 4958-1 — https://www.bricklink.com/v2/catalog/catalogitem.page?S=4958-1#T=P
2025-10-15 08:52:42,023 [INFO] Appended 4 rows — CSV now has 2692 rows.
2025-10-15 08:52:42,025 [INFO] Sleeping 83s before next set.
2025-10-15 08:54:05,473 [INFO] Fetching 5378-1 — https://www.bricklink.com/v2/catalog/catalogitem.page?S=5378-1#T=P
2025-10-15 08:54:14,870 [INFO] Appended 4 rows — CSV now has 2696 rows.
2025-10-15 08:54:14,872 [INFO] Sleeping 89s before next set.
2025-10-15 08:55:44,858 [INFO] Fetching 7094-1 — https://www.bricklink.com/v2/catalog/catalogitem.page?S=7094-1#T=P
2025-10-15 08:55:54,461 [INFO] Appended 4 rows — CSV now has 2700 rows.
2025-10-15 08:55:54,464 [INFO] Sleeping 103s before next set.
2025-10-15 08:57:37,849 [INFO] Fetching 7665-1 — https://www.bricklink.com/v2/catalog/catalogitem.page?S=7665-1#T=P
2025-10-15 08:57:48,706 [INFO] Appended 4 rows — CSV now has 2704 rows.
2025-10-15 08:57:48,709 [INFO] Sleeping 71s before next set.
2025-10-15 08:59:00,636 [INFO] Fetching 7690-1 — https://www.bricklink.com/v2/catalog/catalogitem.page?S=7690-1#T=P
2025-10-15 08:59:10,051 [INFO] Appended 4 rows — CSV now has 2708 rows.
2025-10-15 08:59:10,055 [INFO] Sleeping 104s before next set.
2025-10-15 09:00:54,219 [INFO] Fetching 7775-1 — https://www.bricklink.com/v2/catalog/catalogitem.page?S=7775-1#T=P
2025-10-15 09:01:04,028 [INFO] Appended 4 rows — CSV now has 2712 rows.
2025-10-15 09:01:04,030 [INFO] Sleeping 94s before next set.
2025-10-15 09:02:39,003 [INFO] Fetching 8273-1 — https://www.bricklink.com/v2/catalog/catalogitem.page?S=8273-1#T=P
2025-10-15 09:02:48,427 [INFO] Appended 4 rows — CSV now has 2716 rows.
2025-10-15 09:02:48,432 [INFO] Sleeping 62s before next set.
2025-10-15 09:03:50,441 [INFO] Fetching 8157-1 — https://www.bricklink.com/v2/catalog/catalogitem.page?S=8157-1#T=P
2025-10-15 09:03:59,931 [INFO] Appended 4 rows — CSV now has 2720 rows.
2025-10-15 09:03:59,934 [INFO] Sleeping 94s before next set.
2025-10-15 09:05:34,257 [INFO] Fetching 7627-1 — https://www.bricklink.com/v2/catalog/catalogitem.page?S=7627-1#T=P
2025-10-15 09:05:43,881 [INFO] Appended 4 rows — CSV now has 2724 rows.
2025-10-15 09:05:43,883 [INFO] Sleeping 62s before next set.
2025-10-15 09:06:45,986 [INFO] Fetching 7644-1 — https://www.bricklink.com/v2/catalog/catalogitem.page?S=7644-1#T=P
2025-10-15 09:06:55,996 [INFO] Appended 4 rows — CSV now has 2728 rows.
2025-10-15 09:06:56,001 [INFO] Sleeping 111s before next set.
2025-10-15 09:08:47,052 [INFO] Fetching 7649-1 — https://www.bricklink.com/v2/catalog/catalogitem.page?S=7649-1#T=P
2025-10-15 09:09:00,844 [INFO] Appended 4 rows — CSV now has 2732 rows.
2025-10-15 09:09:00,846 [INFO] Sleeping 112s before next set.
2025-10-15 09:10:53,701 [INFO] Fetching 7675-1 — https://www.bricklink.com/v2/catalog/catalogitem.page?S=7675-1#T=P
2025-10-15 09:11:07,389 [INFO] Appended 4 rows — CSV now has 2736 rows.
2025-10-15 09:11:07,392 [INFO] Sleeping 61s before next set.
2025-10-15 09:12:08,757 [INFO] Fetching 7680-1 — https://www.bricklink.com/v2/catalog/catalogitem.page?S=7680-1#T=P
2025-10-15 09:12:18,692 [INFO] Appended 4 rows — CSV now has 2740 rows.
2025-10-15 09:12:18,696 [INFO] Sleeping 107s before next set.
2025-10-15 09:14:06,329 [INFO] Fetching 7744-1 — https://www.bricklink.com/v2/catalog/catalogitem.page?S=7744-1#T=P
2025-10-15 09:14:16,157 [INFO] Appended 4 rows — CSV now has 2744 rows.
2025-10-15 09:14:16,163 [INFO] Sleeping 73s before next set.
2025-10-15 09:15:29,885 [INFO] Fetching 10191-1 — https://www.bricklink.com/v2/catalog/catalogitem.page?S=10191-1#T=P
2025-10-15 09:15:40,924 [INFO] Appended 4 rows — CSV now has 2748 rows.
2025-10-15 09:15:40,927 [INFO] Sleeping 98s before next set.
2025-10-15 09:17:19,115 [INFO] Fetching 10192-1 — https://www.bricklink.com/v2/catalog/catalogitem.page?S=10192-1#T=P
2025-10-15 09:17:39,462 [INFO] Appended 4 rows — CSV now has 2752 rows.
2025-10-15 09:17:39,466 [INFO] Sleeping 95s before next set.
2025-10-15 09:19:14,606 [INFO] Fetching 10200-1 — https://www.bricklink.com/v2/catalog/catalogitem.page?S=10200-1#T=P
2025-10-15 09:19:24,663 [INFO] Appended 4 rows — CSV now has 2756 rows.
2025-10-15 09:19:24,668 [INFO] Sleeping 110s before next set.
2025-10-15 09:21:14,870 [INFO] Fetching 5974-1 — https://www.bricklink.com/v2/catalog/catalogitem.page?S=5974-1#T=P
2025-10-15 09:21:31,584 [INFO] Appended 4 rows — CSV now has 2760 rows.
2025-10-15 09:21:31,586 [INFO] Sleeping 113s before next set.
2025-10-15 09:23:25,370 [INFO] Fetching 6752-1 — https://www.bricklink.com/v2/catalog/catalogitem.page?S=6752-1#T=P
2025-10-15 09:23:34,904 [INFO] Appended 4 rows — CSV now has 2764 rows.
2025-10-15 09:23:34,908 [INFO] Sleeping 111s before next set.
2025-10-15 09:25:26,322 [INFO] Fetching 6754-1 — https://www.bricklink.com/v2/catalog/catalogitem.page?S=6754-1#T=P
2025-10-15 09:25:37,059 [INFO] Appended 4 rows — CSV now has 2768 rows.
2025-10-15 09:25:37,061 [INFO] Sleeping 95s before next set.
2025-10-15 09:27:12,509 [INFO] Fetching 7097-1 — https://www.bricklink.com/v2/catalog/catalogitem.page?S=7097-1#T=P
2025-10-15 09:27:21,962 [INFO] Appended 4 rows — CSV now has 2772 rows.
2025-10-15 09:27:21,966 [INFO] Sleeping 63s before next set.
2025-10-15 09:28:25,863 [INFO] Fetching 7633-1 — https://www.bricklink.com/v2/catalog/catalogitem.page?S=7633-1#T=P
2025-10-15 09:28:37,600 [INFO] Appended 4 rows — CSV now has 2776 rows.
2025-10-15 09:28:37,603 [INFO] Sleeping 68s before next set.
2025-10-15 09:29:46,375 [INFO] Fetching 7642-1 — https://www.bricklink.com/v2/catalog/catalogitem.page?S=7642-1#T=P
2025-10-15 09:29:55,893 [INFO] Appended 4 rows — CSV now has 2780 rows.
2025-10-15 09:29:55,898 [INFO] Sleeping 103s before next set.
2025-10-15 09:31:39,308 [INFO] Fetching 7754-1 — https://www.bricklink.com/v2/catalog/catalogitem.page?S=7754-1#T=P
2025-10-15 09:31:48,886 [INFO] Appended 4 rows — CSV now has 2784 rows.
2025-10-15 09:31:48,891 [INFO] Sleeping 114s before next set.
2025-10-15 09:33:43,226 [INFO] Fetching 8038-1 — https://www.bricklink.com/v2/catalog/catalogitem.page?S=8038-1#T=P
2025-10-15 09:33:56,237 [INFO] Appended 4 rows — CSV now has 2788 rows.
2025-10-15 09:33:56,242 [INFO] Sleeping 72s before next set.
2025-10-15 09:35:08,858 [INFO] Fetching 8186-1 — https://www.bricklink.com/v2/catalog/catalogitem.page?S=8186-1#T=P
2025-10-15 09:35:18,885 [INFO] Appended 4 rows — CSV now has 2792 rows.
2025-10-15 09:35:18,890 [INFO] Sleeping 67s before next set.
2025-10-15 09:36:26,494 [INFO] Fetching 10199-1 — https://www.bricklink.com/v2/catalog/catalogitem.page?S=10199-1#T=P
2025-10-15 09:36:36,334 [INFO] Appended 4 rows — CSV now has 2796 rows.
2025-10-15 09:36:36,337 [INFO] Sleeping 61s before next set.
2025-10-15 09:37:38,177 [INFO] Fetching 21005-1 — https://www.bricklink.com/v2/catalog/catalogitem.page?S=21005-1#T=P
2025-10-15 09:37:47,831 [INFO] Appended 4 rows — CSV now has 2800 rows.
2025-10-15 09:37:47,834 [INFO] Sleeping 84s before next set.
2025-10-15 09:39:12,769 [INFO] Fetching 8864-1 — https://www.bricklink.com/v2/catalog/catalogitem.page?S=8864-1#T=P
2025-10-15 09:39:22,920 [INFO] Appended 4 rows — CSV now has 2804 rows.
2025-10-15 09:39:22,923 [INFO] Sleeping 65s before next set.
2025-10-15 09:40:28,340 [INFO] Fetching 10155-1 — https://www.bricklink.com/v2/catalog/catalogitem.page?S=10155-1#T=P
2025-10-15 09:40:39,918 [INFO] Appended 4 rows — CSV now has 2808 rows.
2025-10-15 09:40:39,920 [INFO] Sleeping 77s before next set.
2025-10-15 09:41:57,155 [INFO] Fetching 7573-1 — https://www.bricklink.com/v2/catalog/catalogitem.page?S=7573-1#T=P
2025-10-15 09:42:06,840 [INFO] Appended 4 rows — CSV now has 2812 rows.
2025-10-15 09:42:06,844 [INFO] Sleeping 173s before next set.
2025-10-15 09:45:00,593 [INFO] Fetching 7939-1 — https://www.bricklink.com/v2/catalog/catalogitem.page?S=7939-1#T=P
2025-10-15 09:45:10,588 [INFO] Appended 4 rows — CSV now has 2816 rows.
2025-10-15 09:45:10,594 [INFO] Sleeping 116s before next set.
2025-10-15 09:47:06,854 [INFO] Fetching 7946-1 — https://www.bricklink.com/v2/catalog/catalogitem.page?S=7946-1#T=P
2025-10-15 09:47:40,829 [INFO] Appended 4 rows — CSV now has 2820 rows.
2025-10-15 09:47:40,833 [INFO] Sleeping 113s before next set.
2025-10-15 09:49:33,930 [INFO] Fetching 8129-1 — https://www.bricklink.com/v2/catalog/catalogitem.page?S=8129-1#T=P
2025-10-15 09:49:46,675 [INFO] Appended 4 rows — CSV now has 2824 rows.
2025-10-15 09:49:46,679 [INFO] Sleeping 100s before next set.
2025-10-15 09:51:27,469 [INFO] Fetching 8214-1 — https://www.bricklink.com/v2/catalog/catalogitem.page?S=8214-1#T=P
2025-10-15 09:51:36,955 [INFO] Appended 4 rows — CSV now has 2828 rows.
2025-10-15 09:51:36,957 [INFO] Sleeping 103s before next set.
2025-10-15 09:53:20,394 [INFO] Fetching 8404-1 — https://www.bricklink.com/v2/catalog/catalogitem.page?S=8404-1#T=P
2025-10-15 09:53:29,820 [INFO] Appended 4 rows — CSV now has 2832 rows.
2025-10-15 09:53:29,824 [INFO] Sleeping 117s before next set.
2025-10-15 09:55:26,837 [INFO] Fetching 3677-1 — https://www.bricklink.com/v2/catalog/catalogitem.page?S=3677-1#T=P
2025-10-15 09:55:36,312 [INFO] Appended 4 rows — CSV now has 2836 rows.
2025-10-15 09:55:36,316 [INFO] Sleeping 73s before next set.
2025-10-15 09:56:49,809 [INFO] Fetching 4184-1 — https://www.bricklink.com/v2/catalog/catalogitem.page?S=4184-1#T=P
2025-10-15 09:56:59,357 [INFO] Appended 4 rows — CSV now has 2840 rows.
2025-10-15 09:56:59,360 [INFO] Sleeping 75s before next set.
2025-10-15 09:58:15,313 [INFO] Fetching 7066-1 — https://www.bricklink.com/v2/catalog/catalogitem.page?S=7066-1#T=P
2025-10-15 09:58:28,699 [INFO] Appended 4 rows — CSV now has 2844 rows.
2025-10-15 09:58:28,705 [INFO] Sleeping 84s before next set.
2025-10-15 09:59:53,319 [INFO] Fetching 7327-1 — https://www.bricklink.com/v2/catalog/catalogitem.page?S=7327-1#T=P
2025-10-15 10:00:02,770 [INFO] Appended 4 rows — CSV now has 2848 rows.
2025-10-15 10:00:02,772 [INFO] Sleeping 93s before next set.
2025-10-15 10:01:35,795 [INFO] Fetching 7498-1 — https://www.bricklink.com/v2/catalog/catalogitem.page?S=7498-1#T=P
2025-10-15 10:01:48,873 [INFO] Appended 4 rows — CSV now has 2852 rows.
2025-10-15 10:01:48,875 [INFO] Sleeping 102s before next set.
2025-10-15 10:03:31,460 [INFO] Finished run.
