2025-10-17 20:50:54,132 [INFO] Fichier de log actif : logs\bricklink_20251017_1850.log
2025-10-17 20:50:54,482 [INFO] 100 sets à scrapper récupérés depuis la DB.
2025-10-17 20:50:54,496 [INFO] Skip 5578-1 (fetch récent < 7 jours).
2025-10-17 20:50:54,497 [INFO] Skip 10282-2 (fetch récent < 7 jours).
2025-10-17 20:50:54,497 [INFO] Fetching 76910-1 — https://www.bricklink.com/v2/catalog/catalogitem.page?S=76910-1#T=P
2025-10-17 20:51:04,529 [INFO] Appended 4 rows — CSV now has 6096 rows.
2025-10-17 20:51:04,533 [INFO] 1 fetched
2025-10-17 20:51:04,533 [INFO] Sleeping 46s before next set.
2025-10-17 20:51:51,233 [INFO] Fetching 80032-1 — https://www.bricklink.com/v2/catalog/catalogitem.page?S=80032-1#T=P
2025-10-17 20:52:00,990 [INFO] Appended 4 rows — CSV now has 6100 rows.
2025-10-17 20:52:00,999 [INFO] 2 fetched
2025-10-17 20:52:01,000 [INFO] Sleeping 33s before next set.
2025-10-17 20:52:34,816 [INFO] Fetching 21339-1 — https://www.bricklink.com/v2/catalog/catalogitem.page?S=21339-1#T=P
2025-10-17 20:52:44,892 [INFO] Appended 4 rows — CSV now has 6104 rows.
2025-10-17 20:52:44,896 [INFO] 3 fetched
2025-10-17 20:52:44,897 [INFO] Sleeping 89s before next set.
2025-10-17 20:54:13,942 [INFO] Fetching 31138-1 — https://www.bricklink.com/v2/catalog/catalogitem.page?S=31138-1#T=P
2025-10-17 20:54:23,718 [INFO] Appended 4 rows — CSV now has 6108 rows.
2025-10-17 20:54:23,722 [INFO] 4 fetched
2025-10-17 20:54:23,722 [INFO] Sleeping 60s before next set.
2025-10-17 20:55:24,460 [INFO] Fetching 21249-1 — https://www.bricklink.com/v2/catalog/catalogitem.page?S=21249-1#T=P
2025-10-17 20:55:33,981 [INFO] Appended 4 rows — CSV now has 6112 rows.
2025-10-17 20:55:33,984 [INFO] 5 fetched
2025-10-17 20:55:33,985 [INFO] Sleeping 56s before next set.
2025-10-17 20:56:30,164 [INFO] Fetching 21340-1 — https://www.bricklink.com/v2/catalog/catalogitem.page?S=21340-1#T=P
2025-10-17 20:56:39,683 [INFO] Appended 4 rows — CSV now has 6116 rows.
2025-10-17 20:56:39,692 [INFO] 6 fetched
2025-10-17 20:56:39,692 [INFO] Sleeping 73s before next set.
2025-10-17 20:57:53,466 [INFO] Fetching 41727-1 — https://www.bricklink.com/v2/catalog/catalogitem.page?S=41727-1#T=P
2025-10-17 20:58:03,488 [INFO] Appended 4 rows — CSV now has 6120 rows.
2025-10-17 20:58:03,492 [INFO] 7 fetched
2025-10-17 20:58:03,492 [INFO] Sleeping 48s before next set.
2025-10-17 20:58:52,161 [INFO] Fetching 41734-1 — https://www.bricklink.com/v2/catalog/catalogitem.page?S=41734-1#T=P
2025-10-17 20:59:01,842 [INFO] Appended 4 rows — CSV now has 6124 rows.
2025-10-17 20:59:01,845 [INFO] 8 fetched
2025-10-17 20:59:01,846 [INFO] Sleeping 81s before next set.
2025-10-17 21:00:23,607 [INFO] Fetching 41745-1 — https://www.bricklink.com/v2/catalog/catalogitem.page?S=41745-1#T=P
2025-10-17 21:00:33,201 [INFO] Appended 4 rows — CSV now has 6128 rows.
2025-10-17 21:00:33,210 [INFO] 9 fetched
2025-10-17 21:00:33,211 [INFO] Sleeping 56s before next set.
2025-10-17 21:01:30,037 [INFO] Fetching 41805-1 — https://www.bricklink.com/v2/catalog/catalogitem.page?S=41805-1#T=P
2025-10-17 21:01:35,407 [INFO] Appended 4 rows — CSV now has 6132 rows.
2025-10-17 21:01:35,412 [INFO] 10 fetched
2025-10-17 21:01:35,412 [INFO] Sleeping 89s before next set.
2025-10-17 21:03:05,185 [INFO] Fetching 41809-1 — https://www.bricklink.com/v2/catalog/catalogitem.page?S=41809-1#T=P
2025-10-17 21:03:14,826 [INFO] Appended 4 rows — CSV now has 6136 rows.
2025-10-17 21:03:14,829 [INFO] 11 fetched
2025-10-17 21:03:14,830 [INFO] Sleeping 47s before next set.
2025-10-17 21:04:02,368 [INFO] Fetching 43224-1 — https://www.bricklink.com/v2/catalog/catalogitem.page?S=43224-1#T=P
2025-10-17 21:04:11,937 [INFO] Appended 4 rows — CSV now has 6140 rows.
2025-10-17 21:04:11,941 [INFO] 12 fetched
2025-10-17 21:04:11,941 [INFO] Sleeping 76s before next set.
2025-10-17 21:05:28,237 [INFO] Fetching 43226-1 — https://www.bricklink.com/v2/catalog/catalogitem.page?S=43226-1#T=P
2025-10-17 21:05:37,766 [INFO] Appended 4 rows — CSV now has 6144 rows.
2025-10-17 21:05:37,774 [INFO] 13 fetched
2025-10-17 21:05:37,774 [INFO] Sleeping 59s before next set.
2025-10-17 21:06:37,372 [INFO] Fetching 43231-1 — https://www.bricklink.com/v2/catalog/catalogitem.page?S=43231-1#T=P
2025-10-17 21:06:47,345 [INFO] Appended 4 rows — CSV now has 6148 rows.
2025-10-17 21:06:47,348 [INFO] 14 fetched
2025-10-17 21:06:47,349 [INFO] Sleeping 89s before next set.
2025-10-17 21:08:17,014 [INFO] Fetching 60371-1 — https://www.bricklink.com/v2/catalog/catalogitem.page?S=60371-1#T=P
2025-10-17 21:08:26,690 [INFO] Appended 4 rows — CSV now has 6152 rows.
2025-10-17 21:08:26,694 [INFO] 15 fetched
2025-10-17 21:08:26,694 [INFO] Sleeping 82s before next set.
2025-10-17 21:09:48,720 [INFO] Fetching 71418-1 — https://www.bricklink.com/v2/catalog/catalogitem.page?S=71418-1#T=P
2025-10-17 21:09:58,250 [INFO] Appended 4 rows — CSV now has 6156 rows.
2025-10-17 21:09:58,254 [INFO] 16 fetched
2025-10-17 21:09:58,255 [INFO] Sleeping 60s before next set.
2025-10-17 21:10:58,545 [INFO] Fetching 71424-1 — https://www.bricklink.com/v2/catalog/catalogitem.page?S=71424-1#T=P
2025-10-17 21:11:08,230 [INFO] Appended 4 rows — CSV now has 6160 rows.
2025-10-17 21:11:08,234 [INFO] 17 fetched
2025-10-17 21:11:08,234 [INFO] Sleeping 30s before next set.
2025-10-17 21:11:38,987 [INFO] Fetching 71459-1 — https://www.bricklink.com/v2/catalog/catalogitem.page?S=71459-1#T=P
2025-10-17 21:11:48,709 [INFO] Appended 4 rows — CSV now has 6164 rows.
2025-10-17 21:11:48,713 [INFO] 18 fetched
2025-10-17 21:11:48,714 [INFO] Sleeping 54s before next set.
2025-10-17 21:12:43,050 [INFO] Fetching 75347-1 — https://www.bricklink.com/v2/catalog/catalogitem.page?S=75347-1#T=P
2025-10-17 21:12:52,699 [INFO] Appended 4 rows — CSV now has 6168 rows.
2025-10-17 21:12:52,704 [INFO] 19 fetched
2025-10-17 21:12:52,704 [INFO] Sleeping 66s before next set.
2025-10-17 21:13:59,602 [INFO] Fetching 75353-1 — https://www.bricklink.com/v2/catalog/catalogitem.page?S=75353-1#T=P
2025-10-17 21:14:09,312 [INFO] Appended 4 rows — CSV now has 6172 rows.
2025-10-17 21:14:09,316 [INFO] 20 fetched
2025-10-17 21:14:09,317 [INFO] Sleeping 74s before next set.
2025-10-17 21:15:23,861 [INFO] Fetching 75362-1 — https://www.bricklink.com/v2/catalog/catalogitem.page?S=75362-1#T=P
2025-10-17 21:15:33,510 [INFO] Appended 4 rows — CSV now has 6176 rows.
2025-10-17 21:15:33,514 [INFO] 21 fetched
2025-10-17 21:15:33,515 [INFO] Sleeping 40s before next set.
2025-10-17 21:16:14,357 [INFO] Fetching 75577-1 — https://www.bricklink.com/v2/catalog/catalogitem.page?S=75577-1#T=P
2025-10-17 21:16:24,113 [INFO] Appended 4 rows — CSV now has 6180 rows.
2025-10-17 21:16:24,117 [INFO] 22 fetched
2025-10-17 21:16:24,119 [INFO] Sleeping 55s before next set.
2025-10-17 21:17:19,321 [INFO] Fetching 75578-1 — https://www.bricklink.com/v2/catalog/catalogitem.page?S=75578-1#T=P
2025-10-17 21:17:28,929 [INFO] Appended 4 rows — CSV now has 6184 rows.
2025-10-17 21:17:28,933 [INFO] 23 fetched
2025-10-17 21:17:28,934 [INFO] Sleeping 65s before next set.
2025-10-17 21:18:34,696 [INFO] Fetching 76413-1 — https://www.bricklink.com/v2/catalog/catalogitem.page?S=76413-1#T=P
2025-10-17 21:18:44,201 [INFO] Appended 4 rows — CSV now has 6188 rows.
2025-10-17 21:18:44,205 [INFO] 24 fetched
2025-10-17 21:18:44,205 [INFO] Sleeping 87s before next set.
2025-10-17 21:20:11,562 [INFO] Fetching 76416-1 — https://www.bricklink.com/v2/catalog/catalogitem.page?S=76416-1#T=P
2025-10-17 21:20:21,148 [INFO] Appended 4 rows — CSV now has 6192 rows.
2025-10-17 21:20:21,153 [INFO] 25 fetched
2025-10-17 21:20:21,153 [INFO] Sleeping 32s before next set.
2025-10-17 21:20:54,077 [INFO] Fetching 76960-1 — https://www.bricklink.com/v2/catalog/catalogitem.page?S=76960-1#T=P
2025-10-17 21:21:03,579 [INFO] Appended 4 rows — CSV now has 6196 rows.
2025-10-17 21:21:03,586 [INFO] 26 fetched
2025-10-17 21:21:03,587 [INFO] Sleeping 36s before next set.
2025-10-17 21:21:39,661 [INFO] Fetching 80047-1 — https://www.bricklink.com/v2/catalog/catalogitem.page?S=80047-1#T=P
2025-10-17 21:21:49,173 [INFO] Appended 4 rows — CSV now has 6200 rows.
2025-10-17 21:21:49,177 [INFO] 27 fetched
2025-10-17 21:21:49,177 [INFO] Sleeping 78s before next set.
2025-10-17 21:23:07,282 [INFO] Fetching 40613-1 — https://www.bricklink.com/v2/catalog/catalogitem.page?S=40613-1#T=P
2025-10-17 21:23:17,121 [INFO] Appended 4 rows — CSV now has 6204 rows.
2025-10-17 21:23:17,125 [INFO] 28 fetched
2025-10-17 21:23:17,125 [INFO] Sleeping 82s before next set.
2025-10-17 21:24:39,811 [INFO] Fetching 40622-1 — https://www.bricklink.com/v2/catalog/catalogitem.page?S=40622-1#T=P
2025-10-17 21:24:50,257 [INFO] Appended 4 rows — CSV now has 6208 rows.
2025-10-17 21:24:50,266 [INFO] 29 fetched
2025-10-17 21:24:50,267 [INFO] Sleeping 84s before next set.
2025-10-17 21:26:14,839 [INFO] Fetching 40623-1 — https://www.bricklink.com/v2/catalog/catalogitem.page?S=40623-1#T=P
2025-10-17 21:26:24,512 [INFO] Appended 4 rows — CSV now has 6212 rows.
2025-10-17 21:26:24,517 [INFO] 30 fetched
2025-10-17 21:26:24,518 [INFO] Sleeping 84s before next set.
2025-10-17 21:27:49,234 [INFO] Fetching 40649-1 — https://www.bricklink.com/v2/catalog/catalogitem.page?S=40649-1#T=P
2025-10-17 21:27:58,705 [INFO] Appended 4 rows — CSV now has 6216 rows.
2025-10-17 21:27:58,715 [INFO] 31 fetched
2025-10-17 21:27:58,715 [INFO] Sleeping 78s before next set.
2025-10-17 21:29:17,535 [INFO] Fetching 41747-1 — https://www.bricklink.com/v2/catalog/catalogitem.page?S=41747-1#T=P
2025-10-17 21:29:27,286 [INFO] Appended 4 rows — CSV now has 6220 rows.
2025-10-17 21:29:27,290 [INFO] 32 fetched
2025-10-17 21:29:27,290 [INFO] Sleeping 66s before next set.
2025-10-17 21:30:33,419 [INFO] Fetching 42153-1 — https://www.bricklink.com/v2/catalog/catalogitem.page?S=42153-1#T=P
2025-10-17 21:30:42,812 [INFO] Appended 4 rows — CSV now has 6224 rows.
2025-10-17 21:30:42,815 [INFO] 33 fetched
2025-10-17 21:30:42,815 [INFO] Sleeping 80s before next set.
2025-10-17 21:32:03,118 [INFO] Fetching 42155-1 — https://www.bricklink.com/v2/catalog/catalogitem.page?S=42155-1#T=P
2025-10-17 21:32:12,992 [INFO] Appended 4 rows — CSV now has 6228 rows.
2025-10-17 21:32:12,996 [INFO] 34 fetched
2025-10-17 21:32:12,996 [INFO] Sleeping 56s before next set.
2025-10-17 21:33:09,708 [INFO] Fetching 43217-1 — https://www.bricklink.com/v2/catalog/catalogitem.page?S=43217-1#T=P
2025-10-17 21:33:19,603 [INFO] Appended 4 rows — CSV now has 6232 rows.
2025-10-17 21:33:19,607 [INFO] 35 fetched
2025-10-17 21:33:19,608 [INFO] Sleeping 65s before next set.
2025-10-17 21:34:25,354 [INFO] Fetching 21245-1 — https://www.bricklink.com/v2/catalog/catalogitem.page?S=21245-1#T=P
2025-10-17 21:34:34,873 [INFO] Appended 4 rows — CSV now has 6236 rows.
2025-10-17 21:34:34,877 [INFO] 36 fetched
2025-10-17 21:34:34,878 [INFO] Sleeping 55s before next set.
2025-10-17 21:35:30,124 [INFO] Fetching 21246-1 — https://www.bricklink.com/v2/catalog/catalogitem.page?S=21246-1#T=P
2025-10-17 21:35:39,604 [INFO] Appended 4 rows — CSV now has 6240 rows.
2025-10-17 21:35:39,608 [INFO] 37 fetched
2025-10-17 21:35:39,608 [INFO] Sleeping 80s before next set.
2025-10-17 21:37:00,515 [INFO] Fetching 60365-1 — https://www.bricklink.com/v2/catalog/catalogitem.page?S=60365-1#T=P
2025-10-17 21:37:10,134 [INFO] Appended 4 rows — CSV now has 6244 rows.
2025-10-17 21:37:10,138 [INFO] 38 fetched
2025-10-17 21:37:10,138 [INFO] Sleeping 69s before next set.
2025-10-17 21:38:19,389 [INFO] Fetching 60374-1 — https://www.bricklink.com/v2/catalog/catalogitem.page?S=60374-1#T=P
2025-10-17 21:38:28,854 [INFO] Appended 4 rows — CSV now has 6248 rows.
2025-10-17 21:38:28,857 [INFO] 39 fetched
2025-10-17 21:38:28,858 [INFO] Sleeping 66s before next set.
2025-10-17 21:39:35,836 [INFO] Fetching 60389-1 — https://www.bricklink.com/v2/catalog/catalogitem.page?S=60389-1#T=P
2025-10-17 21:39:45,206 [INFO] Appended 4 rows — CSV now has 6252 rows.
2025-10-17 21:39:45,214 [INFO] 40 fetched
2025-10-17 21:39:45,214 [INFO] Sleeping 102s before next set.
2025-10-17 21:41:27,841 [INFO] Fetching 71417-1 — https://www.bricklink.com/v2/catalog/catalogitem.page?S=71417-1#T=P
2025-10-17 21:41:37,899 [INFO] Appended 4 rows — CSV now has 6256 rows.
2025-10-17 21:41:37,903 [INFO] 41 fetched
2025-10-17 21:41:37,904 [INFO] Sleeping 54s before next set.
2025-10-17 21:42:32,163 [INFO] Fetching 71426-1 — https://www.bricklink.com/v2/catalog/catalogitem.page?S=71426-1#T=P
2025-10-17 21:42:41,824 [INFO] Appended 4 rows — CSV now has 6260 rows.
2025-10-17 21:42:41,828 [INFO] 42 fetched
2025-10-17 21:42:41,828 [INFO] Sleeping 76s before next set.
2025-10-17 21:43:58,042 [INFO] Fetching 75351-1 — https://www.bricklink.com/v2/catalog/catalogitem.page?S=75351-1#T=P
2025-10-17 21:44:08,375 [INFO] Appended 4 rows — CSV now has 6264 rows.
2025-10-17 21:44:08,384 [INFO] 43 fetched
2025-10-17 21:44:08,384 [INFO] Sleeping 37s before next set.
2025-10-17 21:44:45,961 [INFO] Fetching 75356-1 — https://www.bricklink.com/v2/catalog/catalogitem.page?S=75356-1#T=P
2025-10-17 21:44:55,455 [INFO] Appended 4 rows — CSV now has 6268 rows.
2025-10-17 21:44:55,463 [INFO] 44 fetched
2025-10-17 21:44:55,464 [INFO] Sleeping 36s before next set.
2025-10-17 21:45:32,135 [INFO] Fetching 75361-1 — https://www.bricklink.com/v2/catalog/catalogitem.page?S=75361-1#T=P
2025-10-17 21:45:41,689 [INFO] Appended 4 rows — CSV now has 6272 rows.
2025-10-17 21:45:41,692 [INFO] 45 fetched
2025-10-17 21:45:41,693 [INFO] Sleeping 63s before next set.
2025-10-17 21:46:45,286 [INFO] Fetching 76961-1 — https://www.bricklink.com/v2/catalog/catalogitem.page?S=76961-1#T=P
2025-10-17 21:46:54,883 [INFO] Appended 4 rows — CSV now has 6276 rows.
2025-10-17 21:46:54,887 [INFO] 46 fetched
2025-10-17 21:46:54,887 [INFO] Sleeping 79s before next set.
2025-10-17 21:48:14,443 [INFO] Fetching 76249-1 — https://www.bricklink.com/v2/catalog/catalogitem.page?S=76249-1#T=P
2025-10-17 21:48:23,959 [INFO] Appended 4 rows — CSV now has 6280 rows.
2025-10-17 21:48:23,963 [INFO] 47 fetched
2025-10-17 21:48:23,963 [INFO] Sleeping 34s before next set.
2025-10-17 21:48:58,285 [INFO] Fetching 76250-1 — https://www.bricklink.com/v2/catalog/catalogitem.page?S=76250-1#T=P
2025-10-17 21:49:07,838 [INFO] Appended 4 rows — CSV now has 6284 rows.
2025-10-17 21:49:07,846 [INFO] 48 fetched
2025-10-17 21:49:07,847 [INFO] Sleeping 54s before next set.
2025-10-17 21:50:02,059 [INFO] Fetching 76251-1 — https://www.bricklink.com/v2/catalog/catalogitem.page?S=76251-1#T=P
2025-10-17 21:50:11,538 [INFO] Appended 4 rows — CSV now has 6288 rows.
2025-10-17 21:50:11,542 [INFO] 49 fetched
2025-10-17 21:50:11,542 [INFO] Sleeping 65s before next set.
2025-10-17 21:51:17,291 [INFO] Fetching 76415-1 — https://www.bricklink.com/v2/catalog/catalogitem.page?S=76415-1#T=P
2025-10-17 21:51:27,185 [INFO] Appended 4 rows — CSV now has 6292 rows.
2025-10-17 21:51:27,191 [INFO] 50 fetched
2025-10-17 21:51:27,191 [INFO] Sleeping 71s before next set.
2025-10-17 21:52:38,208 [INFO] Fetching 76918-1 — https://www.bricklink.com/v2/catalog/catalogitem.page?S=76918-1#T=P
2025-10-17 21:52:47,725 [INFO] Appended 4 rows — CSV now has 6296 rows.
2025-10-17 21:52:47,730 [INFO] 51 fetched
2025-10-17 21:52:47,730 [INFO] Sleeping 50s before next set.
2025-10-17 21:53:38,612 [INFO] Fetching 76993-1 — https://www.bricklink.com/v2/catalog/catalogitem.page?S=76993-1#T=P
2025-10-17 21:53:48,562 [INFO] Appended 4 rows — CSV now has 6300 rows.
2025-10-17 21:53:48,566 [INFO] 52 fetched
2025-10-17 21:53:48,566 [INFO] Sleeping 44s before next set.
2025-10-17 21:54:32,808 [INFO] Fetching 77013-1 — https://www.bricklink.com/v2/catalog/catalogitem.page?S=77013-1#T=P
2025-10-17 21:54:42,773 [INFO] Appended 4 rows — CSV now has 6304 rows.
2025-10-17 21:54:42,777 [INFO] 53 fetched
2025-10-17 21:54:42,777 [INFO] Sleeping 85s before next set.
2025-10-17 21:56:08,085 [INFO] Fetching 80046-1 — https://www.bricklink.com/v2/catalog/catalogitem.page?S=80046-1#T=P
2025-10-17 21:56:17,911 [INFO] Appended 4 rows — CSV now has 6308 rows.
2025-10-17 21:56:17,915 [INFO] 54 fetched
2025-10-17 21:56:17,915 [INFO] Sleeping 50s before next set.
2025-10-17 21:57:08,636 [INFO] Fetching 42167-1 — https://www.bricklink.com/v2/catalog/catalogitem.page?S=42167-1#T=P
2025-10-17 21:57:18,075 [INFO] Appended 4 rows — CSV now has 6312 rows.
2025-10-17 21:57:18,079 [INFO] 55 fetched
2025-10-17 21:57:18,079 [INFO] Sleeping 47s before next set.
2025-10-17 21:58:05,443 [INFO] Fetching 60418-1 — https://www.bricklink.com/v2/catalog/catalogitem.page?S=60418-1#T=P
2025-10-17 21:58:10,861 [INFO] Appended 4 rows — CSV now has 6316 rows.
2025-10-17 21:58:10,865 [INFO] 56 fetched
2025-10-17 21:58:10,865 [INFO] Sleeping 48s before next set.
2025-10-17 21:58:59,386 [INFO] Fetching 71820-1 — https://www.bricklink.com/v2/catalog/catalogitem.page?S=71820-1#T=P
2025-10-17 21:59:09,180 [INFO] Appended 4 rows — CSV now has 6320 rows.
2025-10-17 21:59:09,184 [INFO] 57 fetched
2025-10-17 21:59:09,184 [INFO] Sleeping 65s before next set.
2025-10-17 22:00:14,253 [INFO] Fetching 75383-1 — https://www.bricklink.com/v2/catalog/catalogitem.page?S=75383-1#T=P
2025-10-17 22:00:26,232 [INFO] Appended 4 rows — CSV now has 6324 rows.
2025-10-17 22:00:26,241 [INFO] 58 fetched
2025-10-17 22:00:26,241 [INFO] Sleeping 80s before next set.
2025-10-17 22:01:46,284 [INFO] Fetching 76291-1 — https://www.bricklink.com/v2/catalog/catalogitem.page?S=76291-1#T=P
2025-10-17 22:01:56,512 [INFO] Appended 4 rows — CSV now has 6328 rows.
2025-10-17 22:01:56,516 [INFO] 59 fetched
2025-10-17 22:01:56,516 [INFO] Sleeping 56s before next set.
2025-10-17 22:02:53,144 [INFO] Fetching 76429-1 — https://www.bricklink.com/v2/catalog/catalogitem.page?S=76429-1#T=P
2025-10-17 22:03:02,552 [INFO] Appended 4 rows — CSV now has 6332 rows.
2025-10-17 22:03:02,556 [INFO] 60 fetched
2025-10-17 22:03:02,556 [INFO] Sleeping 52s before next set.
2025-10-17 22:03:55,263 [INFO] Fetching 76922-1 — https://www.bricklink.com/v2/catalog/catalogitem.page?S=76922-1#T=P
2025-10-17 22:04:04,901 [INFO] Appended 4 rows — CSV now has 6336 rows.
2025-10-17 22:04:04,905 [INFO] 61 fetched
2025-10-17 22:04:04,905 [INFO] Sleeping 53s before next set.
2025-10-17 22:04:58,724 [INFO] Fetching 76964-1 — https://www.bricklink.com/v2/catalog/catalogitem.page?S=76964-1#T=P
2025-10-17 22:05:08,437 [INFO] Appended 4 rows — CSV now has 6340 rows.
2025-10-17 22:05:08,445 [INFO] 62 fetched
2025-10-17 22:05:08,445 [INFO] Sleeping 44s before next set.
2025-10-17 22:05:52,644 [INFO] Fetching 77000-1 — https://www.bricklink.com/v2/catalog/catalogitem.page?S=77000-1#T=P
2025-10-17 22:05:58,085 [INFO] Appended 4 rows — CSV now has 6344 rows.
2025-10-17 22:05:58,089 [INFO] 63 fetched
2025-10-17 22:05:58,089 [INFO] Sleeping 66s before next set.
2025-10-17 22:07:04,146 [INFO] Fetching 77052-1 — https://www.bricklink.com/v2/catalog/catalogitem.page?S=77052-1#T=P
2025-10-17 22:07:13,863 [INFO] Appended 4 rows — CSV now has 6348 rows.
2025-10-17 22:07:13,871 [INFO] 64 fetched
2025-10-17 22:07:13,872 [INFO] Sleeping 49s before next set.
2025-10-17 22:08:03,731 [INFO] Fetching 910030-1 — https://www.bricklink.com/v2/catalog/catalogitem.page?S=910030-1#T=P
2025-10-17 22:08:13,622 [INFO] Appended 4 rows — CSV now has 6352 rows.
2025-10-17 22:08:13,627 [INFO] 65 fetched
2025-10-17 22:08:13,628 [INFO] Sleeping 49s before next set.
2025-10-17 22:09:02,823 [INFO] Fetching 40676-1 — https://www.bricklink.com/v2/catalog/catalogitem.page?S=40676-1#T=P
2025-10-17 22:09:12,563 [INFO] Appended 4 rows — CSV now has 6356 rows.
2025-10-17 22:09:12,570 [INFO] 66 fetched
2025-10-17 22:09:12,571 [INFO] Sleeping 47s before next set.
2025-10-17 22:09:59,649 [INFO] Fetching 40677-1 — https://www.bricklink.com/v2/catalog/catalogitem.page?S=40677-1#T=P
2025-10-17 22:10:14,510 [INFO] Appended 4 rows — CSV now has 6360 rows.
2025-10-17 22:10:14,514 [INFO] 67 fetched
2025-10-17 22:10:14,514 [INFO] Sleeping 89s before next set.
2025-10-17 22:11:43,648 [INFO] Fetching 42179-1 — https://www.bricklink.com/v2/catalog/catalogitem.page?S=42179-1#T=P
2025-10-17 22:11:53,166 [INFO] Appended 4 rows — CSV now has 6364 rows.
2025-10-17 22:11:53,169 [INFO] 68 fetched
2025-10-17 22:11:53,170 [INFO] Sleeping 45s before next set.
2025-10-17 22:12:38,901 [INFO] Fetching 40708-1 — https://www.bricklink.com/v2/catalog/catalogitem.page?S=40708-1#T=P
2025-10-17 22:12:48,478 [INFO] Appended 4 rows — CSV now has 6368 rows.
2025-10-17 22:12:48,481 [INFO] 69 fetched
2025-10-17 22:12:48,482 [INFO] Sleeping 81s before next set.
2025-10-17 22:14:09,796 [INFO] Fetching 10330-1 — https://www.bricklink.com/v2/catalog/catalogitem.page?S=10330-1#T=P
2025-10-17 22:14:19,479 [INFO] Appended 4 rows — CSV now has 6372 rows.
2025-10-17 22:14:19,482 [INFO] 70 fetched
2025-10-17 22:14:19,483 [INFO] Sleeping 86s before next set.
2025-10-17 22:15:45,940 [INFO] Fetching 10370-1 — https://www.bricklink.com/v2/catalog/catalogitem.page?S=10370-1#T=P
2025-10-17 22:15:55,420 [INFO] Appended 4 rows — CSV now has 6376 rows.
2025-10-17 22:15:55,425 [INFO] 71 fetched
2025-10-17 22:15:55,425 [INFO] Sleeping 39s before next set.
2025-10-17 22:16:34,607 [INFO] Fetching 21263-1 — https://www.bricklink.com/v2/catalog/catalogitem.page?S=21263-1#T=P
2025-10-17 22:16:44,307 [INFO] Appended 4 rows — CSV now has 6380 rows.
2025-10-17 22:16:44,311 [INFO] 72 fetched
2025-10-17 22:16:44,312 [INFO] Sleeping 66s before next set.
2025-10-17 22:17:50,831 [INFO] Fetching 21264-1 — https://www.bricklink.com/v2/catalog/catalogitem.page?S=21264-1#T=P
2025-10-17 22:18:00,690 [INFO] Appended 4 rows — CSV now has 6384 rows.
2025-10-17 22:18:00,694 [INFO] 73 fetched
2025-10-17 22:18:00,695 [INFO] Sleeping 32s before next set.
2025-10-17 22:18:33,356 [INFO] Fetching 21345-1 — https://www.bricklink.com/v2/catalog/catalogitem.page?S=21345-1#T=P
2025-10-17 22:18:43,019 [INFO] Appended 4 rows — CSV now has 6388 rows.
2025-10-17 22:18:43,023 [INFO] 74 fetched
2025-10-17 22:18:43,024 [INFO] Sleeping 46s before next set.
2025-10-17 22:19:29,897 [INFO] Fetching 31151-1 — https://www.bricklink.com/v2/catalog/catalogitem.page?S=31151-1#T=P
2025-10-17 22:19:39,655 [INFO] Appended 4 rows — CSV now has 6392 rows.
2025-10-17 22:19:39,663 [INFO] 75 fetched
2025-10-17 22:19:39,663 [INFO] Sleeping 34s before next set.
2025-10-17 22:20:14,289 [INFO] Fetching 31152-1 — https://www.bricklink.com/v2/catalog/catalogitem.page?S=31152-1#T=P
2025-10-17 22:20:23,923 [INFO] Appended 4 rows — CSV now has 6396 rows.
2025-10-17 22:20:23,927 [INFO] 76 fetched
2025-10-17 22:20:23,928 [INFO] Sleeping 85s before next set.
2025-10-17 22:21:49,253 [INFO] Fetching 31154-1 — https://www.bricklink.com/v2/catalog/catalogitem.page?S=31154-1#T=P
2025-10-17 22:21:59,192 [INFO] Appended 4 rows — CSV now has 6400 rows.
2025-10-17 22:21:59,196 [INFO] 77 fetched
2025-10-17 22:21:59,197 [INFO] Sleeping 40s before next set.
2025-10-17 22:22:39,775 [INFO] Fetching 31211-1 — https://www.bricklink.com/v2/catalog/catalogitem.page?S=31211-1#T=P
2025-10-17 22:22:49,386 [INFO] Appended 4 rows — CSV now has 6404 rows.
2025-10-17 22:22:49,390 [INFO] 78 fetched
2025-10-17 22:22:49,391 [INFO] Sleeping 55s before next set.
2025-10-17 22:23:44,466 [INFO] Fetching 42170-1 — https://www.bricklink.com/v2/catalog/catalogitem.page?S=42170-1#T=P
2025-10-17 22:23:54,615 [INFO] Appended 4 rows — CSV now has 6408 rows.
2025-10-17 22:23:54,622 [INFO] 79 fetched
2025-10-17 22:23:54,622 [INFO] Sleeping 70s before next set.
2025-10-17 22:25:05,244 [INFO] Fetching 40719-1 — https://www.bricklink.com/v2/catalog/catalogitem.page?S=40719-1#T=P
2025-10-17 22:25:15,309 [INFO] Appended 4 rows — CSV now has 6412 rows.
2025-10-17 22:25:15,316 [INFO] 80 fetched
2025-10-17 22:25:15,317 [INFO] Sleeping 90s before next set.
2025-10-17 22:26:46,038 [INFO] Fetching 40720-1 — https://www.bricklink.com/v2/catalog/catalogitem.page?S=40720-1#T=P
2025-10-17 22:26:55,555 [INFO] Appended 4 rows — CSV now has 6416 rows.
2025-10-17 22:26:55,558 [INFO] 81 fetched
2025-10-17 22:26:55,559 [INFO] Sleeping 67s before next set.
2025-10-17 22:28:02,949 [INFO] Fetching 42168-1 — https://www.bricklink.com/v2/catalog/catalogitem.page?S=42168-1#T=P
2025-10-17 22:28:12,772 [INFO] Appended 4 rows — CSV now has 6420 rows.
2025-10-17 22:28:12,776 [INFO] 82 fetched
2025-10-17 22:28:12,777 [INFO] Sleeping 51s before next set.
2025-10-17 22:29:04,017 [INFO] Fetching 42602-1 — https://www.bricklink.com/v2/catalog/catalogitem.page?S=42602-1#T=P
2025-10-17 22:29:13,604 [INFO] Appended 4 rows — CSV now has 6424 rows.
2025-10-17 22:29:13,608 [INFO] 83 fetched
2025-10-17 22:29:13,609 [INFO] Sleeping 89s before next set.
2025-10-17 22:30:42,991 [INFO] Fetching 42616-1 — https://www.bricklink.com/v2/catalog/catalogitem.page?S=42616-1#T=P
2025-10-17 22:30:48,536 [INFO] Appended 4 rows — CSV now has 6428 rows.
2025-10-17 22:30:48,540 [INFO] 84 fetched
2025-10-17 22:30:48,540 [INFO] Sleeping 81s before next set.
2025-10-17 22:32:09,965 [INFO] Fetching 42626-1 — https://www.bricklink.com/v2/catalog/catalogitem.page?S=42626-1#T=P
2025-10-17 22:32:19,506 [INFO] Appended 4 rows — CSV now has 6432 rows.
2025-10-17 22:32:19,517 [INFO] 85 fetched
2025-10-17 22:32:19,518 [INFO] Sleeping 38s before next set.
2025-10-17 22:32:58,305 [INFO] Fetching 43237-1 — https://www.bricklink.com/v2/catalog/catalogitem.page?S=43237-1#T=P
2025-10-17 22:33:03,891 [INFO] Appended 4 rows — CSV now has 6436 rows.
2025-10-17 22:33:03,897 [INFO] 86 fetched
2025-10-17 22:33:03,897 [INFO] Sleeping 74s before next set.
2025-10-17 22:34:18,814 [INFO] Fetching 43240-1 — https://www.bricklink.com/v2/catalog/catalogitem.page?S=43240-1#T=P
2025-10-17 22:34:28,419 [INFO] Appended 4 rows — CSV now has 6440 rows.
2025-10-17 22:34:28,424 [INFO] 87 fetched
2025-10-17 22:34:28,425 [INFO] Sleeping 57s before next set.
2025-10-17 22:35:26,147 [INFO] Fetching 43241-1 — https://www.bricklink.com/v2/catalog/catalogitem.page?S=43241-1#T=P
2025-10-17 22:35:35,640 [INFO] Appended 4 rows — CSV now has 6444 rows.
2025-10-17 22:35:35,649 [INFO] 88 fetched
2025-10-17 22:35:35,650 [INFO] Sleeping 71s before next set.
2025-10-17 22:36:47,324 [INFO] Fetching 43244-1 — https://www.bricklink.com/v2/catalog/catalogitem.page?S=43244-1#T=P
2025-10-17 22:36:52,784 [INFO] Appended 4 rows — CSV now has 6448 rows.
2025-10-17 22:36:52,792 [INFO] 89 fetched
2025-10-17 22:36:52,792 [INFO] Sleeping 43s before next set.
2025-10-17 22:37:36,443 [INFO] Fetching 43249-1 — https://www.bricklink.com/v2/catalog/catalogitem.page?S=43249-1#T=P
2025-10-17 22:37:46,084 [INFO] Appended 4 rows — CSV now has 6452 rows.
2025-10-17 22:37:46,088 [INFO] 90 fetched
2025-10-17 22:37:46,089 [INFO] Sleeping 40s before next set.
2025-10-17 22:38:26,754 [INFO] Fetching 43252-1 — https://www.bricklink.com/v2/catalog/catalogitem.page?S=43252-1#T=P
2025-10-17 22:38:32,311 [INFO] Appended 4 rows — CSV now has 6456 rows.
2025-10-17 22:38:32,318 [INFO] 91 fetched
2025-10-17 22:38:32,318 [INFO] Sleeping 58s before next set.
2025-10-17 22:39:30,895 [INFO] Fetching 60420-1 — https://www.bricklink.com/v2/catalog/catalogitem.page?S=60420-1#T=P
2025-10-17 22:39:40,724 [INFO] Appended 4 rows — CSV now has 6460 rows.
2025-10-17 22:39:40,730 [INFO] 92 fetched
2025-10-17 22:39:40,730 [INFO] Sleeping 79s before next set.
2025-10-17 22:41:00,043 [INFO] Fetching 60439-1 — https://www.bricklink.com/v2/catalog/catalogitem.page?S=60439-1#T=P
2025-10-17 22:41:09,794 [INFO] Appended 4 rows — CSV now has 6464 rows.
2025-10-17 22:41:09,799 [INFO] 93 fetched
2025-10-17 22:41:09,799 [INFO] Sleeping 86s before next set.
2025-10-17 22:42:36,072 [INFO] Fetching 71432-1 — https://www.bricklink.com/v2/catalog/catalogitem.page?S=71432-1#T=P
2025-10-17 22:42:45,828 [INFO] Appended 4 rows — CSV now has 6468 rows.
2025-10-17 22:42:45,837 [INFO] 94 fetched
2025-10-17 22:42:45,838 [INFO] Sleeping 50s before next set.
2025-10-17 22:43:36,713 [INFO] Fetching 71434-1 — https://www.bricklink.com/v2/catalog/catalogitem.page?S=71434-1#T=P
2025-10-17 22:43:55,826 [INFO] Appended 4 rows — CSV now has 6472 rows.
2025-10-17 22:43:55,831 [INFO] 95 fetched
2025-10-17 22:43:55,832 [INFO] Sleeping 69s before next set.
2025-10-17 22:45:04,973 [INFO] Fetching 71435-1 — https://www.bricklink.com/v2/catalog/catalogitem.page?S=71435-1#T=P
2025-10-17 22:45:14,442 [INFO] Appended 4 rows — CSV now has 6476 rows.
2025-10-17 22:45:14,446 [INFO] 96 fetched
2025-10-17 22:45:14,446 [INFO] Sleeping 71s before next set.
2025-10-17 22:46:25,481 [INFO] Fetching 71477-1 — https://www.bricklink.com/v2/catalog/catalogitem.page?S=71477-1#T=P
2025-10-17 22:46:35,093 [INFO] Appended 4 rows — CSV now has 6480 rows.
2025-10-17 22:46:35,098 [INFO] 97 fetched
2025-10-17 22:46:35,098 [INFO] Sleeping 37s before next set.
2025-10-17 22:47:12,570 [INFO] Fetching 71809-1 — https://www.bricklink.com/v2/catalog/catalogitem.page?S=71809-1#T=P
2025-10-17 22:47:22,145 [INFO] Appended 4 rows — CSV now has 6484 rows.
2025-10-17 22:47:22,149 [INFO] 98 fetched
2025-10-17 22:47:22,149 [INFO] Sleeping 77s before next set.
2025-10-17 22:48:39,275 [INFO] Finished run.
