2025-10-15 11:01:26,465 [INFO] Fichier de log actif : logs\bricklink_20251015_0901.log
2025-10-15 11:01:26,826 [INFO] 50 sets à scrapper récupérés depuis la DB.
2025-10-15 11:01:26,840 [INFO] Fetching 79010-1 — https://www.bricklink.com/v2/catalog/catalogitem.page?S=79010-1#T=P
2025-10-15 11:01:36,460 [INFO] Appended 4 rows — CSV now has 2904 rows.
2025-10-15 11:01:36,465 [INFO] Sleeping 82s before next set.
2025-10-15 11:02:58,908 [INFO] Fetching 31012-1 — https://www.bricklink.com/v2/catalog/catalogitem.page?S=31012-1#T=P
2025-10-15 11:03:15,224 [INFO] Appended 4 rows — CSV now has 2908 rows.
2025-10-15 11:03:15,230 [INFO] Sleeping 80s before next set.
2025-10-15 11:04:35,971 [INFO] Fetching 60004-1 — https://www.bricklink.com/v2/catalog/catalogitem.page?S=60004-1#T=P
2025-10-15 11:04:49,862 [INFO] Appended 4 rows — CSV now has 2912 rows.
2025-10-15 11:04:49,864 [INFO] Sleeping 70s before next set.
2025-10-15 11:06:00,729 [INFO] Fetching 60026-1 — https://www.bricklink.com/v2/catalog/catalogitem.page?S=60026-1#T=P
2025-10-15 11:06:10,230 [INFO] Appended 4 rows — CSV now has 2916 rows.
2025-10-15 11:06:10,235 [INFO] Sleeping 61s before next set.
2025-10-15 11:07:11,711 [INFO] Fetching 70404-1 — https://www.bricklink.com/v2/catalog/catalogitem.page?S=70404-1#T=P
2025-10-15 11:07:21,253 [INFO] Appended 4 rows — CSV now has 2920 rows.
2025-10-15 11:07:21,256 [INFO] Sleeping 109s before next set.
2025-10-15 11:09:10,589 [INFO] Fetching 75019-1 — https://www.bricklink.com/v2/catalog/catalogitem.page?S=75019-1#T=P
2025-10-15 11:09:20,228 [INFO] Appended 4 rows — CSV now has 2924 rows.
2025-10-15 11:09:20,230 [INFO] Sleeping 68s before next set.
2025-10-15 11:10:28,809 [INFO] Fetching 75020-1 — https://www.bricklink.com/v2/catalog/catalogitem.page?S=75020-1#T=P
2025-10-15 11:10:38,489 [INFO] Appended 4 rows — CSV now has 2928 rows.
2025-10-15 11:10:38,491 [INFO] Sleeping 78s before next set.
2025-10-15 11:11:56,938 [INFO] Fetching 75025-1 — https://www.bricklink.com/v2/catalog/catalogitem.page?S=75025-1#T=P
2025-10-15 11:12:10,796 [INFO] Appended 4 rows — CSV now has 2932 rows.
2025-10-15 11:12:10,800 [INFO] Sleeping 114s before next set.
2025-10-15 11:14:04,824 [INFO] Fetching 79008-1 — https://www.bricklink.com/v2/catalog/catalogitem.page?S=79008-1#T=P
2025-10-15 11:14:14,809 [INFO] Appended 4 rows — CSV now has 2936 rows.
2025-10-15 11:14:14,814 [INFO] Sleeping 66s before next set.
2025-10-15 11:15:20,914 [INFO] Fetching 79014-1 — https://www.bricklink.com/v2/catalog/catalogitem.page?S=79014-1#T=P
2025-10-15 11:15:30,483 [INFO] Appended 4 rows — CSV now has 2940 rows.
2025-10-15 11:15:30,488 [INFO] Sleeping 65s before next set.
2025-10-15 11:16:36,107 [INFO] Fetching 60052-1 — https://www.bricklink.com/v2/catalog/catalogitem.page?S=60052-1#T=P
2025-10-15 11:16:45,608 [INFO] Appended 4 rows — CSV now has 2944 rows.
2025-10-15 11:16:45,614 [INFO] Sleeping 62s before next set.
2025-10-15 11:17:47,919 [INFO] Fetching 10245-1 — https://www.bricklink.com/v2/catalog/catalogitem.page?S=10245-1#T=P
2025-10-15 11:17:57,431 [INFO] Appended 4 rows — CSV now has 2948 rows.
2025-10-15 11:17:57,434 [INFO] Sleeping 93s before next set.
2025-10-15 11:19:31,144 [INFO] Fetching 21118-1 — https://www.bricklink.com/v2/catalog/catalogitem.page?S=21118-1#T=P
2025-10-15 11:19:40,707 [INFO] Appended 4 rows — CSV now has 2952 rows.
2025-10-15 11:19:40,713 [INFO] Sleeping 92s before next set.
2025-10-15 11:21:12,907 [INFO] Fetching 42023-1 — https://www.bricklink.com/v2/catalog/catalogitem.page?S=42023-1#T=P
2025-10-15 11:21:22,379 [INFO] Appended 4 rows — CSV now has 2956 rows.
2025-10-15 11:21:22,384 [INFO] Sleeping 95s before next set.
2025-10-15 11:22:57,933 [INFO] Fetching 42024-1 — https://www.bricklink.com/v2/catalog/catalogitem.page?S=42024-1#T=P
2025-10-15 11:23:11,015 [INFO] Appended 4 rows — CSV now has 2960 rows.
2025-10-15 11:23:11,018 [INFO] Sleeping 66s before next set.
2025-10-15 11:24:17,689 [INFO] Fetching 60047-1 — https://www.bricklink.com/v2/catalog/catalogitem.page?S=60047-1#T=P
2025-10-15 11:24:27,409 [INFO] Appended 4 rows — CSV now has 2964 rows.
2025-10-15 11:24:27,412 [INFO] Sleeping 109s before next set.
2025-10-15 11:26:17,386 [INFO] Fetching 70813-1 — https://www.bricklink.com/v2/catalog/catalogitem.page?S=70813-1#T=P
2025-10-15 11:26:27,191 [INFO] Appended 4 rows — CSV now has 2968 rows.
2025-10-15 11:26:27,194 [INFO] Sleeping 63s before next set.
2025-10-15 11:27:31,005 [INFO] Fetching 70815-1 — https://www.bricklink.com/v2/catalog/catalogitem.page?S=70815-1#T=P
2025-10-15 11:27:40,429 [INFO] Appended 4 rows — CSV now has 2972 rows.
2025-10-15 11:27:40,432 [INFO] Sleeping 69s before next set.
2025-10-15 11:28:49,978 [INFO] Fetching 70816-1 — https://www.bricklink.com/v2/catalog/catalogitem.page?S=70816-1#T=P
2025-10-15 11:28:59,614 [INFO] Appended 4 rows — CSV now has 2976 rows.
2025-10-15 11:28:59,619 [INFO] Sleeping 119s before next set.
2025-10-15 11:30:58,943 [INFO] Fetching 75053-1 — https://www.bricklink.com/v2/catalog/catalogitem.page?S=75053-1#T=P
2025-10-15 11:31:11,805 [INFO] Appended 4 rows — CSV now has 2980 rows.
2025-10-15 11:31:11,807 [INFO] Sleeping 157s before next set.
2025-10-15 11:33:49,495 [INFO] Fetching 75058-1 — https://www.bricklink.com/v2/catalog/catalogitem.page?S=75058-1#T=P
2025-10-15 11:33:59,148 [INFO] Appended 4 rows — CSV now has 2984 rows.
2025-10-15 11:33:59,152 [INFO] Sleeping 98s before next set.
2025-10-15 11:35:37,180 [INFO] Fetching 79018-1 — https://www.bricklink.com/v2/catalog/catalogitem.page?S=79018-1#T=P
2025-10-15 11:35:46,892 [INFO] Appended 4 rows — CSV now has 2988 rows.
2025-10-15 11:35:46,930 [INFO] Sleeping 82s before next set.
2025-10-15 11:37:09,873 [INFO] Fetching 79117-1 — https://www.bricklink.com/v2/catalog/catalogitem.page?S=79117-1#T=P
2025-10-15 11:37:19,453 [INFO] Appended 4 rows — CSV now has 2992 rows.
2025-10-15 11:37:19,459 [INFO] Sleeping 119s before next set.
2025-10-15 11:39:19,053 [INFO] Fetching 10249-1 — https://www.bricklink.com/v2/catalog/catalogitem.page?S=10249-1#T=P
2025-10-15 11:39:28,593 [INFO] Appended 4 rows — CSV now has 2996 rows.
2025-10-15 11:39:28,595 [INFO] Sleeping 89s before next set.
2025-10-15 11:40:58,139 [INFO] Fetching 40158-1 — https://www.bricklink.com/v2/catalog/catalogitem.page?S=40158-1#T=P
2025-10-15 11:41:07,888 [INFO] Appended 4 rows — CSV now has 3000 rows.
2025-10-15 11:41:07,891 [INFO] Sleeping 67s before next set.
2025-10-15 11:42:15,855 [INFO] Fetching 41078-1 — https://www.bricklink.com/v2/catalog/catalogitem.page?S=41078-1#T=P
2025-10-15 11:42:25,578 [INFO] Appended 4 rows — CSV now has 3004 rows.
2025-10-15 11:42:25,581 [INFO] Sleeping 72s before next set.
2025-10-15 11:43:37,876 [INFO] Fetching 42038-1 — https://www.bricklink.com/v2/catalog/catalogitem.page?S=42038-1#T=P
2025-10-15 11:43:47,479 [INFO] Appended 4 rows — CSV now has 3008 rows.
2025-10-15 11:43:47,481 [INFO] Sleeping 114s before next set.
2025-10-15 11:45:42,131 [INFO] Fetching 60076-1 — https://www.bricklink.com/v2/catalog/catalogitem.page?S=60076-1#T=P
2025-10-15 11:45:53,104 [INFO] Appended 4 rows — CSV now has 3012 rows.
2025-10-15 11:45:53,107 [INFO] Sleeping 68s before next set.
2025-10-15 11:47:01,421 [INFO] Fetching 60096-1 — https://www.bricklink.com/v2/catalog/catalogitem.page?S=60096-1#T=P
2025-10-15 11:47:11,250 [INFO] Appended 4 rows — CSV now has 3016 rows.
2025-10-15 11:47:11,254 [INFO] Sleeping 111s before next set.
2025-10-15 11:49:02,361 [INFO] Fetching 60098-1 — https://www.bricklink.com/v2/catalog/catalogitem.page?S=60098-1#T=P
2025-10-15 11:49:12,048 [INFO] Appended 4 rows — CSV now has 3020 rows.
2025-10-15 11:49:12,051 [INFO] Sleeping 105s before next set.
2025-10-15 11:50:57,272 [INFO] Fetching 70227-1 — https://www.bricklink.com/v2/catalog/catalogitem.page?S=70227-1#T=P
2025-10-15 11:51:06,700 [INFO] Appended 4 rows — CSV now has 3024 rows.
2025-10-15 11:51:06,704 [INFO] Sleeping 98s before next set.
2025-10-15 11:52:45,212 [INFO] Fetching 70737-1 — https://www.bricklink.com/v2/catalog/catalogitem.page?S=70737-1#T=P
2025-10-15 11:52:56,122 [INFO] Appended 4 rows — CSV now has 3028 rows.
2025-10-15 11:52:56,125 [INFO] Sleeping 71s before next set.
2025-10-15 11:54:07,976 [INFO] Fetching 70750-1 — https://www.bricklink.com/v2/catalog/catalogitem.page?S=70750-1#T=P
2025-10-15 11:54:28,094 [INFO] Appended 4 rows — CSV now has 3032 rows.
2025-10-15 11:54:28,096 [INFO] Sleeping 75s before next set.
2025-10-15 11:55:43,349 [INFO] Fetching 75094-1 — https://www.bricklink.com/v2/catalog/catalogitem.page?S=75094-1#T=P
2025-10-15 11:56:05,131 [INFO] Appended 4 rows — CSV now has 3036 rows.
2025-10-15 11:56:05,133 [INFO] Sleeping 117s before next set.
2025-10-15 11:58:02,611 [INFO] Fetching 75103-1 — https://www.bricklink.com/v2/catalog/catalogitem.page?S=75103-1#T=P
2025-10-15 11:58:20,610 [INFO] Appended 4 rows — CSV now has 3040 rows.
2025-10-15 11:58:20,613 [INFO] Sleeping 86s before next set.
2025-10-15 11:59:47,403 [INFO] Fetching 75904-1 — https://www.bricklink.com/v2/catalog/catalogitem.page?S=75904-1#T=P
2025-10-15 12:00:04,162 [INFO] Appended 4 rows — CSV now has 3044 rows.
2025-10-15 12:00:04,165 [INFO] Sleeping 102s before next set.
2025-10-15 12:01:46,925 [INFO] Fetching 75913-1 — https://www.bricklink.com/v2/catalog/catalogitem.page?S=75913-1#T=P
2025-10-15 12:01:56,572 [INFO] Appended 4 rows — CSV now has 3048 rows.
2025-10-15 12:01:56,575 [INFO] Sleeping 76s before next set.
2025-10-15 12:03:13,264 [INFO] Fetching 21029-1 — https://www.bricklink.com/v2/catalog/catalogitem.page?S=21029-1#T=P
2025-10-15 12:03:22,754 [INFO] Appended 4 rows — CSV now has 3052 rows.
2025-10-15 12:03:22,760 [INFO] Sleeping 91s before next set.
2025-10-15 12:04:54,697 [INFO] Fetching 21127-1 — https://www.bricklink.com/v2/catalog/catalogitem.page?S=21127-1#T=P
2025-10-15 12:05:04,227 [INFO] Appended 4 rows — CSV now has 3056 rows.
2025-10-15 12:05:04,229 [INFO] Sleeping 107s before next set.
2025-10-15 12:06:51,502 [INFO] Fetching 21305-1 — https://www.bricklink.com/v2/catalog/catalogitem.page?S=21305-1#T=P
2025-10-15 12:07:01,006 [INFO] Appended 4 rows — CSV now has 3060 rows.
2025-10-15 12:07:01,010 [INFO] Sleeping 128s before next set.
2025-10-15 12:09:09,073 [INFO] Fetching 31052-1 — https://www.bricklink.com/v2/catalog/catalogitem.page?S=31052-1#T=P
2025-10-15 12:09:18,765 [INFO] Appended 4 rows — CSV now has 3064 rows.
2025-10-15 12:09:18,767 [INFO] Sleeping 62s before next set.
2025-10-15 12:10:20,886 [INFO] Fetching 41134-1 — https://www.bricklink.com/v2/catalog/catalogitem.page?S=41134-1#T=P
2025-10-15 12:10:30,349 [INFO] Appended 4 rows — CSV now has 3068 rows.
2025-10-15 12:10:30,354 [INFO] Sleeping 94s before next set.
2025-10-15 12:12:04,514 [INFO] Fetching 41179-1 — https://www.bricklink.com/v2/catalog/catalogitem.page?S=41179-1#T=P
2025-10-15 12:12:14,165 [INFO] Appended 4 rows — CSV now has 3072 rows.
2025-10-15 12:12:14,169 [INFO] Sleeping 86s before next set.
2025-10-15 12:13:40,932 [INFO] Fetching 60110-1 — https://www.bricklink.com/v2/catalog/catalogitem.page?S=60110-1#T=P
2025-10-15 12:13:50,683 [INFO] Appended 4 rows — CSV now has 3076 rows.
2025-10-15 12:13:50,689 [INFO] Sleeping 108s before next set.
2025-10-15 12:15:39,384 [INFO] Fetching 60124-1 — https://www.bricklink.com/v2/catalog/catalogitem.page?S=60124-1#T=P
2025-10-15 12:15:52,579 [INFO] Appended 4 rows — CSV now has 3080 rows.
2025-10-15 12:15:52,583 [INFO] Sleeping 81s before next set.
2025-10-15 12:17:13,610 [INFO] Fetching 60130-1 — https://www.bricklink.com/v2/catalog/catalogitem.page?S=60130-1#T=P
2025-10-15 12:17:23,139 [INFO] Appended 4 rows — CSV now has 3084 rows.
2025-10-15 12:17:23,142 [INFO] Sleeping 105s before next set.
2025-10-15 12:19:08,239 [INFO] Fetching 70594-1 — https://www.bricklink.com/v2/catalog/catalogitem.page?S=70594-1#T=P
2025-10-15 12:19:20,495 [INFO] Appended 4 rows — CSV now has 3088 rows.
2025-10-15 12:19:20,497 [INFO] Sleeping 108s before next set.
2025-10-15 12:21:09,421 [INFO] Fetching 70605-1 — https://www.bricklink.com/v2/catalog/catalogitem.page?S=70605-1#T=P
2025-10-15 12:21:21,996 [INFO] Appended 4 rows — CSV now has 3092 rows.
2025-10-15 12:21:22,001 [INFO] Sleeping 98s before next set.
2025-10-15 12:23:00,552 [INFO] Fetching 75151-1 — https://www.bricklink.com/v2/catalog/catalogitem.page?S=75151-1#T=P
2025-10-15 12:23:10,364 [INFO] Appended 4 rows — CSV now has 3096 rows.
2025-10-15 12:23:10,366 [INFO] Sleeping 60s before next set.
2025-10-15 12:24:11,038 [INFO] Fetching 75156-1 — https://www.bricklink.com/v2/catalog/catalogitem.page?S=75156-1#T=P
2025-10-15 12:24:20,616 [INFO] Appended 4 rows — CSV now has 3100 rows.
2025-10-15 12:24:20,619 [INFO] Sleeping 72s before next set.
2025-10-15 12:25:32,953 [INFO] Finished run.
